do run
loading script "felix_ic_peak_hop.py"
loading script "felix_pump_ms.py"
loading script "felix_pump_extraction_line.py"
testing...
no interpolation path defined
executed 135.88
script duration name:ic_peak_hop seconds:136.0
loading script "felix_ic_peak_hop.py"
loading script "felix_pump_ms.py"
loading script "felix_pump_extraction_line.py"
testing...
no interpolation path defined
executed 0
loading script "felix_ic_peak_hop.py"
loading script "felix_pump_ms.py"
loading script "felix_pump_extraction_line.py"
loading script "felix_ic_peak_hop.py"
loading script "felix_pump_ms.py"
loading script "felix_pump_extraction_line.py"
testing...
no interpolation path defined
calculate duration
testing...
no interpolation path defined
executed 4.0
executed 4.0
Script duration 136.0
Run total estimated duration= 137.000
run duration: 0:02:17
doing event level: 2
11:40:27 -- Setting default integration. t=1.048576
setting integration time = 1.048576
SetIntegrationTime 1.048576 ===>> OK
----------------- start -----------------
**************** Experiment Type: Ar/Ar, Ar/Ar
close session 4702027312
$$$$$ Clearing conditionals
adding conditionals 
Add queue conditionals
adding queue conditionals from /Users/obama/PychronDev/queue_conditionals/normal.yaml
add default conditionals
adding default conditionals from /Users/obama/PychronDev/setupfiles/spectrometer/default_conditionals.yaml
Start automated run ic-01-F-41
loading script "felix_ic_peak_hop.py"
loading script "felix_pump_ms.py"
loading script "felix_pump_extraction_line.py"
%%%%%%%%%%%%%%%%%% setting automated run ic-01-F-41
$$$$$$$$$$$$$$$ auto_save_detector_ic=False
No metadata section in "felix_ic_peak_hop.py". Using default "None" value for "default_fits"
============================= Pre Extraction Check =============================
loading queue conditionals pre_run_terminations
queue conditionals path /Users/obama/PychronDev/queue_conditionals/normal.yaml
loading conditionals from /Users/obama/PychronDev/queue_conditionals/normal.yaml
loading system conditionals pre_run_terminations
loading conditionals from /Users/obama/PychronDev/setupfiles/spectrometer/default_conditionals.yaml
11:40:28 -- ******* Pre Extraction Check *******
Get a measurement from the spectrometer
GetData ===>> L2(CDD),1.0731774824688,H2,350.412513440882,H1,-0.0997414361129535,AX,-0.0718674267791576,L1,-0.8...
Pre Extraction Termination data. keys=L2(CDD),H2,H1,AX,L1, signals=1.07318,350.41251,-0.09974,-0.07187,-0.80361
11:40:28 -- testing system defined conditionals
Checking default pre extraction terminations n=2
testing L2_CDD_
evaluate ot="L2(CDD).inactive" t="L2_CDD_", ctx="{'L2_CDD_': False}"
GetDeflection L2 (CDD) ===>> 0
testing L2_CDD_==3250
evaluate ot="L2(CDD).deflection==3250" t="L2_CDD_==3250", ctx="{'L2_CDD_': 0.0}"
11:40:28 -- ******* Pre Extraction Check Passed *******
=================================================================================
11:40:28 -- stopping status monitor
stop 4714906832
Status monitor stopped
Status monitor finished
11:40:29 -- starting status monitor
start 4714906832
StatusMonitor period=1. Frequencies(state=1, checksum=3, lock=5, owner=5)
start extraction
no extraction script
11:40:31 -- Sending spectrometer configuration
======== Sending configuration ========
SetZFocus 9.84 ===>> OK
SetHV 9000.0 ===>> OK
SetZSymmetry 18.34 ===>> OK
SetExtractionLens 42.35 ===>> OK
SetIonRepeller -4.08 ===>> OK
SetElectronEnergy 107.0 ===>> OK
SetYSymmetry 12.72 ===>> OK
send trap current 400.0
GetParameter Trap Current Readback ===>> 398.3080021974
SetParameter Trap Current Set,400.0 ===>> OK
updating mftable name argon
Using mftable located at /Users/obama/PychronDev/setupfiles/spectrometer/mftables/argon.csv
============ MFtable ===========
Isotope  H2     H1     AX     L1     L2     L2(CDD)
Ar40     3.4943 3.5655 3.6397 3.7167 3.8125 3.7991
Ar39     3.4253 3.4956 3.5684 3.6467 3.7376 3.7239
Ar36     3.2152 3.2814 3.3498 3.4216 3.5182 3.4956
================================
get initial guess parabolic
get initial guess parabolic
get initial guess parabolic
get initial guess parabolic
get initial guess parabolic
get initial guess parabolic
======== Configuration Finished ========
GetYSymmetry ===>> 12.72
GetZSymmetry ===>> 18.34
GetParameter Trap Current Readback ===>> 398.41988646768
GetHighVoltage ===>> 9000
start measurement
do measurement
L#=ic-01-F analysis type=detector_ic
Measurement Started felix_ic_peak_hop.py
11:40:31 -- ******* Measurement Started felix_ic_peak_hop.py *******
state changed from not run to measurement
setting spec, defl, and gains
GetExtractionLens ===>> 42.35
GetYSymmetry ===>> 12.72
GetZSymmetry ===>> 18.34
GetZFocus ===>> 9.84
GetDeflection H2 (CDD) ===>> 3250
GetDeflection H1 (CDD) ===>> 3250
GetDeflection AX (CDD) ===>> 3250
GetDeflection L1 (CDD) ===>> 3250
GetDeflection L2 (CDD) ===>> 0
GetGain H2 ===>> 0.9809305
GetGain H1 ===>> 0.96484
GetGain AX ===>> 0.96253
GetGain L1 ===>> 0.970094835296087
GetGain L2 ===>> 0.967359864778375
GetGain H2(CDD) ===>> 0
GetGain H1(CDD) ===>> 0
GetGain AX(CDD) ===>> 0
GetGain L1(CDD) ===>> 0
GetGain L2(CDD) ===>> 0
pre measurement save
New frame /Users/obama/PychronDev/data/isotopes/86/a6c329-d1fd-442f-8a0f-189b1c7aa776.h5
flush and close file /Users/obama/PychronDev/data/isotopes/86/a6c329-d1fd-442f-8a0f-189b1c7aa776.h5
testing...
no interpolation path defined
setting detector H2 to Ar40 (39.9624)
setting detector H1 to Ar39 (38.8624)
setting detector AX to Ar38 (37.9624)
setting detector L1 to Ar37 (36.9624)
setting detector L2 to Ar36 (35.8624)
setting detector H2(CDD) to Ar40 (39.8624)
setting detector H1(CDD) to Ar39 (38.8624)
setting detector AX(CDD) to Ar38 (37.8624)
setting detector L1(CDD) to Ar37 (36.8624)
setting detector L2(CDD) to Ar36 (35.9624)
setting detector H2 to Ar40 (40.064)
setting detector H1 to Ar39 (38.964)
setting detector AX to Ar38 (38.064)
setting detector L1 to Ar37 (37.064)
setting detector L2 to Ar36 (35.964)
setting detector H2(CDD) to Ar40 (39.964)
setting detector H1(CDD) to Ar39 (38.964)
setting detector AX(CDD) to Ar38 (37.964)
setting detector L1(CDD) to Ar37 (36.964)
setting detector L2(CDD) to Ar36 (36.064)
setting detector H2 to Ar40 (39.9627)
setting detector H1 to Ar39 (38.8627)
setting detector AX to Ar38 (37.9627)
setting detector L1 to Ar37 (36.9627)
setting detector L2 to Ar36 (35.8627)
setting detector H2(CDD) to Ar40 (39.8627)
setting detector H1(CDD) to Ar39 (38.8627)
setting detector AX(CDD) to Ar38 (37.8627)
setting detector L1(CDD) to Ar37 (36.8627)
setting detector L2(CDD) to Ar36 (35.9627)
setting detector H2 to Ar40 (39.9668)
setting detector H1 to Ar39 (38.8668)
setting detector AX to Ar38 (37.9668)
setting detector L1 to Ar37 (36.9668)
setting detector L2 to Ar36 (35.8668)
setting detector H2(CDD) to Ar40 (39.8668)
setting detector H1(CDD) to Ar39 (38.8668)
setting detector AX(CDD) to Ar38 (37.8668)
setting detector L1(CDD) to Ar37 (36.8668)
setting detector L2(CDD) to Ar36 (35.9668)
executed 165.88
unknown measurement script
load_hops ('hops/ic_hops.txt',) {}
[{'counts': 10, 'settle': 5, 'positioning': {'detector': 'H2', 'isotope': 'Ar40'}, 'cup_configuration': [{'protect': False, 'is_baseline': False, 'isotope': 'Ar40', 'deflection': None, 'active': True, 'detector': 'H2'}]}, {'counts': 10, 'settle': 5, 'positioning': {'detector': 'H1', 'isotope': 'Ar40'}, 'cup_configuration': [{'protect': False, 'is_baseline': False, 'isotope': 'Ar40', 'deflection': None, 'active': True, 'detector': 'H1'}]}, {'counts': 10, 'settle': 5, 'positioning': {'detector': 'AX', 'isotope': 'Ar40'}, 'cup_configuration': [{'protect': False, 'is_baseline': False, 'isotope': 'Ar40', 'deflection': None, 'active': True, 'detector': 'AX'}]}, {'counts': 10, 'settle': 5, 'positioning': {'detector': 'L1', 'isotope': 'Ar40'}, 'cup_configuration': [{'protect': False, 'is_baseline': False, 'isotope': 'Ar40', 'deflection': None, 'active': True, 'detector': 'L1'}]}]
define_hops ([{'counts': 10, 'settle': 5, 'positioning': {'detector': 'H2', 'isotope': 'Ar40'}, 'cup_configuration': [{'protect': False, 'is_baseline': False, 'isotope': 'Ar40', 'deflection': None, 'active': True, 'detector': 'H2'}]}, {'counts': 10, 'settle': 5, 'positioning': {'detector': 'H1', 'isotope': 'Ar40'}, 'cup_configuration': [{'protect': False, 'is_baseline': False, 'isotope': 'Ar40', 'deflection': None, 'active': True, 'detector': 'H1'}]}, {'counts': 10, 'settle': 5, 'positioning': {'detector': 'AX', 'isotope': 'Ar40'}, 'cup_configuration': [{'protect': False, 'is_baseline': False, 'isotope': 'Ar40', 'deflection': None, 'active': True, 'detector': 'AX'}]}, {'counts': 10, 'settle': 5, 'positioning': {'detector': 'L1', 'isotope': 'Ar40'}, 'cup_configuration': [{'protect': False, 'is_baseline': False, 'isotope': 'Ar40', 'deflection': None, 'active': True, 'detector': 'L1'}]}],) {}
*************** Set Analysis View Ar/Ar
equilibrate () {'delay': 3.0, 'inlet': 'H', 'outlet': 'V', 'eqtime': 15.0}
Equilibration Started
11:40:31 -- ******* Equilibration Started *******
checking ownership. requestor=129.138.12.137
check software interlocks V
interlocks []
actuate state mode=None-script, software_lock=True
VALVE-V(Felix Ion Pump) software locked
change switch state (True, False)
waiting 3.0s before opening inlet value ('H',)
Get Checksum: 1036481203
checking ownership. requestor=129.138.12.137
check software interlocks H
interlocks []
actuate state mode=None-script, software_lock=True
VALVE-H(Felix Inlet) software locked
change switch state (True, False)
set_time_zero () {}
equilibrating for 15.0sec
sleep (14.0,) {}
SLEEP 14.0
block started
WaitControl setup for 14.0  
Get Checksum: 1036481203
Get Checksum: 1036481203
Get Checksum: 1036481203
Get Checksum: 1036481203
Get Checksum: 1036481203
Join finished
block finished. duration 14.0191419125
set_fits ('Ar40H2:parabolic', 'Ar40H1:parabolic', 'Ar40AX:parabolic', 'Ar40L1:parabolic') {}
set "Ar40H2" to "parabolic"
set "Ar40H1" to "parabolic"
set "Ar40AX" to "parabolic"
set "Ar40L1" to "parabolic"
set_baseline_fits ('average_SEM',) {}
set "H2" to "average_SEM"
set "H1" to "average_SEM"
set "AX" to "average_SEM"
set "L1" to "average_SEM"
sleep (0.5,) {}
SLEEP 0.5
peak_hop () {'ncycles': 6, 'hops': [{'counts': 10, 'settle': 5, 'positioning': {'detector': 'H2', 'isotope': 'Ar40'}, 'cup_configuration': [{'protect': False, 'is_baseline': False, 'isotope': 'Ar40', 'deflection': None, 'active': True, 'detector': 'H2'}]}, {'counts': 10, 'settle': 5, 'positioning': {'detector': 'H1', 'isotope': 'Ar40'}, 'cup_configuration': [{'protect': False, 'is_baseline': False, 'isotope': 'Ar40', 'deflection': None, 'active': True, 'detector': 'H1'}]}, {'counts': 10, 'settle': 5, 'positioning': {'detector': 'AX', 'isotope': 'Ar40'}, 'cup_configuration': [{'protect': False, 'is_baseline': False, 'isotope': 'Ar40', 'deflection': None, 'active': True, 'detector': 'AX'}]}, {'counts': 10, 'settle': 5, 'positioning': {'detector': 'L1', 'isotope': 'Ar40'}, 'cup_configuration': [{'protect': False, 'is_baseline': False, 'isotope': 'Ar40', 'deflection': None, 'active': True, 'detector': 'L1'}]}], 'mftable': 'ic_mftable'}
Using MFTable /Users/obama/PychronDev/setupfiles/spectrometer/mftables/ic_mftable.csv
Using mftable located at /Users/obama/PychronDev/setupfiles/spectrometer/mftables/ic_mftable.csv
get initial guess parabolic
get initial guess parabolic
get initial guess parabolic
get initial guess parabolic
adding conditionals 
make new hop generatior
add group /signal/Ar40 (Group) u'' table H2
add group /signal/Ar40 (Group) u'' table H1
add group /signal/Ar40 (Group) u'' table AX
add group /signal/Ar40 (Group) u'' table L1
flush and close file /Users/obama/PychronDev/data/isotopes/86/a6c329-d1fd-442f-8a0f-189b1c7aa776.h5
measuring signal. ncounts=384.0
Equilibration Finished
11:40:49 -- ******* Equilibration Finished *******
checking ownership. requestor=129.138.12.137
check software interlocks H
interlocks []
actuate state mode=None-script, software_lock=True
VALVE-H(Felix Inlet) software locked
change switch state (True, False)
Post Equilibration Started felix_pump_extraction_line.py
11:40:49 -- ******* Post Equilibration Started felix_pump_extraction_line.py *******
testing...
no interpolation path defined
calculate duration
testing...
no interpolation path defined
executed 4.0
executed 4.0
Pump after analysis
doing GOSUB
testing...
no interpolation path defined
executed 4.0
Pump Bone
close () {'description': 'Felix Inlet'}
closing name=--- desc=Felix Inlet
checking ownership. requestor=129.138.12.137
check software interlocks H
interlocks []
actuate state mode=None-script, software_lock=True
VALVE-H(Felix Inlet) software locked
change switch state (True, False)
---------------------------------------- close None (Felix Inlet) result=[(True, False)]
locked=[True]
is_closed ('A',) {}
is A () closed?
is closed False
close () {'description': 'CO2 Laser to Bone'}
closing name=--- desc=CO2 Laser to Bone
checking ownership. requestor=129.138.12.137
check software interlocks F
interlocks []
actuate state mode=None-script, software_lock=True
VALVE-F(CO2 Laser to Bone) software locked
change switch state (True, False)
---------------------------------------- close None (CO2 Laser to Bone) result=[(True, False)]
locked=[True]
sleep (1,) {}
SLEEP 1.0
starting measurement
$$$$$$$$$$$$$$$$$ SETTING is_baseline False
Peak hop Detectors=['H2']
Peak hop Deflections=[None]
Peak hop DeflectionsPairs=[('H2', None)]
----------------------- HOP Ar40 H2
detector Detector(H2)
POSITION Ar40 H2
Mapping mass to dac mass func: "parabolic"
H2 map mass coeffs = [  1.08772369e-05   9.93017553e-02  -4.91637340e-01]
H2 map mass to dac 39.9624 >> 3.49407
GetHighVoltage ===>> 9000
positioning Ar40 (3.49407) on H2
setting magnet DAC
current  : 3.494066
requested: 3.494070
Delta Dac: 0.000004
Checking detector protection. dv=0.00000
SetMagnetDAC 3.49407 ===>> OK
Magnet settling time: 0.500
update detector isotope pairing
detectors=['H2']
isotopes=['Ar40']
updating pairing H2 - Ar40
could not locate det=H2 iso=Ar40
Get Checksum: 1036481203
close () {'description': 'CO2 Laser to Roughing'}
closing name=--- desc=CO2 Laser to Roughing
checking ownership. requestor=129.138.12.137
check software interlocks G
interlocks []
actuate state mode=None-script, software_lock=True
VALVE-G(CO2 Laser to Roughing) software locked
change switch state (True, False)
---------------------------------------- close None (CO2 Laser to Roughing) result=[(True, False)]
locked=[True]
open () {'description': 'Bone to Turbo'}
opening name=--- desc=Bone to Turbo
checking ownership. requestor=129.138.12.137
check software interlocks C
interlocks []
actuate state mode=None-script, software_lock=False
doing actuation None-script open_channel False
Open C ===>> OK
GetValveState C ===>> OK
change switch state (True, True)
update switch state C True args=() kw={} ncanvase=4
11:40:50 -- OPEN   VALVE-C (Bone to Turbo)
---------------------------------------- open None (Bone to Turbo) result=[(True, True)], time=0.18 sec
locked=[False]
open () {'description': 'Bone to Getter GP-50'}
opening name=--- desc=Bone to Getter GP-50
checking ownership. requestor=129.138.12.137
check software interlocks N
interlocks []
actuate state mode=None-script, software_lock=False
doing actuation None-script open_channel False
Open N ===>> OK
GetValveState N ===>> OK
change switch state (True, True)
update switch state N True args=() kw={} ncanvase=4
11:40:51 -- OPEN   VALVE-N (Bone to Getter GP-50)
---------------------------------------- open None (Bone to Getter GP-50) result=[(True, True)], time=0.17 sec
locked=[False]
open () {'description': 'Bone to Diode Laser'}
opening name=--- desc=Bone to Diode Laser
checking ownership. requestor=129.138.12.137
check software interlocks B
interlocks []
actuate state mode=None-script, software_lock=False
doing actuation None-script open_channel False
Open B ===>> OK
GetValveState B ===>> OK
change switch state (True, True)
update switch state B True args=() kw={} ncanvase=4
11:40:51 -- OPEN   VALVE-B (Bone to Diode Laser)
---------------------------------------- open None (Bone to Diode Laser) result=[(True, True)], time=0.17 sec
locked=[False]
open () {'description': 'Bone to CO2 Laser'}
opening name=--- desc=Bone to CO2 Laser
checking ownership. requestor=129.138.12.137
check software interlocks D
interlocks []
actuate state mode=None-script, software_lock=False
doing actuation None-script open_channel False
Open D ===>> OK
GetValveState D ===>> OK
change switch state (True, True)
update switch state D True args=() kw={} ncanvase=4
11:40:52 -- OPEN   VALVE-D (Bone to CO2 Laser)
---------------------------------------- open None (Bone to CO2 Laser) result=[(True, True)], time=0.19 sec
locked=[False]
sleep (1,) {}
SLEEP 1.0
set_resource () {'name': 'CO2PumpTimeFlag', 'value': 30}
Get Checksum: 1036481203
Set CO2PumpTimeFlag 30 ===>> OK
release ('FelixCO2Flag',) {}
release FelixCO2Flag
Set FelixCO2Flag 0 ===>> OK
executed 6.0
PumpBone.py completed successfully
gosub finished
get_resource_value () {'name': 'FelixMiniboneFlag'}
Read FelixMiniboneFlag ===>> 0
Get Resource Value FelixMiniboneFlag=0.0
executed 4.0
felix_pump_extraction_line.py completed successfully
Post Equilibration Finished
11:40:53 -- ******* Post Equilibration Finished *******
Join finished
delaying 5 for detectors to settle after peak hop
GetData ===>> L2(CDD),1.09110808401012,H2,349.486589376141,H1,0.244805315658861,AX,0.261848671186723,L1,-0.5398...
GetData ===>> L2(CDD),1.09110808401012,H2,349.486589376141,H1,0.244805315658861,AX,0.261848671186723,L1,-0.5398...
GetData ===>> L2(CDD),1.10400558246392,H2,349.540299588893,H1,0.235494729702596,AX,0.0598850025225443,L1,-0.687...
Get Checksum: 1036481203
GetData ===>> L2(CDD),1.07836791173705,H2,349.331242207345,H1,0.0117228654626676,AX,-0.0311625529188147,L1,-0.5...
GetData ===>> L2(CDD),1.09739954162983,H2,349.109177437024,H1,0.348262316943837,AX,0.217461199202654,L1,-0.5513...
Get Checksum: 1036481203
GetData ===>> L2(CDD),1.10054527404017,H2,349.069493186711,H1,0.266300468398915,AX,0.289720920720734,L1,-0.5403...
GetData ===>> L2(CDD),1.09582667632478,H2,349.261061271235,H1,0.213310609232222,AX,0.0313313786183892,L1,-0.602...
GetData ===>> L2(CDD),1.10259000139407,H2,348.834848503538,H1,0.0890659756551516,AX,-0.210824334405781,L1,-0.64...
Get Checksum: 1036481203
GetData ===>> L2(CDD),1.07726691104317,H2,348.571407370651,H1,-0.125479815377419,AX,0.113439665870222,L1,-0.501...
GetData ===>> L2(CDD),1.08922064859645,H2,348.096220869701,H1,0.204115268431758,AX,0.0304140071572311,L1,-0.762...
$$$$$$$$$$$$$$$$$ SETTING is_baseline False
Peak hop Detectors=['H1']
Peak hop Deflections=[None]
Peak hop DeflectionsPairs=[('H1', None)]
----------------------- HOP Ar40 H1
detector Detector(H1)
POSITION Ar40 H1
Mapping mass to dac mass func: "parabolic"
H1 map mass coeffs = [ 0.       0.       3.56525]
H1 map mass to dac 39.9624 >> 3.56525
GetHighVoltage ===>> 9000
positioning Ar40 (3.56525) on H1
setting magnet DAC
current  : 3.494070
requested: 3.565250
Delta Dac: 0.071180
Checking detector protection. dv=0.07118
SetMagnetDAC 3.56525 ===>> OK
Magnet settling time: 0.500
update detector isotope pairing
detectors=['H1']
isotopes=['Ar40']
updating pairing H1 - Ar40
could not locate det=H1 iso=Ar40
Get Checksum: 1036481203
Get Checksum: 1036481203
Join finished
delaying 5 for detectors to settle after peak hop
GetData ===>> L2(CDD),0,H2,0.16732057135096,H1,349.3085920677,AX,-0.203487177686709,L1,-0.600062377176456
GetData ===>> L2(CDD),0,H2,0.16732057135096,H1,349.3085920677,AX,-0.203487177686709,L1,-0.600062377176456
GetData ===>> L2(CDD),0,H2,-0.00472896666317988,H1,349.782613433369,AX,-0.0819573827527603,L1,-0.654067918285123
Get Checksum: 1036481203
GetData ===>> L2(CDD),0,H2,-0.227555742407113,H1,349.466577278291,AX,-0.118532586378066,L1,-0.601447172266581
GetDeflection L2 (CDD) ===>> 0
testing L2_CDD_==3250
evaluate ot="L2(CDD).deflection==3250" t="L2_CDD_==3250", ctx="{'L2_CDD_': 0.0}"
GetData ===>> L2(CDD),0,H2,-0.139340124080451,H1,349.647527116731,AX,-0.0557003449571888,L1,-0.79379904625636
Get Checksum: 1036481203
GetData ===>> L2(CDD),0.000157244698251559,H2,-0.0695311091023695,H1,349.056729686363,AX,-0.188812696419619,L1,...
GetData ===>> L2(CDD),0,H2,0.187837982886386,H1,348.941465928141,AX,-0.0512285509709803,L1,-0.568788560691042
GetData ===>> L2(CDD),0,H2,0.0754638006217856,H1,349.486123363236,AX,-0.0195814150576391,L1,-0.511893012913922
Get Checksum: 1036481203
GetData ===>> L2(CDD),0.000157244698251559,H2,-0.129550846383898,H1,348.77935306985,AX,-0.171730401211172,L1,-0...
GetData ===>> L2(CDD),0,H2,0.118593443618407,H1,349.20735189622,AX,0.0301846644284581,L1,-0.489503178971433
$$$$$$$$$$$$$$$$$ SETTING is_baseline False
Peak hop Detectors=['AX']
Peak hop Deflections=[None]
Peak hop DeflectionsPairs=[('AX', None)]
----------------------- HOP Ar40 AX
detector Detector(AX)
POSITION Ar40 AX
Mapping mass to dac mass func: "parabolic"
AX map mass coeffs = [ 0.       0.       3.63956]
AX map mass to dac 39.9624 >> 3.63956
GetHighVoltage ===>> 9000
positioning Ar40 (3.63956) on AX
setting magnet DAC
current  : 3.565250
requested: 3.639560
Delta Dac: 0.074310
Checking detector protection. dv=0.07431
SetMagnetDAC 3.63956 ===>> OK
Magnet settling time: 0.500
update detector isotope pairing
detectors=['AX']
isotopes=['Ar40']
updating pairing AX - Ar40
could not locate det=AX iso=Ar40
Get Checksum: 1036481203
Get Checksum: 1036481203
Join finished
delaying 5 for detectors to settle after peak hop
GetData ===>> L2(CDD),0,H2,-0.0328181922520871,H1,-0.210158832236813,AX,350.364505280993,L1,-0.518471370885463
GetData ===>> L2(CDD),0,H2,-0.0328181922520871,H1,-0.210158832236813,AX,350.364505280993,L1,-0.518471370885463
GetData ===>> L2(CDD),0,H2,-0.0253588915067118,H1,-0.116402518945153,AX,349.889693551979,L1,-0.88771103298618
Get Checksum: 1036481203
GetData ===>> L2(CDD),0,H2,-0.167075878811428,H1,-0.158800804105526,AX,350.223558741304,L1,-0.527704078630746
GetDeflection L2 (CDD) ===>> 0
testing L2_CDD_==3250
evaluate ot="L2(CDD).deflection==3250" t="L2_CDD_==3250", ctx="{'L2_CDD_': 0.0}"
GetData ===>> L2(CDD),0,H2,-0.239791098109142,H1,-0.21383536470605,AX,350.065285753089,L1,-0.506468719215841
GetData ===>> L2(CDD),0,H2,-0.078388622381753,H1,0.0583808198601428,AX,349.635415463809,L1,-0.822065897303154
Get Checksum: 1036481203
GetData ===>> L2(CDD),0,H2,-0.074192968195778,H1,0.11860279663463,AX,349.840516336548,L1,-0.619449328226853
GetData ===>> L2(CDD),0,H2,0.0772122626780746,H1,0.0406827094251459,AX,349.819651512419,L1,-0.460418704179695
Get Checksum: 1036481203
GetData ===>> L2(CDD),0,H2,-0.238392779490615,H1,0.288600758690066,AX,349.872894484448,L1,-0.51800973318732
GetData ===>> L2(CDD),0,H2,0.114396962408152,H1,-0.145932144893891,AX,350.021791640577,L1,-0.560133266982402
$$$$$$$$$$$$$$$$$ SETTING is_baseline False
Peak hop Detectors=['L1']
Peak hop Deflections=[None]
Peak hop DeflectionsPairs=[('L1', None)]
----------------------- HOP Ar40 L1
detector Detector(L1)
POSITION Ar40 L1
Mapping mass to dac mass func: "parabolic"
L1 map mass coeffs = [ 0.       0.       3.71649]
L1 map mass to dac 39.9624 >> 3.71649
GetHighVoltage ===>> 9000
positioning Ar40 (3.71649) on L1
setting magnet DAC
current  : 3.639560
requested: 3.716490
Delta Dac: 0.076930
Checking detector protection. dv=0.07693
SetMagnetDAC 3.71649 ===>> OK
Magnet settling time: 0.500
update detector isotope pairing
detectors=['L1']
isotopes=['Ar40']
updating pairing L1 - Ar40
could not locate det=L1 iso=Ar40
Get Checksum: 1036481203
Get Checksum: 1036481203
Join finished
delaying 5 for detectors to settle after peak hop
GetData ===>> L2(CDD),0,H2,-0.142719732913905,H1,-0.0602133020888947,AX,-0.17367940323756,L1,348.990722767423
GetData ===>> L2(CDD),0,H2,0.105537783419514,H1,0.295842716416384,AX,-0.00834413817358389,L1,348.931055628826
GetData ===>> L2(CDD),0,H2,-0.199239046446599,H1,-0.149149325792785,AX,-0.208187550149687,L1,348.765556922004
Get Checksum: 1036481203
GetData ===>> L2(CDD),0,H2,0.0653227823274798,H1,-0.0885955855597817,AX,-0.142380246344457,L1,349.020285037787
GetDeflection L2 (CDD) ===>> 0
testing L2_CDD_==3250
evaluate ot="L2(CDD).deflection==3250" t="L2_CDD_==3250", ctx="{'L2_CDD_': 0.0}"
GetData ===>> L2(CDD),0,H2,-0.109855455105662,H1,0.0429811469793286,AX,-0.0991559275055015,L1,348.859132259206
GetData ===>> L2(CDD),0,H2,-0.0364312706004067,H1,0.0501063382003938,AX,0.131788844072478,L1,348.631132399824
Get Checksum: 1036481203
GetData ===>> L2(CDD),0,H2,-0.00869181084827428,H1,0.0865375738585855,AX,-0.117959318047198,L1,348.535941616459
GetData ===>> L2(CDD),0.000157244698251559,H2,0.103323001209299,H1,0.143773019262391,AX,-0.00410145869867626,L1...
GetData ===>> L2(CDD),0,H2,-0.172203411187578,H1,-0.081930994833442,AX,-0.432861502880794,L1,348.464860107729
Get Checksum: 1036481203
GetData ===>> L2(CDD),0,H2,0.0242935286361531,H1,0.0152853390520802,AX,-0.23959920599382,L1,348.487464092796
$$$$$$$$$$$$$$$$$ SETTING is_baseline False
Peak hop Detectors=['H2']
Peak hop Deflections=[None]
Peak hop DeflectionsPairs=[('H2', None)]
----------------------- HOP Ar40 H2
detector Detector(H2)
POSITION Ar40 H2
Mapping mass to dac mass func: "parabolic"
H2 map mass coeffs = [  1.08772369e-05   9.93017553e-02  -4.91637340e-01]
H2 map mass to dac 39.9624 >> 3.49407
GetHighVoltage ===>> 9000
positioning Ar40 (3.49407) on H2
setting magnet DAC
current  : 3.716490
requested: 3.494070
Delta Dac: 0.222420
Checking detector protection. dv=0.22242
Move 0.22242>0.15. Do AF Demag
Doing AF Demagnetization around target=3.49407. duration=4, start_amplitude=0.2, period=0.5
set af dac raw:-0.1875 dac:3.30657
SetMagnetDAC 3.30657 ===>> OK
set af dac raw:0.1625 dac:3.65657
SetMagnetDAC 3.65657 ===>> OK
Get Checksum: 1036481203
set af dac raw:-0.1375 dac:3.35657
SetMagnetDAC 3.35657 ===>> OK
set af dac raw:0.1125 dac:3.60657
SetMagnetDAC 3.60657 ===>> OK
set af dac raw:-0.0875 dac:3.40657
SetMagnetDAC 3.40657 ===>> OK
set af dac raw:0.0625 dac:3.55657
SetMagnetDAC 3.55657 ===>> OK
set af dac raw:-0.0375 dac:3.45657
SetMagnetDAC 3.45657 ===>> OK
set af dac raw:0.0125 dac:3.50657
SetMagnetDAC 3.50657 ===>> OK
Get Checksum: 1036481203
SetMagnetDAC 3.49407 ===>> OK
Magnet settling time: 0.500
update detector isotope pairing
detectors=['H2']
isotopes=['Ar40']
updating pairing H2 - Ar40
could not locate det=H2 iso=Ar40
Get Checksum: 1036481203
Join finished
delaying 5 for detectors to settle after peak hop
GetData ===>> L2(CDD),1.07899705512271,H2,346.228138219918,H1,0.219862343024688,AX,0.114013072393702,L1,-0.5464...
GetData ===>> L2(CDD),1.07899705512271,H2,346.228138219918,H1,0.219862343024688,AX,0.114013072393702,L1,-0.5464...
Get Checksum: 1036481203
GetData ===>> L2(CDD),1.10494930344719,H2,346.024692082696,H1,0.250667582545237,AX,0.073302058109092,L1,-0.8052...
GetData ===>> L2(CDD),1.0967703954358,H2,345.907826273451,H1,0.069183722181785,AX,0.25817831163467,L1,-0.753070...
Get Checksum: 1036481203
GetDeflection L2 (CDD) ===>> 0
testing L2_CDD_==3250
evaluate ot="L2(CDD).deflection==3250" t="L2_CDD_==3250", ctx="{'L2_CDD_': 0.0}"
GetData ===>> L2(CDD),1.12995798821992,H2,345.344238814708,H1,0.445522014733578,AX,0.183168404142767,L1,-0.6873...
GetData ===>> L2(CDD),1.10164628095087,H2,345.894110407159,H1,0.171702391106264,AX,0.343976626347036,L1,-0.7027...
GetData ===>> L2(CDD),1.10840961556745,H2,345.898773783361,H1,0.422068424583754,AX,0.135114670070862,L1,-0.8059...
Get Checksum: 1036481203
GetData ===>> L2(CDD),1.13357560926886,H2,345.805235554277,H1,0.399765049103331,AX,0.163212624246718,L1,-0.6455...
GetData ===>> L2(CDD),1.10243271463853,H2,345.726789997097,H1,-0.161558351599269,AX,0.107705619421603,L1,-0.449...
11:42:08 -- collecting point 50
GetData ===>> L2(CDD),1.09409652518232,H2,345.237448842483,H1,0.214230148132955,AX,0.129609860856984,L1,-0.6257...
Get Checksum: 1036481203
$$$$$$$$$$$$$$$$$ SETTING is_baseline False
Peak hop Detectors=['H1']
Peak hop Deflections=[None]
Peak hop DeflectionsPairs=[('H1', None)]
----------------------- HOP Ar40 H1
detector Detector(H1)
POSITION Ar40 H1
Mapping mass to dac mass func: "parabolic"
H1 map mass coeffs = [ 0.       0.       3.56525]
H1 map mass to dac 39.9624 >> 3.56525
GetHighVoltage ===>> 9000
positioning Ar40 (3.56525) on H1
setting magnet DAC
current  : 3.494070
requested: 3.565250
Delta Dac: 0.071180
Checking detector protection. dv=0.07118
SetMagnetDAC 3.56525 ===>> OK
Magnet settling time: 0.500
update detector isotope pairing
detectors=['H1']
isotopes=['Ar40']
updating pairing H1 - Ar40
could not locate det=H1 iso=Ar40
Get Checksum: 1036481203
Join finished
delaying 5 for detectors to settle after peak hop
GetData ===>> L2(CDD),0,H2,0.144938431376016,H1,346.018707198556,AX,-0.23008410463233,L1,-0.660068348041068
GetData ===>> L2(CDD),0,H2,0.144938431376016,H1,346.018707198556,AX,-0.23008410463233,L1,-0.660068348041068
GetData ===>> L2(CDD),0,H2,-0.234780447138522,H1,346.073603795232,AX,-0.0597134757144916,L1,-0.845947858915649
Get Checksum: 1036481203
GetData ===>> L2(CDD),0,H2,-0.00636072797780279,H1,346.277625474072,AX,-0.121169616300321,L1,-0.60490915132747
GetDeflection L2 (CDD) ===>> 0
testing L2_CDD_==3250
evaluate ot="L2(CDD).deflection==3250" t="L2_CDD_==3250", ctx="{'L2_CDD_': 0.0}"
GetData ===>> L2(CDD),0,H2,0.114163825091278,H1,346.529551216077,AX,-0.247509278880984,L1,-0.533589883872626
GetData ===>> L2(CDD),0,H2,-0.163579818596674,H1,346.274778408242,AX,0.0452067286033274,L1,-0.59256136935614
Get Checksum: 1036481203
GetData ===>> L2(CDD),0,H2,0.0276737145979246,H1,345.880054257373,AX,-0.266539042927397,L1,-0.755031737148164
GetData ===>> L2(CDD),0,H2,0.143539564631709,H1,345.790474198128,AX,-0.298407323025496,L1,-0.562672161154898
GetData ===>> L2(CDD),0,H2,0.0163676211533528,H1,345.71634898393,AX,-0.0538657653223855,L1,-0.509469396080516
Get Checksum: 1036481203
GetData ===>> L2(CDD),0,H2,0.055997800820957,H1,345.794810740476,AX,-0.156138242894797,L1,-0.456494541496066
$$$$$$$$$$$$$$$$$ SETTING is_baseline False
Peak hop Detectors=['AX']
Peak hop Deflections=[None]
Peak hop DeflectionsPairs=[('AX', None)]
----------------------- HOP Ar40 AX
detector Detector(AX)
POSITION Ar40 AX
Mapping mass to dac mass func: "parabolic"
AX map mass coeffs = [ 0.       0.       3.63956]
AX map mass to dac 39.9624 >> 3.63956
GetHighVoltage ===>> 9000
positioning Ar40 (3.63956) on AX
setting magnet DAC
current  : 3.565250
requested: 3.639560
Delta Dac: 0.074310
Checking detector protection. dv=0.07431
SetMagnetDAC 3.63956 ===>> OK
Magnet settling time: 0.500
update detector isotope pairing
detectors=['AX']
isotopes=['Ar40']
updating pairing AX - Ar40
could not locate det=AX iso=Ar40
Get Checksum: 1036481203
Get Checksum: 1036481203
Join finished
delaying 5 for detectors to settle after peak hop
GetData ===>> L2(CDD),0,H2,0.16930234800757,H1,0.0119527020713365,AX,346.927345483977,L1,-0.600870174552861
GetData ===>> L2(CDD),0,H2,0.16930234800757,H1,0.0119527020713365,AX,346.927345483977,L1,-0.600870174552861
GetData ===>> L2(CDD),0,H2,-0.162414462414892,H1,-0.0502161045702339,AX,346.845330578968,L1,-0.416905775624212
GetData ===>> L2(CDD),0,H2,0.0283730648764199,H1,0.068034471503442,AX,346.709599448517,L1,-0.656375780283843
Get Checksum: 1036481203
GetDeflection L2 (CDD) ===>> 0
testing L2_CDD_==3250
evaluate ot="L2(CDD).deflection==3250" t="L2_CDD_==3250", ctx="{'L2_CDD_': 0.0}"
GetData ===>> L2(CDD),0,H2,-0.163929425180557,H1,0.00069077264357018,AX,346.354312403005,L1,-0.835679841328572
GetData ===>> L2(CDD),0,H2,0.0787275989880128,H1,-0.114104455664554,AX,346.77455349911,L1,-0.560479480215995
Get Checksum: 1036481203
GetData ===>> L2(CDD),0,H2,-0.09680266958748,H1,-0.0857229227902319,AX,346.275314700845,L1,-0.484886653992583
GetData ===>> L2(CDD),0,H2,-0.0316526802605596,H1,-0.1694862567294,AX,346.580378998646,L1,-0.468382397216276
GetData ===>> L2(CDD),0,H2,-0.0802533517985848,H1,-0.16695852593759,AX,346.305344001799,L1,-0.667915007770908
Get Checksum: 1036481203
GetData ===>> L2(CDD),0,H2,0.0246432025042588,H1,0.0790673345361907,AX,346.327528319727,L1,-0.607447928106115
$$$$$$$$$$$$$$$$$ SETTING is_baseline False
Peak hop Detectors=['L1']
Peak hop Deflections=[None]
Peak hop DeflectionsPairs=[('L1', None)]
----------------------- HOP Ar40 L1
detector Detector(L1)
POSITION Ar40 L1
Mapping mass to dac mass func: "parabolic"
L1 map mass coeffs = [ 0.       0.       3.71649]
L1 map mass to dac 39.9624 >> 3.71649
GetHighVoltage ===>> 9000
positioning Ar40 (3.71649) on L1
setting magnet DAC
current  : 3.639560
requested: 3.716490
Delta Dac: 0.076930
Checking detector protection. dv=0.07693
SetMagnetDAC 3.71649 ===>> OK
Magnet settling time: 0.500
update detector isotope pairing
detectors=['L1']
isotopes=['Ar40']
updating pairing L1 - Ar40
could not locate det=L1 iso=Ar40
Get Checksum: 1036481203
Get Checksum: 1036481203
Join finished
delaying 5 for detectors to settle after peak hop
GetData ===>> L2(CDD),0,H2,0.0795435502813208,H1,-0.0213730344851362,AX,-0.266882950864298,L1,345.622487671909
GetData ===>> L2(CDD),0,H2,0.0795435502813208,H1,-0.0213730344851362,AX,-0.266882950864298,L1,345.622487671909
GetData ===>> L2(CDD),0,H2,0.0873534042360344,H1,-0.190052547407252,AX,0.149909000841349,L1,345.61963064777
GetData ===>> L2(CDD),0,H2,-0.0569439785621516,H1,-0.167762804635336,AX,-0.0828746462319185,L1,345.451214908483
Get Checksum: 1036481203
GetDeflection L2 (CDD) ===>> 0
testing L2_CDD_==3250
evaluate ot="L2(CDD).deflection==3250" t="L2_CDD_==3250", ctx="{'L2_CDD_': 0.0}"
GetData ===>> L2(CDD),0,H2,-0.313200017988267,H1,-0.0904340852430235,AX,-0.11119472595645,L1,345.490527829437
GetData ===>> L2(CDD),0,H2,-0.0183657453931362,H1,-0.0903191791155211,AX,-0.0999585187541544,L1,345.798684645724
Get Checksum: 1036481203
GetData ===>> L2(CDD),0,H2,-0.0738433295347493,H1,-0.0244757168879651,AX,-0.145361162288295,L1,345.26827120418
GetData ===>> L2(CDD),0,H2,-0.104844138409543,H1,-0.200278081783057,AX,-0.0795495619600343,L1,345.499778125272
GetData ===>> L2(CDD),0,H2,-0.0619555406852021,H1,0.0422916151380603,AX,-0.243726208656119,L1,345.584666693508
Get Checksum: 1036481203
GetData ===>> L2(CDD),0.000157244698251559,H2,-0.0244264749135894,H1,-0.229460471354482,AX,-0.0224480463186316,...
$$$$$$$$$$$$$$$$$ SETTING is_baseline False
Peak hop Detectors=['H2']
Peak hop Deflections=[None]
Peak hop DeflectionsPairs=[('H2', None)]
----------------------- HOP Ar40 H2
detector Detector(H2)
POSITION Ar40 H2
Mapping mass to dac mass func: "parabolic"
H2 map mass coeffs = [  1.08772369e-05   9.93017553e-02  -4.91637340e-01]
H2 map mass to dac 39.9624 >> 3.49407
GetHighVoltage ===>> 9000
positioning Ar40 (3.49407) on H2
setting magnet DAC
current  : 3.716490
requested: 3.494070
Delta Dac: 0.222420
Checking detector protection. dv=0.22242
Move 0.22242>0.15. Do AF Demag
Doing AF Demagnetization around target=3.49407. duration=4, start_amplitude=0.2, period=0.5
set af dac raw:-0.1875 dac:3.30657
SetMagnetDAC 3.30657 ===>> OK
set af dac raw:0.1625 dac:3.65657
SetMagnetDAC 3.65657 ===>> OK
set af dac raw:-0.1375 dac:3.35657
SetMagnetDAC 3.35657 ===>> OK
set af dac raw:0.1125 dac:3.60657
SetMagnetDAC 3.60657 ===>> OK
Get Checksum: 1036481203
set af dac raw:-0.0875 dac:3.40657
SetMagnetDAC 3.40657 ===>> OK
set af dac raw:0.0625 dac:3.55657
SetMagnetDAC 3.55657 ===>> OK
set af dac raw:-0.0375 dac:3.45657
SetMagnetDAC 3.45657 ===>> OK
set af dac raw:0.0125 dac:3.50657
SetMagnetDAC 3.50657 ===>> OK
SetMagnetDAC 3.49407 ===>> OK
Magnet settling time: 0.500
Get Checksum: 1036481203
update detector isotope pairing
detectors=['H2']
isotopes=['Ar40']
updating pairing H2 - Ar40
could not locate det=H2 iso=Ar40
Get Checksum: 1036481203
Join finished
delaying 5 for detectors to settle after peak hop
GetData ===>> L2(CDD),1.07632319639673,H2,343.374959095876,H1,0.023559522025097,AX,0.184200610908433,L1,-0.4886...
GetData ===>> L2(CDD),1.07632319639673,H2,343.374959095876,H1,0.023559522025097,AX,0.184200610908433,L1,-0.4886...
Get Checksum: 1036481203
GetData ===>> L2(CDD),1.08937793484792,H2,342.531274150021,H1,0.116993763639994,AX,0.296717784989738,L1,-0.6681...
GetData ===>> L2(CDD),1.10085984741322,H2,343.249365287493,H1,0.296992238515022,AX,0.310252847110925,L1,-0.7920...
GetDeflection L2 (CDD) ===>> 0
testing L2_CDD_==3250
evaluate ot="L2(CDD).deflection==3250" t="L2_CDD_==3250", ctx="{'L2_CDD_': 0.0}"
GetData ===>> L2(CDD),1.07270562558664,H2,343.070553856075,H1,0.217103712846734,AX,0.26368385621204,L1,-0.51408...
Get Checksum: 1036481203
GetData ===>> L2(CDD),1.10793775465275,H2,342.884325787555,H1,0.149289868132729,AX,0.123416988125119,L1,-0.7003...
GetData ===>> L2(CDD),1.0900070799138,H2,342.597711363211,H1,0.198483165473413,AX,0.140390141777901,L1,-0.54109...
GetData ===>> L2(CDD),1.09692768197531,H2,342.789373418571,H1,0.233195833422186,AX,0.0898156140630048,L1,-0.736...
Get Checksum: 1036481203
GetData ===>> L2(CDD),1.10290457492314,H2,343.26045862659,H1,0.0607942237136481,AX,0.0636692813142486,L1,-0.586...
GetData ===>> L2(CDD),1.07868248341788,H2,342.913511857755,H1,0.115844456001679,AX,0.333194065038991,L1,-0.4948...
$$$$$$$$$$$$$$$$$ SETTING is_baseline False
Peak hop Detectors=['H1']
Peak hop Deflections=[None]
Peak hop DeflectionsPairs=[('H1', None)]
----------------------- HOP Ar40 H1
detector Detector(H1)
POSITION Ar40 H1
Mapping mass to dac mass func: "parabolic"
H1 map mass coeffs = [ 0.       0.       3.56525]
H1 map mass to dac 39.9624 >> 3.56525
GetHighVoltage ===>> 9000
positioning Ar40 (3.56525) on H1
setting magnet DAC
current  : 3.494070
requested: 3.565250
Delta Dac: 0.071180
Checking detector protection. dv=0.07118
SetMagnetDAC 3.56525 ===>> OK
Magnet settling time: 0.500
Get Checksum: 1036481203
update detector isotope pairing
detectors=['H1']
isotopes=['Ar40']
updating pairing H1 - Ar40
could not locate det=H1 iso=Ar40
Get Checksum: 1036481203
Join finished
delaying 5 for detectors to settle after peak hop
GetData ===>> L2(CDD),0,H2,-0.18082692774351,H1,343.327415585501,AX,-0.189041986910254,L1,-0.610563690509775
GetData ===>> L2(CDD),0,H2,-0.18082692774351,H1,343.327415585501,AX,-0.189041986910254,L1,-0.610563690509775
Get Checksum: 1036481203
GetData ===>> L2(CDD),0,H2,-0.0206967996529138,H1,343.148374842024,AX,-0.020613403295251,L1,-0.838794869406396
GetData ===>> L2(CDD),0,H2,-0.161948319553344,H1,342.966925115064,AX,-0.00822947140652033,L1,-0.6343354736267
GetDeflection L2 (CDD) ===>> 0
testing L2_CDD_==3250
evaluate ot="L2(CDD).deflection==3250" t="L2_CDD_==3250", ctx="{'L2_CDD_': 0.0}"
GetData ===>> L2(CDD),0.000157244698251559,H2,-0.200287827584398,H1,343.115197167371,AX,-0.137679552440973,L1,-...
Get Checksum: 1036481203
GetData ===>> L2(CDD),0,H2,0.138060689143136,H1,342.994817740336,AX,-0.267112222753414,L1,-0.413904811931447
GetData ===>> L2(CDD),0,H2,-0.0782720766752976,H1,342.28011606278,AX,-0.224008147313135,L1,-0.689954550124611
GetData ===>> L2(CDD),0.000157244698251559,H2,0.0742981609873088,H1,342.643501915934,AX,-0.220683550654552,L1,-...
Get Checksum: 1036481203
GetData ===>> L2(CDD),0,H2,-0.113817873385969,H1,342.579748726451,AX,-0.00765613736709529,L1,-0.63572021970394
11:43:28 -- collecting point 100
GetData ===>> L2(CDD),0,H2,0.0643902801765013,H1,342.511803406143,AX,-0.274448894370234,L1,-0.526549994976495
$$$$$$$$$$$$$$$$$ SETTING is_baseline False
Peak hop Detectors=['AX']
Peak hop Deflections=[None]
Peak hop DeflectionsPairs=[('AX', None)]
----------------------- HOP Ar40 AX
detector Detector(AX)
POSITION Ar40 AX
Mapping mass to dac mass func: "parabolic"
AX map mass coeffs = [ 0.       0.       3.63956]
AX map mass to dac 39.9624 >> 3.63956
GetHighVoltage ===>> 9000
positioning Ar40 (3.63956) on AX
setting magnet DAC
current  : 3.565250
requested: 3.639560
Delta Dac: 0.074310
Checking detector protection. dv=0.07431
SetMagnetDAC 3.63956 ===>> OK
Magnet settling time: 0.500
Get Checksum: 1036481203
update detector isotope pairing
detectors=['AX']
isotopes=['Ar40']
updating pairing AX - Ar40
could not locate det=AX iso=Ar40
Get Checksum: 1036481203
Join finished
delaying 5 for detectors to settle after peak hop
GetData ===>> L2(CDD),0,H2,0.0167172921877462,H1,-0.0584896547361868,AX,343.85458640195,L1,-0.560825693325946
GetData ===>> L2(CDD),0,H2,0.0167172921877462,H1,-0.0584896547361868,AX,343.85458640195,L1,-0.560825693325946
Get Checksum: 1036481203
GetData ===>> L2(CDD),0,H2,-0.129900465131616,H1,-0.267258395759309,AX,343.542868319278,L1,-0.549054378147513
GetData ===>> L2(CDD),0,H2,-0.104377968109122,H1,0.0116079471786857,AX,343.798481639708,L1,-0.580098027885229
GetDeflection L2 (CDD) ===>> 0
testing L2_CDD_==3250
evaluate ot="L2(CDD).deflection==3250" t="L2_CDD_==3250", ctx="{'L2_CDD_': 0.0}"
GetData ===>> L2(CDD),0,H2,-0.0370140239227661,H1,-0.0332091396989613,AX,343.630048832724,L1,-0.715570560608967
Get Checksum: 1036481203
GetData ===>> L2(CDD),0,H2,-0.0537971706170473,H1,-0.0324047487988157,AX,342.836615363018,L1,-0.446106975283301
GetData ===>> L2(CDD),0,H2,0.0719668858857227,H1,-0.24657886379691,AX,343.674249885523,L1,-0.644605626581467
GetData ===>> L2(CDD),0,H2,0.00867489001402567,H1,-0.155468757032069,AX,343.853910424444,L1,-0.626026955575791
Get Checksum: 1036481203
GetData ===>> L2(CDD),0,H2,0.0493538057318222,H1,-0.025395028275954,AX,343.283664145533,L1,-0.635604824273308
GetData ===>> L2(CDD),0,H2,0.179794173670161,H1,0.020571614431171,AX,343.100851367373,L1,-0.842486741558436
$$$$$$$$$$$$$$$$$ SETTING is_baseline False
Peak hop Detectors=['L1']
Peak hop Deflections=[None]
Peak hop DeflectionsPairs=[('L1', None)]
----------------------- HOP Ar40 L1
detector Detector(L1)
POSITION Ar40 L1
Mapping mass to dac mass func: "parabolic"
L1 map mass coeffs = [ 0.       0.       3.71649]
L1 map mass to dac 39.9624 >> 3.71649
GetHighVoltage ===>> 9000
positioning Ar40 (3.71649) on L1
setting magnet DAC
current  : 3.639560
requested: 3.716490
Delta Dac: 0.076930
Checking detector protection. dv=0.07693
SetMagnetDAC 3.71649 ===>> OK
Magnet settling time: 0.500
Get Checksum: 1036481203
update detector isotope pairing
detectors=['L1']
isotopes=['Ar40']
updating pairing L1 - Ar40
could not locate det=L1 iso=Ar40
Get Checksum: 1036481203
Join finished
delaying 5 for detectors to settle after peak hop
GetData ===>> L2(CDD),0,H2,-0.07932098753461,H1,0.325041002162599,AX,-0.100187830416562,L1,342.861109648818
GetData ===>> L2(CDD),0,H2,-0.07932098753461,H1,0.325041002162599,AX,-0.100187830416562,L1,342.861109648818
Get Checksum: 1036481203
GetData ===>> L2(CDD),0,H2,0.111949023349794,H1,0.0272369594612412,AX,0.112636897310945,L1,342.939486301099
GetData ===>> L2(CDD),0,H2,-0.23711098566701,H1,-0.210273724088598,AX,0.109540510568764,L1,342.462110695506
GetDeflection L2 (CDD) ===>> 0
testing L2_CDD_==3250
evaluate ot="L2(CDD).deflection==3250" t="L2_CDD_==3250", ctx="{'L2_CDD_': 0.0}"
GetData ===>> L2(CDD),0,H2,-0.0357319661553025,H1,-0.0962942795956632,AX,-0.142609547898546,L1,342.488181243309
Get Checksum: 1036481203
GetData ===>> L2(CDD),0,H2,-0.228721020973491,H1,-0.200163188740324,AX,-0.104200775664337,L1,342.267405229693
GetData ===>> L2(CDD),0.000157244698251559,H2,-0.0229112960543791,H1,0.147106111682102,AX,0.0937146894551888,L1...
GetData ===>> L2(CDD),0,H2,-0.0623051835959271,H1,-0.0729681967695556,AX,-0.0633826091913869,L1,342.35389713973
GetData ===>> L2(CDD),0,H2,0.0976112175984713,H1,0.23560967466022,AX,-0.018893422284203,L1,342.003305421517
GetData ===>> L2(CDD),0,H2,-0.193762060013255,H1,0.169863395253004,AX,-0.0753071963822236,L1,342.286427125721
Get Checksum: 1036481203
$$$$$$$$$$$$$$$$$ SETTING is_baseline False
Peak hop Detectors=['H2']
Peak hop Deflections=[None]
Peak hop DeflectionsPairs=[('H2', None)]
----------------------- HOP Ar40 H2
detector Detector(H2)
POSITION Ar40 H2
Mapping mass to dac mass func: "parabolic"
H2 map mass coeffs = [  1.08772369e-05   9.93017553e-02  -4.91637340e-01]
H2 map mass to dac 39.9624 >> 3.49407
GetHighVoltage ===>> 9000
positioning Ar40 (3.49407) on H2
setting magnet DAC
current  : 3.716490
requested: 3.494070
Delta Dac: 0.222420
Checking detector protection. dv=0.22242
Move 0.22242>0.15. Do AF Demag
Doing AF Demagnetization around target=3.49407. duration=4, start_amplitude=0.2, period=0.5
set af dac raw:-0.1875 dac:3.30657
SetMagnetDAC 3.30657 ===>> OK
set af dac raw:0.1625 dac:3.65657
SetMagnetDAC 3.65657 ===>> OK
set af dac raw:-0.1375 dac:3.35657
SetMagnetDAC 3.35657 ===>> OK
set af dac raw:0.1125 dac:3.60657
SetMagnetDAC 3.60657 ===>> OK
set af dac raw:-0.0875 dac:3.40657
SetMagnetDAC 3.40657 ===>> OK
Get Checksum: 1036481203
set af dac raw:0.0625 dac:3.55657
SetMagnetDAC 3.55657 ===>> OK
set af dac raw:-0.0375 dac:3.45657
SetMagnetDAC 3.45657 ===>> OK
set af dac raw:0.0125 dac:3.50657
SetMagnetDAC 3.50657 ===>> OK
SetMagnetDAC 3.49407 ===>> OK
Magnet settling time: 0.500
update detector isotope pairing
detectors=['H2']
isotopes=['Ar40']
updating pairing H2 - Ar40
could not locate det=H2 iso=Ar40
Get Checksum: 1036481203
Get Checksum: 1036481203
Join finished
delaying 5 for detectors to settle after peak hop
GetData ===>> L2(CDD),1.06845891607747,H2,340.172031122124,H1,0.0484974194534832,AX,0.0907330421462196,L1,-0.61...
GetData ===>> L2(CDD),1.06845891607747,H2,340.172031122124,H1,0.0484974194534832,AX,0.0907330421462196,L1,-0.61...
GetData ===>> L2(CDD),1.0720764831611,H2,339.979418399601,H1,0.460468227447856,AX,0.122843575998635,L1,-0.78583...
Get Checksum: 1036481203
GetData ===>> L2(CDD),1.08387291961701,H2,339.829646037767,H1,0.0109184377633722,AX,-0.109130942632263,L1,-0.65...
GetDeflection L2 (CDD) ===>> 0
testing L2_CDD_==3250
evaluate ot="L2(CDD).deflection==3250" t="L2_CDD_==3250", ctx="{'L2_CDD_': 0.0}"
GetData ===>> L2(CDD),1.08906336235098,H2,339.536449692769,H1,0.0164345268874898,AX,0.270795231231292,L1,-0.541...
GetData ===>> L2(CDD),1.07113276970281,H2,339.921422034585,H1,0.375852724403923,AX,-0.0881488942716203,L1,-0.82...
Get Checksum: 1036481203
GetData ===>> L2(CDD),1.06138107661672,H2,339.784239464639,H1,-0.0649245891370843,AX,0.118829700680203,L1,-0.70...
GetData ===>> L2(CDD),1.10196085440793,H2,339.603725069704,H1,0.242161559894402,AX,0.151055857685393,L1,-0.6338...
GetData ===>> L2(CDD),1.08576035258236,H2,339.822123740393,H1,0.242736288792026,AX,0.125825322785716,L1,-0.7034...
Get Checksum: 1036481203
GetData ===>> L2(CDD),1.08544578036146,H2,339.740202274909,H1,-0.0164317048697554,AX,0.182824335467018,L1,-0.49...
$$$$$$$$$$$$$$$$$ SETTING is_baseline False
Peak hop Detectors=['H1']
Peak hop Deflections=[None]
Peak hop DeflectionsPairs=[('H1', None)]
----------------------- HOP Ar40 H1
detector Detector(H1)
POSITION Ar40 H1
Mapping mass to dac mass func: "parabolic"
H1 map mass coeffs = [ 0.       0.       3.56525]
H1 map mass to dac 39.9624 >> 3.56525
GetHighVoltage ===>> 9000
positioning Ar40 (3.56525) on H1
setting magnet DAC
current  : 3.494070
requested: 3.565250
Delta Dac: 0.071180
Checking detector protection. dv=0.07118
SetMagnetDAC 3.56525 ===>> OK
Magnet settling time: 0.500
update detector isotope pairing
detectors=['H1']
isotopes=['Ar40']
updating pairing H1 - Ar40
could not locate det=H1 iso=Ar40
Get Checksum: 1036481203
Get Checksum: 1036481203
Join finished
delaying 5 for detectors to settle after peak hop
GetData ===>> L2(CDD),0,H2,0.0781447770523516,H1,340.13774677037,AX,-0.105003362705821,L1,-0.451993276484161
GetData ===>> L2(CDD),0,H2,0.0781447770523516,H1,340.13774677037,AX,-0.105003362705821,L1,-0.451993276484161
GetData ===>> L2(CDD),0,H2,-0.0930732703014168,H1,340.065567265364,AX,-0.0560443282491079,L1,-0.615179616383716
Get Checksum: 1036481203
GetData ===>> L2(CDD),0,H2,-0.0436573872574084,H1,340.20628099924,AX,-0.0606307603953433,L1,-0.563364585683014
GetDeflection L2 (CDD) ===>> 0
testing L2_CDD_==3250
evaluate ot="L2(CDD).deflection==3250" t="L2_CDD_==3250", ctx="{'L2_CDD_': 0.0}"
GetData ===>> L2(CDD),0.000157244698251559,H2,-0.0260582033680397,H1,340.003934468501,AX,-0.113029196307457,L1,...
GetData ===>> L2(CDD),0,H2,0.0945804888179467,H1,340.011773541921,AX,-0.0952576176329217,L1,-0.576058947621336
Get Checksum: 1036481203
GetData ===>> L2(CDD),0,H2,-0.0243099227767188,H1,339.579968903934,AX,-0.0617773650165831,L1,-0.498966986376235
GetData ===>> L2(CDD),0,H2,-0.0330512944838547,H1,339.682331313073,AX,0.127774931449273,L1,-0.546400042209193
GetData ===>> L2(CDD),0,H2,0.107053163610609,H1,339.939872346649,AX,-0.21965177694236,L1,-0.568326946979462
Get Checksum: 1036481203
GetData ===>> L2(CDD),0,H2,0.0162510641693312,H1,339.882030331435,AX,-0.311704566682286,L1,-0.637104963801615
$$$$$$$$$$$$$$$$$ SETTING is_baseline False
Peak hop Detectors=['AX']
Peak hop Deflections=[None]
Peak hop DeflectionsPairs=[('AX', None)]
----------------------- HOP Ar40 AX
detector Detector(AX)
POSITION Ar40 AX
Mapping mass to dac mass func: "parabolic"
AX map mass coeffs = [ 0.       0.       3.63956]
AX map mass to dac 39.9624 >> 3.63956
GetHighVoltage ===>> 9000
positioning Ar40 (3.63956) on AX
setting magnet DAC
current  : 3.565250
requested: 3.639560
Delta Dac: 0.074310
Checking detector protection. dv=0.07431
SetMagnetDAC 3.63956 ===>> OK
Magnet settling time: 0.500
update detector isotope pairing
detectors=['AX']
isotopes=['Ar40']
updating pairing AX - Ar40
could not locate det=AX iso=Ar40
Get Checksum: 1036481203
Get Checksum: 1036481203
Join finished
delaying 5 for detectors to settle after peak hop
GetData ===>> L2(CDD),0,H2,-0.100415511585459,H1,-0.181205649298355,AX,340.230426957596,L1,-0.663876293792375
GetData ===>> L2(CDD),0,H2,-0.100415511585459,H1,-0.181205649298355,AX,340.230426957596,L1,-0.663876293792375
GetData ===>> L2(CDD),0,H2,-0.209493747082546,H1,-0.222681963527921,AX,340.754711460269,L1,-0.528281119941655
Get Checksum: 1036481203
GetData ===>> L2(CDD),0,H2,0.19961237361847,H1,-0.0279231300750828,AX,340.399707488641,L1,-0.497004985123687
GetDeflection L2 (CDD) ===>> 0
testing L2_CDD_==3250
evaluate ot="L2(CDD).deflection==3250" t="L2_CDD_==3250", ctx="{'L2_CDD_': 0.0}"
GetData ===>> L2(CDD),0,H2,0.161142116956452,H1,-0.00884728924052522,AX,340.360557429333,L1,-0.744647372926282
GetData ===>> L2(CDD),0,H2,-0.230701991350076,H1,-0.164430788521556,AX,340.068729633196,L1,-0.538090769625799
Get Checksum: 1036481203
GetData ===>> L2(CDD),0,H2,-0.20599783849057,H1,0.253426308700527,AX,340.608305616966,L1,-0.513624164080863
GetData ===>> L2(CDD),0,H2,0.0182325347830485,H1,0.0470034258770051,AX,340.560101859811,L1,-0.665491781405229
GetData ===>> L2(CDD),0,H2,-0.052864781133687,H1,-0.0378056462605255,AX,340.187233425778,L1,-0.605716944660951
Get Checksum: 1036481203
11:44:48 -- collecting point 150
GetData ===>> L2(CDD),0,H2,0.0329188538718195,H1,-0.144553349795359,AX,340.650569982568,L1,-0.590137954410869
$$$$$$$$$$$$$$$$$ SETTING is_baseline False
Peak hop Detectors=['L1']
Peak hop Deflections=[None]
Peak hop DeflectionsPairs=[('L1', None)]
----------------------- HOP Ar40 L1
detector Detector(L1)
POSITION Ar40 L1
Mapping mass to dac mass func: "parabolic"
L1 map mass coeffs = [ 0.       0.       3.71649]
L1 map mass to dac 39.9624 >> 3.71649
GetHighVoltage ===>> 9000
positioning Ar40 (3.71649) on L1
setting magnet DAC
current  : 3.639560
requested: 3.716490
Delta Dac: 0.076930
Checking detector protection. dv=0.07693
SetMagnetDAC 3.71649 ===>> OK
Magnet settling time: 0.500
update detector isotope pairing
detectors=['L1']
isotopes=['Ar40']
updating pairing L1 - Ar40
could not locate det=L1 iso=Ar40
Get Checksum: 1036481203
Get Checksum: 1036481203
Join finished
delaying 5 for detectors to settle after peak hop
GetData ===>> L2(CDD),0,H2,-0.0801368063142959,H1,-0.211767316916234,AX,0.0071359989352598,L1,339.49908246455
GetData ===>> L2(CDD),0,H2,-0.0801368063142959,H1,-0.211767316916234,AX,0.0071359989352598,L1,339.49908246455
GetData ===>> L2(CDD),0,H2,0.0166007351623415,H1,0.00390845334916466,AX,-0.308609534996987,L1,339.585494700479
Get Checksum: 1036481203
GetData ===>> L2(CDD),0.000157244698251559,H2,0.00914111442114452,H1,-0.290120251151298,AX,0.155528612434179,L1...
GetDeflection L2 (CDD) ===>> 0
testing L2_CDD_==3250
evaluate ot="L2(CDD).deflection==3250" t="L2_CDD_==3250", ctx="{'L2_CDD_': 0.0}"
GetData ===>> L2(CDD),0.000157244698251559,H2,0.0549487459648417,H1,-0.0105710253019189,AX,-0.0975507429998259,...
GetData ===>> L2(CDD),0,H2,-0.131998174993533,H1,0.113086123255668,AX,-0.0328825120027879,L1,339.871773607545
Get Checksum: 1036481203
GetData ===>> L2(CDD),0,H2,-0.202152324606761,H1,0.0724016313654781,AX,-0.19259598253026,L1,339.490536555886
GetData ===>> L2(CDD),0.000157244698251559,H2,-0.0917912860124852,H1,-0.153400584093265,AX,-0.11440504677547,L1...
GetData ===>> L2(CDD),0,H2,-0.0161512387007847,H1,0.00390845334916466,AX,-0.0876902651546556,L1,339.76566563578
Get Checksum: 1036481203
GetData ===>> L2(CDD),0,H2,-0.175000235698819,H1,-0.023211662298695,AX,0.00644798755410571,L1,339.821567835937
$$$$$$$$$$$$$$$$$ SETTING is_baseline False
Peak hop Detectors=['H2']
Peak hop Deflections=[None]
Peak hop DeflectionsPairs=[('H2', None)]
----------------------- HOP Ar40 H2
detector Detector(H2)
POSITION Ar40 H2
Mapping mass to dac mass func: "parabolic"
H2 map mass coeffs = [  1.08772369e-05   9.93017553e-02  -4.91637340e-01]
H2 map mass to dac 39.9624 >> 3.49407
GetHighVoltage ===>> 9000
positioning Ar40 (3.49407) on H2
setting magnet DAC
current  : 3.716490
requested: 3.494070
Delta Dac: 0.222420
Checking detector protection. dv=0.22242
Move 0.22242>0.15. Do AF Demag
Doing AF Demagnetization around target=3.49407. duration=4, start_amplitude=0.2, period=0.5
set af dac raw:-0.1875 dac:3.30657
SetMagnetDAC 3.30657 ===>> OK
set af dac raw:0.1625 dac:3.65657
SetMagnetDAC 3.65657 ===>> OK
set af dac raw:-0.1375 dac:3.35657
SetMagnetDAC 3.35657 ===>> OK
Get Checksum: 1036481203
set af dac raw:0.1125 dac:3.60657
SetMagnetDAC 3.60657 ===>> OK
set af dac raw:-0.0875 dac:3.40657
SetMagnetDAC 3.40657 ===>> OK
set af dac raw:0.0625 dac:3.55657
SetMagnetDAC 3.55657 ===>> OK
set af dac raw:-0.0375 dac:3.45657
SetMagnetDAC 3.45657 ===>> OK
set af dac raw:0.0125 dac:3.50657
SetMagnetDAC 3.50657 ===>> OK
Get Checksum: 1036481203
SetMagnetDAC 3.49407 ===>> OK
Magnet settling time: 0.500
update detector isotope pairing
detectors=['H2']
isotopes=['Ar40']
updating pairing H2 - Ar40
could not locate det=H2 iso=Ar40
Get Checksum: 1036481203
Join finished
delaying 5 for detectors to settle after peak hop
GetData ===>> L2(CDD),1.05115755218155,H2,336.883842237762,H1,0.162852255720882,AX,0.362789043780971,L1,-0.6368...
GetData ===>> L2(CDD),1.05115755218155,H2,336.883842237762,H1,0.162852255720882,AX,0.362789043780971,L1,-0.6368...
Get Checksum: 1036481203
GetData ===>> L2(CDD),1.07412119639515,H2,336.416487559917,H1,-0.0187300008626428,AX,0.160345448485349,L1,-0.58...
GetData ===>> L2(CDD),1.06106650625605,H2,336.97334579393,H1,0.100328936898787,AX,-0.0217600555948143,L1,-0.525...
GetDeflection L2 (CDD) ===>> 0
testing L2_CDD_==3250
evaluate ot="L2(CDD).deflection==3250" t="L2_CDD_==3250", ctx="{'L2_CDD_': 0.0}"
GetData ===>> L2(CDD),1.08701864170598,H2,336.899829383353,H1,0.184690399132488,AX,0.057820856725721,L1,-0.6721...
Get Checksum: 1036481203
GetData ===>> L2(CDD),1.05178669141471,H2,336.472352442373,H1,0.179862977501308,AX,0.327458709297909,L1,-0.5717...
GetData ===>> L2(CDD),1.07066091305467,H2,336.575074441194,H1,0.540491889126325,AX,0.0200936384708893,L1,-0.600...
GetData ===>> L2(CDD),1.06625692027641,H2,336.449268578983,H1,0.0952720808905184,AX,0.208973905380156,L1,-0.537...
Get Checksum: 1036481203
GetData ===>> L2(CDD),1.07081819859805,H2,336.917046558674,H1,0.357229112823751,AX,-0.0570762773875152,L1,-0.60...
set states for children of O. state=True
handle state [('O', True)]
update switch state O True args=() kw={'refresh': False} ncanvase=4
refresh_canvas_needed fired
GetData ===>> L2(CDD),1.06311121402943,H2,336.187592904431,H1,0.51600118443612,AX,0.10208628704542,L1,-0.349728...
$$$$$$$$$$$$$$$$$ SETTING is_baseline False
Peak hop Detectors=['H1']
Peak hop Deflections=[None]
Peak hop DeflectionsPairs=[('H1', None)]
----------------------- HOP Ar40 H1
detector Detector(H1)
POSITION Ar40 H1
Mapping mass to dac mass func: "parabolic"
H1 map mass coeffs = [ 0.       0.       3.56525]
H1 map mass to dac 39.9624 >> 3.56525
GetHighVoltage ===>> 9000
positioning Ar40 (3.56525) on H1
setting magnet DAC
current  : 3.494070
requested: 3.565250
Delta Dac: 0.071180
Checking detector protection. dv=0.07118
Get Checksum: -472332239
SetMagnetDAC 3.56525 ===>> OK
Magnet settling time: 0.500
update detector isotope pairing
detectors=['H1']
isotopes=['Ar40']
updating pairing H1 - Ar40
could not locate det=H1 iso=Ar40
Get Checksum: -472332239
Join finished
delaying 5 for detectors to settle after peak hop
GetData ===>> L2(CDD),0,H2,-0.00251442909643341,H1,337.014213151533,AX,-0.11371712178714,L1,-0.783876608985733
GetData ===>> L2(CDD),0,H2,-0.00251442909643341,H1,337.014213151533,AX,-0.11371712178714,L1,-0.783876608985733
Get Checksum: -472332239
GetData ===>> L2(CDD),0,H2,0.0331519718260084,H1,337.13438634419,AX,-0.13905536766751,L1,-0.488233636796347
GetData ===>> L2(CDD),0,H2,0.161258691206733,H1,336.828037385176,AX,0.126284053880516,L1,-0.537744548387566
GetDeflection L2 (CDD) ===>> 0
testing L2_CDD_==3250
evaluate ot="L2(CDD).deflection==3250" t="L2_CDD_==3250", ctx="{'L2_CDD_': 0.0}"
GetData ===>> L2(CDD),0,H2,-0.0634706590624047,H1,336.737323223483,AX,0.0125254384363298,L1,-0.632835329807754
Get Checksum: -472332239
GetData ===>> L2(CDD),0,H2,-0.0766404353249388,H1,336.383985221751,AX,-0.111424034941743,L1,-0.595215578766177
GetData ===>> L2(CDD),0,H2,-0.116032158962506,H1,336.415157671646,AX,-0.142838849398563,L1,-0.67379996084097
GetData ===>> L2(CDD),0,H2,-0.00636072797780279,H1,336.871507161663,AX,-0.0496232865231164,L1,-0.524588049607799
Get Checksum: -472332239
GetData ===>> L2(CDD),0,H2,-0.151576583418031,H1,336.56603905448,AX,-0.17597234174441,L1,-0.707147352662966
GetData ===>> L2(CDD),0,H2,0.0733656502798695,H1,336.485467515215,AX,-0.23810889512715,L1,-0.463188691794278
$$$$$$$$$$$$$$$$$ SETTING is_baseline False
Peak hop Detectors=['AX']
Peak hop Deflections=[None]
Peak hop DeflectionsPairs=[('AX', None)]
----------------------- HOP Ar40 AX
detector Detector(AX)
POSITION Ar40 AX
Mapping mass to dac mass func: "parabolic"
AX map mass coeffs = [ 0.       0.       3.63956]
AX map mass to dac 39.9624 >> 3.63956
GetHighVoltage ===>> 9000
positioning Ar40 (3.63956) on AX
setting magnet DAC
current  : 3.565250
requested: 3.639560
Delta Dac: 0.074310
Checking detector protection. dv=0.07431
SetMagnetDAC 3.63956 ===>> OK
Magnet settling time: 0.500
update detector isotope pairing
detectors=['AX']
isotopes=['Ar40']
updating pairing AX - Ar40
could not locate det=AX iso=Ar40
Get Checksum: -472332239
Get Checksum: -472332239
Join finished
delaying 5 for detectors to settle after peak hop
GetData ===>> L2(CDD),0,H2,-0.213805350469165,H1,-0.102728961796585,AX,337.514108088426,L1,-0.7235321555525
GetData ===>> L2(CDD),0,H2,-0.213805350469165,H1,-0.102728961796585,AX,337.514108088426,L1,-0.7235321555525
GetData ===>> L2(CDD),0,H2,0.0133371440881622,H1,-0.00471031012587908,AX,337.422065277301,L1,-0.664799429901333
GetData ===>> L2(CDD),0,H2,-0.076873527113136,H1,-0.0991669108825816,AX,337.535536406188,L1,-0.508546111881516
Get Checksum: -472332239
GetDeflection L2 (CDD) ===>> 0
testing L2_CDD_==3250
evaluate ot="L2(CDD).deflection==3250" t="L2_CDD_==3250", ctx="{'L2_CDD_': 0.0}"
GetData ===>> L2(CDD),0,H2,0.0741815971002255,H1,-0.0283827842357795,AX,337.281118183252,L1,-0.560248671407027
GetData ===>> L2(CDD),0.000157244698251559,H2,-0.0347995594505502,H1,-0.050331015475233,AX,337.225202357342,L1,...
GetData ===>> L2(CDD),0,H2,0.0978443509705802,H1,0.0317188552919895,AX,337.525159119852,L1,-0.500813572159302
Get Checksum: -472332239
GetData ===>> L2(CDD),0,H2,-0.0901596672148609,H1,0.0751598477807317,AX,337.477047490704,L1,-0.56244135286893
GetData ===>> L2(CDD),0,H2,0.00377954715311651,H1,-0.0389547694784722,AX,336.767178241976,L1,-0.666876482928239
GetData ===>> L2(CDD),0.000157244698251559,H2,0.0408448954717641,H1,-0.0116052654599593,AX,336.956706557934,L1,...
Get Checksum: -472332239
$$$$$$$$$$$$$$$$$ SETTING is_baseline False
Peak hop Detectors=['L1']
Peak hop Deflections=[None]
Peak hop DeflectionsPairs=[('L1', None)]
----------------------- HOP Ar40 L1
detector Detector(L1)
POSITION Ar40 L1
Mapping mass to dac mass func: "parabolic"
L1 map mass coeffs = [ 0.       0.       3.71649]
L1 map mass to dac 39.9624 >> 3.71649
GetHighVoltage ===>> 9000
positioning Ar40 (3.71649) on L1
setting magnet DAC
current  : 3.639560
requested: 3.716490
Delta Dac: 0.076930
Checking detector protection. dv=0.07693
SetMagnetDAC 3.71649 ===>> OK
Magnet settling time: 0.500
update detector isotope pairing
detectors=['L1']
isotopes=['Ar40']
updating pairing L1 - Ar40
could not locate det=L1 iso=Ar40
Get Checksum: -472332239
Get Checksum: -472332239
Join finished
delaying 5 for detectors to settle after peak hop
GetData ===>> L2(CDD),0,H2,0.141674412083688,H1,0.0298801262777695,AX,-0.0718674267791576,L1,336.508663411569
GetData ===>> L2(CDD),0,H2,0.141674412083688,H1,0.0298801262777695,AX,-0.0718674267791576,L1,336.508663411569
GetData ===>> L2(CDD),0,H2,-0.107174986578498,H1,0.00149519181385586,AX,-0.132290923864869,L1,336.467603435538
GetData ===>> L2(CDD),0,H2,-0.0254754435183405,H1,-0.119389993024751,AX,-0.331650087637764,L1,336.651368524187
Get Checksum: -472332239
GetDeflection L2 (CDD) ===>> 0
testing L2_CDD_==3250
evaluate ot="L2(CDD).deflection==3250" t="L2_CDD_==3250", ctx="{'L2_CDD_': 0.0}"
GetData ===>> L2(CDD),0,H2,0.0708012504179582,H1,0.234000446496919,AX,-0.0140774591007297,L1,336.366653694083
GetData ===>> L2(CDD),0,H2,-0.0676663592436039,H1,-0.0303363119753074,AX,-0.0576495819865912,L1,336.568833183866
GetData ===>> L2(CDD),0,H2,0.0773288269260696,H1,0.00965433844816418,AX,-0.148915319230616,L1,336.300533084622
Get Checksum: -472332239
GetData ===>> L2(CDD),0,H2,-0.0394615840854681,H1,0.0497615696717393,AX,0.081100090890555,L1,335.903483849021
GetData ===>> L2(CDD),0,H2,-0.0130042995129806,H1,-0.172243773673944,AX,-0.0552417003761812,L1,336.483864634832
11:46:07 -- collecting point 200
GetData ===>> L2(CDD),0,H2,-0.0435408374125576,H1,0.181012361412891,AX,0.0330514524654164,L1,336.110186819763
Get Checksum: -472332239
$$$$$$$$$$$$$$$$$ SETTING is_baseline False
Peak hop Detectors=['H2']
Peak hop Deflections=[None]
Peak hop DeflectionsPairs=[('H2', None)]
----------------------- HOP Ar40 H2
detector Detector(H2)
POSITION Ar40 H2
Mapping mass to dac mass func: "parabolic"
H2 map mass coeffs = [  1.08772369e-05   9.93017553e-02  -4.91637340e-01]
H2 map mass to dac 39.9624 >> 3.49407
GetHighVoltage ===>> 9000
positioning Ar40 (3.49407) on H2
setting magnet DAC
current  : 3.716490
requested: 3.494070
Delta Dac: 0.222420
Checking detector protection. dv=0.22242
Move 0.22242>0.15. Do AF Demag
Doing AF Demagnetization around target=3.49407. duration=4, start_amplitude=0.2, period=0.5
set af dac raw:-0.1875 dac:3.30657
SetMagnetDAC 3.30657 ===>> OK
set af dac raw:0.1625 dac:3.65657
SetMagnetDAC 3.65657 ===>> OK
set af dac raw:-0.1375 dac:3.35657
SetMagnetDAC 3.35657 ===>> OK
set af dac raw:0.1125 dac:3.60657
SetMagnetDAC 3.60657 ===>> OK
set af dac raw:-0.0875 dac:3.40657
Get Checksum: -472332239
SetMagnetDAC 3.40657 ===>> OK
set af dac raw:0.0625 dac:3.55657
SetMagnetDAC 3.55657 ===>> OK
set af dac raw:-0.0375 dac:3.45657
SetMagnetDAC 3.45657 ===>> OK
set af dac raw:0.0125 dac:3.50657
SetMagnetDAC 3.50657 ===>> OK
SetMagnetDAC 3.49407 ===>> OK
Magnet settling time: 0.500
update detector isotope pairing
detectors=['H2']
isotopes=['Ar40']
updating pairing H2 - Ar40
could not locate det=H2 iso=Ar40
Get Checksum: -472332239
Get Checksum: -472332239
Join finished
delaying 5 for detectors to settle after peak hop
GetData ===>> L2(CDD),1.07852519757446,H2,333.682521242907,H1,0.211011765815347,AX,0.130871376854581,L1,-0.8165...
GetData ===>> L2(CDD),1.07852519757446,H2,333.682521242907,H1,0.211011765815347,AX,0.130871376854581,L1,-0.8165...
GetData ===>> L2(CDD),1.04738271879886,H2,334.136141033911,H1,0.102742445702539,AX,-0.0257733278846037,L1,-0.57...
Get Checksum: -472332239
GetData ===>> L2(CDD),1.07679505369295,H2,333.697807409194,H1,0.220207172351594,AX,0.267698335651889,L1,-0.3937...
GetDeflection L2 (CDD) ===>> 0
testing L2_CDD_==3250
evaluate ot="L2(CDD).deflection==3250" t="L2_CDD_==3250", ctx="{'L2_CDD_': 0.0}"
GetData ===>> L2(CDD),1.05697709375166,H2,333.827588497163,H1,0.364126704826295,AX,0.305664669136539,L1,-0.3304...
GetData ===>> L2(CDD),1.0442370269536,H2,333.682384760198,H1,0.41229626361836,AX,0.260128188404188,L1,-0.792645...
Get Checksum: -472332239
GetData ===>> L2(CDD),1.04219232854132,H2,333.421732474897,H1,0.343434076757382,AX,-0.0579935645819818,L1,-0.55...
GetData ===>> L2(CDD),1.06499863748958,H2,333.818193100778,H1,-0.0388398572186351,AX,0.0769717127241285,L1,-0.6...
GetData ===>> L2(CDD),1.07600862489593,H2,333.754040419965,H1,0.22434513388815,AX,0.101971607134936,L1,-0.18084...
Get Checksum: -472332239
GetData ===>> L2(CDD),1.05556152882987,H2,333.550822996111,H1,0.235264839827839,AX,0.357856484135657,L1,-0.5669...
$$$$$$$$$$$$$$$$$ SETTING is_baseline False
Peak hop Detectors=['H1']
Peak hop Deflections=[None]
Peak hop DeflectionsPairs=[('H1', None)]
----------------------- HOP Ar40 H1
detector Detector(H1)
POSITION Ar40 H1
Mapping mass to dac mass func: "parabolic"
H1 map mass coeffs = [ 0.       0.       3.56525]
H1 map mass to dac 39.9624 >> 3.56525
GetHighVoltage ===>> 9000
positioning Ar40 (3.56525) on H1
setting magnet DAC
current  : 3.494070
requested: 3.565250
Delta Dac: 0.071180
Checking detector protection. dv=0.07118
SetMagnetDAC 3.56525 ===>> OK
Magnet settling time: 0.500
update detector isotope pairing
detectors=['H1']
isotopes=['Ar40']
updating pairing H1 - Ar40
could not locate det=H1 iso=Ar40
Get Checksum: -472332239
Get Checksum: -472332239
Join finished
delaying 5 for detectors to settle after peak hop
GetData ===>> L2(CDD),0,H2,-0.17558290646562,H1,334.041154075687,AX,0.0535779042687253,L1,-0.587829934538873
GetData ===>> L2(CDD),0,H2,-0.17558290646562,H1,334.041154075687,AX,0.0535779042687253,L1,-0.587829934538873
GetData ===>> L2(CDD),0,H2,0.124655059371829,H1,333.955910700473,AX,-0.183080416395788,L1,-0.581367449630989
Get Checksum: -472332239
GetData ===>> L2(CDD),0.000157244698251559,H2,-0.071279308866239,H1,333.497298273415,AX,-0.307921748826414,L1,-...
GetDeflection L2 (CDD) ===>> 0
testing L2_CDD_==3250
evaluate ot="L2(CDD).deflection==3250" t="L2_CDD_==3250", ctx="{'L2_CDD_': 0.0}"
GetData ===>> L2(CDD),0,H2,0.0444582592794645,H1,334.022810022333,AX,-0.143641404217003,L1,-0.555517078705067
GetData ===>> L2(CDD),0,H2,0.0308207947874209,H1,333.617428399411,AX,0.119976520491546,L1,-0.52758867032712
Get Checksum: -472332239
GetData ===>> L2(CDD),0,H2,0.121157968775709,H1,333.600169863825,AX,-0.322250525822125,L1,-0.773146417035285
GetData ===>> L2(CDD),0,H2,-0.13386280220483,H1,333.566192891219,AX,0.00931470488626652,L1,-0.532666622670838
GetData ===>> L2(CDD),0,H2,-0.0998327960366387,H1,333.792185900333,AX,-0.325918658430809,L1,-0.468497812575685
Get Checksum: -472332239
GetData ===>> L2(CDD),0,H2,0.0260418992273521,H1,334.033870371848,AX,-0.0681983256509756,L1,-0.660529918020615
$$$$$$$$$$$$$$$$$ SETTING is_baseline False
Peak hop Detectors=['AX']
Peak hop Deflections=[None]
Peak hop DeflectionsPairs=[('AX', None)]
----------------------- HOP Ar40 AX
detector Detector(AX)
POSITION Ar40 AX
Mapping mass to dac mass func: "parabolic"
AX map mass coeffs = [ 0.       0.       3.63956]
AX map mass to dac 39.9624 >> 3.63956
GetHighVoltage ===>> 9000
positioning Ar40 (3.63956) on AX
setting magnet DAC
current  : 3.565250
requested: 3.639560
Delta Dac: 0.074310
Checking detector protection. dv=0.07431
SetMagnetDAC 3.63956 ===>> OK
Magnet settling time: 0.500
update detector isotope pairing
detectors=['AX']
isotopes=['Ar40']
updating pairing AX - Ar40
could not locate det=AX iso=Ar40
Get Checksum: -472332239
Get Checksum: -472332239
Join finished
delaying 5 for detectors to settle after peak hop
GetData ===>> L2(CDD),0,H2,-0.0271071702231205,H1,-0.351695216445031,AX,334.302293398176,L1,-0.616218196672751
GetData ===>> L2(CDD),0,H2,-0.0271071702231205,H1,-0.351695216445031,AX,334.302293398176,L1,-0.616218196672751
GetData ===>> L2(CDD),0,H2,-0.128152370143445,H1,-0.0614773081897876,AX,334.608828219346,L1,-0.657183530684011
Get Checksum: -472332239
GetData ===>> L2(CDD),0,H2,-0.0825842585702778,H1,-0.052399409423387,AX,334.357751594149,L1,-0.573289282846138
GetDeflection L2 (CDD) ===>> 0
testing L2_CDD_==3250
evaluate ot="L2(CDD).deflection==3250" t="L2_CDD_==3250", ctx="{'L2_CDD_': 0.0}"
GetData ===>> L2(CDD),0,H2,-0.129550846383898,H1,-0.124445697310555,AX,334.419808774368,L1,-0.521010374290568
GetData ===>> L2(CDD),0,H2,-0.0499510582688761,H1,0.0587255914697471,AX,334.325445517843,L1,-0.567865333047955
Get Checksum: -472332239
GetData ===>> L2(CDD),0,H2,0.0874699696928776,H1,-0.160524272212773,AX,334.22570633718,L1,-0.608948111255736
GetData ===>> L2(CDD),0,H2,-0.122674985614032,H1,-0.304250674700233,AX,334.725028944983,L1,-0.532666622670838
GetData ===>> L2(CDD),0,H2,0.0380474616912428,H1,0.241241994370158,AX,334.422770373624,L1,-0.572019850510025
Get Checksum: -472332239
GetData ===>> L2(CDD),0,H2,-0.206697021208889,H1,-0.244625773973434,AX,333.953857475744,L1,-0.762646866796917
$$$$$$$$$$$$$$$$$ SETTING is_baseline False
Peak hop Detectors=['L1']
Peak hop Deflections=[None]
Peak hop DeflectionsPairs=[('L1', None)]
----------------------- HOP Ar40 L1
detector Detector(L1)
POSITION Ar40 L1
Mapping mass to dac mass func: "parabolic"
L1 map mass coeffs = [ 0.       0.       3.71649]
L1 map mass to dac 39.9624 >> 3.71649
GetHighVoltage ===>> 9000
positioning Ar40 (3.71649) on L1
setting magnet DAC
current  : 3.639560
requested: 3.716490
Delta Dac: 0.076930
Checking detector protection. dv=0.07693
SetMagnetDAC 3.71649 ===>> OK
Magnet settling time: 0.500
update detector isotope pairing
detectors=['L1']
isotopes=['Ar40']
updating pairing L1 - Ar40
could not locate det=L1 iso=Ar40
Get Checksum: -472332239
set states for children of U. state=False
handle state [('U', False)]
update switch state U False args=() kw={'refresh': False} ncanvase=4
refresh_canvas_needed fired
Get Checksum: -1391729880
Join finished
delaying 5 for detectors to settle after peak hop
GetData ===>> L2(CDD),0,H2,-0.0801368063142959,H1,-0.0216028631535201,AX,-0.146049064656228,L1,333.343189535622
GetData ===>> L2(CDD),0,H2,-0.0851482496028635,H1,-0.122032750843221,AX,0.0242217726651354,L1,333.243381700205
GetData ===>> L2(CDD),0,H2,-0.0919078301082333,H1,0.167334781678154,AX,-0.0163707779080537,L1,333.255011971904
Get Checksum: -1391729880
GetData ===>> L2(CDD),0,H2,-0.17465063307255,H1,-0.0576852849176554,AX,0.148074032733244,L1,333.497652018618
GetDeflection L2 (CDD) ===>> 0
testing L2_CDD_==3250
evaluate ot="L2(CDD).deflection==3250" t="L2_CDD_==3250", ctx="{'L2_CDD_': 0.0}"
GetData ===>> L2(CDD),0,H2,-0.0468042278254907,H1,0.0297652058312741,AX,0.0197496280872408,L1,333.574620592036
GetData ===>> L2(CDD),0,H2,-0.0380629790278502,H1,-0.0452749227073986,AX,0.0925679009354773,L1,333.353197851397
Get Checksum: -1391729880
GetData ===>> L2(CDD),0,H2,-0.0597411326811843,H1,-0.0565361840131887,AX,-0.265392682251622,L1,333.083545153681
GetData ===>> L2(CDD),0,H2,-0.111253957508401,H1,0.0884913383016473,AX,0.21424978192774,L1,333.435972710047
GetData ===>> L2(CDD),0,H2,-0.0497179600642037,H1,-0.0834247864137209,AX,-0.239026009780043,L1,333.068130636015
Get Checksum: -1391729880
GetData ===>> L2(CDD),0,H2,0.0697521796852127,H1,0.0692986473250095,AX,-0.195806031808765,L1,333.357120053264
$$$$$$$$$$$$$$$$$ SETTING is_baseline False
measurement finished
estimated time: 402.653 actual time: :384.101
flush and close file /Users/obama/PychronDev/data/isotopes/86/a6c329-d1fd-442f-8a0f-189b1c7aa776.h5
define_detectors ('Ar40', 'H2') {}
setting detector H2 to Ar40 (39.9624)
setting detector H1 to Ar39 (38.8624)
setting detector AX to Ar38 (37.9624)
setting detector L1 to Ar37 (36.9624)
setting detector L2 to Ar36 (35.8624)
setting detector H2(CDD) to Ar40 (39.8624)
setting detector H1(CDD) to Ar39 (38.8624)
setting detector AX(CDD) to Ar38 (37.8624)
setting detector L1(CDD) to Ar37 (36.8624)
setting detector L2(CDD) to Ar36 (35.9624)
define_detectors ('Ar39', 'H1') {}
setting detector H2 to Ar40 (40.064)
setting detector H1 to Ar39 (38.964)
setting detector AX to Ar38 (38.064)
setting detector L1 to Ar37 (37.064)
setting detector L2 to Ar36 (35.964)
setting detector H2(CDD) to Ar40 (39.964)
setting detector H1(CDD) to Ar39 (38.964)
setting detector AX(CDD) to Ar38 (37.964)
setting detector L1(CDD) to Ar37 (36.964)
setting detector L2(CDD) to Ar36 (36.064)
define_detectors ('Ar38', 'AX') {}
setting detector H2 to Ar40 (39.9627)
setting detector H1 to Ar39 (38.8627)
setting detector AX to Ar38 (37.9627)
setting detector L1 to Ar37 (36.9627)
setting detector L2 to Ar36 (35.8627)
setting detector H2(CDD) to Ar40 (39.8627)
setting detector H1(CDD) to Ar39 (38.8627)
setting detector AX(CDD) to Ar38 (37.8627)
setting detector L1(CDD) to Ar37 (36.8627)
setting detector L2(CDD) to Ar36 (35.9627)
define_detectors ('Ar37', 'L1') {}
setting detector H2 to Ar40 (39.9668)
setting detector H1 to Ar39 (38.8668)
setting detector AX to Ar38 (37.9668)
setting detector L1 to Ar37 (36.9668)
setting detector L2 to Ar36 (35.8668)
setting detector H2(CDD) to Ar40 (39.8668)
setting detector H1(CDD) to Ar39 (38.8668)
setting detector AX(CDD) to Ar38 (37.8668)
setting detector L1(CDD) to Ar37 (36.8668)
setting detector L2(CDD) to Ar36 (35.9668)
baselines () {'settling_time': 10, 'detector': 'H2', 'mass': 40.1, 'ncounts': 60}
%%%%%%%%%%%%%%%%%%%%%%%%%%%%%%%% Baseline
build tables- baseline [Detector(H2), Detector(H1), Detector(AX), Detector(L1)]
add group baseline table H2
add group baseline table H1
add group baseline table AX
add group baseline table L1
flush and close file /Users/obama/PychronDev/data/isotopes/86/a6c329-d1fd-442f-8a0f-189b1c7aa776.h5
detector Detector(H2)
POSITION 40.1 H2
Mapping mass to dac mass func: "parabolic"
H2 map mass coeffs = [  1.08772369e-05   9.93017553e-02  -4.91637340e-01]
H2 map mass to dac 40.1 >> 3.50785375154
GetHighVoltage ===>> 9000
positioning 40.1 (3.50785375154) on H2
setting magnet DAC
current  : 3.716490
requested: 3.507854
Delta Dac: 0.208636
Checking detector protection. dv=0.20864
Move 0.208636248458>0.15. Do AF Demag
Doing AF Demagnetization around target=3.50785375154. duration=4, start_amplitude=0.2, period=0.5
set af dac raw:-0.1875 dac:3.32035375154
SetMagnetDAC 3.32035375154 ===>> OK
set af dac raw:0.1625 dac:3.67035375154
SetMagnetDAC 3.67035375154 ===>> OK
set af dac raw:-0.1375 dac:3.37035375154
SetMagnetDAC 3.37035375154 ===>> OK
Get Checksum: -1391729880
set af dac raw:0.1125 dac:3.62035375154
SetMagnetDAC 3.62035375154 ===>> OK
set af dac raw:-0.0875 dac:3.42035375154
SetMagnetDAC 3.42035375154 ===>> OK
set af dac raw:0.0625 dac:3.57035375154
SetMagnetDAC 3.57035375154 ===>> OK
set af dac raw:-0.0375 dac:3.47035375154
SetMagnetDAC 3.47035375154 ===>> OK
set af dac raw:0.0125 dac:3.52035375154
SetMagnetDAC 3.52035375154 ===>> OK
Get Checksum: -1391729880
SetMagnetDAC 3.50785375154 ===>> OK
Magnet settling time: 0.500
Delaying 10s for detectors to settle
Get Checksum: -1391729880
Get Checksum: -1391729880
Join finished
measuring baseline. ncounts=60
Get Checksum: -1391729880
starting measurement
GetData ===>> L2(CDD),0,H2,0.0024974375953681,H1,-0.146851340531492,AX,-0.0389596761478228,L1,-0.625680765776681
GetData ===>> L2(CDD),0,H2,-0.18770237970888,H1,-0.0705551215225512,AX,0.0700911217985068,L1,-0.644144049011287
GetData ===>> L2(CDD),0,H2,-0.00915802675578081,H1,-0.01309916595345,AX,0.0503670337618051,L1,-0.761839204370244
Get Checksum: -1391729880
GetData ===>> L2(CDD),0,H2,0.0941142236857405,H1,0.219172684740866,AX,-0.126902265115769,L1,-0.552631949856987
GetData ===>> L2(CDD),0,H2,0.0903841106245694,H1,-0.164086096542752,AX,-0.226874169696911,L1,-0.425100667569147
GetData ===>> L2(CDD),0,H2,0.00960733905086641,H1,0.148830129521746,AX,-0.0109814700418844,L1,-0.564172413673542
Get Checksum: -1391729880
GetData ===>> L2(CDD),0,H2,0.0590284100599873,H1,0.115729525312917,AX,-0.0513432126144242,L1,-0.709108928181791
GetData ===>> L2(CDD),0,H2,-0.203900287337672,H1,0.149749606962449,AX,-0.210021835614174,L1,-0.572481462461535
GetData ===>> L2(CDD),0,H2,-0.178030119894323,H1,-0.172243773673944,AX,-0.293707391230143,L1,-0.976999732141215
Get Checksum: -1391729880
GetData ===>> L2(CDD),0,H2,-0.204832532849932,H1,-0.0469985936737942,AX,0.16240981417272,L1,-0.573404685703265
GetData ===>> L2(CDD),0,H2,-0.182108795334898,H1,0.159174301261482,AX,-0.351824446875336,L1,-0.54824653754506
GetData ===>> L2(CDD),0.000157244698251559,H2,-0.0894604011825671,H1,0.0493018784916568,AX,-0.0919325761452817,...
Get Checksum: -1391729880
GetData ===>> L2(CDD),0,H2,-0.0611397067404723,H1,0.262966964136714,AX,-0.148456719072265,L1,-0.649913752825815
GetData ===>> L2(CDD),0.000157244698251559,H2,-0.177680518351007,H1,-0.192235535757252,AX,-0.133781398617268,L1...
GetDeflection L2 (CDD) ===>> 0
testing L2_CDD_==3250
evaluate ot="L2(CDD).deflection==3250" t="L2_CDD_==3250", ctx="{'L2_CDD_': 0.0}"
GetData ===>> L2(CDD),0.000157244698251559,H2,0.0636909041467268,H1,0.0899853961339552,AX,-0.0852824587056283,L...
Get Checksum: -1391729880
GetData ===>> L2(CDD),0,H2,-0.175000235698819,H1,-0.218890573968435,AX,-0.0403356325129527,L1,-0.551247084956905
GetData ===>> L2(CDD),0,H2,-0.00577795639226544,H1,0.011378110652284,AX,-0.232491548807485,L1,-0.512008423087472
GetData ===>> L2(CDD),0,H2,0.0966786846658842,H1,0.026777279015101,AX,-0.0621213461366328,L1,-0.694108543807156
Get Checksum: -1391729880
GetData ===>> L2(CDD),0,H2,-0.105310308487363,H1,0.0217208085643065,AX,0.0997926914226441,L1,-0.677954023826626
GetData ===>> L2(CDD),0,H2,-0.103329084120851,H1,0.00344878401980925,AX,-0.264246320210147,L1,-0.743378165216598
GetData ===>> L2(CDD),0,H2,-0.0933063581731683,H1,-0.100775580666217,AX,-0.145246511846157,L1,-0.565557260089348
Get Checksum: -1391729880
GetData ===>> L2(CDD),0,H2,-0.0800202608158493,H1,-0.298966150290793,AX,0.0164242007189921,L1,-0.935355769222203
GetData ===>> L2(CDD),0,H2,-0.181409595038415,H1,0.107569481425109,AX,-0.377729537889709,L1,-0.650836902245898
Get Checksum: -1391729880
GetData ===>> L2(CDD),0,H2,-0.183507194427151,H1,-0.0270038210966233,AX,0.00358127876088358,L1,-0.660299133058197
GetDeflection L2 (CDD) ===>> 0
testing L2_CDD_==3250
evaluate ot="L2(CDD).deflection==3250" t="L2_CDD_==3250", ctx="{'L2_CDD_': 0.0}"
11:47:54 -- collecting point 25
GetData ===>> L2(CDD),0,H2,-0.14027243113175,H1,-0.123066871497218,AX,-0.209792550122557,L1,-0.661799234330265
GetData ===>> L2(CDD),0,H2,-0.198073732753077,H1,0.0534391069989106,AX,-0.200621085648806,L1,-0.609178908457212
Get Checksum: -1391729880
GetData ===>> L2(CDD),0,H2,-0.00274753854992098,H1,-0.122607262454514,AX,-0.0956015867863178,L1,-0.451762441816764
GetData ===>> L2(CDD),0,H2,-0.0337506008454711,H1,0.021490969627947,AX,-0.0892954661072937,L1,-0.81202837529894
GetData ===>> L2(CDD),0,H2,-0.018249192534661,H1,-0.0928471107588589,AX,-0.05489771679723,L1,-0.54836194338683
Get Checksum: -1391729880
GetData ===>> L2(CDD),0,H2,-0.0750087912528222,H1,-0.0338986170795533,AX,0.00209059356285439,L1,-0.635951010524278
GetData ===>> L2(CDD),0,H2,-0.167775089354798,H1,-0.373636091762226,AX,-0.158889818602104,L1,-0.566365086250664
GetData ===>> L2(CDD),0,H2,-0.217883876719251,H1,0.196644118567139,AX,-0.194430297714647,L1,-0.528165711707389
Get Checksum: -1391729880
GetData ===>> L2(CDD),0,H2,-0.0398112350370969,H1,-0.138004046159886,AX,-0.0118988011717157,L1,-0.59833138052916
GetData ===>> L2(CDD),0,H2,-0.0949379717217807,H1,0.211126707856127,AX,-0.145934414295946,L1,-0.621526478532722
set states for children of O. state=False
handle state [('O', False)]
update switch state O False args=() kw={'refresh': False} ncanvase=4
refresh_canvas_needed fired
GetDeflection L2 (CDD) ===>> 0
testing L2_CDD_==3250
evaluate ot="L2(CDD).deflection==3250" t="L2_CDD_==3250", ctx="{'L2_CDD_': 0.0}"
GetData ===>> L2(CDD),0,H2,0.113697550623722,H1,0.07309118472969,AX,-0.297490264965379,L1,-0.550670057330202
Get Checksum: -1369235810
GetData ===>> L2(CDD),0,H2,-0.296304802361854,H1,-0.0636605875533895,AX,-0.148686019179011,L1,-0.534743959136879
GetData ===>> L2(CDD),0,H2,-0.10356216954877,H1,-0.00321639664059692,AX,-0.211282904843163,L1,-0.533128253381696
GetData ===>> L2(CDD),0,H2,-0.0997162528850975,H1,0.0208014531481513,AX,-0.0468713983831535,L1,-0.569019367464008
set states for children of R. state=True
handle state [('R', True)]
update switch state R True args=() kw={'refresh': False} ncanvase=4
refresh_canvas_needed fired
Get Checksum: 1491041656
GetData ===>> L2(CDD),0,H2,0.0796601148068061,H1,0.00275928043646939,AX,-0.231918348359823,L1,-0.558517603588635
GetData ===>> L2(CDD),0,H2,0.131649278070352,H1,0.250782529311025,AX,-0.0927351734184033,L1,-0.566134278845055
GetData ===>> L2(CDD),0,H2,-0.147031630677713,H1,-0.0985923853094298,AX,-0.386096962519433,L1,-0.746147343528486
Get Checksum: 1491041656
GetData ===>> L2(CDD),0,H2,-0.159850673926742,H1,0.0626330116551824,AX,-0.116239511006901,L1,-0.872251946502771
GetData ===>> L2(CDD),0.000157244698251559,H2,-0.0731440518369717,H1,-0.0283827842357795,AX,0.118600336882032,L...
GetData ===>> L2(CDD),0,H2,-0.0457552820943078,H1,0.0593002110923117,AX,0.227210210136523,L1,-0.715916718272121
Get Checksum: 1491041656
GetDeflection L2 (CDD) ===>> 0
testing L2_CDD_==3250
evaluate ot="L2(CDD).deflection==3250" t="L2_CDD_==3250", ctx="{'L2_CDD_': 0.0}"
GetData ===>> L2(CDD),0,H2,-0.0590418449009659,H1,0.254805674736685,AX,-0.196952475384249,L1,-0.530704689694353
GetData ===>> L2(CDD),0,H2,0.0507525377896312,H1,-0.0358521336480944,AX,-0.305285230617472,L1,-0.653606345225294
GetData ===>> L2(CDD),0,H2,0.0339678851018319,H1,-0.264730921192784,AX,-0.242923737302262,L1,-0.522510691355335
Get Checksum: 1491041656
GetData ===>> L2(CDD),0,H2,0.0892184532102357,H1,0.184000765991581,AX,0.101283527955638,L1,-0.605486146634476
GetData ===>> L2(CDD),0,H2,-0.1294343067733,H1,-0.243821559367842,AX,-0.0991559275055015,L1,-0.778453838668824
set states for children of R. state=False
handle state [('R', False)]
update switch state R False args=() kw={'refresh': False} ncanvase=4
refresh_canvas_needed fired
11:48:20 -- collecting point 50
GetData ===>> L2(CDD),0,H2,-0.028622342582652,H1,0.211356591978393,AX,-0.330159919328176,L1,-0.356423020108957
Get Checksum: -1369235810
GetData ===>> L2(CDD),0,H2,-0.0420256881631365,H1,0.0637822558984732,AX,-0.43045455996034,L1,-0.565441856296935
GetData ===>> L2(CDD),0,H2,-0.11719757041039,H1,-0.065384225665819,AX,0.118370973138147,L1,-0.62879646951368
set states for children of U. state=True
handle state [('U', True)]
update switch state U True args=() kw={'refresh': False} ncanvase=4
refresh_canvas_needed fired
GetData ===>> L2(CDD),0,H2,0.109034818172551,H1,0.230322220775547,AX,0.0207816596072888,L1,-0.65222162472581
Get Checksum: 1036481203
GetData ===>> L2(CDD),0.000157244698251559,H2,-0.0663843416534321,H1,0.12814211879384,AX,-0.166456611230721,L1,...
GetDeflection L2 (CDD) ===>> 0
testing L2_CDD_==3250
evaluate ot="L2(CDD).deflection==3250" t="L2_CDD_==3250", ctx="{'L2_CDD_': 0.0}"
GetData ===>> L2(CDD),0.000157244698251559,H2,-0.141204737294385,H1,0.0772285152679896,AX,-0.113487813348768,L1...
GetData ===>> L2(CDD),0,H2,-0.0752418834295939,H1,0.157105458040117,AX,-0.14031652989726,L1,-0.61033289363873
Get Checksum: 1036481203
GetData ===>> L2(CDD),0,H2,-0.0268740665744959,H1,-0.0710147553683894,AX,-0.170698575010784,L1,-0.486733266625368
GetData ===>> L2(CDD),0,H2,0.0470225900793846,H1,-0.0790583122150005,AX,-0.0906713505068647,L1,-0.778338460246733
GetData ===>> L2(CDD),0,H2,-0.0736102370240753,H1,0.0465437360112698,AX,-0.164392946414256,L1,-0.455455789888648
Get Checksum: 1036481203
GetData ===>> L2(CDD),0,H2,-0.0839827999665125,H1,-0.174197010073159,AX,-0.345176125217469,L1,-0.569134770830136
measurement finished
estimated time: 62.915 actual time: :63.101
flush and close file /Users/obama/PychronDev/data/isotopes/86/a6c329-d1fd-442f-8a0f-189b1c7aa776.h5
activate_detectors ('H1', 'AX', 'L2') {'peak_center': True}
peak_center () {'detector': 'H1', 'isotope': 'Ar40'}
_execute: Traceback (most recent call last):
  File "/Users/obama/Programming/git/pychron_dev/pychron/pyscripts/pyscript.py", line 391, in execute_snippet
    func(*argv)
  File "<string>", line 94, in main
  File "/Users/obama/Programming/git/pychron_dev/pychron/pyscripts/pyscript.py", line 135, in decorator
    return func(obj, *args, **kw)
  File "/Users/obama/Programming/git/pychron_dev/pychron/pyscripts/measurement_pyscript.py", line 369, in peak_center
    save=save, config_name=config_name)
  File "/Users/obama/Programming/git/pychron_dev/pychron/pyscripts/measurement_pyscript.py", line 881, in _automated_run_call
    return func(*args, **kw)
  File "/Users/obama/Programming/git/pychron_dev/pychron/experiment/automated_run/automated_run.py", line 582, in py_peak_center
    ys = iso.ys[-peak_center_threshold_window:]
AttributeError: 'NoneType' object has no attribute 'ys'

Post Measurement Started felix_pump_ms.py
11:48:32 -- ******* Post Measurement Started felix_pump_ms.py *******
testing...
no interpolation path defined
executed 0
Pumping spectrometer
open () {'name': 'V'}
opening name=V desc=---
checking ownership. requestor=129.138.12.137
check software interlocks V
interlocks []
actuate state mode=None-script, software_lock=True
VALVE-V(Felix Ion Pump) software locked
change switch state (True, False)
---------------------------------------- open V () result=[(True, False)], time=0.00 sec
locked=[True]
executed 0
felix_pump_ms.py completed successfully
setting _ms_pumptime
Post Measurement Finished
11:48:32 -- ******* Post Measurement Finished *******
----------------- finish -----------------
state changed from measurement to failed
----------------- stop -----------------
Measurement Finished unsuccessfully. Aborted=False
11:48:32 -- ******* Measurement Finished unsuccessfully. Aborted=False *******
failed execution step Measurement Failed
measurement did not complete successfully
11:48:32 -- Automated run ic-01-F-41 failed duration: 484.270 s
----------------- finish -----------------
----------------- stop -----------------
finish run. runs completed=1
write rem/ex queues
/Users/obama/PychronDev/experiments/rem/Airs_Cocktails.rem.txt
/Users/obama/PychronDev/experiments/rem/Airs_Cocktails.ex.txt
doing event level: 3
