do run
loading script "felix_ic_peak_hop_no_equil.py"
loading script "felix_pump_ms.py"
loading script "felix_pump_extraction_line.py"
testing...
no interpolation path defined
executed snippet estimated_duration=137.88, duration=0.000677824020386
script duration name:ic_peak_hop_no_equil seconds:138.0
loading script "felix_ic_peak_hop_no_equil.py"
loading script "felix_pump_ms.py"
loading script "felix_pump_extraction_line.py"
testing...
no interpolation path defined
executed snippet estimated_duration=0, duration=2.8133392334e-05
loading script "felix_ic_peak_hop_no_equil.py"
loading script "felix_pump_ms.py"
loading script "felix_pump_extraction_line.py"
loading script "felix_ic_peak_hop_no_equil.py"
loading script "felix_pump_ms.py"
loading script "felix_pump_extraction_line.py"
testing...
no interpolation path defined
calculate duration
testing...
no interpolation path defined
executed snippet estimated_duration=4.0, duration=0.000208854675293
executed snippet estimated_duration=4.0, duration=0.00138902664185
Script duration 138.0
Run total estimated duration= 139.000
run duration: 0:02:19
doing event level: 2
14:27:20 -- Setting default integration. t=1.048576
setting integration time = 1.048576
SetIntegrationTime 1.048576 ===>> OK
----------------- start -----------------
**************** Experiment Type: Ar/Ar, Ar/Ar
close session 4738280432
$$$$$ Clearing conditionals
adding conditionals 
Add queue conditionals
add default conditionals
adding default conditionals from /Users/obama/PychronDev/setupfiles/spectrometer/default_conditionals.yaml
Start automated run ic-01-F-78
loading script "felix_ic_peak_hop_no_equil.py"
loading script "felix_pump_ms.py"
loading script "felix_pump_extraction_line.py"
%%%%%%%%%%%%%%%%%% setting automated run ic-01-F-78
$$$$$$$$$$$$$$$ auto_save_detector_ic=False
No metadata section in "felix_ic_peak_hop_no_equil.py". Using default "None" value for "default_fits"
============================= Pre Extraction Check =============================
loading queue conditionals pre_run_terminations
loading system conditionals pre_run_terminations
loading conditionals from /Users/obama/PychronDev/setupfiles/spectrometer/default_conditionals.yaml
14:27:20 -- ******* Pre Extraction Check *******
Get a measurement from the spectrometer
Pre Extraction Termination data. keys=L2(CDD),H2,H1,AX,L1,L2, signals=2.21048,640.93294,-0.06703,0.11245,-0.59501,-0.13510
14:27:20 -- testing system defined conditionals
Checking default pre extraction terminations n=2
testing L2_CDD_
evaluate ot="L2(CDD).inactive" t="L2_CDD_", ctx="{'L2_CDD_': False}"
GetDeflection L2 (CDD) ===>> 0
testing L2_CDD_==3250
evaluate ot="L2(CDD).deflection==3250" t="L2_CDD_==3250", ctx="{'L2_CDD_': 0.0}"
14:27:20 -- ******* Pre Extraction Check Passed *******
=================================================================================
14:27:20 -- stopping status monitor
stop 4710427728
Status monitor stopped
Status monitor finished
14:27:24 -- starting status monitor
start 4710427728
StatusMonitor period=3. Frequencies(state=1, checksum=3, lock=5, owner=5)
start extraction
no extraction script
14:27:29 -- Sending spectrometer configuration
======== Sending configuration ========
SetZFocus 1.65 ===>> OK
SetHV 9900.0 ===>> OK
SetZSymmetry 3.35 ===>> OK
SetExtractionLens 63.57 ===>> OK
SetIonRepeller -5.15 ===>> OK
SetElectronEnergy 125.02 ===>> OK
SetYSymmetry 38.07 ===>> OK
send trap current 250.0
GetParameter Trap Current Readback ===>> 249.054385643655
SetParameter Trap Current Set,250.0 ===>> OK
updating mftable name argon
Using mftable located at /Users/obama/PychronDev/setupfiles/spectrometer/mftables/argon.csv
============ MFtable ===========
Isotope  H2     H1     AX     L1     L2     L2(CDD)
Ar40     3.7650 3.8402 3.9183 3.9997 4.1076 4.0931
Ar39     3.6906 3.6475 3.8414 3.9242 4.0269 4.0121
Ar36     3.4642 3.4167 3.6058 3.6817 3.7905 3.7660
================================
get initial guess parabolic
get initial guess parabolic
get initial guess parabolic
get initial guess parabolic
get initial guess parabolic
get initial guess parabolic
======== Configuration Finished ========
GetYSymmetry ===>> 38.07
GetZSymmetry ===>> 3.35
GetParameter Trap Current Readback ===>> 247.488005859733
GetHighVoltage ===>> 9900
start measurement
do measurement
L#=ic-01-F analysis type=detector_ic
Measurement Started felix_ic_peak_hop_no_equil.py
14:27:29 -- ******* Measurement Started felix_ic_peak_hop_no_equil.py *******
state changed from not run to measurement
setting trap, emission, spec, defl, and gains
GetExtractionLens ===>> 63.57
GetYSymmetry ===>> 38.07
GetZSymmetry ===>> 3.35
GetZFocus ===>> 1.65
GetDeflection H2 (CDD) ===>> 3250
GetDeflection H1 (CDD) ===>> 3250
GetDeflection AX (CDD) ===>> 3250
GetDeflection L1 (CDD) ===>> 3250
GetDeflection L2 (CDD) ===>> 0
GetGain H2 ===>> 0.9809305
GetGain H1 ===>> 0.97038
GetGain AX ===>> 1.0028
GetGain L1 ===>> 0.970094835296087
GetGain L2 ===>> 0.967359864778375
GetGain H2(CDD) ===>> 0
GetGain H1(CDD) ===>> 0
GetGain AX(CDD) ===>> 0
GetGain L1(CDD) ===>> 0
GetGain L2(CDD) ===>> 0
GetParameter Trap Current Readback ===>> 248.159311481414
GetParameter Source Current Readback ===>> 892.549655130318
pre measurement save
New frame /Users/obama/PychronDev/data/isotopes/08/96d33a-c6e9-4e98-9581-fc97b7a5d81e.h5
flush and close file /Users/obama/PychronDev/data/isotopes/08/96d33a-c6e9-4e98-9581-fc97b7a5d81e.h5
testing...
no interpolation path defined
setting detector H2 to Ar40 (39.9624)
setting detector H1 to Ar39 (38.8624)
setting detector AX to Ar38 (37.9624)
setting detector L1 to Ar37 (36.9624)
setting detector L2 to Ar36 (35.8624)
setting detector H2(CDD) to Ar40 (39.8624)
setting detector H1(CDD) to Ar39 (38.8624)
setting detector AX(CDD) to Ar38 (37.8624)
setting detector L1(CDD) to Ar37 (36.8624)
setting detector L2(CDD) to Ar36 (35.9624)
setting detector H2 to Ar40 (40.064)
setting detector H1 to Ar39 (38.964)
setting detector AX to Ar38 (38.064)
setting detector L1 to Ar37 (37.064)
setting detector L2 to Ar36 (35.964)
setting detector H2(CDD) to Ar40 (39.964)
setting detector H1(CDD) to Ar39 (38.964)
setting detector AX(CDD) to Ar38 (37.964)
setting detector L1(CDD) to Ar37 (36.964)
setting detector L2(CDD) to Ar36 (36.064)
setting detector H2 to Ar40 (39.9627)
setting detector H1 to Ar39 (38.8627)
setting detector AX to Ar38 (37.9627)
setting detector L1 to Ar37 (36.9627)
setting detector L2 to Ar36 (35.8627)
setting detector H2(CDD) to Ar40 (39.8627)
setting detector H1(CDD) to Ar39 (38.8627)
setting detector AX(CDD) to Ar38 (37.8627)
setting detector L1(CDD) to Ar37 (36.8627)
setting detector L2(CDD) to Ar36 (35.9627)
setting detector H2 to Ar40 (39.9668)
setting detector H1 to Ar39 (38.8668)
setting detector AX to Ar38 (37.9668)
setting detector L1 to Ar37 (36.9668)
setting detector L2 to Ar36 (35.8668)
setting detector H2(CDD) to Ar40 (39.8668)
setting detector H1(CDD) to Ar39 (38.8668)
setting detector AX(CDD) to Ar38 (37.8668)
setting detector L1(CDD) to Ar37 (36.8668)
setting detector L2(CDD) to Ar36 (35.9668)
executed snippet estimated_duration=137.88, duration=0.00970983505249
unknown measurement script
load_hops ('hops/ic_hops.txt',) {}
[{'counts': 10, 'settle': 5, 'positioning': {'detector': 'H2', 'isotope': 'Ar40'}, 'cup_configuration': [{'protect': False, 'is_baseline': False, 'isotope': 'Ar40', 'deflection': None, 'active': True, 'detector': 'H2'}]}, {'counts': 10, 'settle': 5, 'positioning': {'detector': 'H1', 'isotope': 'Ar40'}, 'cup_configuration': [{'protect': False, 'is_baseline': False, 'isotope': 'Ar40', 'deflection': None, 'active': True, 'detector': 'H1'}]}, {'counts': 10, 'settle': 5, 'positioning': {'detector': 'AX', 'isotope': 'Ar40'}, 'cup_configuration': [{'protect': False, 'is_baseline': False, 'isotope': 'Ar40', 'deflection': None, 'active': True, 'detector': 'AX'}]}, {'counts': 10, 'settle': 5, 'positioning': {'detector': 'L1', 'isotope': 'Ar40'}, 'cup_configuration': [{'protect': False, 'is_baseline': False, 'isotope': 'Ar40', 'deflection': None, 'active': True, 'detector': 'L1'}]}]
define_hops ([{'counts': 10, 'settle': 5, 'positioning': {'detector': 'H2', 'isotope': 'Ar40'}, 'cup_configuration': [{'protect': False, 'is_baseline': False, 'isotope': 'Ar40', 'deflection': None, 'active': True, 'detector': 'H2'}]}, {'counts': 10, 'settle': 5, 'positioning': {'detector': 'H1', 'isotope': 'Ar40'}, 'cup_configuration': [{'protect': False, 'is_baseline': False, 'isotope': 'Ar40', 'deflection': None, 'active': True, 'detector': 'H1'}]}, {'counts': 10, 'settle': 5, 'positioning': {'detector': 'AX', 'isotope': 'Ar40'}, 'cup_configuration': [{'protect': False, 'is_baseline': False, 'isotope': 'Ar40', 'deflection': None, 'active': True, 'detector': 'AX'}]}, {'counts': 10, 'settle': 5, 'positioning': {'detector': 'L1', 'isotope': 'Ar40'}, 'cup_configuration': [{'protect': False, 'is_baseline': False, 'isotope': 'Ar40', 'deflection': None, 'active': True, 'detector': 'L1'}]}],) {}
*************** Set Analysis View Ar/Ar
set_time_zero () {}
set_fits ('Ar40H2:parabolic', 'Ar40H1:parabolic', 'Ar40AX:parabolic', 'Ar40L1:parabolic') {}
set "Ar40H2" to "parabolic"
set "Ar40H1" to "parabolic"
set "Ar40AX" to "parabolic"
set "Ar40L1" to "parabolic"
set_baseline_fits ('average_SEM',) {}
set "H2" to "average_SEM"
set "H1" to "average_SEM"
set "AX" to "average_SEM"
set "L1" to "average_SEM"
sleep (0.5,) {}
SLEEP 0.5
peak_hop () {'ncycles': 6, 'hops': [{'counts': 10, 'settle': 5, 'positioning': {'detector': 'H2', 'isotope': 'Ar40'}, 'cup_configuration': [{'protect': False, 'is_baseline': False, 'isotope': 'Ar40', 'deflection': None, 'active': True, 'detector': 'H2'}]}, {'counts': 10, 'settle': 5, 'positioning': {'detector': 'H1', 'isotope': 'Ar40'}, 'cup_configuration': [{'protect': False, 'is_baseline': False, 'isotope': 'Ar40', 'deflection': None, 'active': True, 'detector': 'H1'}]}, {'counts': 10, 'settle': 5, 'positioning': {'detector': 'AX', 'isotope': 'Ar40'}, 'cup_configuration': [{'protect': False, 'is_baseline': False, 'isotope': 'Ar40', 'deflection': None, 'active': True, 'detector': 'AX'}]}, {'counts': 10, 'settle': 5, 'positioning': {'detector': 'L1', 'isotope': 'Ar40'}, 'cup_configuration': [{'protect': False, 'is_baseline': False, 'isotope': 'Ar40', 'deflection': None, 'active': True, 'detector': 'L1'}]}], 'mftable': 'argon'}
Using MFTable /Users/obama/PychronDev/setupfiles/spectrometer/mftables/argon.csv
Using mftable located at /Users/obama/PychronDev/setupfiles/spectrometer/mftables/argon.csv
get initial guess parabolic
get initial guess parabolic
get initial guess parabolic
get initial guess parabolic
get initial guess parabolic
get initial guess parabolic
adding conditionals 
make new hop generatior
add group /signal/Ar40 (Group) u'' table H2
add group /signal/Ar40 (Group) u'' table H1
add group /signal/Ar40 (Group) u'' table AX
add group /signal/Ar40 (Group) u'' table L1
flush and close file /Users/obama/PychronDev/data/isotopes/08/96d33a-c6e9-4e98-9581-fc97b7a5d81e.h5
measuring signal. ncounts=384.0
"signal" increment series count="2" fit count="1" regressing="True"
starting measurement
$$$$$$$$$$$$$$$$$ SETTING is_baseline False
Peak hop Detectors=['H2']
Peak hop Deflections=[None]
Peak hop DeflectionsPairs=[('H2', None)]
----------------------- HOP Ar40 H2
detector Detector(H2)
POSITION Ar40 H2
Mapping mass to dac mass func: "parabolic"
H2 map mass coeffs = [ -2.56720193e-04   9.47812314e-02   3.87304975e-01]
H2 map mass to dac 39.9624 >> 3.76501
GetHighVoltage ===>> 9900
positioning Ar40 (3.76501) on H2
setting magnet DAC
current  : 3.765012
requested: 3.765010
Delta Dac: 0.000002
Checking detector protection. dv=0.00000
SetMagnetDAC 3.76501 ===>> OK
Magnet settling time: 0.500 0.500
Magnet settling complete
set_dac. change=True
update detector isotope pairing
detectors=['H2']
isotopes=['Ar40']
updating pairing H2 - Ar40
could not locate det=H2 iso=Ar40
set states for children of Y. state=True
handle state [('Y', True)]
update switch state Y True args=() kw={'refresh': False} ncanvase=3
refresh_canvas_needed fired
Join finished
delaying 5 for detectors to settle after peak hop
set states for children of Q. state=False
set states for children of Y. state=False
set states for children of Z. state=True
handle state [('Q', False), ('Y', False), ('Z', True)]
update switch state Q False args=() kw={'refresh': True} ncanvase=3
update switch state Y False args=() kw={'refresh': True} ncanvase=3
update switch state Z True args=() kw={'refresh': False} ncanvase=3
refresh_canvas_needed fired
set states for children of P. state=False
handle state [('P', False)]
update switch state P False args=() kw={'refresh': False} ncanvase=3
refresh_canvas_needed fired
$$$$$$$$$$$$$$$$$ SETTING is_baseline False
Peak hop Detectors=['H1']
Peak hop Deflections=[None]
Peak hop DeflectionsPairs=[('H1', None)]
----------------------- HOP Ar40 H1
detector Detector(H1)
POSITION Ar40 H1
Mapping mass to dac mass func: "parabolic"
H1 map mass coeffs = [  2.90409432e-02  -2.09906826e+00   4.13457902e+01]
H1 map mass to dac 39.9624 >> 3.84018
GetHighVoltage ===>> 9900
positioning Ar40 (3.84018) on H1
setting magnet DAC
current  : 3.765010
requested: 3.840180
Delta Dac: 0.075170
Checking detector protection. dv=0.07517
SetMagnetDAC 3.84018 ===>> OK
Magnet settling time: 0.500 0.500
Magnet settling complete
set_dac. change=True
update detector isotope pairing
detectors=['H1']
isotopes=['Ar40']
updating pairing H1 - Ar40
could not locate det=H1 iso=Ar40
set states for children of L. state=True
set states for children of T. state=False
handle state [('L', True), ('T', False)]
update switch state L True args=() kw={'refresh': True} ncanvase=3
update switch state T False args=() kw={'refresh': False} ncanvase=3
refresh_canvas_needed fired
set states for children of U. state=False
handle state [('U', False)]
update switch state U False args=() kw={'refresh': False} ncanvase=3
refresh_canvas_needed fired
Join finished
delaying 5 for detectors to settle after peak hop
set states for children of U. state=True
handle state [('U', True)]
update switch state U True args=() kw={'refresh': False} ncanvase=3
refresh_canvas_needed fired
GetDeflection L2 (CDD) ===>> 0
testing L2_CDD_==3250
evaluate ot="L2(CDD).deflection==3250" t="L2_CDD_==3250", ctx="{'L2_CDD_': 0.0}"
$$$$$$$$$$$$$$$$$ SETTING is_baseline False
Peak hop Detectors=['AX']
Peak hop Deflections=[None]
Peak hop DeflectionsPairs=[('AX', None)]
----------------------- HOP Ar40 AX
detector Detector(AX)
POSITION Ar40 AX
Mapping mass to dac mass func: "parabolic"
AX map mass coeffs = [-0.00039345  0.1080867   0.2272202 ]
AX map mass to dac 39.9624 >> 3.91829
GetHighVoltage ===>> 9900
positioning Ar40 (3.91829) on AX
setting magnet DAC
current  : 3.840180
requested: 3.918290
Delta Dac: 0.078110
Checking detector protection. dv=0.07811
SetMagnetDAC 3.91829 ===>> OK
Magnet settling time: 0.500 0.500
Magnet settling complete
set_dac. change=True
update detector isotope pairing
detectors=['AX']
isotopes=['Ar40']
updating pairing AX - Ar40
could not locate det=AX iso=Ar40
set states for children of U. state=False
set states for children of Z. state=False
handle state [('U', False), ('Z', False)]
update switch state U False args=() kw={'refresh': True} ncanvase=3
update switch state Z False args=() kw={'refresh': False} ncanvase=3
refresh_canvas_needed fired
set states for children of Y. state=True
handle state [('Y', True)]
update switch state Y True args=() kw={'refresh': False} ncanvase=3
refresh_canvas_needed fired
Join finished
delaying 5 for detectors to settle after peak hop
set states for children of O. state=False
set states for children of R. state=True
handle state [('O', False), ('R', True)]
update switch state O False args=() kw={'refresh': True} ncanvase=3
update switch state R True args=() kw={'refresh': False} ncanvase=3
refresh_canvas_needed fired
GetDeflection L2 (CDD) ===>> 0
testing L2_CDD_==3250
evaluate ot="L2(CDD).deflection==3250" t="L2_CDD_==3250", ctx="{'L2_CDD_': 0.0}"
$$$$$$$$$$$$$$$$$ SETTING is_baseline False
Peak hop Detectors=['L1']
Peak hop Deflections=[None]
Peak hop DeflectionsPairs=[('L1', None)]
----------------------- HOP Ar40 L1
detector Detector(L1)
POSITION Ar40 L1
Mapping mass to dac mass func: "parabolic"
L1 map mass coeffs = [-0.00133339  0.18086104 -1.09848868]
L1 map mass to dac 39.9624 >> 3.99973
GetHighVoltage ===>> 9900
positioning Ar40 (3.99973) on L1
setting magnet DAC
current  : 3.918290
requested: 3.999730
Delta Dac: 0.081440
Checking detector protection. dv=0.08144
SetMagnetDAC 3.99973 ===>> OK
Magnet settling time: 0.500 0.500
Magnet settling complete
set_dac. change=True
update detector isotope pairing
detectors=['L1']
isotopes=['Ar40']
updating pairing L1 - Ar40
could not locate det=L1 iso=Ar40
set states for children of R. state=False
handle state [('R', False)]
update switch state R False args=() kw={'refresh': False} ncanvase=3
refresh_canvas_needed fired
Join finished
delaying 5 for detectors to settle after peak hop
set states for children of L. state=False
set states for children of P. state=True
set states for children of U. state=True
handle state [('L', False), ('P', True), ('U', True)]
update switch state L False args=() kw={'refresh': True} ncanvase=3
update switch state P True args=() kw={'refresh': True} ncanvase=3
update switch state U True args=() kw={'refresh': False} ncanvase=3
refresh_canvas_needed fired
GetDeflection L2 (CDD) ===>> 0
testing L2_CDD_==3250
evaluate ot="L2(CDD).deflection==3250" t="L2_CDD_==3250", ctx="{'L2_CDD_': 0.0}"
set states for children of Q. state=True
handle state [('Q', True)]
update switch state Q True args=() kw={'refresh': False} ncanvase=3
refresh_canvas_needed fired
State checksums do not match. Local:1459770095 Remote:402964420
State checksum failed
set states for children of B. state=True
set states for children of D. state=True
handle state [('B', True), ('D', True)]
update switch state B True args=() kw={'refresh': True} ncanvase=3
update switch state D True args=() kw={'refresh': False} ncanvase=3
refresh_canvas_needed fired
$$$$$$$$$$$$$$$$$ SETTING is_baseline False
Peak hop Detectors=['H2']
Peak hop Deflections=[None]
Peak hop DeflectionsPairs=[('H2', None)]
----------------------- HOP Ar40 H2
detector Detector(H2)
POSITION Ar40 H2
Mapping mass to dac mass func: "parabolic"
H2 map mass coeffs = [ -2.56720193e-04   9.47812314e-02   3.87304975e-01]
H2 map mass to dac 39.9624 >> 3.76501
GetHighVoltage ===>> 9900
positioning Ar40 (3.76501) on H2
setting magnet DAC
current  : 3.999730
requested: 3.765010
Delta Dac: 0.234720
Checking detector protection. dv=0.23472
Move 0.23472>0.15. Do AF Demag
Doing AF Demagnetization around target=3.76501. duration=4, start_amplitude=0.2, period=0.5
set af dac raw:-0.1875 dac:3.57751
SetMagnetDAC 3.57751 ===>> OK
set af dac raw:0.1625 dac:3.92751
SetMagnetDAC 3.92751 ===>> OK
set af dac raw:-0.1375 dac:3.62751
SetMagnetDAC 3.62751 ===>> OK
set af dac raw:0.1125 dac:3.87751
SetMagnetDAC 3.87751 ===>> OK
set states for children of E. state=True
set af dac raw:-0.0875 dac:3.67751
handle state [('E', True)]
update switch state E True args=() kw={'refresh': False} ncanvase=3
SetMagnetDAC 3.67751 ===>> OK
refresh_canvas_needed fired
refresh_lock_state fired. ('O', True)
refresh_lock_state fired. ('R', True)
refresh_canvas_needed fired
set af dac raw:0.0625 dac:3.82751
SetMagnetDAC 3.82751 ===>> OK
set af dac raw:-0.0375 dac:3.72751
SetMagnetDAC 3.72751 ===>> OK
set af dac raw:0.0125 dac:3.77751
SetMagnetDAC 3.77751 ===>> OK
SetMagnetDAC 3.76501 ===>> OK
Magnet settling time: 0.500 0.500
Magnet settling complete
set_dac. change=True
update detector isotope pairing
detectors=['H2']
isotopes=['Ar40']
updating pairing H2 - Ar40
could not locate det=H2 iso=Ar40
set states for children of Y. state=False
handle state [('Y', False)]
update switch state Y False args=() kw={'refresh': False} ncanvase=3
refresh_canvas_needed fired
Join finished
delaying 5 for detectors to settle after peak hop
GetDeflection L2 (CDD) ===>> 0
testing L2_CDD_==3250
evaluate ot="L2(CDD).deflection==3250" t="L2_CDD_==3250", ctx="{'L2_CDD_': 0.0}"
set states for children of L. state=True
handle state [('L', True)]
update switch state L True args=() kw={'refresh': False} ncanvase=3
refresh_canvas_needed fired
14:28:49 -- collecting point 50
$$$$$$$$$$$$$$$$$ SETTING is_baseline False
Peak hop Detectors=['H1']
Peak hop Deflections=[None]
Peak hop DeflectionsPairs=[('H1', None)]
----------------------- HOP Ar40 H1
detector Detector(H1)
POSITION Ar40 H1
Mapping mass to dac mass func: "parabolic"
H1 map mass coeffs = [  2.90409432e-02  -2.09906826e+00   4.13457902e+01]
H1 map mass to dac 39.9624 >> 3.84018
GetHighVoltage ===>> 9900
positioning Ar40 (3.84018) on H1
setting magnet DAC
current  : 3.765010
requested: 3.840180
Delta Dac: 0.075170
Checking detector protection. dv=0.07517
SetMagnetDAC 3.84018 ===>> OK
Magnet settling time: 0.500 0.500
Magnet settling complete
set_dac. change=True
update detector isotope pairing
detectors=['H1']
isotopes=['Ar40']
updating pairing H1 - Ar40
could not locate det=H1 iso=Ar40
set states for children of T. state=True
handle state [('T', True)]
update switch state T True args=() kw={'refresh': False} ncanvase=3
refresh_canvas_needed fired
State checksums do not match. Local:-1446237664 Remote:346810784
State checksum failed
Join finished
delaying 5 for detectors to settle after peak hop
set states for children of F. state=True
handle state [('F', True)]
update switch state F True args=() kw={'refresh': False} ncanvase=3
refresh_canvas_needed fired
GetDeflection L2 (CDD) ===>> 0
testing L2_CDD_==3250
evaluate ot="L2(CDD).deflection==3250" t="L2_CDD_==3250", ctx="{'L2_CDD_': 0.0}"
refresh_lock_state fired. ('F', False)
refresh_canvas_needed fired
$$$$$$$$$$$$$$$$$ SETTING is_baseline False
Peak hop Detectors=['AX']
Peak hop Deflections=[None]
Peak hop DeflectionsPairs=[('AX', None)]
----------------------- HOP Ar40 AX
detector Detector(AX)
POSITION Ar40 AX
Mapping mass to dac mass func: "parabolic"
AX map mass coeffs = [-0.00039345  0.1080867   0.2272202 ]
AX map mass to dac 39.9624 >> 3.91829
GetHighVoltage ===>> 9900
positioning Ar40 (3.91829) on AX
setting magnet DAC
current  : 3.840180
requested: 3.918290
Delta Dac: 0.078110
Checking detector protection. dv=0.07811
SetMagnetDAC 3.91829 ===>> OK
Magnet settling time: 0.500 0.500
Magnet settling complete
set_dac. change=True
update detector isotope pairing
detectors=['AX']
isotopes=['Ar40']
updating pairing AX - Ar40
could not locate det=AX iso=Ar40
Join finished
delaying 5 for detectors to settle after peak hop
GetDeflection L2 (CDD) ===>> 0
testing L2_CDD_==3250
evaluate ot="L2(CDD).deflection==3250" t="L2_CDD_==3250", ctx="{'L2_CDD_': 0.0}"
$$$$$$$$$$$$$$$$$ SETTING is_baseline False
Peak hop Detectors=['L1']
Peak hop Deflections=[None]
Peak hop DeflectionsPairs=[('L1', None)]
----------------------- HOP Ar40 L1
detector Detector(L1)
POSITION Ar40 L1
Mapping mass to dac mass func: "parabolic"
L1 map mass coeffs = [-0.00133339  0.18086104 -1.09848868]
L1 map mass to dac 39.9624 >> 3.99973
GetHighVoltage ===>> 9900
positioning Ar40 (3.99973) on L1
setting magnet DAC
current  : 3.918290
requested: 3.999730
Delta Dac: 0.081440
Checking detector protection. dv=0.08144
SetMagnetDAC 3.99973 ===>> OK
Magnet settling time: 0.500 0.500
Magnet settling complete
set_dac. change=True
update detector isotope pairing
detectors=['L1']
isotopes=['Ar40']
updating pairing L1 - Ar40
could not locate det=L1 iso=Ar40
Join finished
delaying 5 for detectors to settle after peak hop
GetDeflection L2 (CDD) ===>> 0
testing L2_CDD_==3250
evaluate ot="L2(CDD).deflection==3250" t="L2_CDD_==3250", ctx="{'L2_CDD_': 0.0}"
$$$$$$$$$$$$$$$$$ SETTING is_baseline False
Peak hop Detectors=['H2']
Peak hop Deflections=[None]
Peak hop DeflectionsPairs=[('H2', None)]
----------------------- HOP Ar40 H2
detector Detector(H2)
POSITION Ar40 H2
Mapping mass to dac mass func: "parabolic"
H2 map mass coeffs = [ -2.56720193e-04   9.47812314e-02   3.87304975e-01]
H2 map mass to dac 39.9624 >> 3.76501
GetHighVoltage ===>> 9900
positioning Ar40 (3.76501) on H2
setting magnet DAC
current  : 3.999730
requested: 3.765010
Delta Dac: 0.234720
Checking detector protection. dv=0.23472
Move 0.23472>0.15. Do AF Demag
Doing AF Demagnetization around target=3.76501. duration=4, start_amplitude=0.2, period=0.5
set af dac raw:-0.1875 dac:3.57751
SetMagnetDAC 3.57751 ===>> OK
set af dac raw:0.1625 dac:3.92751
SetMagnetDAC 3.92751 ===>> OK
set af dac raw:-0.1375 dac:3.62751
SetMagnetDAC 3.62751 ===>> OK
set af dac raw:0.1125 dac:3.87751
SetMagnetDAC 3.87751 ===>> OK
set af dac raw:-0.0875 dac:3.67751
SetMagnetDAC 3.67751 ===>> OK
set af dac raw:0.0625 dac:3.82751
SetMagnetDAC 3.82751 ===>> OK
set af dac raw:-0.0375 dac:3.72751
SetMagnetDAC 3.72751 ===>> OK
set af dac raw:0.0125 dac:3.77751
SetMagnetDAC 3.77751 ===>> OK
SetMagnetDAC 3.76501 ===>> OK
Magnet settling time: 0.500 0.500
Magnet settling complete
set_dac. change=True
update detector isotope pairing
detectors=['H2']
isotopes=['Ar40']
updating pairing H2 - Ar40
could not locate det=H2 iso=Ar40
Join finished
delaying 5 for detectors to settle after peak hop
GetDeflection L2 (CDD) ===>> 0
testing L2_CDD_==3250
evaluate ot="L2(CDD).deflection==3250" t="L2_CDD_==3250", ctx="{'L2_CDD_': 0.0}"
$$$$$$$$$$$$$$$$$ SETTING is_baseline False
Peak hop Detectors=['H1']
Peak hop Deflections=[None]
Peak hop DeflectionsPairs=[('H1', None)]
----------------------- HOP Ar40 H1
detector Detector(H1)
POSITION Ar40 H1
Mapping mass to dac mass func: "parabolic"
H1 map mass coeffs = [  2.90409432e-02  -2.09906826e+00   4.13457902e+01]
H1 map mass to dac 39.9624 >> 3.84018
GetHighVoltage ===>> 9900
positioning Ar40 (3.84018) on H1
setting magnet DAC
current  : 3.765010
requested: 3.840180
Delta Dac: 0.075170
Checking detector protection. dv=0.07517
SetMagnetDAC 3.84018 ===>> OK
Magnet settling time: 0.500 0.500
Magnet settling complete
set_dac. change=True
update detector isotope pairing
detectors=['H1']
isotopes=['Ar40']
updating pairing H1 - Ar40
could not locate det=H1 iso=Ar40
Join finished
delaying 5 for detectors to settle after peak hop
GetDeflection L2 (CDD) ===>> 0
testing L2_CDD_==3250
evaluate ot="L2(CDD).deflection==3250" t="L2_CDD_==3250", ctx="{'L2_CDD_': 0.0}"
14:30:09 -- collecting point 100
$$$$$$$$$$$$$$$$$ SETTING is_baseline False
Peak hop Detectors=['AX']
Peak hop Deflections=[None]
Peak hop DeflectionsPairs=[('AX', None)]
----------------------- HOP Ar40 AX
detector Detector(AX)
POSITION Ar40 AX
Mapping mass to dac mass func: "parabolic"
AX map mass coeffs = [-0.00039345  0.1080867   0.2272202 ]
AX map mass to dac 39.9624 >> 3.91829
GetHighVoltage ===>> 9900
positioning Ar40 (3.91829) on AX
setting magnet DAC
current  : 3.840180
requested: 3.918290
Delta Dac: 0.078110
Checking detector protection. dv=0.07811
SetMagnetDAC 3.91829 ===>> OK
Magnet settling time: 0.500 0.500
Magnet settling complete
set_dac. change=True
update detector isotope pairing
detectors=['AX']
isotopes=['Ar40']
updating pairing AX - Ar40
could not locate det=AX iso=Ar40
Join finished
delaying 5 for detectors to settle after peak hop
GetDeflection L2 (CDD) ===>> 0
testing L2_CDD_==3250
evaluate ot="L2(CDD).deflection==3250" t="L2_CDD_==3250", ctx="{'L2_CDD_': 0.0}"
$$$$$$$$$$$$$$$$$ SETTING is_baseline False
Peak hop Detectors=['L1']
Peak hop Deflections=[None]
Peak hop DeflectionsPairs=[('L1', None)]
----------------------- HOP Ar40 L1
detector Detector(L1)
POSITION Ar40 L1
Mapping mass to dac mass func: "parabolic"
L1 map mass coeffs = [-0.00133339  0.18086104 -1.09848868]
L1 map mass to dac 39.9624 >> 3.99973
GetHighVoltage ===>> 9900
positioning Ar40 (3.99973) on L1
setting magnet DAC
current  : 3.918290
requested: 3.999730
Delta Dac: 0.081440
Checking detector protection. dv=0.08144
SetMagnetDAC 3.99973 ===>> OK
Magnet settling time: 0.500 0.500
Magnet settling complete
set_dac. change=True
update detector isotope pairing
detectors=['L1']
isotopes=['Ar40']
updating pairing L1 - Ar40
could not locate det=L1 iso=Ar40
Join finished
delaying 5 for detectors to settle after peak hop
GetDeflection L2 (CDD) ===>> 0
testing L2_CDD_==3250
evaluate ot="L2(CDD).deflection==3250" t="L2_CDD_==3250", ctx="{'L2_CDD_': 0.0}"
$$$$$$$$$$$$$$$$$ SETTING is_baseline False
Peak hop Detectors=['H2']
Peak hop Deflections=[None]
Peak hop DeflectionsPairs=[('H2', None)]
----------------------- HOP Ar40 H2
detector Detector(H2)
POSITION Ar40 H2
Mapping mass to dac mass func: "parabolic"
H2 map mass coeffs = [ -2.56720193e-04   9.47812314e-02   3.87304975e-01]
H2 map mass to dac 39.9624 >> 3.76501
GetHighVoltage ===>> 9900
positioning Ar40 (3.76501) on H2
setting magnet DAC
current  : 3.999730
requested: 3.765010
Delta Dac: 0.234720
Checking detector protection. dv=0.23472
Move 0.23472>0.15. Do AF Demag
Doing AF Demagnetization around target=3.76501. duration=4, start_amplitude=0.2, period=0.5
set af dac raw:-0.1875 dac:3.57751
SetMagnetDAC 3.57751 ===>> OK
set af dac raw:0.1625 dac:3.92751
SetMagnetDAC 3.92751 ===>> OK
set af dac raw:-0.1375 dac:3.62751
SetMagnetDAC 3.62751 ===>> OK
set af dac raw:0.1125 dac:3.87751
SetMagnetDAC 3.87751 ===>> OK
set af dac raw:-0.0875 dac:3.67751
SetMagnetDAC 3.67751 ===>> OK
set af dac raw:0.0625 dac:3.82751
SetMagnetDAC 3.82751 ===>> OK
set af dac raw:-0.0375 dac:3.72751
SetMagnetDAC 3.72751 ===>> OK
set af dac raw:0.0125 dac:3.77751
SetMagnetDAC 3.77751 ===>> OK
SetMagnetDAC 3.76501 ===>> OK
Magnet settling time: 0.500 0.500
Magnet settling complete
set_dac. change=True
update detector isotope pairing
detectors=['H2']
isotopes=['Ar40']
updating pairing H2 - Ar40
could not locate det=H2 iso=Ar40
Join finished
delaying 5 for detectors to settle after peak hop
GetDeflection L2 (CDD) ===>> 0
testing L2_CDD_==3250
evaluate ot="L2(CDD).deflection==3250" t="L2_CDD_==3250", ctx="{'L2_CDD_': 0.0}"
$$$$$$$$$$$$$$$$$ SETTING is_baseline False
Peak hop Detectors=['H1']
Peak hop Deflections=[None]
Peak hop DeflectionsPairs=[('H1', None)]
----------------------- HOP Ar40 H1
detector Detector(H1)
POSITION Ar40 H1
Mapping mass to dac mass func: "parabolic"
H1 map mass coeffs = [  2.90409432e-02  -2.09906826e+00   4.13457902e+01]
H1 map mass to dac 39.9624 >> 3.84018
GetHighVoltage ===>> 9900
positioning Ar40 (3.84018) on H1
setting magnet DAC
current  : 3.765010
requested: 3.840180
Delta Dac: 0.075170
Checking detector protection. dv=0.07517
SetMagnetDAC 3.84018 ===>> OK
Magnet settling time: 0.500 0.500
Magnet settling complete
set_dac. change=True
update detector isotope pairing
detectors=['H1']
isotopes=['Ar40']
updating pairing H1 - Ar40
could not locate det=H1 iso=Ar40
Join finished
delaying 5 for detectors to settle after peak hop
GetDeflection L2 (CDD) ===>> 0
testing L2_CDD_==3250
evaluate ot="L2(CDD).deflection==3250" t="L2_CDD_==3250", ctx="{'L2_CDD_': 0.0}"
$$$$$$$$$$$$$$$$$ SETTING is_baseline False
Peak hop Detectors=['AX']
Peak hop Deflections=[None]
Peak hop DeflectionsPairs=[('AX', None)]
----------------------- HOP Ar40 AX
detector Detector(AX)
POSITION Ar40 AX
Mapping mass to dac mass func: "parabolic"
AX map mass coeffs = [-0.00039345  0.1080867   0.2272202 ]
AX map mass to dac 39.9624 >> 3.91829
GetHighVoltage ===>> 9900
positioning Ar40 (3.91829) on AX
setting magnet DAC
current  : 3.840180
requested: 3.918290
Delta Dac: 0.078110
Checking detector protection. dv=0.07811
SetMagnetDAC 3.91829 ===>> OK
Magnet settling time: 0.500 0.500
Magnet settling complete
set_dac. change=True
update detector isotope pairing
detectors=['AX']
isotopes=['Ar40']
updating pairing AX - Ar40
could not locate det=AX iso=Ar40
Join finished
delaying 5 for detectors to settle after peak hop
GetDeflection L2 (CDD) ===>> 0
testing L2_CDD_==3250
evaluate ot="L2(CDD).deflection==3250" t="L2_CDD_==3250", ctx="{'L2_CDD_': 0.0}"
14:31:29 -- collecting point 150
$$$$$$$$$$$$$$$$$ SETTING is_baseline False
Peak hop Detectors=['L1']
Peak hop Deflections=[None]
Peak hop DeflectionsPairs=[('L1', None)]
----------------------- HOP Ar40 L1
detector Detector(L1)
POSITION Ar40 L1
Mapping mass to dac mass func: "parabolic"
L1 map mass coeffs = [-0.00133339  0.18086104 -1.09848868]
L1 map mass to dac 39.9624 >> 3.99973
GetHighVoltage ===>> 9900
positioning Ar40 (3.99973) on L1
setting magnet DAC
current  : 3.918290
requested: 3.999730
Delta Dac: 0.081440
Checking detector protection. dv=0.08144
SetMagnetDAC 3.99973 ===>> OK
Magnet settling time: 0.500 0.500
Magnet settling complete
set_dac. change=True
update detector isotope pairing
detectors=['L1']
isotopes=['Ar40']
updating pairing L1 - Ar40
could not locate det=L1 iso=Ar40
Join finished
delaying 5 for detectors to settle after peak hop
GetDeflection L2 (CDD) ===>> 0
testing L2_CDD_==3250
evaluate ot="L2(CDD).deflection==3250" t="L2_CDD_==3250", ctx="{'L2_CDD_': 0.0}"
$$$$$$$$$$$$$$$$$ SETTING is_baseline False
Peak hop Detectors=['H2']
Peak hop Deflections=[None]
Peak hop DeflectionsPairs=[('H2', None)]
----------------------- HOP Ar40 H2
detector Detector(H2)
POSITION Ar40 H2
Mapping mass to dac mass func: "parabolic"
H2 map mass coeffs = [ -2.56720193e-04   9.47812314e-02   3.87304975e-01]
H2 map mass to dac 39.9624 >> 3.76501
GetHighVoltage ===>> 9900
positioning Ar40 (3.76501) on H2
setting magnet DAC
current  : 3.999730
requested: 3.765010
Delta Dac: 0.234720
Checking detector protection. dv=0.23472
Move 0.23472>0.15. Do AF Demag
Doing AF Demagnetization around target=3.76501. duration=4, start_amplitude=0.2, period=0.5
set af dac raw:-0.1875 dac:3.57751
SetMagnetDAC 3.57751 ===>> OK
set af dac raw:0.1625 dac:3.92751
SetMagnetDAC 3.92751 ===>> OK
set af dac raw:-0.1375 dac:3.62751
SetMagnetDAC 3.62751 ===>> OK
set af dac raw:0.1125 dac:3.87751
SetMagnetDAC 3.87751 ===>> OK
set af dac raw:-0.0875 dac:3.67751
SetMagnetDAC 3.67751 ===>> OK
set af dac raw:0.0625 dac:3.82751
SetMagnetDAC 3.82751 ===>> OK
set af dac raw:-0.0375 dac:3.72751
SetMagnetDAC 3.72751 ===>> OK
set af dac raw:0.0125 dac:3.77751
SetMagnetDAC 3.77751 ===>> OK
SetMagnetDAC 3.76501 ===>> OK
Magnet settling time: 0.500 0.500
Magnet settling complete
set_dac. change=True
update detector isotope pairing
detectors=['H2']
isotopes=['Ar40']
updating pairing H2 - Ar40
could not locate det=H2 iso=Ar40
Join finished
delaying 5 for detectors to settle after peak hop
GetDeflection L2 (CDD) ===>> 0
testing L2_CDD_==3250
evaluate ot="L2(CDD).deflection==3250" t="L2_CDD_==3250", ctx="{'L2_CDD_': 0.0}"
$$$$$$$$$$$$$$$$$ SETTING is_baseline False
Peak hop Detectors=['H1']
Peak hop Deflections=[None]
Peak hop DeflectionsPairs=[('H1', None)]
----------------------- HOP Ar40 H1
detector Detector(H1)
POSITION Ar40 H1
Mapping mass to dac mass func: "parabolic"
H1 map mass coeffs = [  2.90409432e-02  -2.09906826e+00   4.13457902e+01]
H1 map mass to dac 39.9624 >> 3.84018
GetHighVoltage ===>> 9900
positioning Ar40 (3.84018) on H1
setting magnet DAC
current  : 3.765010
requested: 3.840180
Delta Dac: 0.075170
Checking detector protection. dv=0.07517
SetMagnetDAC 3.84018 ===>> OK
Magnet settling time: 0.500 0.500
Magnet settling complete
set_dac. change=True
update detector isotope pairing
detectors=['H1']
isotopes=['Ar40']
updating pairing H1 - Ar40
could not locate det=H1 iso=Ar40
Join finished
delaying 5 for detectors to settle after peak hop
GetDeflection L2 (CDD) ===>> 0
testing L2_CDD_==3250
evaluate ot="L2(CDD).deflection==3250" t="L2_CDD_==3250", ctx="{'L2_CDD_': 0.0}"
$$$$$$$$$$$$$$$$$ SETTING is_baseline False
Peak hop Detectors=['AX']
Peak hop Deflections=[None]
Peak hop DeflectionsPairs=[('AX', None)]
----------------------- HOP Ar40 AX
detector Detector(AX)
POSITION Ar40 AX
Mapping mass to dac mass func: "parabolic"
AX map mass coeffs = [-0.00039345  0.1080867   0.2272202 ]
AX map mass to dac 39.9624 >> 3.91829
GetHighVoltage ===>> 9900
positioning Ar40 (3.91829) on AX
setting magnet DAC
current  : 3.840180
requested: 3.918290
Delta Dac: 0.078110
Checking detector protection. dv=0.07811
SetMagnetDAC 3.91829 ===>> OK
Magnet settling time: 0.500 0.500
Magnet settling complete
set_dac. change=True
update detector isotope pairing
detectors=['AX']
isotopes=['Ar40']
updating pairing AX - Ar40
could not locate det=AX iso=Ar40
Join finished
delaying 5 for detectors to settle after peak hop
GetDeflection L2 (CDD) ===>> 0
testing L2_CDD_==3250
evaluate ot="L2(CDD).deflection==3250" t="L2_CDD_==3250", ctx="{'L2_CDD_': 0.0}"
$$$$$$$$$$$$$$$$$ SETTING is_baseline False
Peak hop Detectors=['L1']
Peak hop Deflections=[None]
Peak hop DeflectionsPairs=[('L1', None)]
----------------------- HOP Ar40 L1
detector Detector(L1)
POSITION Ar40 L1
Mapping mass to dac mass func: "parabolic"
L1 map mass coeffs = [-0.00133339  0.18086104 -1.09848868]
L1 map mass to dac 39.9624 >> 3.99973
GetHighVoltage ===>> 9900
positioning Ar40 (3.99973) on L1
setting magnet DAC
current  : 3.918290
requested: 3.999730
Delta Dac: 0.081440
Checking detector protection. dv=0.08144
SetMagnetDAC 3.99973 ===>> OK
Magnet settling time: 0.500 0.500
Magnet settling complete
set_dac. change=True
update detector isotope pairing
detectors=['L1']
isotopes=['Ar40']
updating pairing L1 - Ar40
could not locate det=L1 iso=Ar40
Join finished
delaying 5 for detectors to settle after peak hop
GetDeflection L2 (CDD) ===>> 0
testing L2_CDD_==3250
evaluate ot="L2(CDD).deflection==3250" t="L2_CDD_==3250", ctx="{'L2_CDD_': 0.0}"
14:32:49 -- collecting point 200
$$$$$$$$$$$$$$$$$ SETTING is_baseline False
Peak hop Detectors=['H2']
Peak hop Deflections=[None]
Peak hop DeflectionsPairs=[('H2', None)]
----------------------- HOP Ar40 H2
detector Detector(H2)
POSITION Ar40 H2
Mapping mass to dac mass func: "parabolic"
H2 map mass coeffs = [ -2.56720193e-04   9.47812314e-02   3.87304975e-01]
H2 map mass to dac 39.9624 >> 3.76501
GetHighVoltage ===>> 9900
positioning Ar40 (3.76501) on H2
setting magnet DAC
current  : 3.999730
requested: 3.765010
Delta Dac: 0.234720
Checking detector protection. dv=0.23472
Move 0.23472>0.15. Do AF Demag
Doing AF Demagnetization around target=3.76501. duration=4, start_amplitude=0.2, period=0.5
set af dac raw:-0.1875 dac:3.57751
SetMagnetDAC 3.57751 ===>> OK
set af dac raw:0.1625 dac:3.92751
SetMagnetDAC 3.92751 ===>> OK
set af dac raw:-0.1375 dac:3.62751
SetMagnetDAC 3.62751 ===>> OK
set af dac raw:0.1125 dac:3.87751
SetMagnetDAC 3.87751 ===>> OK
set af dac raw:-0.0875 dac:3.67751
SetMagnetDAC 3.67751 ===>> OK
set af dac raw:0.0625 dac:3.82751
SetMagnetDAC 3.82751 ===>> OK
set af dac raw:-0.0375 dac:3.72751
SetMagnetDAC 3.72751 ===>> OK
set af dac raw:0.0125 dac:3.77751
SetMagnetDAC 3.77751 ===>> OK
SetMagnetDAC 3.76501 ===>> OK
Magnet settling time: 0.500 0.500
Magnet settling complete
set_dac. change=True
update detector isotope pairing
detectors=['H2']
isotopes=['Ar40']
updating pairing H2 - Ar40
could not locate det=H2 iso=Ar40
Join finished
delaying 5 for detectors to settle after peak hop
GetDeflection L2 (CDD) ===>> 0
testing L2_CDD_==3250
evaluate ot="L2(CDD).deflection==3250" t="L2_CDD_==3250", ctx="{'L2_CDD_': 0.0}"
$$$$$$$$$$$$$$$$$ SETTING is_baseline False
Peak hop Detectors=['H1']
Peak hop Deflections=[None]
Peak hop DeflectionsPairs=[('H1', None)]
----------------------- HOP Ar40 H1
detector Detector(H1)
POSITION Ar40 H1
Mapping mass to dac mass func: "parabolic"
H1 map mass coeffs = [  2.90409432e-02  -2.09906826e+00   4.13457902e+01]
H1 map mass to dac 39.9624 >> 3.84018
GetHighVoltage ===>> 9900
positioning Ar40 (3.84018) on H1
setting magnet DAC
current  : 3.765010
requested: 3.840180
Delta Dac: 0.075170
Checking detector protection. dv=0.07517
SetMagnetDAC 3.84018 ===>> OK
Magnet settling time: 0.500 0.500
Magnet settling complete
set_dac. change=True
update detector isotope pairing
detectors=['H1']
isotopes=['Ar40']
updating pairing H1 - Ar40
could not locate det=H1 iso=Ar40
Join finished
delaying 5 for detectors to settle after peak hop
GetDeflection L2 (CDD) ===>> 0
testing L2_CDD_==3250
evaluate ot="L2(CDD).deflection==3250" t="L2_CDD_==3250", ctx="{'L2_CDD_': 0.0}"
$$$$$$$$$$$$$$$$$ SETTING is_baseline False
Peak hop Detectors=['AX']
Peak hop Deflections=[None]
Peak hop DeflectionsPairs=[('AX', None)]
----------------------- HOP Ar40 AX
detector Detector(AX)
POSITION Ar40 AX
Mapping mass to dac mass func: "parabolic"
AX map mass coeffs = [-0.00039345  0.1080867   0.2272202 ]
AX map mass to dac 39.9624 >> 3.91829
GetHighVoltage ===>> 9900
positioning Ar40 (3.91829) on AX
setting magnet DAC
current  : 3.840180
requested: 3.918290
Delta Dac: 0.078110
Checking detector protection. dv=0.07811
SetMagnetDAC 3.91829 ===>> OK
Magnet settling time: 0.500 0.500
Magnet settling complete
set_dac. change=True
update detector isotope pairing
detectors=['AX']
isotopes=['Ar40']
updating pairing AX - Ar40
could not locate det=AX iso=Ar40
Join finished
delaying 5 for detectors to settle after peak hop
GetDeflection L2 (CDD) ===>> 0
testing L2_CDD_==3250
evaluate ot="L2(CDD).deflection==3250" t="L2_CDD_==3250", ctx="{'L2_CDD_': 0.0}"
$$$$$$$$$$$$$$$$$ SETTING is_baseline False
Peak hop Detectors=['L1']
Peak hop Deflections=[None]
Peak hop DeflectionsPairs=[('L1', None)]
----------------------- HOP Ar40 L1
detector Detector(L1)
POSITION Ar40 L1
Mapping mass to dac mass func: "parabolic"
L1 map mass coeffs = [-0.00133339  0.18086104 -1.09848868]
L1 map mass to dac 39.9624 >> 3.99973
GetHighVoltage ===>> 9900
positioning Ar40 (3.99973) on L1
setting magnet DAC
current  : 3.918290
requested: 3.999730
Delta Dac: 0.081440
Checking detector protection. dv=0.08144
SetMagnetDAC 3.99973 ===>> OK
Magnet settling time: 0.500 0.500
Magnet settling complete
set_dac. change=True
update detector isotope pairing
detectors=['L1']
isotopes=['Ar40']
updating pairing L1 - Ar40
could not locate det=L1 iso=Ar40
Join finished
delaying 5 for detectors to settle after peak hop
GetDeflection L2 (CDD) ===>> 0
testing L2_CDD_==3250
evaluate ot="L2(CDD).deflection==3250" t="L2_CDD_==3250", ctx="{'L2_CDD_': 0.0}"
$$$$$$$$$$$$$$$$$ SETTING is_baseline False
waiting for write to finish
measurement finished
estimated time: 402.653 actual time: :384.126
flush and close file /Users/obama/PychronDev/data/isotopes/08/96d33a-c6e9-4e98-9581-fc97b7a5d81e.h5
define_detectors ('Ar40', 'H2') {}
setting detector H2 to Ar40 (39.9624)
setting detector H1 to Ar39 (38.8624)
setting detector AX to Ar38 (37.9624)
setting detector L1 to Ar37 (36.9624)
setting detector L2 to Ar36 (35.8624)
setting detector H2(CDD) to Ar40 (39.8624)
setting detector H1(CDD) to Ar39 (38.8624)
setting detector AX(CDD) to Ar38 (37.8624)
setting detector L1(CDD) to Ar37 (36.8624)
setting detector L2(CDD) to Ar36 (35.9624)
define_detectors ('Ar39', 'H1') {}
setting detector H2 to Ar40 (40.064)
setting detector H1 to Ar39 (38.964)
setting detector AX to Ar38 (38.064)
setting detector L1 to Ar37 (37.064)
setting detector L2 to Ar36 (35.964)
setting detector H2(CDD) to Ar40 (39.964)
setting detector H1(CDD) to Ar39 (38.964)
setting detector AX(CDD) to Ar38 (37.964)
setting detector L1(CDD) to Ar37 (36.964)
setting detector L2(CDD) to Ar36 (36.064)
define_detectors ('Ar38', 'AX') {}
setting detector H2 to Ar40 (39.9627)
setting detector H1 to Ar39 (38.8627)
setting detector AX to Ar38 (37.9627)
setting detector L1 to Ar37 (36.9627)
setting detector L2 to Ar36 (35.8627)
setting detector H2(CDD) to Ar40 (39.8627)
setting detector H1(CDD) to Ar39 (38.8627)
setting detector AX(CDD) to Ar38 (37.8627)
setting detector L1(CDD) to Ar37 (36.8627)
setting detector L2(CDD) to Ar36 (35.9627)
define_detectors ('Ar37', 'L1') {}
setting detector H2 to Ar40 (39.9668)
setting detector H1 to Ar39 (38.8668)
setting detector AX to Ar38 (37.9668)
setting detector L1 to Ar37 (36.9668)
setting detector L2 to Ar36 (35.8668)
setting detector H2(CDD) to Ar40 (39.8668)
setting detector H1(CDD) to Ar39 (38.8668)
setting detector AX(CDD) to Ar38 (37.8668)
setting detector L1(CDD) to Ar37 (36.8668)
setting detector L2(CDD) to Ar36 (35.9668)
baselines () {'settling_time': 10, 'detector': 'H2', 'mass': 39.85, 'ncounts': 60}
%%%%%%%%%%%%%%%%%%%%%%%%%%%%%%%% Baseline
build tables- baseline [Detector(H2), Detector(H1), Detector(AX), Detector(L1)]
add group baseline table H2
add group baseline table H1
add group baseline table AX
add group baseline table L1
flush and close file /Users/obama/PychronDev/data/isotopes/08/96d33a-c6e9-4e98-9581-fc97b7a5d81e.h5
detector Detector(H2)
POSITION 39.85 H2
Mapping mass to dac mass func: "parabolic"
H2 map mass coeffs = [ -2.56720193e-04   9.47812314e-02   3.87304975e-01]
H2 map mass to dac 39.85 >> 3.7566596043
GetHighVoltage ===>> 9900
positioning 39.85 (3.7566596043) on H2
setting magnet DAC
current  : 3.999730
requested: 3.756660
Delta Dac: 0.243070
Checking detector protection. dv=0.24307
Move 0.243070395699>0.15. Do AF Demag
Doing AF Demagnetization around target=3.7566596043. duration=4, start_amplitude=0.2, period=0.5
set af dac raw:-0.1875 dac:3.5691596043
SetMagnetDAC 3.5691596043 ===>> OK
set af dac raw:0.1625 dac:3.9191596043
SetMagnetDAC 3.9191596043 ===>> OK
set af dac raw:-0.1375 dac:3.6191596043
SetMagnetDAC 3.6191596043 ===>> OK
set af dac raw:0.1125 dac:3.8691596043
SetMagnetDAC 3.8691596043 ===>> OK
set af dac raw:-0.0875 dac:3.6691596043
SetMagnetDAC 3.6691596043 ===>> OK
set af dac raw:0.0625 dac:3.8191596043
SetMagnetDAC 3.8191596043 ===>> OK
set af dac raw:-0.0375 dac:3.7191596043
SetMagnetDAC 3.7191596043 ===>> OK
set af dac raw:0.0125 dac:3.7691596043
SetMagnetDAC 3.7691596043 ===>> OK
SetMagnetDAC 3.7566596043 ===>> OK
Magnet settling time: 0.500 0.500
Magnet settling complete
set_dac. change=True
Delaying 10s for detectors to settle
Join finished
measuring baseline. ncounts=60
"baseline" increment series count="2" fit count="1" regressing="True"
starting measurement
GetDeflection L2 (CDD) ===>> 0
testing L2_CDD_==3250
evaluate ot="L2(CDD).deflection==3250" t="L2_CDD_==3250", ctx="{'L2_CDD_': 0.0}"
GetDeflection L2 (CDD) ===>> 0
testing L2_CDD_==3250
evaluate ot="L2(CDD).deflection==3250" t="L2_CDD_==3250", ctx="{'L2_CDD_': 0.0}"
14:34:35 -- collecting point 25
GetDeflection L2 (CDD) ===>> 0
testing L2_CDD_==3250
evaluate ot="L2(CDD).deflection==3250" t="L2_CDD_==3250", ctx="{'L2_CDD_': 0.0}"
GetDeflection L2 (CDD) ===>> 0
testing L2_CDD_==3250
evaluate ot="L2(CDD).deflection==3250" t="L2_CDD_==3250", ctx="{'L2_CDD_': 0.0}"
14:35:01 -- collecting point 50
GetDeflection L2 (CDD) ===>> 0
testing L2_CDD_==3250
evaluate ot="L2(CDD).deflection==3250" t="L2_CDD_==3250", ctx="{'L2_CDD_': 0.0}"
waiting for write to finish
measurement finished
estimated time: 62.915 actual time: :63.121
flush and close file /Users/obama/PychronDev/data/isotopes/08/96d33a-c6e9-4e98-9581-fc97b7a5d81e.h5
activate_detectors ('H2', 'L2(CDD)') {'peak_center': True}
peak_center () {'detector': 'H2', 'isotope': 'Ar40'}
peak center: mean=615.879474253 threshold=100.0
peak center started
setup peak center. detector=['H2', 'L2(CDD)'], isotope=Ar40
VersionedUnpickler [<apptools.sweet_pickle.versioned_unpickler.VersionedUnpickler object at 0x12a60e650>] using Updater [<apptools.sweet_pickle.updater.Updater object at 0x1249b5ef0>]
VersionedUnpickler [<apptools.sweet_pickle.versioned_unpickler.VersionedUnpickler object at 0x12a60e650>] using Updater [<apptools.sweet_pickle.updater.Updater object at 0x1249b5ef0>]
VersionedUnpickler [<apptools.sweet_pickle.versioned_unpickler.VersionedUnpickler object at 0x1238443b0>] using Updater [<apptools.sweet_pickle.updater.Updater object at 0x1249b5ef0>]
setting integration time = 0.524288
SetIntegrationTime 0.524288 ===>> OK
Mapping mass to dac mass func: "parabolic"
H2 map mass coeffs = [ -2.56720193e-04   9.47812314e-02   3.87304975e-01]
H2 map mass to dac 39.9624 >> 3.76501
GetHighVoltage ===>> 9900
do peak center. <pychron.spectrometer.jobs.peak_center.PeakCenter object at 0x12499b5f0>
doing pc
starting peak center. center dac= 3.76501 step_width=0.0001
width = 0.0001
get scan parameters. half-width=0.002,window=0.002, i=0, scalar=1
Scan parameters center=3.76501 width=0.00400 (3.76301 - 3.76701)
Moving to starting dac 3.76301
setting magnet DAC
current  : 3.756660
requested: 3.763010
Delta Dac: 0.006350
Checking detector protection. dv=0.00635
SetMagnetDAC 3.76301 ===>> OK
Magnet settling time: 0.500 0.500
Magnet settling complete
set_dac. change=True
Wait until signal near baseline. tol= -0.218178503596. timeout= 10
Peak center failed to move to a baseline position
_do_sweep sm= 3.76301, em= 3.76701, stm= 0.0001
calculated step values: start=3.76301, end=3.76701, width=0.0001, nsteps=41.0
setting magnet DAC
current  : 3.763010
requested: 3.763010
Delta Dac: 0.000000
Checking detector protection. dv=0.00000
set_dac. change=False
setting magnet DAC
current  : 3.763010
requested: 3.763113
Delta Dac: 0.000103
Checking detector protection. dv=0.00010
Magnet settling time: 1.049 0.500
Magnet settling complete
set_dac. change=True
setting magnet DAC
current  : 3.763113
requested: 3.763215
Delta Dac: 0.000103
Checking detector protection. dv=0.00010
Magnet settling time: 1.049 0.500
Magnet settling complete
set_dac. change=True
setting magnet DAC
current  : 3.763215
requested: 3.763318
Delta Dac: 0.000103
Checking detector protection. dv=0.00010
Magnet settling time: 1.049 0.500
Magnet settling complete
set_dac. change=True
setting magnet DAC
current  : 3.763318
requested: 3.763420
Delta Dac: 0.000103
Checking detector protection. dv=0.00010
Magnet settling time: 1.049 0.500
Magnet settling complete
set_dac. change=True
setting magnet DAC
current  : 3.763420
requested: 3.763523
Delta Dac: 0.000103
Checking detector protection. dv=0.00010
Magnet settling time: 1.049 0.500
Magnet settling complete
set_dac. change=True
setting magnet DAC
current  : 3.763523
requested: 3.763625
Delta Dac: 0.000103
Checking detector protection. dv=0.00010
Magnet settling time: 1.049 0.500
Magnet settling complete
set_dac. change=True
setting magnet DAC
current  : 3.763625
requested: 3.763728
Delta Dac: 0.000103
Checking detector protection. dv=0.00010
Magnet settling time: 1.049 0.500
Magnet settling complete
set_dac. change=True
setting magnet DAC
current  : 3.763728
requested: 3.763831
Delta Dac: 0.000103
Checking detector protection. dv=0.00010
Magnet settling time: 1.049 0.500
Magnet settling complete
set_dac. change=True
setting magnet DAC
current  : 3.763831
requested: 3.763933
Delta Dac: 0.000103
Checking detector protection. dv=0.00010
Magnet settling time: 1.049 0.500
Magnet settling complete
set_dac. change=True
setting magnet DAC
current  : 3.763933
requested: 3.764036
Delta Dac: 0.000103
Checking detector protection. dv=0.00010
Magnet settling time: 1.049 0.500
Magnet settling complete
set_dac. change=True
setting magnet DAC
current  : 3.764036
requested: 3.764138
Delta Dac: 0.000103
Checking detector protection. dv=0.00010
Magnet settling time: 1.049 0.500
Magnet settling complete
set_dac. change=True
setting magnet DAC
current  : 3.764138
requested: 3.764241
Delta Dac: 0.000103
Checking detector protection. dv=0.00010
Magnet settling time: 1.049 0.500
Magnet settling complete
set_dac. change=True
setting magnet DAC
current  : 3.764241
requested: 3.764343
Delta Dac: 0.000103
Checking detector protection. dv=0.00010
Magnet settling time: 1.049 0.500
Magnet settling complete
set_dac. change=True
setting magnet DAC
current  : 3.764343
requested: 3.764446
Delta Dac: 0.000103
Checking detector protection. dv=0.00010
Magnet settling time: 1.049 0.500
Magnet settling complete
set_dac. change=True
setting magnet DAC
current  : 3.764446
requested: 3.764548
Delta Dac: 0.000103
Checking detector protection. dv=0.00010
Magnet settling time: 1.049 0.500
Magnet settling complete
set_dac. change=True
setting magnet DAC
current  : 3.764548
requested: 3.764651
Delta Dac: 0.000103
Checking detector protection. dv=0.00010
Magnet settling time: 1.049 0.500
Magnet settling complete
set_dac. change=True
setting magnet DAC
current  : 3.764651
requested: 3.764754
Delta Dac: 0.000103
Checking detector protection. dv=0.00010
Magnet settling time: 1.049 0.500
Magnet settling complete
set_dac. change=True
setting magnet DAC
current  : 3.764754
requested: 3.764856
Delta Dac: 0.000103
Checking detector protection. dv=0.00010
Magnet settling time: 1.049 0.500
Magnet settling complete
set_dac. change=True
setting magnet DAC
current  : 3.764856
requested: 3.764959
Delta Dac: 0.000103
Checking detector protection. dv=0.00010
Magnet settling time: 1.049 0.500
Magnet settling complete
set_dac. change=True
setting magnet DAC
current  : 3.764959
requested: 3.765061
Delta Dac: 0.000103
Checking detector protection. dv=0.00010
Magnet settling time: 1.049 0.500
Magnet settling complete
set_dac. change=True
setting magnet DAC
current  : 3.765061
requested: 3.765164
Delta Dac: 0.000103
Checking detector protection. dv=0.00010
Magnet settling time: 1.049 0.500
Magnet settling complete
set_dac. change=True
setting magnet DAC
current  : 3.765164
requested: 3.765266
Delta Dac: 0.000103
Checking detector protection. dv=0.00010
Magnet settling time: 1.049 0.500
Magnet settling complete
set_dac. change=True
setting magnet DAC
current  : 3.765266
requested: 3.765369
Delta Dac: 0.000103
Checking detector protection. dv=0.00010
Magnet settling time: 1.049 0.500
Magnet settling complete
set_dac. change=True
setting magnet DAC
current  : 3.765369
requested: 3.765472
Delta Dac: 0.000103
Checking detector protection. dv=0.00010
Magnet settling time: 1.049 0.500
Magnet settling complete
set_dac. change=True
setting magnet DAC
current  : 3.765472
requested: 3.765574
Delta Dac: 0.000103
Checking detector protection. dv=0.00010
Magnet settling time: 1.049 0.500
Magnet settling complete
set_dac. change=True
setting magnet DAC
current  : 3.765574
requested: 3.765677
Delta Dac: 0.000103
Checking detector protection. dv=0.00010
Magnet settling time: 1.049 0.500
Magnet settling complete
set_dac. change=True
setting magnet DAC
current  : 3.765677
requested: 3.765779
Delta Dac: 0.000103
Checking detector protection. dv=0.00010
Magnet settling time: 1.049 0.500
Magnet settling complete
set_dac. change=True
setting magnet DAC
current  : 3.765779
requested: 3.765882
Delta Dac: 0.000103
Checking detector protection. dv=0.00010
Magnet settling time: 1.049 0.500
Magnet settling complete
set_dac. change=True
setting magnet DAC
current  : 3.765882
requested: 3.765984
Delta Dac: 0.000103
Checking detector protection. dv=0.00010
Magnet settling time: 1.049 0.500
Magnet settling complete
set_dac. change=True
setting magnet DAC
current  : 3.765984
requested: 3.766087
Delta Dac: 0.000103
Checking detector protection. dv=0.00010
Magnet settling time: 1.049 0.500
Magnet settling complete
set_dac. change=True
setting magnet DAC
current  : 3.766087
requested: 3.766189
Delta Dac: 0.000103
Checking detector protection. dv=0.00010
Magnet settling time: 1.049 0.500
Magnet settling complete
set_dac. change=True
setting magnet DAC
current  : 3.766189
requested: 3.766292
Delta Dac: 0.000103
Checking detector protection. dv=0.00010
Magnet settling time: 1.049 0.500
Magnet settling complete
set_dac. change=True
setting magnet DAC
current  : 3.766292
requested: 3.766395
Delta Dac: 0.000103
Checking detector protection. dv=0.00010
Magnet settling time: 1.049 0.500
Magnet settling complete
set_dac. change=True
setting magnet DAC
current  : 3.766395
requested: 3.766497
Delta Dac: 0.000103
Checking detector protection. dv=0.00010
Magnet settling time: 1.049 0.500
Magnet settling complete
set_dac. change=True
setting magnet DAC
current  : 3.766497
requested: 3.766600
Delta Dac: 0.000103
Checking detector protection. dv=0.00010
Magnet settling time: 1.049 0.500
Magnet settling complete
set_dac. change=True
setting magnet DAC
current  : 3.766600
requested: 3.766702
Delta Dac: 0.000103
Checking detector protection. dv=0.00010
Magnet settling time: 1.049 0.500
Magnet settling complete
set_dac. change=True
setting magnet DAC
current  : 3.766702
requested: 3.766805
Delta Dac: 0.000103
Checking detector protection. dv=0.00010
Magnet settling time: 1.049 0.500
Magnet settling complete
set_dac. change=True
setting magnet DAC
current  : 3.766805
requested: 3.766907
Delta Dac: 0.000103
Checking detector protection. dv=0.00010
Magnet settling time: 1.049 0.500
Magnet settling complete
set_dac. change=True
setting magnet DAC
current  : 3.766907
requested: 3.767010
Delta Dac: 0.000103
Checking detector protection. dv=0.00010
Magnet settling time: 1.049 0.500
Magnet settling complete
set_dac. change=True
result of _do_sweep=True
result of _calculate_peak_center=([3.76386370741483, 3.7650420641282567, 3.7662204208416834], [449.35517972096727, 604.68116857892426, 448.43256160143483], 3.7648857515030061, 604.68116857892426)
new center pos Detector(H2) (Ar40) @ 3.76504206413
GetHighVoltage ===>> 9900
dac uncorrected for HV and deflection 3.76504206413
update mftable H2 Ar40 3.76504206413 message=automated run peakcenter
get initial guess parabolic
get initial guess parabolic
sweep finished
get initial guess parabolic
get initial guess parabolic
get initial guess parabolic
get initial guess parabolic
dump mftable to /Users/obama/PychronDev/setupfiles/spectrometer/mftables/argon.csv
add to repo msg=modified - automated run peakcenter
locally archiving mftable
setting magnet DAC
current  : 3.767010
requested: 3.765042
Delta Dac: 0.001968
Checking detector protection. dv=0.00197
SetMagnetDAC 3.76504206413 ===>> OK
Magnet settling time: 0.500 0.500
Magnet settling complete
set_dac. change=True
setting integration time = 1.048576
SetIntegrationTime 1.048576 ===>> OK
flush and close file /Users/obama/PychronDev/data/isotopes/08/96d33a-c6e9-4e98-9581-fc97b7a5d81e.h5
finished measure script
executed snippet estimated_duration=138.38, duration=519.490262032
felix_ic_peak_hop_no_equil.py completed successfully
Measurement Finished
14:36:09 -- ******* Measurement Finished *******
Post Measurement Started felix_pump_ms.py
14:36:09 -- ******* Post Measurement Started felix_pump_ms.py *******
testing...
no interpolation path defined
executed snippet estimated_duration=0, duration=4.10079956055e-05
Pumping spectrometer
open () {'name': 'V'}
open name=V desc=---
checking ownership. requestor=129.138.12.137
check software interlocks V
interlocks []
actuate state mode=None-script, software_lock=True
VALVE-V(Felix Ion Pump) software locked
change switch state (True, False)
-------------------------- open V () result=[(True, False)]
action=open, ok=True, locked=[True]
executed snippet estimated_duration=0, duration=0.00511193275452
felix_pump_ms.py completed successfully
setting _ms_pumptime
Post Measurement Finished
14:36:09 -- ******* Post Measurement Finished *******
$$$$$$$$$$$$$$$$$$$$ state at run end measurement
state changed from measurement to success
post measurement save measured=True aborted=False
Set filtering
setting fod for Ar40= {'filter_outliers': False, 'std_devs': 2, 'iterations': 1}
setting fod for H2= {'filter_outliers': False, 'std_devs': 2, 'iterations': 1}
setting fod for Ar40= {'filter_outliers': False, 'std_devs': 2, 'iterations': 1}
setting fod for H1= {'filter_outliers': False, 'std_devs': 2, 'iterations': 1}
setting fod for Ar40= {'filter_outliers': False, 'std_devs': 2, 'iterations': 1}
setting fod for AX= {'filter_outliers': False, 'std_devs': 2, 'iterations': 1}
setting fod for Ar40= {'filter_outliers': False, 'std_devs': 2, 'iterations': 1}
setting fod for L1= {'filter_outliers': False, 'std_devs': 2, 'iterations': 1}
LabspyClient not enabled. Could not retrieve enironmentals
persistence save...
persistence save - db
post measurement save
4880714256 connecting to database sqlite://@/
connected to db sqlite://@/
create new session 4880714256
close session 4880714256
No database instance. Not saving post measurement to isotopedb database
$$$$$$$$$$$$$$$ auto_save_detector_ic=False
persistence save - dvc
================= post measurement started
create new session 4709000016
close session 4709000016
---------------- Experiment Queue saving disabled
DVC saving peakcenter
Smart pull ahead: 0 behind: 0
Up-to-date with origin
add to repo msg=modified - 44c6f8761147de90179e8a3952e48831c78a9a46.json
add to repo msg=modified - -F-78.json
add to repo msg=modified - -F-78.dat.json
add to repo msg=modified - -F-78.blan.json
add to repo msg=modified - -F-78.inte.json
add to repo msg=modified - -F-78.icfa.json
add to repo msg=modified - -F-78.base.json
not at valid file /Users/obama/PychronDev/data/.dvc/repositories/laboratory/ic-01/tags/-F-78.tags.json
add to repo msg=modified - -F-78.peak.json
not at valid file /Users/obama/PychronDev/data/.dvc/repositories/laboratory/ic-01/extraction/-F-78.extr.json
not at valid file /Users/obama/PychronDev/data/.dvc/repositories/laboratory/ic-01/monitor/-F-78.moni.json
commit message=<COLLECTION>
add to repo msg=modified - -F-78.inte.json
add to repo msg=modified - -F-78.base.json
commit message=<ISOEVO> default collection fits
add to repo msg=modified - -F-78.blan.json
commit message=<BLANKS> preceding 
add to repo msg=modified - -F-78.icfa.json
commit message=<ICFactor> default
push repository <pychron.git_archive.repo_manager.GitRepoManager object at 0x1235deb90>
pushing to remote=origin, url=https://github.com
no changes to meta repo
create new session 4709000016
add association laboratory
get identifier "ic-01-F"
setting analysis irradiation position=<pychron.dvc.dvc_orm.IrradiationPositionTbl object at 0x1294beb50>
close session 4709000016
================= post measurement finished
14:36:31 -- ******* Post Run Check *******
loading queue conditionals post_run_actions
loading system conditionals post_run_actions
loading conditionals from /Users/obama/PychronDev/setupfiles/spectrometer/default_conditionals.yaml
loading queue conditionals post_run_terminations
loading system conditionals post_run_terminations
loading conditionals from /Users/obama/PychronDev/setupfiles/spectrometer/default_conditionals.yaml
Checking default post run terminations n=1
GetDeflection L2 (CDD) ===>> 0
testing L2_CDD_==3250
evaluate ot="L2(CDD).deflection==3250" t="L2_CDD_==3250", ctx="{'L2_CDD_': 0.0}"
14:36:31 -- ******* Post Run Check Passed *******
14:36:31 -- Automated run ic-01-F-78 success duration: 551.303 s
----------------- finish -----------------
----------------- stop -----------------
retroactive repository identifiers disabled
finish run. runs completed=1
update duration runid=ic-01-F-78, duration=551.302633047, md5=9d2e1097
loading script "felix_ic_peak_hop_no_equil.py"
loading script "felix_pump_ms.py"
loading script "felix_pump_extraction_line.py"
testing...
no interpolation path defined
executed snippet estimated_duration=137.88, duration=0.0010130405426
script duration name:ic_peak_hop_no_equil seconds:138.0
loading script "felix_ic_peak_hop_no_equil.py"
loading script "felix_pump_ms.py"
loading script "felix_pump_extraction_line.py"
testing...
no interpolation path defined
executed snippet estimated_duration=0, duration=4.10079956055e-05
loading script "felix_ic_peak_hop_no_equil.py"
loading script "felix_pump_ms.py"
loading script "felix_pump_extraction_line.py"
loading script "felix_ic_peak_hop_no_equil.py"
loading script "felix_pump_ms.py"
loading script "felix_pump_extraction_line.py"
testing...
no interpolation path defined
calculate duration
testing...
no interpolation path defined
executed snippet estimated_duration=4.0, duration=0.000257968902588
executed snippet estimated_duration=4.0, duration=0.00326085090637
Script duration 138.0
Run total estimated duration= 139.000
ic_peak_hop_no_equil in script context. using previous estimated duration
script duration name:ic_peak_hop_no_equil seconds:138.0
pump_ms in script context. using previous estimated duration
loading script "felix_ic_peak_hop_no_equil.py"
loading script "felix_pump_ms.py"
loading script "felix_pump_extraction_line.py"
pump_extraction_line in script context. using previous estimated duration
Script duration 138.0
Run total estimated duration= 139.000
script duration name:ic_peak_hop_no_equil seconds:138.0
loading script "felix_ic_peak_hop_no_equil.py"
loading script "felix_pump_ms.py"
loading script "felix_pump_extraction_line.py"
Script duration 138.0
Run total estimated duration= 139.000
loading script "felix_analysis400_120.py"
loading script "felix_pump_ms.py"
loading script "felix_air_x5.py"
loading script "felix_pump_extraction_line.py"
testing...
no interpolation path defined
executed snippet estimated_duration=624.242112, duration=0.000258922576904
script duration name:analysis400_120 seconds:624.0
loading script "felix_analysis400_120.py"
loading script "felix_pump_ms.py"
loading script "felix_air_x5.py"
loading script "felix_pump_extraction_line.py"
testing...
no interpolation path defined
calculate duration
testing...
no interpolation path defined
executed snippet estimated_duration=0, duration=7.60555267334e-05
calculate duration
testing...
no interpolation path defined
executed snippet estimated_duration=0, duration=0.000168800354004
calculate duration
testing...
no interpolation path defined
executed snippet estimated_duration=32.0, duration=0.000133037567139
calculate duration
testing...
no interpolation path defined
executed snippet estimated_duration=34.0, duration=0.000142812728882
calculate duration
testing...
no interpolation path defined
executed snippet estimated_duration=2.0, duration=0.000115871429443
calculate duration
testing...
no interpolation path defined
executed snippet estimated_duration=34.0, duration=0.000123023986816
calculate duration
testing...
no interpolation path defined
executed snippet estimated_duration=34.0, duration=0.000162124633789
calculate duration
testing...
no interpolation path defined
executed snippet estimated_duration=34.0, duration=0.000131845474243
calculate duration
testing...
no interpolation path defined
executed snippet estimated_duration=34.0, duration=0.000197172164917
calculate duration
testing...
no interpolation path defined
executed snippet estimated_duration=34.0, duration=0.000101089477539
calculate duration
testing...
no interpolation path defined
executed snippet estimated_duration=34.0, duration=0.00018310546875
calculate duration
testing...
no interpolation path defined
executed snippet estimated_duration=34.0, duration=0.000133037567139
calculate duration
testing...
no interpolation path defined
executed snippet estimated_duration=34.0, duration=0.000160932540894
calculate duration
testing...
no interpolation path defined
executed snippet estimated_duration=34.0, duration=0.000113010406494
executed snippet estimated_duration=384.0, duration=0.0513241291046
script duration name:air_x5 seconds:384.0
Script duration 1008.0
Run total estimated duration= 1009.000
analysis400_120 in script context. using previous estimated duration
script duration name:analysis400_120 seconds:624.0
air_x5 in script context. using previous estimated duration
script duration name:air_x5 seconds:384.0
Script duration 1008.0
Run total estimated duration= 1009.000
script duration name:analysis400_120 seconds:624.0
script duration name:air_x5 seconds:384.0
Script duration 1008.0
Run total estimated duration= 1009.000
script duration name:analysis400_120 seconds:624.0
loading script "felix_analysis400_120.py"
loading script "felix_pump_ms.py"
loading script "felix_cocktail_x3.py"
loading script "felix_pump_extraction_line.py"
testing...
no interpolation path defined
calculate duration
testing...
no interpolation path defined
executed snippet estimated_duration=0, duration=7.9870223999e-05
calculate duration
testing...
no interpolation path defined
executed snippet estimated_duration=0, duration=0.000195026397705
calculate duration
testing...
no interpolation path defined
executed snippet estimated_duration=32.0, duration=0.000120878219604
calculate duration
testing...
no interpolation path defined
executed snippet estimated_duration=34.0, duration=0.000137805938721
calculate duration
testing...
no interpolation path defined
executed snippet estimated_duration=2.0, duration=7.79628753662e-05
calculate duration
testing...
no interpolation path defined
executed snippet estimated_duration=34.0, duration=9.10758972168e-05
calculate duration
testing...
no interpolation path defined
executed snippet estimated_duration=34.0, duration=0.000128984451294
calculate duration
testing...
no interpolation path defined
executed snippet estimated_duration=34.0, duration=8.98838043213e-05
calculate duration
testing...
no interpolation path defined
executed snippet estimated_duration=34.0, duration=0.000149965286255
calculate duration
testing...
no interpolation path defined
executed snippet estimated_duration=34.0, duration=8.89301300049e-05
executed snippet estimated_duration=244.0, duration=0.0140540599823
script duration name:cocktail_x3 seconds:244.0
Script duration 868.0
Run total estimated duration= 869.000
script duration name:analysis400_120 seconds:624.0
cocktail_x3 in script context. using previous estimated duration
script duration name:cocktail_x3 seconds:244.0
Script duration 868.0
Run total estimated duration= 869.000
script duration name:analysis400_120 seconds:624.0
loading script "felix_analysis400_120.py"
loading script "felix_pump_ms.py"
loading script "felix_pump_extraction_line.py"
Script duration 624.0
Run total estimated duration= 625.000
script duration name:analysis400_120 seconds:624.0
loading script "felix_analysis400_120.py"
loading script "felix_pump_ms.py"
loading script "felix_pump_extraction_line.py"
Script duration 624.0
Run total estimated duration= 625.000
script duration name:analysis400_120 seconds:624.0
loading script "felix_analysis400_120.py"
loading script "felix_pump_ms.py"
loading script "felix_pump_extraction_line.py"
Script duration 624.0
Run total estimated duration= 625.000
script duration name:analysis400_120 seconds:624.0
loading script "felix_analysis400_120.py"
loading script "felix_pump_ms.py"
loading script "felix_air_x2.py"
loading script "felix_pump_extraction_line.py"
testing...
no interpolation path defined
calculate duration
testing...
no interpolation path defined
executed snippet estimated_duration=0, duration=5.81741333008e-05
calculate duration
testing...
no interpolation path defined
executed snippet estimated_duration=0, duration=0.000148057937622
calculate duration
testing...
no interpolation path defined
executed snippet estimated_duration=32.0, duration=0.000104904174805
calculate duration
testing...
no interpolation path defined
executed snippet estimated_duration=34.0, duration=0.000156164169312
calculate duration
testing...
no interpolation path defined
executed snippet estimated_duration=2.0, duration=7.9870223999e-05
calculate duration
testing...
no interpolation path defined
executed snippet estimated_duration=34.0, duration=9.20295715332e-05
calculate duration
testing...
no interpolation path defined
executed snippet estimated_duration=34.0, duration=0.000154972076416
calculate duration
testing...
no interpolation path defined
executed snippet estimated_duration=34.0, duration=0.000107049942017
executed snippet estimated_duration=174.0, duration=0.0100650787354
script duration name:air_x2 seconds:174.0
Script duration 798.0
Run total estimated duration= 799.000
script duration name:analysis400_120 seconds:624.0
air_x2 in script context. using previous estimated duration
script duration name:air_x2 seconds:174.0
Script duration 798.0
Run total estimated duration= 799.000
script duration name:analysis400_120 seconds:624.0
script duration name:air_x2 seconds:174.0
Script duration 798.0
Run total estimated duration= 799.000
script duration name:analysis400_120 seconds:624.0
script duration name:air_x2 seconds:174.0
Script duration 798.0
Run total estimated duration= 799.000
script duration name:analysis400_120 seconds:624.0
script duration name:cocktail_x3 seconds:244.0
Script duration 868.0
Run total estimated duration= 869.000
script duration name:analysis400_120 seconds:624.0
script duration name:cocktail_x3 seconds:244.0
Script duration 868.0
Run total estimated duration= 869.000
script duration name:analysis400_120 seconds:624.0
script duration name:cocktail_x3 seconds:244.0
Script duration 868.0
Run total estimated duration= 869.000
script duration name:analysis400_120 seconds:624.0
script duration name:air_x2 seconds:174.0
Script duration 798.0
Run total estimated duration= 799.000
script duration name:analysis400_120 seconds:624.0
script duration name:air_x2 seconds:174.0
Script duration 798.0
Run total estimated duration= 799.000
script duration name:analysis400_120 seconds:624.0
script duration name:air_x2 seconds:174.0
Script duration 798.0
Run total estimated duration= 799.000
script duration name:analysis400_120 seconds:624.0
script duration name:air_x2 seconds:174.0
Script duration 798.0
Run total estimated duration= 799.000
script duration name:analysis400_120 seconds:624.0
script duration name:air_x2 seconds:174.0
Script duration 798.0
Run total estimated duration= 799.000
script duration name:analysis400_120 seconds:624.0
script duration name:cocktail_x3 seconds:244.0
Script duration 868.0
Run total estimated duration= 869.000
script duration name:analysis400_120 seconds:624.0
script duration name:cocktail_x3 seconds:244.0
Script duration 868.0
Run total estimated duration= 869.000
script duration name:analysis400_120 seconds:624.0
script duration name:cocktail_x3 seconds:244.0
Script duration 868.0
Run total estimated duration= 869.000
script duration name:analysis400_120 seconds:624.0
script duration name:air_x2 seconds:174.0
Script duration 798.0
Run total estimated duration= 799.000
script duration name:analysis400_120 seconds:624.0
script duration name:air_x2 seconds:174.0
Script duration 798.0
Run total estimated duration= 799.000
script duration name:analysis400_120 seconds:624.0
script duration name:air_x2 seconds:174.0
Script duration 798.0
Run total estimated duration= 799.000
script duration name:analysis400_120 seconds:624.0
script duration name:cocktail_x3 seconds:244.0
Script duration 868.0
Run total estimated duration= 869.000
script duration name:analysis400_120 seconds:624.0
script duration name:cocktail_x3 seconds:244.0
Script duration 868.0
Run total estimated duration= 869.000
script duration name:analysis400_120 seconds:624.0
script duration name:cocktail_x3 seconds:244.0
Script duration 868.0
Run total estimated duration= 869.000
nruns=32 before=5.0, run_dur=24466.0, btw=1860.0
write rem/ex queues
/Users/obama/PychronDev/experiments/rem/Load_cocktails_airs_mc.rem.txt
/Users/obama/PychronDev/experiments/rem/Load_cocktails_airs_mc.ex.txt
doing event level: 3
