do run
loading script "felix_ic_peak_hop_no_equil_no_center.py"
loading script "felix_pump_ms.py"
loading script "felix_pump_extraction_line.py"
testing...
no interpolation path defined
executed snippet estimated_duration=73.4, duration=0.000535011291504
script duration name:ic_peak_hop_no_equil_no_center seconds:73.0
loading script "felix_ic_peak_hop_no_equil_no_center.py"
loading script "felix_pump_ms.py"
loading script "felix_pump_extraction_line.py"
testing...
no interpolation path defined
executed snippet estimated_duration=0, duration=4.29153442383e-05
loading script "felix_ic_peak_hop_no_equil_no_center.py"
loading script "felix_pump_ms.py"
loading script "felix_pump_extraction_line.py"
loading script "felix_ic_peak_hop_no_equil_no_center.py"
loading script "felix_pump_ms.py"
loading script "felix_pump_extraction_line.py"
testing...
no interpolation path defined
calculate duration
testing...
no interpolation path defined
executed snippet estimated_duration=4.0, duration=0.000231027603149
executed snippet estimated_duration=4.0, duration=0.00161004066467
Script duration 73.0
Run total estimated duration= 74.000
run duration: 0:01:14
doing event level: 2
08:54:37 -- Setting default integration. t=1.048576
setting integration time = 1.048576
SetIntegrationTime 1.048576 ===>> OK
----------------- start -----------------
**************** Experiment Type: Ar/Ar, Ar/Ar
close session 4737152592
$$$$$ Clearing conditionals
adding conditionals 
Add queue conditionals
add default conditionals
adding default conditionals from /Users/obama/PychronDev/setupfiles/spectrometer/default_conditionals.yaml
Start automated run ic-01-F-87
loading script "felix_ic_peak_hop_no_equil_no_center.py"
loading script "felix_pump_ms.py"
loading script "felix_pump_extraction_line.py"
%%%%%%%%%%%%%%%%%% setting automated run ic-01-F-87
$$$$$$$$$$$$$$$ auto_save_detector_ic=False
No metadata section in "felix_ic_peak_hop_no_equil_no_center.py". Using default "None" value for "default_fits"
============================= Pre Extraction Check =============================
loading queue conditionals pre_run_terminations
queue conditionals path /Users/obama/PychronDev/queue_conditionals/normal.yaml
loading conditionals from /Users/obama/PychronDev/queue_conditionals/normal.yaml
loading system conditionals pre_run_terminations
loading conditionals from /Users/obama/PychronDev/setupfiles/spectrometer/default_conditionals.yaml
08:54:37 -- ******* Pre Extraction Check *******
Get a measurement from the spectrometer
Pre Extraction Termination data. keys=L2(CDD),H2,H1,AX,L1,L2, signals=0.00000,0.19390,0.07676,0.17081,-0.35283,-0.03815
08:54:37 -- testing system defined conditionals
Checking default pre extraction terminations n=2
testing L2_CDD_
evaluate ot="L2(CDD).inactive" t="L2_CDD_", ctx="{'L2_CDD_': False}"
GetDeflection L2 (CDD) ===>> 0
testing L2_CDD_==3250
evaluate ot="L2(CDD).deflection==3250" t="L2_CDD_==3250", ctx="{'L2_CDD_': 0.0}"
08:54:37 -- ******* Pre Extraction Check Passed *******
=================================================================================
08:54:37 -- stopping status monitor
stop 4710351984
Status monitor stopped
Status monitor finished
08:54:42 -- starting status monitor
start 4710351984
StatusMonitor period=3. Frequencies(state=1, checksum=3, lock=5, owner=5)
set states for children of U. state=False
handle state [('U', False)]
update switch state U False args=() kw={'refresh': False} ncanvase=2
refresh_canvas_needed fired
start extraction
no extraction script
08:54:46 -- Sending spectrometer configuration
======== Sending configuration ========
SetZFocus 1.65 ===>> OK
SetHV 9900.0 ===>> OK
SetZSymmetry 3.35 ===>> OK
SetExtractionLens 63.57 ===>> OK
SetIonRepeller -5.15 ===>> OK
SetElectronEnergy 125.02 ===>> OK
SetYSymmetry 38.07 ===>> OK
send trap current 250.0
GetParameter Trap Current Readback ===>> 248.383080021974
SetParameter Trap Current Set,250.0 ===>> OK
updating mftable name argon
Using mftable located at /Users/obama/PychronDev/setupfiles/spectrometer/mftables/argon.csv
============ MFtable ===========
Isotope  H2     H1     AX     L1     L2     L2(CDD)
Ar40     3.7655 3.8407 3.9188 4.0002 4.1080 4.0936
Ar39     3.6911 3.7655 3.8419 3.9247 4.0274 4.0126
Ar36     3.4647 3.4172 3.6063 3.6822 3.7910 3.7655
================================
get initial guess parabolic
get initial guess parabolic
get initial guess parabolic
get initial guess parabolic
get initial guess parabolic
get initial guess parabolic
======== Configuration Finished ========
GetYSymmetry ===>> 38.07
GetZSymmetry ===>> 3.35
GetParameter Trap Current Readback ===>> 248.159311481414
GetHighVoltage ===>> 9900
start measurement
do measurement
L#=ic-01-F analysis type=detector_ic
Measurement Started felix_ic_peak_hop_no_equil_no_center.py
08:54:47 -- ******* Measurement Started felix_ic_peak_hop_no_equil_no_center.py *******
state changed from not run to measurement
setting trap, emission, spec, defl, and gains
GetExtractionLens ===>> 63.57
GetYSymmetry ===>> 38.07
GetZSymmetry ===>> 3.35
GetZFocus ===>> 1.65
GetDeflection H2 (CDD) ===>> 3250
GetDeflection H1 (CDD) ===>> 3250
GetDeflection AX (CDD) ===>> 3250
GetDeflection L1 (CDD) ===>> 3250
GetDeflection L2 (CDD) ===>> 0
GetGain H2 ===>> 0.9809305
GetGain H1 ===>> 0.9706
GetGain AX ===>> 0.96269
GetGain L1 ===>> 0.970094835296087
GetGain L2 ===>> 0.967359864778375
GetGain H2(CDD) ===>> 0
GetGain H1(CDD) ===>> 0
GetGain AX(CDD) ===>> 0
GetGain L1(CDD) ===>> 0
GetGain L2(CDD) ===>> 0
GetParameter Trap Current Readback ===>> 248.271195751694
GetParameter Source Current Readback ===>> 889.751693828969
pre measurement save
New frame /Users/obama/PychronDev/data/isotopes/95/b05e79-c252-4da3-8b4d-975783e7f128.h5
flush and close file /Users/obama/PychronDev/data/isotopes/95/b05e79-c252-4da3-8b4d-975783e7f128.h5
testing...
no interpolation path defined
setting detector H2 to Ar40 (39.9624)
setting detector H1 to Ar39 (38.8624)
setting detector AX to Ar38 (37.9624)
setting detector L1 to Ar37 (36.9624)
setting detector L2 to Ar36 (35.8624)
setting detector H2(CDD) to Ar40 (39.8624)
setting detector H1(CDD) to Ar39 (38.8624)
setting detector AX(CDD) to Ar38 (37.8624)
setting detector L1(CDD) to Ar37 (36.8624)
setting detector L2(CDD) to Ar36 (35.9624)
setting detector H2 to Ar40 (40.064)
setting detector H1 to Ar39 (38.964)
setting detector AX to Ar38 (38.064)
setting detector L1 to Ar37 (37.064)
setting detector L2 to Ar36 (35.964)
setting detector H2(CDD) to Ar40 (39.964)
setting detector H1(CDD) to Ar39 (38.964)
setting detector AX(CDD) to Ar38 (37.964)
setting detector L1(CDD) to Ar37 (36.964)
setting detector L2(CDD) to Ar36 (36.064)
setting detector H2 to Ar40 (39.9627)
setting detector H1 to Ar39 (38.8627)
setting detector AX to Ar38 (37.9627)
setting detector L1 to Ar37 (36.9627)
setting detector L2 to Ar36 (35.8627)
setting detector H2(CDD) to Ar40 (39.8627)
setting detector H1(CDD) to Ar39 (38.8627)
setting detector AX(CDD) to Ar38 (37.8627)
setting detector L1(CDD) to Ar37 (36.8627)
setting detector L2(CDD) to Ar36 (35.9627)
setting detector H2 to Ar40 (39.9668)
setting detector H1 to Ar39 (38.8668)
setting detector AX to Ar38 (37.9668)
setting detector L1 to Ar37 (36.9668)
setting detector L2 to Ar36 (35.8668)
setting detector H2(CDD) to Ar40 (39.8668)
setting detector H1(CDD) to Ar39 (38.8668)
setting detector AX(CDD) to Ar38 (37.8668)
setting detector L1(CDD) to Ar37 (36.8668)
setting detector L2(CDD) to Ar36 (35.9668)
executed snippet estimated_duration=73.4, duration=0.00798201560974
unknown measurement script
load_hops ('hops/ic_hops.txt',) {}
[{'counts': 10, 'settle': 5, 'positioning': {'detector': 'H2', 'isotope': 'Ar40'}, 'cup_configuration': [{'protect': False, 'is_baseline': False, 'isotope': 'Ar40', 'deflection': None, 'active': True, 'detector': 'H2'}]}, {'counts': 10, 'settle': 5, 'positioning': {'detector': 'H1', 'isotope': 'Ar40'}, 'cup_configuration': [{'protect': False, 'is_baseline': False, 'isotope': 'Ar40', 'deflection': None, 'active': True, 'detector': 'H1'}]}, {'counts': 10, 'settle': 5, 'positioning': {'detector': 'AX', 'isotope': 'Ar40'}, 'cup_configuration': [{'protect': False, 'is_baseline': False, 'isotope': 'Ar40', 'deflection': None, 'active': True, 'detector': 'AX'}]}, {'counts': 10, 'settle': 5, 'positioning': {'detector': 'L1', 'isotope': 'Ar40'}, 'cup_configuration': [{'protect': False, 'is_baseline': False, 'isotope': 'Ar40', 'deflection': None, 'active': True, 'detector': 'L1'}]}]
define_hops ([{'counts': 10, 'settle': 5, 'positioning': {'detector': 'H2', 'isotope': 'Ar40'}, 'cup_configuration': [{'protect': False, 'is_baseline': False, 'isotope': 'Ar40', 'deflection': None, 'active': True, 'detector': 'H2'}]}, {'counts': 10, 'settle': 5, 'positioning': {'detector': 'H1', 'isotope': 'Ar40'}, 'cup_configuration': [{'protect': False, 'is_baseline': False, 'isotope': 'Ar40', 'deflection': None, 'active': True, 'detector': 'H1'}]}, {'counts': 10, 'settle': 5, 'positioning': {'detector': 'AX', 'isotope': 'Ar40'}, 'cup_configuration': [{'protect': False, 'is_baseline': False, 'isotope': 'Ar40', 'deflection': None, 'active': True, 'detector': 'AX'}]}, {'counts': 10, 'settle': 5, 'positioning': {'detector': 'L1', 'isotope': 'Ar40'}, 'cup_configuration': [{'protect': False, 'is_baseline': False, 'isotope': 'Ar40', 'deflection': None, 'active': True, 'detector': 'L1'}]}],) {}
*************** Set Analysis View Ar/Ar
set_time_zero () {}
set_fits ('Ar40H2:parabolic', 'Ar40H1:parabolic', 'Ar40AX:parabolic', 'Ar40L1:parabolic') {}
set "Ar40H2" to "parabolic"
set "Ar40H1" to "parabolic"
set "Ar40AX" to "parabolic"
set "Ar40L1" to "parabolic"
set_baseline_fits ('average_SEM',) {}
set "H2" to "average_SEM"
set "H1" to "average_SEM"
set "AX" to "average_SEM"
set "L1" to "average_SEM"
sleep (0.5,) {}
SLEEP 0.5
peak_hop () {'ncycles': 6, 'hops': [{'counts': 10, 'settle': 5, 'positioning': {'detector': 'H2', 'isotope': 'Ar40'}, 'cup_configuration': [{'protect': False, 'is_baseline': False, 'isotope': 'Ar40', 'deflection': None, 'active': True, 'detector': 'H2'}]}, {'counts': 10, 'settle': 5, 'positioning': {'detector': 'H1', 'isotope': 'Ar40'}, 'cup_configuration': [{'protect': False, 'is_baseline': False, 'isotope': 'Ar40', 'deflection': None, 'active': True, 'detector': 'H1'}]}, {'counts': 10, 'settle': 5, 'positioning': {'detector': 'AX', 'isotope': 'Ar40'}, 'cup_configuration': [{'protect': False, 'is_baseline': False, 'isotope': 'Ar40', 'deflection': None, 'active': True, 'detector': 'AX'}]}, {'counts': 10, 'settle': 5, 'positioning': {'detector': 'L1', 'isotope': 'Ar40'}, 'cup_configuration': [{'protect': False, 'is_baseline': False, 'isotope': 'Ar40', 'deflection': None, 'active': True, 'detector': 'L1'}]}], 'mftable': 'argon'}
Using MFTable /Users/obama/PychronDev/setupfiles/spectrometer/mftables/argon.csv
Using mftable located at /Users/obama/PychronDev/setupfiles/spectrometer/mftables/argon.csv
get initial guess parabolic
get initial guess parabolic
get initial guess parabolic
get initial guess parabolic
get initial guess parabolic
get initial guess parabolic
adding conditionals 
make new hop generatior
add group /signal/Ar40 (Group) u'' table H2
add group /signal/Ar40 (Group) u'' table H1
add group /signal/Ar40 (Group) u'' table AX
add group /signal/Ar40 (Group) u'' table L1
flush and close file /Users/obama/PychronDev/data/isotopes/95/b05e79-c252-4da3-8b4d-975783e7f128.h5
measuring signal. ncounts=384.0
"signal" increment series count="2" fit count="1" regressing="True"
starting measurement
$$$$$$$$$$$$$$$$$ SETTING is_baseline False
Peak hop Detectors=['H2']
Peak hop Deflections=[None]
Peak hop DeflectionsPairs=[('H2', None)]
----------------------- HOP Ar40 H2
detector Detector(H2)
POSITION Ar40 H2
Mapping mass to dac mass func: "parabolic"
H2 map mass coeffs = [ -2.56720193e-04   9.47812314e-02   3.87784975e-01]
H2 map mass to dac 39.9624 >> 3.76549
GetHighVoltage ===>> 9900
positioning Ar40 (3.76549) on H2
setting magnet DAC
current  : 3.757140
requested: 3.765490
Delta Dac: 0.008350
Checking detector protection. dv=0.00835
SetMagnetDAC 3.76549 ===>> OK
Magnet settling time: 0.500 0.500
Magnet settling complete
set_dac. change=True
update detector isotope pairing
detectors=['H2']
isotopes=['Ar40']
updating pairing H2 - Ar40
could not locate det=H2 iso=Ar40
Join finished
delaying 5 for detectors to settle after peak hop
$$$$$$$$$$$$$$$$$ SETTING is_baseline False
Peak hop Detectors=['H1']
Peak hop Deflections=[None]
Peak hop DeflectionsPairs=[('H1', None)]
----------------------- HOP Ar40 H1
detector Detector(H1)
POSITION Ar40 H1
Mapping mass to dac mass func: "parabolic"
H1 map mass coeffs = [ -1.02510245e-02   8.84366928e-01  -1.51299462e+01]
H1 map mass to dac 39.9624 >> 3.84066
GetHighVoltage ===>> 9900
positioning Ar40 (3.84066) on H1
setting magnet DAC
current  : 3.765490
requested: 3.840660
Delta Dac: 0.075170
Checking detector protection. dv=0.07517
SetMagnetDAC 3.84066 ===>> OK
Magnet settling time: 0.500 0.500
Magnet settling complete
set_dac. change=True
update detector isotope pairing
detectors=['H1']
isotopes=['Ar40']
updating pairing H1 - Ar40
could not locate det=H1 iso=Ar40
Join finished
delaying 5 for detectors to settle after peak hop
GetDeflection L2 (CDD) ===>> 0
testing L2_CDD_==3250
evaluate ot="L2(CDD).deflection==3250" t="L2_CDD_==3250", ctx="{'L2_CDD_': 0.0}"
$$$$$$$$$$$$$$$$$ SETTING is_baseline False
Peak hop Detectors=['AX']
Peak hop Deflections=[None]
Peak hop DeflectionsPairs=[('AX', None)]
----------------------- HOP Ar40 AX
detector Detector(AX)
POSITION Ar40 AX
Mapping mass to dac mass func: "parabolic"
AX map mass coeffs = [-0.00039345  0.1080867   0.2277002 ]
AX map mass to dac 39.9624 >> 3.91877
GetHighVoltage ===>> 9900
positioning Ar40 (3.91877) on AX
setting magnet DAC
current  : 3.840660
requested: 3.918770
Delta Dac: 0.078110
Checking detector protection. dv=0.07811
SetMagnetDAC 3.91877 ===>> OK
Magnet settling time: 0.500 0.500
Magnet settling complete
set_dac. change=True
update detector isotope pairing
detectors=['AX']
isotopes=['Ar40']
updating pairing AX - Ar40
could not locate det=AX iso=Ar40
Join finished
delaying 5 for detectors to settle after peak hop
GetDeflection L2 (CDD) ===>> 0
testing L2_CDD_==3250
evaluate ot="L2(CDD).deflection==3250" t="L2_CDD_==3250", ctx="{'L2_CDD_': 0.0}"
$$$$$$$$$$$$$$$$$ SETTING is_baseline False
Peak hop Detectors=['L1']
Peak hop Deflections=[None]
Peak hop DeflectionsPairs=[('L1', None)]
----------------------- HOP Ar40 L1
detector Detector(L1)
POSITION Ar40 L1
Mapping mass to dac mass func: "parabolic"
L1 map mass coeffs = [-0.00133339  0.18086104 -1.09800868]
L1 map mass to dac 39.9624 >> 4.00021
GetHighVoltage ===>> 9900
positioning Ar40 (4.00021) on L1
setting magnet DAC
current  : 3.918770
requested: 4.000210
Delta Dac: 0.081440
Checking detector protection. dv=0.08144
SetMagnetDAC 4.00021 ===>> OK
Magnet settling time: 0.500 0.500
Magnet settling complete
set_dac. change=True
update detector isotope pairing
detectors=['L1']
isotopes=['Ar40']
updating pairing L1 - Ar40
could not locate det=L1 iso=Ar40
Join finished
delaying 5 for detectors to settle after peak hop
GetDeflection L2 (CDD) ===>> 0
testing L2_CDD_==3250
evaluate ot="L2(CDD).deflection==3250" t="L2_CDD_==3250", ctx="{'L2_CDD_': 0.0}"
$$$$$$$$$$$$$$$$$ SETTING is_baseline False
Peak hop Detectors=['H2']
Peak hop Deflections=[None]
Peak hop DeflectionsPairs=[('H2', None)]
----------------------- HOP Ar40 H2
detector Detector(H2)
POSITION Ar40 H2
Mapping mass to dac mass func: "parabolic"
H2 map mass coeffs = [ -2.56720193e-04   9.47812314e-02   3.87784975e-01]
H2 map mass to dac 39.9624 >> 3.76549
GetHighVoltage ===>> 9900
positioning Ar40 (3.76549) on H2
setting magnet DAC
current  : 4.000210
requested: 3.765490
Delta Dac: 0.234720
Checking detector protection. dv=0.23472
Move 0.23472>0.15. Do AF Demag
Doing AF Demagnetization around target=3.76549. duration=4, start_amplitude=0.2, period=0.5
set af dac raw:-0.1875 dac:3.57799
SetMagnetDAC 3.57799 ===>> OK
set af dac raw:0.1625 dac:3.92799
SetMagnetDAC 3.92799 ===>> OK
set af dac raw:-0.1375 dac:3.62799
SetMagnetDAC 3.62799 ===>> OK
set af dac raw:0.1125 dac:3.87799
SetMagnetDAC 3.87799 ===>> OK
set af dac raw:-0.0875 dac:3.67799
SetMagnetDAC 3.67799 ===>> OK
set af dac raw:0.0625 dac:3.82799
SetMagnetDAC 3.82799 ===>> OK
set af dac raw:-0.0375 dac:3.72799
SetMagnetDAC 3.72799 ===>> OK
set af dac raw:0.0125 dac:3.77799
SetMagnetDAC 3.77799 ===>> OK
set states for children of O. state=False
handle state [('O', False)]
update switch state O False args=() kw={'refresh': False} ncanvase=2
refresh_canvas_needed fired
SetMagnetDAC 3.76549 ===>> OK
Magnet settling time: 0.500 0.500
Magnet settling complete
set_dac. change=True
update detector isotope pairing
detectors=['H2']
isotopes=['Ar40']
updating pairing H2 - Ar40
could not locate det=H2 iso=Ar40
set states for children of R. state=True
handle state [('R', True)]
update switch state R True args=() kw={'refresh': False} ncanvase=2
refresh_canvas_needed fired
Join finished
delaying 5 for detectors to settle after peak hop
GetDeflection L2 (CDD) ===>> 0
testing L2_CDD_==3250
evaluate ot="L2(CDD).deflection==3250" t="L2_CDD_==3250", ctx="{'L2_CDD_': 0.0}"
08:56:07 -- collecting point 50
set states for children of R. state=False
handle state [('R', False)]
update switch state R False args=() kw={'refresh': False} ncanvase=2
refresh_canvas_needed fired
$$$$$$$$$$$$$$$$$ SETTING is_baseline False
Peak hop Detectors=['H1']
Peak hop Deflections=[None]
Peak hop DeflectionsPairs=[('H1', None)]
----------------------- HOP Ar40 H1
detector Detector(H1)
POSITION Ar40 H1
Mapping mass to dac mass func: "parabolic"
H1 map mass coeffs = [ -1.02510245e-02   8.84366928e-01  -1.51299462e+01]
H1 map mass to dac 39.9624 >> 3.84066
GetHighVoltage ===>> 9900
positioning Ar40 (3.84066) on H1
setting magnet DAC
current  : 3.765490
requested: 3.840660
Delta Dac: 0.075170
Checking detector protection. dv=0.07517
SetMagnetDAC 3.84066 ===>> OK
Magnet settling time: 0.500 0.500
Magnet settling complete
set_dac. change=True
update detector isotope pairing
detectors=['H1']
isotopes=['Ar40']
updating pairing H1 - Ar40
could not locate det=H1 iso=Ar40
set states for children of U. state=True
handle state [('U', True)]
update switch state U True args=() kw={'refresh': False} ncanvase=2
refresh_canvas_needed fired
Join finished
delaying 5 for detectors to settle after peak hop
GetDeflection L2 (CDD) ===>> 0
testing L2_CDD_==3250
evaluate ot="L2(CDD).deflection==3250" t="L2_CDD_==3250", ctx="{'L2_CDD_': 0.0}"
$$$$$$$$$$$$$$$$$ SETTING is_baseline False
Peak hop Detectors=['AX']
Peak hop Deflections=[None]
Peak hop DeflectionsPairs=[('AX', None)]
----------------------- HOP Ar40 AX
detector Detector(AX)
POSITION Ar40 AX
Mapping mass to dac mass func: "parabolic"
AX map mass coeffs = [-0.00039345  0.1080867   0.2277002 ]
AX map mass to dac 39.9624 >> 3.91877
GetHighVoltage ===>> 9900
positioning Ar40 (3.91877) on AX
setting magnet DAC
current  : 3.840660
requested: 3.918770
Delta Dac: 0.078110
Checking detector protection. dv=0.07811
SetMagnetDAC 3.91877 ===>> OK
Magnet settling time: 0.500 0.500
Magnet settling complete
set_dac. change=True
update detector isotope pairing
detectors=['AX']
isotopes=['Ar40']
updating pairing AX - Ar40
could not locate det=AX iso=Ar40
Join finished
delaying 5 for detectors to settle after peak hop
GetDeflection L2 (CDD) ===>> 0
testing L2_CDD_==3250
evaluate ot="L2(CDD).deflection==3250" t="L2_CDD_==3250", ctx="{'L2_CDD_': 0.0}"
$$$$$$$$$$$$$$$$$ SETTING is_baseline False
Peak hop Detectors=['L1']
Peak hop Deflections=[None]
Peak hop DeflectionsPairs=[('L1', None)]
----------------------- HOP Ar40 L1
detector Detector(L1)
POSITION Ar40 L1
Mapping mass to dac mass func: "parabolic"
L1 map mass coeffs = [-0.00133339  0.18086104 -1.09800868]
L1 map mass to dac 39.9624 >> 4.00021
GetHighVoltage ===>> 9900
positioning Ar40 (4.00021) on L1
setting magnet DAC
current  : 3.918770
requested: 4.000210
Delta Dac: 0.081440
Checking detector protection. dv=0.08144
SetMagnetDAC 4.00021 ===>> OK
Magnet settling time: 0.500 0.500
Magnet settling complete
set_dac. change=True
update detector isotope pairing
detectors=['L1']
isotopes=['Ar40']
updating pairing L1 - Ar40
could not locate det=L1 iso=Ar40
Join finished
delaying 5 for detectors to settle after peak hop
GetDeflection L2 (CDD) ===>> 0
testing L2_CDD_==3250
evaluate ot="L2(CDD).deflection==3250" t="L2_CDD_==3250", ctx="{'L2_CDD_': 0.0}"
$$$$$$$$$$$$$$$$$ SETTING is_baseline False
Peak hop Detectors=['H2']
Peak hop Deflections=[None]
Peak hop DeflectionsPairs=[('H2', None)]
----------------------- HOP Ar40 H2
detector Detector(H2)
POSITION Ar40 H2
Mapping mass to dac mass func: "parabolic"
H2 map mass coeffs = [ -2.56720193e-04   9.47812314e-02   3.87784975e-01]
H2 map mass to dac 39.9624 >> 3.76549
GetHighVoltage ===>> 9900
positioning Ar40 (3.76549) on H2
setting magnet DAC
current  : 4.000210
requested: 3.765490
Delta Dac: 0.234720
Checking detector protection. dv=0.23472
Move 0.23472>0.15. Do AF Demag
Doing AF Demagnetization around target=3.76549. duration=4, start_amplitude=0.2, period=0.5
set af dac raw:-0.1875 dac:3.57799
SetMagnetDAC 3.57799 ===>> OK
set af dac raw:0.1625 dac:3.92799
SetMagnetDAC 3.92799 ===>> OK
set af dac raw:-0.1375 dac:3.62799
SetMagnetDAC 3.62799 ===>> OK
set af dac raw:0.1125 dac:3.87799
SetMagnetDAC 3.87799 ===>> OK
set af dac raw:-0.0875 dac:3.67799
SetMagnetDAC 3.67799 ===>> OK
set af dac raw:0.0625 dac:3.82799
SetMagnetDAC 3.82799 ===>> OK
set af dac raw:-0.0375 dac:3.72799
SetMagnetDAC 3.72799 ===>> OK
set af dac raw:0.0125 dac:3.77799
SetMagnetDAC 3.77799 ===>> OK
SetMagnetDAC 3.76549 ===>> OK
Magnet settling time: 0.500 0.500
Magnet settling complete
set_dac. change=True
update detector isotope pairing
detectors=['H2']
isotopes=['Ar40']
updating pairing H2 - Ar40
could not locate det=H2 iso=Ar40
Join finished
delaying 5 for detectors to settle after peak hop
GetDeflection L2 (CDD) ===>> 0
testing L2_CDD_==3250
evaluate ot="L2(CDD).deflection==3250" t="L2_CDD_==3250", ctx="{'L2_CDD_': 0.0}"
$$$$$$$$$$$$$$$$$ SETTING is_baseline False
Peak hop Detectors=['H1']
Peak hop Deflections=[None]
Peak hop DeflectionsPairs=[('H1', None)]
----------------------- HOP Ar40 H1
detector Detector(H1)
POSITION Ar40 H1
Mapping mass to dac mass func: "parabolic"
H1 map mass coeffs = [ -1.02510245e-02   8.84366928e-01  -1.51299462e+01]
H1 map mass to dac 39.9624 >> 3.84066
GetHighVoltage ===>> 9900
positioning Ar40 (3.84066) on H1
setting magnet DAC
current  : 3.765490
requested: 3.840660
Delta Dac: 0.075170
Checking detector protection. dv=0.07517
SetMagnetDAC 3.84066 ===>> OK
Magnet settling time: 0.500 0.500
Magnet settling complete
set_dac. change=True
update detector isotope pairing
detectors=['H1']
isotopes=['Ar40']
updating pairing H1 - Ar40
could not locate det=H1 iso=Ar40
Join finished
delaying 5 for detectors to settle after peak hop
GetDeflection L2 (CDD) ===>> 0
testing L2_CDD_==3250
evaluate ot="L2(CDD).deflection==3250" t="L2_CDD_==3250", ctx="{'L2_CDD_': 0.0}"
08:57:27 -- collecting point 100
$$$$$$$$$$$$$$$$$ SETTING is_baseline False
Peak hop Detectors=['AX']
Peak hop Deflections=[None]
Peak hop DeflectionsPairs=[('AX', None)]
----------------------- HOP Ar40 AX
detector Detector(AX)
POSITION Ar40 AX
Mapping mass to dac mass func: "parabolic"
AX map mass coeffs = [-0.00039345  0.1080867   0.2277002 ]
AX map mass to dac 39.9624 >> 3.91877
GetHighVoltage ===>> 9900
positioning Ar40 (3.91877) on AX
setting magnet DAC
current  : 3.840660
requested: 3.918770
Delta Dac: 0.078110
Checking detector protection. dv=0.07811
SetMagnetDAC 3.91877 ===>> OK
Magnet settling time: 0.500 0.500
Magnet settling complete
set_dac. change=True
update detector isotope pairing
detectors=['AX']
isotopes=['Ar40']
updating pairing AX - Ar40
could not locate det=AX iso=Ar40
Join finished
delaying 5 for detectors to settle after peak hop
GetDeflection L2 (CDD) ===>> 0
testing L2_CDD_==3250
evaluate ot="L2(CDD).deflection==3250" t="L2_CDD_==3250", ctx="{'L2_CDD_': 0.0}"
$$$$$$$$$$$$$$$$$ SETTING is_baseline False
Peak hop Detectors=['L1']
Peak hop Deflections=[None]
Peak hop DeflectionsPairs=[('L1', None)]
----------------------- HOP Ar40 L1
detector Detector(L1)
POSITION Ar40 L1
Mapping mass to dac mass func: "parabolic"
L1 map mass coeffs = [-0.00133339  0.18086104 -1.09800868]
L1 map mass to dac 39.9624 >> 4.00021
GetHighVoltage ===>> 9900
positioning Ar40 (4.00021) on L1
setting magnet DAC
current  : 3.918770
requested: 4.000210
Delta Dac: 0.081440
Checking detector protection. dv=0.08144
SetMagnetDAC 4.00021 ===>> OK
Magnet settling time: 0.500 0.500
Magnet settling complete
set_dac. change=True
update detector isotope pairing
detectors=['L1']
isotopes=['Ar40']
updating pairing L1 - Ar40
could not locate det=L1 iso=Ar40
Join finished
delaying 5 for detectors to settle after peak hop
GetDeflection L2 (CDD) ===>> 0
testing L2_CDD_==3250
evaluate ot="L2(CDD).deflection==3250" t="L2_CDD_==3250", ctx="{'L2_CDD_': 0.0}"
$$$$$$$$$$$$$$$$$ SETTING is_baseline False
Peak hop Detectors=['H2']
Peak hop Deflections=[None]
Peak hop DeflectionsPairs=[('H2', None)]
----------------------- HOP Ar40 H2
detector Detector(H2)
POSITION Ar40 H2
Mapping mass to dac mass func: "parabolic"
H2 map mass coeffs = [ -2.56720193e-04   9.47812314e-02   3.87784975e-01]
H2 map mass to dac 39.9624 >> 3.76549
GetHighVoltage ===>> 9900
positioning Ar40 (3.76549) on H2
setting magnet DAC
current  : 4.000210
requested: 3.765490
Delta Dac: 0.234720
Checking detector protection. dv=0.23472
Move 0.23472>0.15. Do AF Demag
Doing AF Demagnetization around target=3.76549. duration=4, start_amplitude=0.2, period=0.5
set af dac raw:-0.1875 dac:3.57799
SetMagnetDAC 3.57799 ===>> OK
set af dac raw:0.1625 dac:3.92799
SetMagnetDAC 3.92799 ===>> OK
set af dac raw:-0.1375 dac:3.62799
SetMagnetDAC 3.62799 ===>> OK
set af dac raw:0.1125 dac:3.87799
SetMagnetDAC 3.87799 ===>> OK
set af dac raw:-0.0875 dac:3.67799
SetMagnetDAC 3.67799 ===>> OK
set af dac raw:0.0625 dac:3.82799
SetMagnetDAC 3.82799 ===>> OK
set af dac raw:-0.0375 dac:3.72799
SetMagnetDAC 3.72799 ===>> OK
set af dac raw:0.0125 dac:3.77799
SetMagnetDAC 3.77799 ===>> OK
SetMagnetDAC 3.76549 ===>> OK
Magnet settling time: 0.500 0.500
Magnet settling complete
set_dac. change=True
update detector isotope pairing
detectors=['H2']
isotopes=['Ar40']
updating pairing H2 - Ar40
could not locate det=H2 iso=Ar40
Join finished
delaying 5 for detectors to settle after peak hop
GetDeflection L2 (CDD) ===>> 0
testing L2_CDD_==3250
evaluate ot="L2(CDD).deflection==3250" t="L2_CDD_==3250", ctx="{'L2_CDD_': 0.0}"
$$$$$$$$$$$$$$$$$ SETTING is_baseline False
Peak hop Detectors=['H1']
Peak hop Deflections=[None]
Peak hop DeflectionsPairs=[('H1', None)]
----------------------- HOP Ar40 H1
detector Detector(H1)
POSITION Ar40 H1
Mapping mass to dac mass func: "parabolic"
H1 map mass coeffs = [ -1.02510245e-02   8.84366928e-01  -1.51299462e+01]
H1 map mass to dac 39.9624 >> 3.84066
GetHighVoltage ===>> 9900
positioning Ar40 (3.84066) on H1
setting magnet DAC
current  : 3.765490
requested: 3.840660
Delta Dac: 0.075170
Checking detector protection. dv=0.07517
SetMagnetDAC 3.84066 ===>> OK
Magnet settling time: 0.500 0.500
Magnet settling complete
set_dac. change=True
update detector isotope pairing
detectors=['H1']
isotopes=['Ar40']
updating pairing H1 - Ar40
could not locate det=H1 iso=Ar40
Join finished
delaying 5 for detectors to settle after peak hop
GetDeflection L2 (CDD) ===>> 0
testing L2_CDD_==3250
evaluate ot="L2(CDD).deflection==3250" t="L2_CDD_==3250", ctx="{'L2_CDD_': 0.0}"
$$$$$$$$$$$$$$$$$ SETTING is_baseline False
Peak hop Detectors=['AX']
Peak hop Deflections=[None]
Peak hop DeflectionsPairs=[('AX', None)]
----------------------- HOP Ar40 AX
detector Detector(AX)
POSITION Ar40 AX
Mapping mass to dac mass func: "parabolic"
AX map mass coeffs = [-0.00039345  0.1080867   0.2277002 ]
AX map mass to dac 39.9624 >> 3.91877
GetHighVoltage ===>> 9900
positioning Ar40 (3.91877) on AX
setting magnet DAC
current  : 3.840660
requested: 3.918770
Delta Dac: 0.078110
Checking detector protection. dv=0.07811
SetMagnetDAC 3.91877 ===>> OK
Magnet settling time: 0.500 0.500
Magnet settling complete
set_dac. change=True
update detector isotope pairing
detectors=['AX']
isotopes=['Ar40']
updating pairing AX - Ar40
could not locate det=AX iso=Ar40
Join finished
delaying 5 for detectors to settle after peak hop
GetDeflection L2 (CDD) ===>> 0
testing L2_CDD_==3250
evaluate ot="L2(CDD).deflection==3250" t="L2_CDD_==3250", ctx="{'L2_CDD_': 0.0}"
08:58:46 -- collecting point 150
$$$$$$$$$$$$$$$$$ SETTING is_baseline False
Peak hop Detectors=['L1']
Peak hop Deflections=[None]
Peak hop DeflectionsPairs=[('L1', None)]
----------------------- HOP Ar40 L1
detector Detector(L1)
POSITION Ar40 L1
Mapping mass to dac mass func: "parabolic"
L1 map mass coeffs = [-0.00133339  0.18086104 -1.09800868]
L1 map mass to dac 39.9624 >> 4.00021
GetHighVoltage ===>> 9900
positioning Ar40 (4.00021) on L1
setting magnet DAC
current  : 3.918770
requested: 4.000210
Delta Dac: 0.081440
Checking detector protection. dv=0.08144
SetMagnetDAC 4.00021 ===>> OK
Magnet settling time: 0.500 0.500
Magnet settling complete
set_dac. change=True
update detector isotope pairing
detectors=['L1']
isotopes=['Ar40']
updating pairing L1 - Ar40
could not locate det=L1 iso=Ar40
Join finished
delaying 5 for detectors to settle after peak hop
GetDeflection L2 (CDD) ===>> 0
testing L2_CDD_==3250
evaluate ot="L2(CDD).deflection==3250" t="L2_CDD_==3250", ctx="{'L2_CDD_': 0.0}"
$$$$$$$$$$$$$$$$$ SETTING is_baseline False
Peak hop Detectors=['H2']
Peak hop Deflections=[None]
Peak hop DeflectionsPairs=[('H2', None)]
----------------------- HOP Ar40 H2
detector Detector(H2)
POSITION Ar40 H2
Mapping mass to dac mass func: "parabolic"
H2 map mass coeffs = [ -2.56720193e-04   9.47812314e-02   3.87784975e-01]
H2 map mass to dac 39.9624 >> 3.76549
GetHighVoltage ===>> 9900
positioning Ar40 (3.76549) on H2
setting magnet DAC
current  : 4.000210
requested: 3.765490
Delta Dac: 0.234720
Checking detector protection. dv=0.23472
Move 0.23472>0.15. Do AF Demag
Doing AF Demagnetization around target=3.76549. duration=4, start_amplitude=0.2, period=0.5
set af dac raw:-0.1875 dac:3.57799
SetMagnetDAC 3.57799 ===>> OK
set af dac raw:0.1625 dac:3.92799
SetMagnetDAC 3.92799 ===>> OK
set af dac raw:-0.1375 dac:3.62799
SetMagnetDAC 3.62799 ===>> OK
set af dac raw:0.1125 dac:3.87799
SetMagnetDAC 3.87799 ===>> OK
set af dac raw:-0.0875 dac:3.67799
SetMagnetDAC 3.67799 ===>> OK
set af dac raw:0.0625 dac:3.82799
SetMagnetDAC 3.82799 ===>> OK
set af dac raw:-0.0375 dac:3.72799
SetMagnetDAC 3.72799 ===>> OK
set af dac raw:0.0125 dac:3.77799
SetMagnetDAC 3.77799 ===>> OK
SetMagnetDAC 3.76549 ===>> OK
Magnet settling time: 0.500 0.500
Magnet settling complete
set_dac. change=True
update detector isotope pairing
detectors=['H2']
isotopes=['Ar40']
updating pairing H2 - Ar40
could not locate det=H2 iso=Ar40
Join finished
delaying 5 for detectors to settle after peak hop
GetDeflection L2 (CDD) ===>> 0
testing L2_CDD_==3250
evaluate ot="L2(CDD).deflection==3250" t="L2_CDD_==3250", ctx="{'L2_CDD_': 0.0}"
$$$$$$$$$$$$$$$$$ SETTING is_baseline False
Peak hop Detectors=['H1']
Peak hop Deflections=[None]
Peak hop DeflectionsPairs=[('H1', None)]
----------------------- HOP Ar40 H1
detector Detector(H1)
POSITION Ar40 H1
Mapping mass to dac mass func: "parabolic"
H1 map mass coeffs = [ -1.02510245e-02   8.84366928e-01  -1.51299462e+01]
H1 map mass to dac 39.9624 >> 3.84066
GetHighVoltage ===>> 9900
positioning Ar40 (3.84066) on H1
setting magnet DAC
current  : 3.765490
requested: 3.840660
Delta Dac: 0.075170
Checking detector protection. dv=0.07517
SetMagnetDAC 3.84066 ===>> OK
Magnet settling time: 0.500 0.500
Magnet settling complete
set_dac. change=True
update detector isotope pairing
detectors=['H1']
isotopes=['Ar40']
updating pairing H1 - Ar40
could not locate det=H1 iso=Ar40
Join finished
delaying 5 for detectors to settle after peak hop
GetDeflection L2 (CDD) ===>> 0
testing L2_CDD_==3250
evaluate ot="L2(CDD).deflection==3250" t="L2_CDD_==3250", ctx="{'L2_CDD_': 0.0}"
$$$$$$$$$$$$$$$$$ SETTING is_baseline False
Peak hop Detectors=['AX']
Peak hop Deflections=[None]
Peak hop DeflectionsPairs=[('AX', None)]
----------------------- HOP Ar40 AX
detector Detector(AX)
POSITION Ar40 AX
Mapping mass to dac mass func: "parabolic"
AX map mass coeffs = [-0.00039345  0.1080867   0.2277002 ]
AX map mass to dac 39.9624 >> 3.91877
GetHighVoltage ===>> 9900
positioning Ar40 (3.91877) on AX
setting magnet DAC
current  : 3.840660
requested: 3.918770
Delta Dac: 0.078110
Checking detector protection. dv=0.07811
SetMagnetDAC 3.91877 ===>> OK
Magnet settling time: 0.500 0.500
Magnet settling complete
set_dac. change=True
update detector isotope pairing
detectors=['AX']
isotopes=['Ar40']
updating pairing AX - Ar40
could not locate det=AX iso=Ar40
Join finished
delaying 5 for detectors to settle after peak hop
GetDeflection L2 (CDD) ===>> 0
testing L2_CDD_==3250
evaluate ot="L2(CDD).deflection==3250" t="L2_CDD_==3250", ctx="{'L2_CDD_': 0.0}"
$$$$$$$$$$$$$$$$$ SETTING is_baseline False
Peak hop Detectors=['L1']
Peak hop Deflections=[None]
Peak hop DeflectionsPairs=[('L1', None)]
----------------------- HOP Ar40 L1
detector Detector(L1)
POSITION Ar40 L1
Mapping mass to dac mass func: "parabolic"
L1 map mass coeffs = [-0.00133339  0.18086104 -1.09800868]
L1 map mass to dac 39.9624 >> 4.00021
GetHighVoltage ===>> 9900
positioning Ar40 (4.00021) on L1
setting magnet DAC
current  : 3.918770
requested: 4.000210
Delta Dac: 0.081440
Checking detector protection. dv=0.08144
SetMagnetDAC 4.00021 ===>> OK
Magnet settling time: 0.500 0.500
Magnet settling complete
set_dac. change=True
update detector isotope pairing
detectors=['L1']
isotopes=['Ar40']
updating pairing L1 - Ar40
could not locate det=L1 iso=Ar40
Join finished
delaying 5 for detectors to settle after peak hop
GetDeflection L2 (CDD) ===>> 0
testing L2_CDD_==3250
evaluate ot="L2(CDD).deflection==3250" t="L2_CDD_==3250", ctx="{'L2_CDD_': 0.0}"
09:00:06 -- collecting point 200
$$$$$$$$$$$$$$$$$ SETTING is_baseline False
Peak hop Detectors=['H2']
Peak hop Deflections=[None]
Peak hop DeflectionsPairs=[('H2', None)]
----------------------- HOP Ar40 H2
detector Detector(H2)
POSITION Ar40 H2
Mapping mass to dac mass func: "parabolic"
H2 map mass coeffs = [ -2.56720193e-04   9.47812314e-02   3.87784975e-01]
H2 map mass to dac 39.9624 >> 3.76549
GetHighVoltage ===>> 9900
positioning Ar40 (3.76549) on H2
setting magnet DAC
current  : 4.000210
requested: 3.765490
Delta Dac: 0.234720
Checking detector protection. dv=0.23472
Move 0.23472>0.15. Do AF Demag
Doing AF Demagnetization around target=3.76549. duration=4, start_amplitude=0.2, period=0.5
set af dac raw:-0.1875 dac:3.57799
SetMagnetDAC 3.57799 ===>> OK
set af dac raw:0.1625 dac:3.92799
SetMagnetDAC 3.92799 ===>> OK
set af dac raw:-0.1375 dac:3.62799
SetMagnetDAC 3.62799 ===>> OK
set af dac raw:0.1125 dac:3.87799
SetMagnetDAC 3.87799 ===>> OK
set af dac raw:-0.0875 dac:3.67799
SetMagnetDAC 3.67799 ===>> OK
set af dac raw:0.0625 dac:3.82799
SetMagnetDAC 3.82799 ===>> OK
set af dac raw:-0.0375 dac:3.72799
SetMagnetDAC 3.72799 ===>> OK
set af dac raw:0.0125 dac:3.77799
SetMagnetDAC 3.77799 ===>> OK
SetMagnetDAC 3.76549 ===>> OK
Magnet settling time: 0.500 0.500
Magnet settling complete
set_dac. change=True
update detector isotope pairing
detectors=['H2']
isotopes=['Ar40']
updating pairing H2 - Ar40
could not locate det=H2 iso=Ar40
Join finished
delaying 5 for detectors to settle after peak hop
GetDeflection L2 (CDD) ===>> 0
testing L2_CDD_==3250
evaluate ot="L2(CDD).deflection==3250" t="L2_CDD_==3250", ctx="{'L2_CDD_': 0.0}"
$$$$$$$$$$$$$$$$$ SETTING is_baseline False
Peak hop Detectors=['H1']
Peak hop Deflections=[None]
Peak hop DeflectionsPairs=[('H1', None)]
----------------------- HOP Ar40 H1
detector Detector(H1)
POSITION Ar40 H1
Mapping mass to dac mass func: "parabolic"
H1 map mass coeffs = [ -1.02510245e-02   8.84366928e-01  -1.51299462e+01]
H1 map mass to dac 39.9624 >> 3.84066
GetHighVoltage ===>> 9900
positioning Ar40 (3.84066) on H1
setting magnet DAC
current  : 3.765490
requested: 3.840660
Delta Dac: 0.075170
Checking detector protection. dv=0.07517
SetMagnetDAC 3.84066 ===>> OK
Magnet settling time: 0.500 0.500
Magnet settling complete
set_dac. change=True
update detector isotope pairing
detectors=['H1']
isotopes=['Ar40']
updating pairing H1 - Ar40
could not locate det=H1 iso=Ar40
Join finished
delaying 5 for detectors to settle after peak hop
GetDeflection L2 (CDD) ===>> 0
testing L2_CDD_==3250
evaluate ot="L2(CDD).deflection==3250" t="L2_CDD_==3250", ctx="{'L2_CDD_': 0.0}"
$$$$$$$$$$$$$$$$$ SETTING is_baseline False
Peak hop Detectors=['AX']
Peak hop Deflections=[None]
Peak hop DeflectionsPairs=[('AX', None)]
----------------------- HOP Ar40 AX
detector Detector(AX)
POSITION Ar40 AX
Mapping mass to dac mass func: "parabolic"
AX map mass coeffs = [-0.00039345  0.1080867   0.2277002 ]
AX map mass to dac 39.9624 >> 3.91877
GetHighVoltage ===>> 9900
positioning Ar40 (3.91877) on AX
setting magnet DAC
current  : 3.840660
requested: 3.918770
Delta Dac: 0.078110
Checking detector protection. dv=0.07811
SetMagnetDAC 3.91877 ===>> OK
Magnet settling time: 0.500 0.500
Magnet settling complete
set_dac. change=True
update detector isotope pairing
detectors=['AX']
isotopes=['Ar40']
updating pairing AX - Ar40
could not locate det=AX iso=Ar40
Join finished
delaying 5 for detectors to settle after peak hop
GetDeflection L2 (CDD) ===>> 0
testing L2_CDD_==3250
evaluate ot="L2(CDD).deflection==3250" t="L2_CDD_==3250", ctx="{'L2_CDD_': 0.0}"
$$$$$$$$$$$$$$$$$ SETTING is_baseline False
Peak hop Detectors=['L1']
Peak hop Deflections=[None]
Peak hop DeflectionsPairs=[('L1', None)]
----------------------- HOP Ar40 L1
detector Detector(L1)
POSITION Ar40 L1
Mapping mass to dac mass func: "parabolic"
L1 map mass coeffs = [-0.00133339  0.18086104 -1.09800868]
L1 map mass to dac 39.9624 >> 4.00021
GetHighVoltage ===>> 9900
positioning Ar40 (4.00021) on L1
setting magnet DAC
current  : 3.918770
requested: 4.000210
Delta Dac: 0.081440
Checking detector protection. dv=0.08144
SetMagnetDAC 4.00021 ===>> OK
Magnet settling time: 0.500 0.500
Magnet settling complete
set_dac. change=True
update detector isotope pairing
detectors=['L1']
isotopes=['Ar40']
updating pairing L1 - Ar40
could not locate det=L1 iso=Ar40
Join finished
delaying 5 for detectors to settle after peak hop
GetDeflection L2 (CDD) ===>> 0
testing L2_CDD_==3250
evaluate ot="L2(CDD).deflection==3250" t="L2_CDD_==3250", ctx="{'L2_CDD_': 0.0}"
$$$$$$$$$$$$$$$$$ SETTING is_baseline False
waiting for write to finish
measurement finished
estimated time: 402.653 actual time: :384.105
flush and close file /Users/obama/PychronDev/data/isotopes/95/b05e79-c252-4da3-8b4d-975783e7f128.h5
define_detectors ('Ar40', 'H2') {}
setting detector H2 to Ar40 (39.9624)
setting detector H1 to Ar39 (38.8624)
setting detector AX to Ar38 (37.9624)
setting detector L1 to Ar37 (36.9624)
setting detector L2 to Ar36 (35.8624)
setting detector H2(CDD) to Ar40 (39.8624)
setting detector H1(CDD) to Ar39 (38.8624)
setting detector AX(CDD) to Ar38 (37.8624)
setting detector L1(CDD) to Ar37 (36.8624)
setting detector L2(CDD) to Ar36 (35.9624)
define_detectors ('Ar39', 'H1') {}
setting detector H2 to Ar40 (40.064)
setting detector H1 to Ar39 (38.964)
setting detector AX to Ar38 (38.064)
setting detector L1 to Ar37 (37.064)
setting detector L2 to Ar36 (35.964)
setting detector H2(CDD) to Ar40 (39.964)
setting detector H1(CDD) to Ar39 (38.964)
setting detector AX(CDD) to Ar38 (37.964)
setting detector L1(CDD) to Ar37 (36.964)
setting detector L2(CDD) to Ar36 (36.064)
define_detectors ('Ar38', 'AX') {}
setting detector H2 to Ar40 (39.9627)
setting detector H1 to Ar39 (38.8627)
setting detector AX to Ar38 (37.9627)
setting detector L1 to Ar37 (36.9627)
setting detector L2 to Ar36 (35.8627)
setting detector H2(CDD) to Ar40 (39.8627)
setting detector H1(CDD) to Ar39 (38.8627)
setting detector AX(CDD) to Ar38 (37.8627)
setting detector L1(CDD) to Ar37 (36.8627)
setting detector L2(CDD) to Ar36 (35.9627)
define_detectors ('Ar37', 'L1') {}
setting detector H2 to Ar40 (39.9668)
setting detector H1 to Ar39 (38.8668)
setting detector AX to Ar38 (37.9668)
setting detector L1 to Ar37 (36.9668)
setting detector L2 to Ar36 (35.8668)
setting detector H2(CDD) to Ar40 (39.8668)
setting detector H1(CDD) to Ar39 (38.8668)
setting detector AX(CDD) to Ar38 (37.8668)
setting detector L1(CDD) to Ar37 (36.8668)
setting detector L2(CDD) to Ar36 (35.9668)
baselines () {'settling_time': 10, 'detector': 'H2', 'mass': 39.85, 'ncounts': 60}
%%%%%%%%%%%%%%%%%%%%%%%%%%%%%%%% Baseline
build tables- baseline [Detector(H2), Detector(H1), Detector(AX), Detector(L1)]
add group baseline table H2
add group baseline table H1
add group baseline table AX
add group baseline table L1
flush and close file /Users/obama/PychronDev/data/isotopes/95/b05e79-c252-4da3-8b4d-975783e7f128.h5
detector Detector(H2)
POSITION 39.85 H2
Mapping mass to dac mass func: "parabolic"
H2 map mass coeffs = [ -2.56720193e-04   9.47812314e-02   3.87784975e-01]
H2 map mass to dac 39.85 >> 3.7571396043
GetHighVoltage ===>> 9900
positioning 39.85 (3.7571396043) on H2
setting magnet DAC
current  : 4.000210
requested: 3.757140
Delta Dac: 0.243070
Checking detector protection. dv=0.24307
Move 0.243070395699>0.15. Do AF Demag
Doing AF Demagnetization around target=3.7571396043. duration=4, start_amplitude=0.2, period=0.5
set af dac raw:-0.1875 dac:3.5696396043
SetMagnetDAC 3.5696396043 ===>> OK
set af dac raw:0.1625 dac:3.9196396043
SetMagnetDAC 3.9196396043 ===>> OK
set af dac raw:-0.1375 dac:3.6196396043
SetMagnetDAC 3.6196396043 ===>> OK
set af dac raw:0.1125 dac:3.8696396043
SetMagnetDAC 3.8696396043 ===>> OK
set af dac raw:-0.0875 dac:3.6696396043
SetMagnetDAC 3.6696396043 ===>> OK
set af dac raw:0.0625 dac:3.8196396043
SetMagnetDAC 3.8196396043 ===>> OK
set af dac raw:-0.0375 dac:3.7196396043
SetMagnetDAC 3.7196396043 ===>> OK
set af dac raw:0.0125 dac:3.7696396043
SetMagnetDAC 3.7696396043 ===>> OK
SetMagnetDAC 3.7571396043 ===>> OK
Magnet settling time: 0.500 0.500
Magnet settling complete
set_dac. change=True
Delaying 10s for detectors to settle
Join finished
measuring baseline. ncounts=60
"baseline" increment series count="2" fit count="1" regressing="True"
starting measurement
GetDeflection L2 (CDD) ===>> 0
testing L2_CDD_==3250
evaluate ot="L2(CDD).deflection==3250" t="L2_CDD_==3250", ctx="{'L2_CDD_': 0.0}"
GetDeflection L2 (CDD) ===>> 0
testing L2_CDD_==3250
evaluate ot="L2(CDD).deflection==3250" t="L2_CDD_==3250", ctx="{'L2_CDD_': 0.0}"
09:01:53 -- collecting point 25
GetDeflection L2 (CDD) ===>> 0
testing L2_CDD_==3250
evaluate ot="L2(CDD).deflection==3250" t="L2_CDD_==3250", ctx="{'L2_CDD_': 0.0}"
GetDeflection L2 (CDD) ===>> 0
testing L2_CDD_==3250
evaluate ot="L2(CDD).deflection==3250" t="L2_CDD_==3250", ctx="{'L2_CDD_': 0.0}"
09:02:19 -- collecting point 50
GetDeflection L2 (CDD) ===>> 0
testing L2_CDD_==3250
evaluate ot="L2(CDD).deflection==3250" t="L2_CDD_==3250", ctx="{'L2_CDD_': 0.0}"
waiting for write to finish
measurement finished
estimated time: 62.915 actual time: :63.189
flush and close file /Users/obama/PychronDev/data/isotopes/95/b05e79-c252-4da3-8b4d-975783e7f128.h5
finished measure script
executed snippet estimated_duration=73.9, duration=463.99129796
felix_ic_peak_hop_no_equil_no_center.py completed successfully
Measurement Finished
09:02:31 -- ******* Measurement Finished *******
Post Measurement Started felix_pump_ms.py
09:02:31 -- ******* Post Measurement Started felix_pump_ms.py *******
testing...
no interpolation path defined
executed snippet estimated_duration=0, duration=4.81605529785e-05
Pumping spectrometer
open () {'name': 'V'}
open name=V desc=---
checking ownership. requestor=129.138.12.137
check software interlocks V
interlocks []
actuate state mode=None-script, software_lock=True
VALVE-V(Felix Ion Pump) software locked
change switch state (True, False)
-------------------------- open V () result=[(True, False)]
action=open, ok=True, locked=[True]
executed snippet estimated_duration=0, duration=0.00506711006165
felix_pump_ms.py completed successfully
setting _ms_pumptime
Post Measurement Finished
09:02:31 -- ******* Post Measurement Finished *******
$$$$$$$$$$$$$$$$$$$$ state at run end measurement
state changed from measurement to success
post measurement save measured=True aborted=False
Set filtering
setting fod for Ar40= {'filter_outliers': False, 'std_devs': 2, 'iterations': 1}
setting fod for H2= {'filter_outliers': False, 'std_devs': 2, 'iterations': 1}
setting fod for Ar40= {'filter_outliers': False, 'std_devs': 2, 'iterations': 1}
setting fod for H1= {'filter_outliers': False, 'std_devs': 2, 'iterations': 1}
setting fod for Ar40= {'filter_outliers': False, 'std_devs': 2, 'iterations': 1}
setting fod for AX= {'filter_outliers': False, 'std_devs': 2, 'iterations': 1}
setting fod for Ar40= {'filter_outliers': False, 'std_devs': 2, 'iterations': 1}
setting fod for L1= {'filter_outliers': False, 'std_devs': 2, 'iterations': 1}
LabspyClient not enabled. Could not retrieve enironmentals
persistence save...
persistence save - db
post measurement save
4766527216 connecting to database sqlite://@/
connected to db sqlite://@/
create new session 4766527216
close session 4766527216
No database instance. Not saving post measurement to isotopedb database
$$$$$$$$$$$$$$$ auto_save_detector_ic=False
persistence save - dvc
================= post measurement started
create new session 4709870960
close session 4709870960
---------------- Experiment Queue saving disabled
DVC saving peakcenter
Smart pull ahead: 0 behind: 0
Up-to-date with origin
add to repo msg=modified - 44c6f8761147de90179e8a3952e48831c78a9a46.json
add to repo msg=modified - -F-87.json
add to repo msg=modified - -F-87.dat.json
add to repo msg=modified - -F-87.blan.json
add to repo msg=modified - -F-87.inte.json
add to repo msg=modified - -F-87.icfa.json
add to repo msg=modified - -F-87.base.json
not at valid file /Users/obama/PychronDev/data/.dvc/repositories/laboratory/ic-01/tags/-F-87.tags.json
add to repo msg=modified - -F-87.peak.json
not at valid file /Users/obama/PychronDev/data/.dvc/repositories/laboratory/ic-01/extraction/-F-87.extr.json
not at valid file /Users/obama/PychronDev/data/.dvc/repositories/laboratory/ic-01/monitor/-F-87.moni.json
commit message=<COLLECTION>
add to repo msg=modified - -F-87.inte.json
add to repo msg=modified - -F-87.base.json
commit message=<ISOEVO> default collection fits
add to repo msg=modified - -F-87.blan.json
commit message=<BLANKS> preceding 
add to repo msg=modified - -F-87.icfa.json
commit message=<ICFactor> default
push repository <pychron.git_archive.repo_manager.GitRepoManager object at 0x124e3ea70>
pushing to remote=origin, url=https://github.com
no changes to meta repo
create new session 4709870960
add association laboratory
get identifier "ic-01-F"
setting analysis irradiation position=<pychron.dvc.dvc_orm.IrradiationPositionTbl object at 0x1248d8fd0>
close session 4709870960
================= post measurement finished
09:02:55 -- ******* Post Run Check *******
loading queue conditionals post_run_actions
queue conditionals path /Users/obama/PychronDev/queue_conditionals/normal.yaml
loading conditionals from /Users/obama/PychronDev/queue_conditionals/normal.yaml
loading system conditionals post_run_actions
loading conditionals from /Users/obama/PychronDev/setupfiles/spectrometer/default_conditionals.yaml
loading queue conditionals post_run_terminations
queue conditionals path /Users/obama/PychronDev/queue_conditionals/normal.yaml
loading conditionals from /Users/obama/PychronDev/queue_conditionals/normal.yaml
loading system conditionals post_run_terminations
loading conditionals from /Users/obama/PychronDev/setupfiles/spectrometer/default_conditionals.yaml
Checking default post run terminations n=1
GetDeflection L2 (CDD) ===>> 0
testing L2_CDD_==3250
evaluate ot="L2(CDD).deflection==3250" t="L2_CDD_==3250", ctx="{'L2_CDD_': 0.0}"
09:02:55 -- ******* Post Run Check Passed *******
09:02:55 -- Automated run ic-01-F-87 success duration: 497.535 s
----------------- finish -----------------
----------------- stop -----------------
retroactive repository identifiers disabled
finish run. runs completed=1
update duration runid=ic-01-F-87, duration=497.534554005, md5=e57c7d4d
loading script "felix_analysis400_120 no center.py"
loading script "felix_pump_ms.py"
loading script "felix_air_x5.py"
loading script "felix_pump_extraction_line.py"
testing...
no interpolation path defined
executed snippet estimated_duration=559.2304, duration=0.000287055969238
script duration name:analysis400_120 no center seconds:559.0
loading script "felix_analysis400_120 no center.py"
loading script "felix_pump_ms.py"
loading script "felix_air_x5.py"
loading script "felix_pump_extraction_line.py"
testing...
no interpolation path defined
executed snippet estimated_duration=0, duration=2.69412994385e-05
loading script "felix_analysis400_120 no center.py"
loading script "felix_pump_ms.py"
loading script "felix_air_x5.py"
loading script "felix_pump_extraction_line.py"
testing...
no interpolation path defined
calculate duration
testing...
no interpolation path defined
executed snippet estimated_duration=0, duration=6.50882720947e-05
calculate duration
testing...
no interpolation path defined
executed snippet estimated_duration=0, duration=0.000154972076416
calculate duration
testing...
no interpolation path defined
executed snippet estimated_duration=32.0, duration=0.000107049942017
calculate duration
testing...
no interpolation path defined
executed snippet estimated_duration=34.0, duration=0.000160932540894
calculate duration
testing...
no interpolation path defined
executed snippet estimated_duration=2.0, duration=7.91549682617e-05
calculate duration
testing...
no interpolation path defined
executed snippet estimated_duration=34.0, duration=8.58306884766e-05
calculate duration
testing...
no interpolation path defined
executed snippet estimated_duration=34.0, duration=0.000136137008667
calculate duration
testing...
no interpolation path defined
executed snippet estimated_duration=34.0, duration=9.10758972168e-05
calculate duration
testing...
no interpolation path defined
executed snippet estimated_duration=34.0, duration=0.000127077102661
calculate duration
testing...
no interpolation path defined
executed snippet estimated_duration=34.0, duration=9.29832458496e-05
calculate duration
testing...
no interpolation path defined
executed snippet estimated_duration=34.0, duration=0.000126838684082
calculate duration
testing...
no interpolation path defined
executed snippet estimated_duration=34.0, duration=9.70363616943e-05
calculate duration
testing...
no interpolation path defined
executed snippet estimated_duration=34.0, duration=0.000128984451294
calculate duration
testing...
no interpolation path defined
executed snippet estimated_duration=34.0, duration=9.20295715332e-05
executed snippet estimated_duration=384.0, duration=0.018098115921
script duration name:air_x5 seconds:384.0
loading script "felix_analysis400_120 no center.py"
loading script "felix_pump_ms.py"
loading script "felix_air_x5.py"
loading script "felix_pump_extraction_line.py"
testing...
no interpolation path defined
calculate duration
testing...
no interpolation path defined
executed snippet estimated_duration=4.0, duration=0.00020694732666
executed snippet estimated_duration=4.0, duration=0.0014820098877
Script duration 943.0
Run total estimated duration= 944.000
loading script "felix_analysis400_120_CDD_center.py"
loading script "felix_pump_ms.py"
loading script "felix_air_x5.py"
loading script "felix_pump_extraction_line.py"
testing...
no interpolation path defined
executed snippet estimated_duration=559.2304, duration=0.00031590461731
script duration name:analysis400_120_CDD_center seconds:559.0
pump_ms in script context. using previous estimated duration
air_x5 in script context. using previous estimated duration
script duration name:air_x5 seconds:384.0
pump_extraction_line in script context. using previous estimated duration
Script duration 943.0
Run total estimated duration= 944.000
analysis400_120_CDD_center in script context. using previous estimated duration
script duration name:analysis400_120_CDD_center seconds:559.0
script duration name:air_x5 seconds:384.0
Script duration 943.0
Run total estimated duration= 944.000
script duration name:analysis400_120_CDD_center seconds:559.0
script duration name:air_x5 seconds:384.0
Script duration 943.0
Run total estimated duration= 944.000
script duration name:analysis400_120_CDD_center seconds:559.0
script duration name:air_x5 seconds:384.0
Script duration 943.0
Run total estimated duration= 944.000
analysis400_120 no center in script context. using previous estimated duration
script duration name:analysis400_120 no center seconds:559.0
loading script "felix_analysis400_120 no center.py"
loading script "felix_pump_ms.py"
loading script "felix_cocktail_x3.py"
loading script "felix_pump_extraction_line.py"
testing...
no interpolation path defined
calculate duration
testing...
no interpolation path defined
executed snippet estimated_duration=0, duration=6.50882720947e-05
calculate duration
testing...
no interpolation path defined
executed snippet estimated_duration=0, duration=0.000179052352905
calculate duration
testing...
no interpolation path defined
executed snippet estimated_duration=32.0, duration=0.000125169754028
calculate duration
testing...
no interpolation path defined
executed snippet estimated_duration=34.0, duration=0.000189065933228
calculate duration
testing...
no interpolation path defined
executed snippet estimated_duration=2.0, duration=9.82284545898e-05
calculate duration
testing...
no interpolation path defined
executed snippet estimated_duration=34.0, duration=9.08374786377e-05
calculate duration
testing...
no interpolation path defined
executed snippet estimated_duration=34.0, duration=0.000129222869873
calculate duration
testing...
no interpolation path defined
executed snippet estimated_duration=34.0, duration=9.41753387451e-05
calculate duration
testing...
no interpolation path defined
executed snippet estimated_duration=34.0, duration=0.000131845474243
calculate duration
testing...
no interpolation path defined
executed snippet estimated_duration=34.0, duration=8.79764556885e-05
executed snippet estimated_duration=244.0, duration=0.0131630897522
script duration name:cocktail_x3 seconds:244.0
Script duration 803.0
Run total estimated duration= 804.000
script duration name:analysis400_120 no center seconds:559.0
cocktail_x3 in script context. using previous estimated duration
script duration name:cocktail_x3 seconds:244.0
Script duration 803.0
Run total estimated duration= 804.000
script duration name:analysis400_120 no center seconds:559.0
script duration name:cocktail_x3 seconds:244.0
Script duration 803.0
Run total estimated duration= 804.000
script duration name:analysis400_120 no center seconds:559.0
script duration name:cocktail_x3 seconds:244.0
Script duration 803.0
Run total estimated duration= 804.000
script duration name:analysis400_120 no center seconds:559.0
script duration name:cocktail_x3 seconds:244.0
Script duration 803.0
Run total estimated duration= 804.000
script duration name:analysis400_120 no center seconds:559.0
script duration name:air_x5 seconds:384.0
Script duration 943.0
Run total estimated duration= 944.000
script duration name:analysis400_120_CDD_center seconds:559.0
script duration name:air_x5 seconds:384.0
Script duration 943.0
Run total estimated duration= 944.000
script duration name:analysis400_120_CDD_center seconds:559.0
script duration name:air_x5 seconds:384.0
Script duration 943.0
Run total estimated duration= 944.000
script duration name:analysis400_120_CDD_center seconds:559.0
script duration name:air_x5 seconds:384.0
Script duration 943.0
Run total estimated duration= 944.000
script duration name:analysis400_120_CDD_center seconds:559.0
script duration name:air_x5 seconds:384.0
Script duration 943.0
Run total estimated duration= 944.000
script duration name:analysis400_120 no center seconds:559.0
script duration name:cocktail_x3 seconds:244.0
Script duration 803.0
Run total estimated duration= 804.000
script duration name:analysis400_120 no center seconds:559.0
script duration name:cocktail_x3 seconds:244.0
Script duration 803.0
Run total estimated duration= 804.000
script duration name:analysis400_120 no center seconds:559.0
script duration name:cocktail_x3 seconds:244.0
Script duration 803.0
Run total estimated duration= 804.000
script duration name:analysis400_120 no center seconds:559.0
script duration name:cocktail_x3 seconds:244.0
Script duration 803.0
Run total estimated duration= 804.000
script duration name:analysis400_120 no center seconds:559.0
script duration name:cocktail_x3 seconds:244.0
Script duration 803.0
Run total estimated duration= 804.000
script duration name:analysis400_120 no center seconds:559.0
script duration name:air_x5 seconds:384.0
Script duration 943.0
Run total estimated duration= 944.000
script duration name:analysis400_120_CDD_center seconds:559.0
script duration name:air_x5 seconds:384.0
Script duration 943.0
Run total estimated duration= 944.000
script duration name:analysis400_120_CDD_center seconds:559.0
script duration name:air_x5 seconds:384.0
Script duration 943.0
Run total estimated duration= 944.000
script duration name:analysis400_120_CDD_center seconds:559.0
script duration name:air_x5 seconds:384.0
Script duration 943.0
Run total estimated duration= 944.000
script duration name:analysis400_120_CDD_center seconds:559.0
script duration name:air_x5 seconds:384.0
Script duration 943.0
Run total estimated duration= 944.000
script duration name:analysis400_120 no center seconds:559.0
script duration name:cocktail_x3 seconds:244.0
Script duration 803.0
Run total estimated duration= 804.000
script duration name:analysis400_120 no center seconds:559.0
script duration name:cocktail_x3 seconds:244.0
Script duration 803.0
Run total estimated duration= 804.000
script duration name:analysis400_120 no center seconds:559.0
script duration name:cocktail_x3 seconds:244.0
Script duration 803.0
Run total estimated duration= 804.000
script duration name:analysis400_120 no center seconds:559.0
script duration name:cocktail_x3 seconds:244.0
Script duration 803.0
Run total estimated duration= 804.000
script duration name:analysis400_120 no center seconds:559.0
script duration name:cocktail_x3 seconds:244.0
Script duration 803.0
Run total estimated duration= 804.000
loading script "felix_analysis400_120.py"
loading script "felix_pump_ms.py"
loading script "felix_air_x5.py"
loading script "felix_pump_extraction_line.py"
testing...
no interpolation path defined
executed snippet estimated_duration=559.2304, duration=0.000213861465454
script duration name:analysis400_120 seconds:559.0
script duration name:air_x5 seconds:384.0
Script duration 943.0
Run total estimated duration= 944.000
analysis400_120 in script context. using previous estimated duration
script duration name:analysis400_120 seconds:559.0
script duration name:air_x5 seconds:384.0
Script duration 943.0
Run total estimated duration= 944.000
script duration name:analysis400_120 seconds:559.0
script duration name:air_x5 seconds:384.0
Script duration 943.0
Run total estimated duration= 944.000
script duration name:analysis400_120 seconds:559.0
script duration name:air_x5 seconds:384.0
Script duration 943.0
Run total estimated duration= 944.000
script duration name:analysis400_120 seconds:559.0
script duration name:cocktail_x3 seconds:244.0
Script duration 803.0
Run total estimated duration= 804.000
script duration name:analysis400_120 seconds:559.0
script duration name:cocktail_x3 seconds:244.0
Script duration 803.0
Run total estimated duration= 804.000
script duration name:analysis400_120 seconds:559.0
script duration name:cocktail_x3 seconds:244.0
Script duration 803.0
Run total estimated duration= 804.000
script duration name:analysis400_120 seconds:559.0
script duration name:cocktail_x3 seconds:244.0
Script duration 803.0
Run total estimated duration= 804.000
script duration name:analysis400_120 seconds:559.0
script duration name:air_x5 seconds:384.0
Script duration 943.0
Run total estimated duration= 944.000
script duration name:analysis400_120 seconds:559.0
script duration name:air_x5 seconds:384.0
Script duration 943.0
Run total estimated duration= 944.000
script duration name:analysis400_120 seconds:559.0
script duration name:air_x5 seconds:384.0
Script duration 943.0
Run total estimated duration= 944.000
script duration name:analysis400_120 seconds:559.0
script duration name:air_x5 seconds:384.0
Script duration 943.0
Run total estimated duration= 944.000
nruns=42 before=5.0, run_dur=36988.0, btw=2460.0
write rem/ex queues
/Users/obama/PychronDev/experiments/rem/Airs_Cocktails.rem.txt
/Users/obama/PychronDev/experiments/rem/Airs_Cocktails.ex.txt
doing event level: 3
