do run
loading script "jan_ic_peak_hop3_no_eq.py"
loading script "jan_pump_ms.py"
loading script "jan_pump_extraction_line.py"
testing...
no interpolation path defined
executed snippet estimated_duration=94.0, duration=0.00953006744385
script duration name:ic_peak_hop3_no_eq seconds:94.0
loading script "jan_ic_peak_hop3_no_eq.py"
loading script "jan_pump_ms.py"
loading script "jan_pump_extraction_line.py"
testing...
no interpolation path defined
executed snippet estimated_duration=0, duration=2.31266021729e-05
loading script "jan_ic_peak_hop3_no_eq.py"
loading script "jan_pump_ms.py"
loading script "jan_pump_extraction_line.py"
loading script "jan_ic_peak_hop3_no_eq.py"
loading script "jan_pump_ms.py"
loading script "jan_pump_extraction_line.py"
testing...
no interpolation path defined
calculate duration
testing...
no interpolation path defined
executed snippet estimated_duration=4.0, duration=0.000143051147461
executed snippet estimated_duration=4.0, duration=0.00113797187805
Script duration 94.0
Run total estimated duration= 95.000
run duration: 0:01:35
doing event level: 2
17:56:32 -- Setting default integration. t=1.048576
setting integration time = 1.048576
SetIntegrationTime 1.048576 ===>> OK
----------------- start -----------------
**************** Experiment Type: Ar/Ar, Ar/Ar
create new session 4954336624
close session 4954336624
$$$$$ Clearing conditionals
adding conditionals 
Add queue conditionals
add default conditionals
adding default conditionals from /Users/jan/PychronDev/setupfiles/spectrometer/default_conditionals.yaml
Start automated run ic-01-J-498
loading script "jan_ic_peak_hop3_no_eq.py"
loading script "jan_pump_ms.py"
loading script "jan_pump_extraction_line.py"
%%%%%%%%%%%%%%%%%% setting automated run ic-01-J-498
$$$$$$$$$$$$$$$ auto_save_detector_ic=False
No metadata section in "jan_ic_peak_hop3_no_eq.py". Using default "None" value for "default_fits"
============================= Pre Extraction Check =============================
loading queue conditionals pre_run_terminations
loading system conditionals pre_run_terminations
loading conditionals from /Users/jan/PychronDev/setupfiles/spectrometer/default_conditionals.yaml
17:56:32 -- ******* Pre Extraction Check *******
Get a measurement from the spectrometer
Pre Extraction Termination data. keys=H2,H1,AX,L1,L2,CDD, signals=-0.09307,929.47084,74.99866,0.97788,0.00431,0.04937
17:56:32 -- testing system defined conditionals
Checking default pre extraction terminations n=2
testing CDD
evaluate ot="CDD.inactive" t="CDD", ctx="{'CDD': False}"
GetDeflection CDD ===>> 50
testing CDD==2000
evaluate ot="CDD.deflection==2000" t="CDD==2000", ctx="{'CDD': 50.0}"
17:56:32 -- ******* Pre Extraction Check Passed *******
=================================================================================
17:56:32 -- stopping status monitor
stop 4942026992
Status monitor stopped
Status monitor finished
17:56:33 -- starting status monitor
start 4942026992
StatusMonitor period=1. Frequencies(state=2, checksum=3, lock=5, owner=5)
start extraction
no extraction script
17:56:35 -- Sending spectrometer configuration
======== Sending configuration ========
SetDeflection CDD,50.0 ===>> OK
SetDeflection H2,0.0 ===>> OK
SetDeflection H1,0.0 ===>> OK
SetDeflection L2,825.0 ===>> OK
SetDeflection L1,400.0 ===>> OK
SetDeflection AX,190.0 ===>> OK
SetZFocus 74.64 ===>> OK
SetZSymmetry -50.72 ===>> OK
SetExtractionLens 26.13 ===>> OK
SetIonRepeller -3.81 ===>> OK
SetElectronEnergy 75.08 ===>> OK
SetYSymmetry -2.81 ===>> OK
SetIonCounterVoltage 1590.0 ===>> OK
send trap current 200.0
GetParameter Trap Current Readback ===>> 198.258926936459
SetParameter Trap Current Set,200.0 ===>> OK
updating mftable name mftable
Using mftable located at /Users/jan/PychronDev/setupfiles/spectrometer/mftables/mftable.csv
============ MFtable ===========
Isotope  H2     H1     AX     L1     L2     CDD    
Ar40     5.7703 5.8786 5.9925 6.1088 6.2313 6.3941
Ar39     5.7252 5.7696 5.8829 6.0520 6.1140 6.2806
Ar36     5.4028 5.4386 5.5463 5.7108 5.7690 5.9317
================================
get initial guess parabolic
get initial guess parabolic
get initial guess parabolic
get initial guess parabolic
get initial guess parabolic
get initial guess parabolic
======== Configuration Finished ========
GetYSymmetry ===>> -2.81
GetZSymmetry ===>> -50.72
GetParameter Trap Current Readback ===>> 197.251968503937
GetHighVoltage ===>> 4500
start measurement
do measurement
L#=ic-01-J analysis type=detector_ic
Measurement Started jan_ic_peak_hop3_no_eq.py
17:56:35 -- ******* Measurement Started jan_ic_peak_hop3_no_eq.py *******
state changed from not run to measurement
setting trap, emission, spec, defl, and gains
GetExtractionLens ===>> 26.13
GetYSymmetry ===>> -2.81
GetZSymmetry ===>> -50.72
GetZFocus ===>> 74.64
GetDeflection H2 ===>> 0
GetDeflection H1 ===>> 0
GetDeflection AX ===>> 190
GetDeflection L1 ===>> 400
GetDeflection L2 ===>> 825
GetDeflection CDD ===>> 50
GetGain H2 ===>> 0.0113
GetGain H1 ===>> 0.1
GetGain AX ===>> 0.096129
GetGain L1 ===>> 0.010749
GetGain L2 ===>> 0.095649
GetGain CDD ===>> 0
GetParameter Trap Current Readback ===>> 197.923274125618
GetParameter Source Current Readback ===>> 555.942745528902
pre measurement save
New frame /Users/jan/PychronDev/data/isotopes/82/460958-aba8-47de-aee4-52e97b8a738f.h5
flush and close file /Users/jan/PychronDev/data/isotopes/82/460958-aba8-47de-aee4-52e97b8a738f.h5
testing...
no interpolation path defined
setting detector H2 to Ar41 (40.9624)
setting detector H1 to Ar40 (39.9624)
setting detector AX to Ar39 (38.9624)
setting detector L1 to Ar38 (37.9624)
setting detector L2 to Ar37 (36.9624)
setting detector CDD to Ar36 (35.9624)
setting detector H2 to Ar41 (40.964)
setting detector H1 to Ar40 (39.964)
setting detector AX to Ar39 (38.964)
setting detector L1 to Ar38 (37.964)
setting detector L2 to Ar37 (36.964)
setting detector CDD to Ar36 (35.964)
setting detector H2 to Ar41 (40.9668)
setting detector H1 to Ar40 (39.9668)
setting detector AX to Ar39 (38.9668)
setting detector L1 to Ar38 (37.9668)
setting detector L2 to Ar37 (36.9668)
setting detector CDD to Ar36 (35.9668)
executed snippet estimated_duration=94.0, duration=0.0103678703308
unknown measurement script
set_deflection ('CDD', 2000) {}
setting spectrometer parameter SetDeflection CDD,2000
SetDeflection CDD,2000 ===>> OK
load_hops ('hops/ic3_hops.yaml',) {}
[{'counts': 10, 'settle': 8, 'positioning': {'detector': 'H1', 'isotope': 'Ar40'}, 'cup_configuration': [{'active': True, 'detector': 'H1', 'protect': False, 'isotope': 'Ar40', 'is_baseline': False}]}, {'counts': 10, 'settle': 8, 'positioning': {'detector': 'AX', 'isotope': 'Ar40'}, 'cup_configuration': [{'active': True, 'detector': 'AX', 'protect': False, 'isotope': 'Ar40', 'is_baseline': False}]}, {'counts': 10, 'settle': 8, 'positioning': {'detector': 'L2', 'isotope': 'Ar40'}, 'cup_configuration': [{'active': True, 'detector': 'L2', 'protect': False, 'isotope': 'Ar40', 'is_baseline': False}]}]
define_hops ([{'counts': 10, 'settle': 8, 'positioning': {'detector': 'H1', 'isotope': 'Ar40'}, 'cup_configuration': [{'active': True, 'detector': 'H1', 'protect': False, 'isotope': 'Ar40', 'is_baseline': False}]}, {'counts': 10, 'settle': 8, 'positioning': {'detector': 'AX', 'isotope': 'Ar40'}, 'cup_configuration': [{'active': True, 'detector': 'AX', 'protect': False, 'isotope': 'Ar40', 'is_baseline': False}]}, {'counts': 10, 'settle': 8, 'positioning': {'detector': 'L2', 'isotope': 'Ar40'}, 'cup_configuration': [{'active': True, 'detector': 'L2', 'protect': False, 'isotope': 'Ar40', 'is_baseline': False}]}],) {}
*************** Set Analysis View Ar/Ar
set_time_zero () {}
set_fits ('Ar40H1:parabolic', 'Ar40AX:parabolic', 'Ar40L2:parabolic') {}
set "Ar40H1" to "parabolic"
set "Ar40AX" to "parabolic"
set "Ar40L2" to "parabolic"
set_baseline_fits ('average_SEM',) {}
set "H1" to "average_SEM"
set "AX" to "average_SEM"
set "L2" to "average_SEM"
sleep (0.5,) {}
SLEEP 0.5
peak_hop () {'ncycles': 6, 'hops': [{'counts': 10, 'settle': 8, 'positioning': {'detector': 'H1', 'isotope': 'Ar40'}, 'cup_configuration': [{'active': True, 'detector': 'H1', 'protect': False, 'isotope': 'Ar40', 'is_baseline': False}]}, {'counts': 10, 'settle': 8, 'positioning': {'detector': 'AX', 'isotope': 'Ar40'}, 'cup_configuration': [{'active': True, 'detector': 'AX', 'protect': False, 'isotope': 'Ar40', 'is_baseline': False}]}, {'counts': 10, 'settle': 8, 'positioning': {'detector': 'L2', 'isotope': 'Ar40'}, 'cup_configuration': [{'active': True, 'detector': 'L2', 'protect': False, 'isotope': 'Ar40', 'is_baseline': False}]}], 'mftable': 'mftable'}
Using MFTable /Users/jan/PychronDev/setupfiles/spectrometer/mftables/mftable.csv
Using mftable located at /Users/jan/PychronDev/setupfiles/spectrometer/mftables/mftable.csv
get initial guess parabolic
get initial guess parabolic
get initial guess parabolic
get initial guess parabolic
get initial guess parabolic
get initial guess parabolic
adding conditionals 
make new hop generatior
add group /signal/Ar40 (Group) '' table H1
add group /signal/Ar40 (Group) '' table AX
add group /signal/Ar40 (Group) '' table L2
flush and close file /Users/jan/PychronDev/data/isotopes/82/460958-aba8-47de-aee4-52e97b8a738f.h5
measuring signal. ncounts=342.0
"signal" increment series count="2" fit count="1" regressing="True"
starting measurement
$$$$$$$$$$$$$$$$$ SETTING is_baseline False
Peak hop Detectors=['H1']
Peak hop Deflections=[None]
Peak hop DeflectionsPairs=[('H1', None)]
----------------------- HOP Ar40 H1
detector Detector(H1)
POSITION Ar40 H1
Mapping mass to dac mass func: "parabolic"
H1 map mass coeffs = [ -3.11428344e-04   1.33794662e-01   1.02923323e+00]
H1 map mass to dac 39.9624 >> 5.87864
GetDeflection H1 ===>> 0
GetHighVoltage ===>> 4500
positioning Ar40 (5.87864) on H1
setting magnet DAC
current  : 5.878640
requested: 5.878640
Delta Dac: 0.000000
Checking detector protection. dv=0.00000
Checking detector "CDD". Protection Threshold: 0.5 (V)
SetMagnetDAC 5.87864 ===>> OK
Magnet settling time: 0.500 0.500
Magnet settling complete
set_dac. change=True
update detector isotope pairing
detectors=['H1']
isotopes=['Ar40']
updating pairing H1 - Ar40
could not locate det=H1 iso=Ar40
Join finished
delaying 8 for detectors to settle after peak hop
testing H1<-5.0
evaluate ot="H1.bs<-5.0" t="H1<-5.0", ctx="{'H1': 0.11146108791444702}"
testing H1<-5.0
evaluate ot="H1.bs<-5.0" t="H1<-5.0", ctx="{'H1': 0.11146108791444702}"
$$$$$$$$$$$$$$$$$ SETTING is_baseline False
Peak hop Detectors=['AX']
Peak hop Deflections=[None]
Peak hop DeflectionsPairs=[('AX', None)]
----------------------- HOP Ar40 AX
detector Detector(AX)
POSITION Ar40 AX
Mapping mass to dac mass func: "parabolic"
AX map mass coeffs = [-0.00065973  0.16177525  0.58110918]
AX map mass to dac 39.9624 >> 5.99246
GetDeflection AX ===>> 190
GetHighVoltage ===>> 4500
positioning Ar40 (5.987677) on AX
setting magnet DAC
current  : 5.878640
requested: 5.987677
Delta Dac: 0.109037
Checking detector protection. dv=0.10904
Checking detector "CDD". Protection Threshold: 0.5 (V)
SetMagnetDAC 5.987677 ===>> OK
Magnet settling time: 0.500 0.500
Magnet settling complete
set_dac. change=True
update detector isotope pairing
detectors=['AX']
isotopes=['Ar40']
updating pairing AX - Ar40
could not locate det=AX iso=Ar40
Join finished
delaying 8 for detectors to settle after peak hop
testing H1<-5.0
evaluate ot="H1.bs<-5.0" t="H1<-5.0", ctx="{'H1': 0.11146108791444702}"
testing H1<-5.0
evaluate ot="H1.bs<-5.0" t="H1<-5.0", ctx="{'H1': 0.11146108791444702}"
$$$$$$$$$$$$$$$$$ SETTING is_baseline False
Peak hop Detectors=['L2']
Peak hop Deflections=[None]
Peak hop DeflectionsPairs=[('L2', None)]
----------------------- HOP Ar40 L2
detector Detector(L2)
POSITION Ar40 L2
Mapping mass to dac mass func: "parabolic"
L2 map mass coeffs = [  5.82480384e-04   7.14948689e-02   2.44396611e+00]
L2 map mass to dac 39.9624 >> 6.23129
GetDeflection L2 ===>> 825
GetHighVoltage ===>> 4500
positioning Ar40 (6.219536) on L2
setting magnet DAC
current  : 5.987677
requested: 6.219536
Delta Dac: 0.231859
Checking detector protection. dv=0.23186
Checking detector "CDD". Protection Threshold: 0.5 (V)
SetMagnetDAC 6.219536 ===>> OK
Magnet settling time: 0.500 0.500
Magnet settling complete
set_dac. change=True
update detector isotope pairing
detectors=['L2']
isotopes=['Ar40']
updating pairing L2 - Ar40
could not locate det=L2 iso=Ar40
Join finished
delaying 8 for detectors to settle after peak hop
testing H1<-5.0
evaluate ot="H1.bs<-5.0" t="H1<-5.0", ctx="{'H1': 0.11146108791444702}"
testing H1<-5.0
evaluate ot="H1.bs<-5.0" t="H1<-5.0", ctx="{'H1': 0.11146108791444702}"
$$$$$$$$$$$$$$$$$ SETTING is_baseline False
Peak hop Detectors=['H1']
Peak hop Deflections=[None]
Peak hop DeflectionsPairs=[('H1', None)]
----------------------- HOP Ar40 H1
detector Detector(H1)
POSITION Ar40 H1
Mapping mass to dac mass func: "parabolic"
H1 map mass coeffs = [ -3.11428344e-04   1.33794662e-01   1.02923323e+00]
H1 map mass to dac 39.9624 >> 5.87864
GetDeflection H1 ===>> 0
GetHighVoltage ===>> 4500
positioning Ar40 (5.87864) on H1
setting magnet DAC
current  : 6.219536
requested: 5.878640
Delta Dac: 0.340896
Checking detector protection. dv=0.34090
Checking detector "CDD". Protection Threshold: 0.5 (V)
SetMagnetDAC 5.87864 ===>> OK
Magnet settling time: 0.500 0.500
Magnet settling complete
set_dac. change=True
update detector isotope pairing
detectors=['H1']
isotopes=['Ar40']
updating pairing H1 - Ar40
could not locate det=H1 iso=Ar40
Join finished
delaying 8 for detectors to settle after peak hop
testing H1<-5.0
evaluate ot="H1.bs<-5.0" t="H1<-5.0", ctx="{'H1': 0.11146108791444702}"
testing H1<-5.0
evaluate ot="H1.bs<-5.0" t="H1<-5.0", ctx="{'H1': 0.11146108791444702}"
$$$$$$$$$$$$$$$$$ SETTING is_baseline False
Peak hop Detectors=['AX']
Peak hop Deflections=[None]
Peak hop DeflectionsPairs=[('AX', None)]
----------------------- HOP Ar40 AX
detector Detector(AX)
POSITION Ar40 AX
Mapping mass to dac mass func: "parabolic"
AX map mass coeffs = [-0.00065973  0.16177525  0.58110918]
AX map mass to dac 39.9624 >> 5.99246
GetDeflection AX ===>> 190
GetHighVoltage ===>> 4500
positioning Ar40 (5.987677) on AX
setting magnet DAC
current  : 5.878640
requested: 5.987677
Delta Dac: 0.109037
Checking detector protection. dv=0.10904
Checking detector "CDD". Protection Threshold: 0.5 (V)
SetMagnetDAC 5.987677 ===>> OK
Magnet settling time: 0.500 0.500
Magnet settling complete
set_dac. change=True
update detector isotope pairing
detectors=['AX']
isotopes=['Ar40']
updating pairing AX - Ar40
could not locate det=AX iso=Ar40
Join finished
delaying 8 for detectors to settle after peak hop
testing H1<-5.0
evaluate ot="H1.bs<-5.0" t="H1<-5.0", ctx="{'H1': 0.11146108791444702}"
testing H1<-5.0
evaluate ot="H1.bs<-5.0" t="H1<-5.0", ctx="{'H1': 0.11146108791444702}"
17:58:06 -- collecting point 50
$$$$$$$$$$$$$$$$$ SETTING is_baseline False
Peak hop Detectors=['L2']
Peak hop Deflections=[None]
Peak hop DeflectionsPairs=[('L2', None)]
----------------------- HOP Ar40 L2
detector Detector(L2)
POSITION Ar40 L2
Mapping mass to dac mass func: "parabolic"
L2 map mass coeffs = [  5.82480384e-04   7.14948689e-02   2.44396611e+00]
L2 map mass to dac 39.9624 >> 6.23129
GetDeflection L2 ===>> 825
GetHighVoltage ===>> 4500
positioning Ar40 (6.219536) on L2
setting magnet DAC
current  : 5.987677
requested: 6.219536
Delta Dac: 0.231859
Checking detector protection. dv=0.23186
Checking detector "CDD". Protection Threshold: 0.5 (V)
SetMagnetDAC 6.219536 ===>> OK
Magnet settling time: 0.500 0.500
Magnet settling complete
set_dac. change=True
update detector isotope pairing
detectors=['L2']
isotopes=['Ar40']
updating pairing L2 - Ar40
could not locate det=L2 iso=Ar40
Join finished
delaying 8 for detectors to settle after peak hop
testing H1<-5.0
evaluate ot="H1.bs<-5.0" t="H1<-5.0", ctx="{'H1': 0.11146108791444702}"
testing H1<-5.0
evaluate ot="H1.bs<-5.0" t="H1<-5.0", ctx="{'H1': 0.11146108791444702}"
$$$$$$$$$$$$$$$$$ SETTING is_baseline False
Peak hop Detectors=['H1']
Peak hop Deflections=[None]
Peak hop DeflectionsPairs=[('H1', None)]
----------------------- HOP Ar40 H1
detector Detector(H1)
POSITION Ar40 H1
Mapping mass to dac mass func: "parabolic"
H1 map mass coeffs = [ -3.11428344e-04   1.33794662e-01   1.02923323e+00]
H1 map mass to dac 39.9624 >> 5.87864
GetDeflection H1 ===>> 0
GetHighVoltage ===>> 4500
positioning Ar40 (5.87864) on H1
setting magnet DAC
current  : 6.219536
requested: 5.878640
Delta Dac: 0.340896
Checking detector protection. dv=0.34090
Checking detector "CDD". Protection Threshold: 0.5 (V)
SetMagnetDAC 5.87864 ===>> OK
Magnet settling time: 0.500 0.500
Magnet settling complete
set_dac. change=True
update detector isotope pairing
detectors=['H1']
isotopes=['Ar40']
updating pairing H1 - Ar40
could not locate det=H1 iso=Ar40
Join finished
delaying 8 for detectors to settle after peak hop
testing H1<-5.0
evaluate ot="H1.bs<-5.0" t="H1<-5.0", ctx="{'H1': 0.11146108791444702}"
testing H1<-5.0
evaluate ot="H1.bs<-5.0" t="H1<-5.0", ctx="{'H1': 0.11146108791444702}"
$$$$$$$$$$$$$$$$$ SETTING is_baseline False
Peak hop Detectors=['AX']
Peak hop Deflections=[None]
Peak hop DeflectionsPairs=[('AX', None)]
----------------------- HOP Ar40 AX
detector Detector(AX)
POSITION Ar40 AX
Mapping mass to dac mass func: "parabolic"
AX map mass coeffs = [-0.00065973  0.16177525  0.58110918]
AX map mass to dac 39.9624 >> 5.99246
GetDeflection AX ===>> 190
GetHighVoltage ===>> 4500
positioning Ar40 (5.987677) on AX
setting magnet DAC
current  : 5.878640
requested: 5.987677
Delta Dac: 0.109037
Checking detector protection. dv=0.10904
Checking detector "CDD". Protection Threshold: 0.5 (V)
SetMagnetDAC 5.987677 ===>> OK
Magnet settling time: 0.500 0.500
Magnet settling complete
set_dac. change=True
update detector isotope pairing
detectors=['AX']
isotopes=['Ar40']
updating pairing AX - Ar40
could not locate det=AX iso=Ar40
Join finished
delaying 8 for detectors to settle after peak hop
testing H1<-5.0
evaluate ot="H1.bs<-5.0" t="H1<-5.0", ctx="{'H1': 0.11146108791444702}"
testing H1<-5.0
evaluate ot="H1.bs<-5.0" t="H1<-5.0", ctx="{'H1': 0.11146108791444702}"
$$$$$$$$$$$$$$$$$ SETTING is_baseline False
Peak hop Detectors=['L2']
Peak hop Deflections=[None]
Peak hop DeflectionsPairs=[('L2', None)]
----------------------- HOP Ar40 L2
detector Detector(L2)
POSITION Ar40 L2
Mapping mass to dac mass func: "parabolic"
L2 map mass coeffs = [  5.82480384e-04   7.14948689e-02   2.44396611e+00]
L2 map mass to dac 39.9624 >> 6.23129
GetDeflection L2 ===>> 825
GetHighVoltage ===>> 4500
positioning Ar40 (6.219536) on L2
setting magnet DAC
current  : 5.987677
requested: 6.219536
Delta Dac: 0.231859
Checking detector protection. dv=0.23186
Checking detector "CDD". Protection Threshold: 0.5 (V)
SetMagnetDAC 6.219536 ===>> OK
Magnet settling time: 0.500 0.500
Magnet settling complete
set_dac. change=True
update detector isotope pairing
detectors=['L2']
isotopes=['Ar40']
updating pairing L2 - Ar40
could not locate det=L2 iso=Ar40
Join finished
delaying 8 for detectors to settle after peak hop
testing H1<-5.0
evaluate ot="H1.bs<-5.0" t="H1<-5.0", ctx="{'H1': 0.11146108791444702}"
testing H1<-5.0
evaluate ot="H1.bs<-5.0" t="H1<-5.0", ctx="{'H1': 0.11146108791444702}"
$$$$$$$$$$$$$$$$$ SETTING is_baseline False
Peak hop Detectors=['H1']
Peak hop Deflections=[None]
Peak hop DeflectionsPairs=[('H1', None)]
----------------------- HOP Ar40 H1
detector Detector(H1)
POSITION Ar40 H1
Mapping mass to dac mass func: "parabolic"
H1 map mass coeffs = [ -3.11428344e-04   1.33794662e-01   1.02923323e+00]
H1 map mass to dac 39.9624 >> 5.87864
GetDeflection H1 ===>> 0
GetHighVoltage ===>> 4500
positioning Ar40 (5.87864) on H1
setting magnet DAC
current  : 6.219536
requested: 5.878640
Delta Dac: 0.340896
Checking detector protection. dv=0.34090
Checking detector "CDD". Protection Threshold: 0.5 (V)
SetMagnetDAC 5.87864 ===>> OK
Magnet settling time: 0.500 0.500
Magnet settling complete
set_dac. change=True
update detector isotope pairing
detectors=['H1']
isotopes=['Ar40']
updating pairing H1 - Ar40
could not locate det=H1 iso=Ar40
Join finished
delaying 8 for detectors to settle after peak hop
testing H1<-5.0
evaluate ot="H1.bs<-5.0" t="H1<-5.0", ctx="{'H1': 0.11146108791444702}"
testing H1<-5.0
evaluate ot="H1.bs<-5.0" t="H1<-5.0", ctx="{'H1': 0.11146108791444702}"
17:59:37 -- collecting point 100
$$$$$$$$$$$$$$$$$ SETTING is_baseline False
Peak hop Detectors=['AX']
Peak hop Deflections=[None]
Peak hop DeflectionsPairs=[('AX', None)]
----------------------- HOP Ar40 AX
detector Detector(AX)
POSITION Ar40 AX
Mapping mass to dac mass func: "parabolic"
AX map mass coeffs = [-0.00065973  0.16177525  0.58110918]
AX map mass to dac 39.9624 >> 5.99246
GetDeflection AX ===>> 190
GetHighVoltage ===>> 4500
positioning Ar40 (5.987677) on AX
setting magnet DAC
current  : 5.878640
requested: 5.987677
Delta Dac: 0.109037
Checking detector protection. dv=0.10904
Checking detector "CDD". Protection Threshold: 0.5 (V)
SetMagnetDAC 5.987677 ===>> OK
Magnet settling time: 0.500 0.500
Magnet settling complete
set_dac. change=True
update detector isotope pairing
detectors=['AX']
isotopes=['Ar40']
updating pairing AX - Ar40
could not locate det=AX iso=Ar40
Join finished
delaying 8 for detectors to settle after peak hop
testing H1<-5.0
evaluate ot="H1.bs<-5.0" t="H1<-5.0", ctx="{'H1': 0.11146108791444702}"
testing H1<-5.0
evaluate ot="H1.bs<-5.0" t="H1<-5.0", ctx="{'H1': 0.11146108791444702}"
$$$$$$$$$$$$$$$$$ SETTING is_baseline False
Peak hop Detectors=['L2']
Peak hop Deflections=[None]
Peak hop DeflectionsPairs=[('L2', None)]
----------------------- HOP Ar40 L2
detector Detector(L2)
POSITION Ar40 L2
Mapping mass to dac mass func: "parabolic"
L2 map mass coeffs = [  5.82480384e-04   7.14948689e-02   2.44396611e+00]
L2 map mass to dac 39.9624 >> 6.23129
GetDeflection L2 ===>> 825
GetHighVoltage ===>> 4500
positioning Ar40 (6.219536) on L2
setting magnet DAC
current  : 5.987677
requested: 6.219536
Delta Dac: 0.231859
Checking detector protection. dv=0.23186
Checking detector "CDD". Protection Threshold: 0.5 (V)
SetMagnetDAC 6.219536 ===>> OK
Magnet settling time: 0.500 0.500
Magnet settling complete
set_dac. change=True
update detector isotope pairing
detectors=['L2']
isotopes=['Ar40']
updating pairing L2 - Ar40
could not locate det=L2 iso=Ar40
Join finished
delaying 8 for detectors to settle after peak hop
testing H1<-5.0
evaluate ot="H1.bs<-5.0" t="H1<-5.0", ctx="{'H1': 0.11146108791444702}"
testing H1<-5.0
evaluate ot="H1.bs<-5.0" t="H1<-5.0", ctx="{'H1': 0.11146108791444702}"
$$$$$$$$$$$$$$$$$ SETTING is_baseline False
Peak hop Detectors=['H1']
Peak hop Deflections=[None]
Peak hop DeflectionsPairs=[('H1', None)]
----------------------- HOP Ar40 H1
detector Detector(H1)
POSITION Ar40 H1
Mapping mass to dac mass func: "parabolic"
H1 map mass coeffs = [ -3.11428344e-04   1.33794662e-01   1.02923323e+00]
H1 map mass to dac 39.9624 >> 5.87864
GetDeflection H1 ===>> 0
GetHighVoltage ===>> 4500
positioning Ar40 (5.87864) on H1
setting magnet DAC
current  : 6.219536
requested: 5.878640
Delta Dac: 0.340896
Checking detector protection. dv=0.34090
Checking detector "CDD". Protection Threshold: 0.5 (V)
SetMagnetDAC 5.87864 ===>> OK
Magnet settling time: 0.500 0.500
Magnet settling complete
set_dac. change=True
update detector isotope pairing
detectors=['H1']
isotopes=['Ar40']
updating pairing H1 - Ar40
could not locate det=H1 iso=Ar40
Join finished
delaying 8 for detectors to settle after peak hop
testing H1<-5.0
evaluate ot="H1.bs<-5.0" t="H1<-5.0", ctx="{'H1': 0.11146108791444702}"
testing H1<-5.0
evaluate ot="H1.bs<-5.0" t="H1<-5.0", ctx="{'H1': 0.11146108791444702}"
$$$$$$$$$$$$$$$$$ SETTING is_baseline False
Peak hop Detectors=['AX']
Peak hop Deflections=[None]
Peak hop DeflectionsPairs=[('AX', None)]
----------------------- HOP Ar40 AX
detector Detector(AX)
POSITION Ar40 AX
Mapping mass to dac mass func: "parabolic"
AX map mass coeffs = [-0.00065973  0.16177525  0.58110918]
AX map mass to dac 39.9624 >> 5.99246
GetDeflection AX ===>> 190
GetHighVoltage ===>> 4500
positioning Ar40 (5.987677) on AX
setting magnet DAC
current  : 5.878640
requested: 5.987677
Delta Dac: 0.109037
Checking detector protection. dv=0.10904
Checking detector "CDD". Protection Threshold: 0.5 (V)
SetMagnetDAC 5.987677 ===>> OK
Magnet settling time: 0.500 0.500
Magnet settling complete
set_dac. change=True
update detector isotope pairing
detectors=['AX']
isotopes=['Ar40']
updating pairing AX - Ar40
could not locate det=AX iso=Ar40
Join finished
delaying 8 for detectors to settle after peak hop
testing H1<-5.0
evaluate ot="H1.bs<-5.0" t="H1<-5.0", ctx="{'H1': 0.11146108791444702}"
testing H1<-5.0
evaluate ot="H1.bs<-5.0" t="H1<-5.0", ctx="{'H1': 0.11146108791444702}"
$$$$$$$$$$$$$$$$$ SETTING is_baseline False
Peak hop Detectors=['L2']
Peak hop Deflections=[None]
Peak hop DeflectionsPairs=[('L2', None)]
----------------------- HOP Ar40 L2
detector Detector(L2)
POSITION Ar40 L2
Mapping mass to dac mass func: "parabolic"
L2 map mass coeffs = [  5.82480384e-04   7.14948689e-02   2.44396611e+00]
L2 map mass to dac 39.9624 >> 6.23129
GetDeflection L2 ===>> 825
GetHighVoltage ===>> 4500
positioning Ar40 (6.219536) on L2
setting magnet DAC
current  : 5.987677
requested: 6.219536
Delta Dac: 0.231859
Checking detector protection. dv=0.23186
Checking detector "CDD". Protection Threshold: 0.5 (V)
SetMagnetDAC 6.219536 ===>> OK
Magnet settling time: 0.500 0.500
Magnet settling complete
set_dac. change=True
update detector isotope pairing
detectors=['L2']
isotopes=['Ar40']
updating pairing L2 - Ar40
could not locate det=L2 iso=Ar40
Join finished
delaying 8 for detectors to settle after peak hop
testing H1<-5.0
evaluate ot="H1.bs<-5.0" t="H1<-5.0", ctx="{'H1': 0.11146108791444702}"
testing H1<-5.0
evaluate ot="H1.bs<-5.0" t="H1<-5.0", ctx="{'H1': 0.11146108791444702}"
18:01:07 -- collecting point 150
$$$$$$$$$$$$$$$$$ SETTING is_baseline False
Peak hop Detectors=['H1']
Peak hop Deflections=[None]
Peak hop DeflectionsPairs=[('H1', None)]
----------------------- HOP Ar40 H1
detector Detector(H1)
POSITION Ar40 H1
Mapping mass to dac mass func: "parabolic"
H1 map mass coeffs = [ -3.11428344e-04   1.33794662e-01   1.02923323e+00]
H1 map mass to dac 39.9624 >> 5.87864
GetDeflection H1 ===>> 0
GetHighVoltage ===>> 4500
positioning Ar40 (5.87864) on H1
setting magnet DAC
current  : 6.219536
requested: 5.878640
Delta Dac: 0.340896
Checking detector protection. dv=0.34090
Checking detector "CDD". Protection Threshold: 0.5 (V)
SetMagnetDAC 5.87864 ===>> OK
Magnet settling time: 0.500 0.500
Magnet settling complete
set_dac. change=True
update detector isotope pairing
detectors=['H1']
isotopes=['Ar40']
updating pairing H1 - Ar40
could not locate det=H1 iso=Ar40
Join finished
delaying 8 for detectors to settle after peak hop
testing H1<-5.0
evaluate ot="H1.bs<-5.0" t="H1<-5.0", ctx="{'H1': 0.11146108791444702}"
testing H1<-5.0
evaluate ot="H1.bs<-5.0" t="H1<-5.0", ctx="{'H1': 0.11146108791444702}"
$$$$$$$$$$$$$$$$$ SETTING is_baseline False
Peak hop Detectors=['AX']
Peak hop Deflections=[None]
Peak hop DeflectionsPairs=[('AX', None)]
----------------------- HOP Ar40 AX
detector Detector(AX)
POSITION Ar40 AX
Mapping mass to dac mass func: "parabolic"
AX map mass coeffs = [-0.00065973  0.16177525  0.58110918]
AX map mass to dac 39.9624 >> 5.99246
GetDeflection AX ===>> 190
GetHighVoltage ===>> 4500
positioning Ar40 (5.987677) on AX
setting magnet DAC
current  : 5.878640
requested: 5.987677
Delta Dac: 0.109037
Checking detector protection. dv=0.10904
Checking detector "CDD". Protection Threshold: 0.5 (V)
SetMagnetDAC 5.987677 ===>> OK
Magnet settling time: 0.500 0.500
Magnet settling complete
set_dac. change=True
update detector isotope pairing
detectors=['AX']
isotopes=['Ar40']
updating pairing AX - Ar40
could not locate det=AX iso=Ar40
Join finished
delaying 8 for detectors to settle after peak hop
testing H1<-5.0
evaluate ot="H1.bs<-5.0" t="H1<-5.0", ctx="{'H1': 0.11146108791444702}"
testing H1<-5.0
evaluate ot="H1.bs<-5.0" t="H1<-5.0", ctx="{'H1': 0.11146108791444702}"
$$$$$$$$$$$$$$$$$ SETTING is_baseline False
Peak hop Detectors=['L2']
Peak hop Deflections=[None]
Peak hop DeflectionsPairs=[('L2', None)]
----------------------- HOP Ar40 L2
detector Detector(L2)
POSITION Ar40 L2
Mapping mass to dac mass func: "parabolic"
L2 map mass coeffs = [  5.82480384e-04   7.14948689e-02   2.44396611e+00]
L2 map mass to dac 39.9624 >> 6.23129
GetDeflection L2 ===>> 825
GetHighVoltage ===>> 4500
positioning Ar40 (6.219536) on L2
setting magnet DAC
current  : 5.987677
requested: 6.219536
Delta Dac: 0.231859
Checking detector protection. dv=0.23186
Checking detector "CDD". Protection Threshold: 0.5 (V)
SetMagnetDAC 6.219536 ===>> OK
Magnet settling time: 0.500 0.500
Magnet settling complete
set_dac. change=True
update detector isotope pairing
detectors=['L2']
isotopes=['Ar40']
updating pairing L2 - Ar40
could not locate det=L2 iso=Ar40
Join finished
delaying 8 for detectors to settle after peak hop
testing H1<-5.0
evaluate ot="H1.bs<-5.0" t="H1<-5.0", ctx="{'H1': 0.11146108791444702}"
testing H1<-5.0
evaluate ot="H1.bs<-5.0" t="H1<-5.0", ctx="{'H1': 0.11146108791444702}"
$$$$$$$$$$$$$$$$$ SETTING is_baseline False
waiting for write to finish
measurement finished
estimated time: 358.613 actual time: :326.268
flush and close file /Users/jan/PychronDev/data/isotopes/82/460958-aba8-47de-aee4-52e97b8a738f.h5
define_detectors ('Ar40', 'H1') {}
setting detector H2 to Ar41 (40.9624)
setting detector H1 to Ar40 (39.9624)
setting detector AX to Ar39 (38.9624)
setting detector L1 to Ar38 (37.9624)
setting detector L2 to Ar37 (36.9624)
setting detector CDD to Ar36 (35.9624)
define_detectors ('Ar39', 'AX') {}
setting detector H2 to Ar41 (40.964)
setting detector H1 to Ar40 (39.964)
setting detector AX to Ar39 (38.964)
setting detector L1 to Ar38 (37.964)
setting detector L2 to Ar37 (36.964)
setting detector CDD to Ar36 (35.964)
define_detectors ('Ar37', 'L2') {}
setting detector H2 to Ar41 (40.9668)
setting detector H1 to Ar40 (39.9668)
setting detector AX to Ar39 (38.9668)
setting detector L1 to Ar38 (37.9668)
setting detector L2 to Ar37 (36.9668)
setting detector CDD to Ar36 (35.9668)
baselines () {'settling_time': 15, 'detector': 'H1', 'mass': 34.2, 'ncounts': 75}
%%%%%%%%%%%%%%%%%%%%%%%%%%%%%%%% Baseline
build tables- baseline [Detector(H1), Detector(AX), Detector(L2)]
add group baseline table H1
add group baseline table AX
add group baseline table L2
flush and close file /Users/jan/PychronDev/data/isotopes/82/460958-aba8-47de-aee4-52e97b8a738f.h5
detector Detector(H1)
POSITION 34.2 H1
Mapping mass to dac mass func: "parabolic"
H1 map mass coeffs = [ -3.11428344e-04   1.33794662e-01   1.02923323e+00]
H1 map mass to dac 34.2 >> 5.24075160773
GetDeflection H1 ===>> 0
GetHighVoltage ===>> 4500
positioning 34.2 (5.24075160773) on H1
setting magnet DAC
current  : 6.219536
requested: 5.240752
Delta Dac: 0.978784
Checking detector protection. dv=0.97878
Checking detector "CDD". Protection Threshold: 0.5 (V)
ProtectDetector CDD,On ===>> OK
GetDeflection CDD ===>> 2000
Protected = 2000
SetMagnetDAC 5.24075160773 ===>> OK
Magnet settling time: 0.500 0.500
Magnet settling complete
Wait for magnet to stop moving
GetMagnetMoving ===>> True
GetMagnetMoving ===>> True
GetMagnetMoving ===>> True
GetMagnetMoving ===>> True
GetMagnetMoving ===>> True
GetMagnetMoving ===>> True
GetMagnetMoving ===>> True
GetMagnetMoving ===>> True
GetMagnetMoving ===>> True
GetMagnetMoving ===>> False
Magnet move complete
Unprotect detectors
ProtectDetector CDD,Off ===>> OK
GetDeflection CDD ===>> 2000
set_dac. change=True
Delaying 15s for detectors to settle
Join finished
measuring baseline. ncounts=75
"baseline" increment series count="2" fit count="1" regressing="True"
starting measurement
testing H1<-5.0
evaluate ot="H1.bs<-5.0" t="H1<-5.0", ctx="{'H1': 0.10700164932699868}"
set states for children of V. state=True
handle state [('V', True)]
update switch state V True args=() kw={'refresh': False} ncanvase=4
refresh_canvas_needed fired
testing H1<-5.0
evaluate ot="H1.bs<-5.0" t="H1<-5.0", ctx="{'H1': 0.08861226490161572}"
testing H1<-5.0
evaluate ot="H1.bs<-5.0" t="H1<-5.0", ctx="{'H1': 0.08704987834827134}"
testing H1<-5.0
evaluate ot="H1.bs<-5.0" t="H1<-5.0", ctx="{'H1': 0.08779169636681301}"
testing H1<-5.0
evaluate ot="H1.bs<-5.0" t="H1<-5.0", ctx="{'H1': 0.08927826960333052}"
18:02:46 -- collecting point 25
testing H1<-5.0
evaluate ot="H1.bs<-5.0" t="H1<-5.0", ctx="{'H1': 0.08734360708047587}"
testing H1<-5.0
evaluate ot="H1.bs<-5.0" t="H1<-5.0", ctx="{'H1': 0.08981820788209298}"
testing H1<-5.0
evaluate ot="H1.bs<-5.0" t="H1<-5.0", ctx="{'H1': 0.08659734419598425}"
testing H1<-5.0
evaluate ot="H1.bs<-5.0" t="H1<-5.0", ctx="{'H1': 0.08655811142455876}"
testing H1<-5.0
evaluate ot="H1.bs<-5.0" t="H1<-5.0", ctx="{'H1': 0.08801671889478917}"
18:03:13 -- collecting point 50
testing H1<-5.0
evaluate ot="H1.bs<-5.0" t="H1<-5.0", ctx="{'H1': 0.08674971886606754}"
testing H1<-5.0
evaluate ot="H1.bs<-5.0" t="H1<-5.0", ctx="{'H1': 0.0837357309496188}"
testing H1<-5.0
evaluate ot="H1.bs<-5.0" t="H1<-5.0", ctx="{'H1': 0.08299554360574757}"
testing H1<-5.0
evaluate ot="H1.bs<-5.0" t="H1<-5.0", ctx="{'H1': 0.08225328665405476}"
set states for children of Q. state=False
handle state [('Q', False)]
update switch state Q False args=() kw={'refresh': False} ncanvase=4
refresh_canvas_needed fired
set states for children of D. state=False
set states for children of I. state=True
handle state [('D', False), ('I', True)]
update switch state D False args=() kw={'refresh': True} ncanvase=4
update switch state I True args=() kw={'refresh': False} ncanvase=4
refresh_canvas_needed fired
State checksums do not match. Local:-869564398 Remote:611344307
State checksum failed
testing H1<-5.0
evaluate ot="H1.bs<-5.0" t="H1<-5.0", ctx="{'H1': 0.08203863050286729}"
18:03:39 -- collecting point 75
set states for children of B. state=False
handle state [('B', False)]
update switch state B False args=() kw={'refresh': False} ncanvase=4
refresh_canvas_needed fired
waiting for write to finish
measurement finished
estimated time: 78.643 actual time: :78.859
flush and close file /Users/jan/PychronDev/data/isotopes/82/460958-aba8-47de-aee4-52e97b8a738f.h5
set_deflection ('CDD', 50) {}
setting spectrometer parameter SetDeflection CDD,50
SetDeflection CDD,50 ===>> OK
finished measure script
executed snippet estimated_duration=94.5, duration=424.719208002
jan_ic_peak_hop3_no_eq.py completed successfully
Measurement Finished
18:03:40 -- ******* Measurement Finished *******
Post Measurement Started jan_pump_ms.py
18:03:40 -- ******* Post Measurement Started jan_pump_ms.py *******
testing...
no interpolation path defined
executed snippet estimated_duration=0, duration=4.6968460083e-05
Pumping spectrometer
open () {'name': 'O'}
open name=O desc=---
checking ownership. requestor=129.138.12.150
check software interlocks O
interlocks []
actuate state mode=None-script, software_lock=False
doing actuation None-script open_channel True
Open O ===>> OK
GetIndicatorState O ===>> OK
change switch state (True, True)
update switch state O True args=() kw={} ncanvase=4
18:03:40 -- OPEN   VALVE-O (Jan Ion Pump)
-------------------------- open O () result=[(True, True)]
action=open, ok=True, locked=[False]
executed snippet estimated_duration=0, duration=0.349223136902
jan_pump_ms.py completed successfully
setting _ms_pumptime
Post Measurement Finished
18:03:40 -- ******* Post Measurement Finished *******
$$$$$$$$$$$$$$$$$$$$ state at run end measurement
state changed from measurement to success
post measurement save measured=True aborted=False
Set filtering
setting fod for Ar40= {'filter_outliers': False, 'std_devs': 2, 'iterations': 1}
setting fod for H1= {'filter_outliers': False, 'std_devs': 2, 'iterations': 1}
setting fod for Ar40= {'filter_outliers': False, 'std_devs': 2, 'iterations': 1}
setting fod for AX= {'filter_outliers': False, 'std_devs': 2, 'iterations': 1}
setting fod for Ar40= {'filter_outliers': False, 'std_devs': 2, 'iterations': 1}
setting fod for L2= {'filter_outliers': False, 'std_devs': 2, 'iterations': 1}
not connected to db mysql://janexp@129.138.12.160/labspy
set states for children of Y. state=True
handle state [('Y', True)]
update switch state Y True args=() kw={'refresh': False} ncanvase=4
refresh_canvas_needed fired
Enviromentals: {'lab_humiditys': [{'device': 'EnvironmentalMonitor',
                    'name': 'Lab Hum.',
                    'pub_date': '2017-06-21T17:53:15',
                    'title': 'iServer Hum.',
                    'value': 29.7}],
 'lab_pneumatics': [{'device': 'AirPressure',
                     'name': 'Pressure',
                     'pub_date': '2017-06-21T18:02:15',
                     'title': None,
                     'value': 111.3},
                    {'device': 'AirPressure2',
                     'name': 'Pressure2',
                     'pub_date': '2017-06-21T18:02:16',
                     'title': None,
                     'value': 113.80096}],
 'lab_temperatures': [{'device': 'Coldfinger',
                       'name': 'ColdFinger Temp.',
                       'pub_date': '2017-06-21T11:33:31',
                       'title': None,
                       'value': -193.0},
                      {'device': 'EnvironmentalMonitor',
                       'name': 'Lab Temp.',
                       'pub_date': '2017-06-21T17:56:16',
                       'title': 'iServer Temp.',
                       'value': 76.4},
                      {'device': 'Chiller',
                       'name': 'Coolant Temp.',
                       'pub_date': '2017-06-21T17:59:15',
                       'title': None,
                       'value': 18.0555555555556}]}
persistence save...
persistence save - db
post measurement save
5273610768 connecting to database sqlite://@/
connected to db sqlite://@/
create new session 5273610768
close session 5273610768
No database instance. Not saving post measurement to isotopedb database
$$$$$$$$$$$$$$$ auto_save_detector_ic=False
persistence save - dvc
================= post measurement started
create new session 4940593488
close session 4940593488
---------------- Experiment Queue saving disabled
DVC saving peakcenter
Smart pull ahead: 0 behind: 0
Up-to-date with origin
add to repo msg=modified - ad8224ebc6dbfeb9f5997218dfa5fe690569839d.json
add to repo msg=modified - -J-498.json
add to repo msg=modified - -J-498.dat.json
add to repo msg=modified - -J-498.blan.json
add to repo msg=modified - -J-498.inte.json
add to repo msg=modified - -J-498.icfa.json
add to repo msg=modified - -J-498.base.json
not at valid file /Users/jan/PychronDev/data/.dvc/repositories/laboratory/ic-01/tags/-J-498.tags.json
add to repo msg=modified - -J-498.peak.json
not at valid file /Users/jan/PychronDev/data/.dvc/repositories/laboratory/ic-01/extraction/-J-498.extr.json
not at valid file /Users/jan/PychronDev/data/.dvc/repositories/laboratory/ic-01/monitor/-J-498.moni.json
commit message=<COLLECTION>
add to repo msg=modified - -J-498.inte.json
add to repo msg=modified - -J-498.base.json
commit message=<ISOEVO> default collection fits
add to repo msg=modified - -J-498.blan.json
commit message=<BLANKS> preceding 
add to repo msg=modified - -J-498.icfa.json
commit message=<ICFactor> default
push repository <pychron.git_archive.repo_manager.GitRepoManager object at 0x129ee2bf0>
pushing to remote=origin, url=https://github.com
State checksums do not match. Local:77604501 Remote:1104366075
State checksum failed
set states for children of Y. state=False
set states for children of Z. state=True
handle state [('Y', False), ('Z', True)]
update switch state Y False args=() kw={'refresh': True} ncanvase=4
update switch state Z True args=() kw={'refresh': False} ncanvase=4
refresh_canvas_needed fired
no changes to meta repo
create new session 4940593488
add association laboratory
get identifier "ic-01-J"
setting analysis irradiation position=<pychron.dvc.dvc_orm.IrradiationPositionTbl object at 0x12b8c4fd0>
close session 4940593488
================= post measurement finished
18:04:01 -- ******* Post Run Check *******
loading queue conditionals post_run_actions
loading system conditionals post_run_actions
loading conditionals from /Users/jan/PychronDev/setupfiles/spectrometer/default_conditionals.yaml
loading queue conditionals post_run_terminations
loading system conditionals post_run_terminations
loading conditionals from /Users/jan/PychronDev/setupfiles/spectrometer/default_conditionals.yaml
Checking default post run terminations n=1
GetDeflection CDD ===>> 50
testing CDD==2000
evaluate ot="CDD.deflection==2000" t="CDD==2000", ctx="{'CDD': 50.0}"
18:04:01 -- ******* Post Run Check Passed *******
18:04:01 -- Automated run ic-01-J-498 success duration: 449.584 s
----------------- finish -----------------
----------------- stop -----------------
retroactive repository identifiers disabled
finish run. runs completed=4
update duration runid=ic-01-J-498, duration=449.584374189, md5=09592304
write rem/ex queues
/Users/jan/PychronDev/experiments/rem/Test_For_Drift_06-20-2017-013.rem.txt
/Users/jan/PychronDev/experiments/rem/Test_For_Drift_06-20-2017-013.ex.txt
doing event level: 3
add run
