do run
loading script "jan_ic_peak_hop3_no_eq.py"
loading script "jan_pump_ms.py"
loading script "jan_pump_extraction_line.py"
testing...
no interpolation path defined
executed snippet estimated_duration=94.0, duration=0.00851798057556
script duration name:ic_peak_hop3_no_eq seconds:94.0
loading script "jan_ic_peak_hop3_no_eq.py"
loading script "jan_pump_ms.py"
loading script "jan_pump_extraction_line.py"
testing...
no interpolation path defined
executed snippet estimated_duration=0, duration=2.28881835938e-05
loading script "jan_ic_peak_hop3_no_eq.py"
loading script "jan_pump_ms.py"
loading script "jan_pump_extraction_line.py"
loading script "jan_ic_peak_hop3_no_eq.py"
loading script "jan_pump_ms.py"
loading script "jan_pump_extraction_line.py"
testing...
no interpolation path defined
calculate duration
testing...
no interpolation path defined
executed snippet estimated_duration=4.0, duration=0.0001380443573
executed snippet estimated_duration=4.0, duration=0.00110220909119
Script duration 94.0
Run total estimated duration= 95.000
run duration: 0:01:35
doing event level: 2
19:45:05 -- Setting default integration. t=1.048576
setting integration time = 1.048576
SetIntegrationTime 1.048576 ===>> OK
----------------- start -----------------
**************** Experiment Type: Ar/Ar, Ar/Ar
create new session 4962298384
close session 4962298384
$$$$$ Clearing conditionals
adding conditionals 
Add queue conditionals
add default conditionals
adding default conditionals from /Users/jan/PychronDev/setupfiles/spectrometer/default_conditionals.yaml
Start automated run ic-01-J-410
loading script "jan_ic_peak_hop3_no_eq.py"
loading script "jan_pump_ms.py"
loading script "jan_pump_extraction_line.py"
%%%%%%%%%%%%%%%%%% setting automated run ic-01-J-410
$$$$$$$$$$$$$$$ auto_save_detector_ic=False
No metadata section in "jan_ic_peak_hop3_no_eq.py". Using default "None" value for "default_fits"
============================= Pre Extraction Check =============================
loading queue conditionals pre_run_terminations
loading system conditionals pre_run_terminations
loading conditionals from /Users/jan/PychronDev/setupfiles/spectrometer/default_conditionals.yaml
19:45:05 -- ******* Pre Extraction Check *******
Get a measurement from the spectrometer
Pre Extraction Termination data. keys=H2,H1,AX,L1,L2,CDD, signals=0.04805,932.76947,75.12708,1.02285,0.01086,0.05740
19:45:05 -- testing system defined conditionals
Checking default pre extraction terminations n=2
testing CDD
evaluate ot="CDD.inactive" t="CDD", ctx="{'CDD': False}"
GetDeflection CDD ===>> 50
testing CDD==2000
evaluate ot="CDD.deflection==2000" t="CDD==2000", ctx="{'CDD': 50.0}"
19:45:05 -- ******* Pre Extraction Check Passed *******
=================================================================================
19:45:05 -- stopping status monitor
stop 4940121584
Status monitor stopped
Status monitor finished
19:45:07 -- starting status monitor
start 4940121584
StatusMonitor period=1. Frequencies(state=2, checksum=3, lock=5, owner=5)
start extraction
no extraction script
19:45:08 -- Sending spectrometer configuration
======== Sending configuration ========
SetDeflection CDD,50.0 ===>> OK
SetDeflection H2,0.0 ===>> OK
SetDeflection H1,0.0 ===>> OK
SetDeflection L2,825.0 ===>> OK
SetDeflection L1,400.0 ===>> OK
SetDeflection AX,190.0 ===>> OK
SetZFocus 74.64 ===>> OK
SetZSymmetry -50.72 ===>> OK
SetExtractionLens 26.13 ===>> OK
SetIonRepeller -3.81 ===>> OK
SetElectronEnergy 75.08 ===>> OK
SetYSymmetry -2.81 ===>> OK
SetIonCounterVoltage 1590.0 ===>> OK
send trap current 200.0
GetParameter Trap Current Readback ===>> 198.258926936459
SetParameter Trap Current Set,200.0 ===>> OK
updating mftable name mftable
Using mftable located at /Users/jan/PychronDev/setupfiles/spectrometer/mftables/mftable.csv
============ MFtable ===========
Isotope  H2     H1     AX     L1     L2     CDD    
Ar40     5.7716 5.8799 5.9937 6.1101 6.2325 6.3954
Ar39     5.7265 5.7709 5.8842 6.0532 6.1153 6.2819
Ar36     5.4040 5.4399 5.5476 5.7121 5.7702 5.9330
================================
get initial guess parabolic
get initial guess parabolic
get initial guess parabolic
get initial guess parabolic
get initial guess parabolic
get initial guess parabolic
======== Configuration Finished ========
GetYSymmetry ===>> -2.81
GetZSymmetry ===>> -50.72
GetParameter Trap Current Readback ===>> 198.258926936459
GetHighVoltage ===>> 4500
start measurement
do measurement
L#=ic-01-J analysis type=detector_ic
Measurement Started jan_ic_peak_hop3_no_eq.py
19:45:08 -- ******* Measurement Started jan_ic_peak_hop3_no_eq.py *******
state changed from not run to measurement
setting trap, emission, spec, defl, and gains
GetExtractionLens ===>> 26.13
GetYSymmetry ===>> -2.81
GetZSymmetry ===>> -50.72
GetZFocus ===>> 74.64
GetDeflection H2 ===>> 0
GetDeflection H1 ===>> 0
GetDeflection AX ===>> 190
GetDeflection L1 ===>> 400
GetDeflection L2 ===>> 825
GetDeflection CDD ===>> 50
GetGain H2 ===>> 0.0113
GetGain H1 ===>> 0.1
GetGain AX ===>> 0.0963
GetGain L1 ===>> 0.010355
GetGain L2 ===>> 0.095649
GetGain CDD ===>> 0
GetParameter Trap Current Readback ===>> 197.811389855338
GetParameter Source Current Readback ===>> 552.414881279375
pre measurement save
New frame /Users/jan/PychronDev/data/isotopes/ae/f0bea5-662a-4179-9a40-cd19606d95cb.h5
flush and close file /Users/jan/PychronDev/data/isotopes/ae/f0bea5-662a-4179-9a40-cd19606d95cb.h5
testing...
no interpolation path defined
setting detector H2 to Ar41 (40.9624)
setting detector H1 to Ar40 (39.9624)
setting detector AX to Ar39 (38.9624)
setting detector L1 to Ar38 (37.9624)
setting detector L2 to Ar37 (36.9624)
setting detector CDD to Ar36 (35.9624)
setting detector H2 to Ar41 (40.964)
setting detector H1 to Ar40 (39.964)
setting detector AX to Ar39 (38.964)
setting detector L1 to Ar38 (37.964)
setting detector L2 to Ar37 (36.964)
setting detector CDD to Ar36 (35.964)
setting detector H2 to Ar41 (40.9668)
setting detector H1 to Ar40 (39.9668)
setting detector AX to Ar39 (38.9668)
setting detector L1 to Ar38 (37.9668)
setting detector L2 to Ar37 (36.9668)
setting detector CDD to Ar36 (35.9668)
executed snippet estimated_duration=94.0, duration=0.00990986824036
unknown measurement script
set_deflection ('CDD', 2000) {}
setting spectrometer parameter SetDeflection CDD,2000
SetDeflection CDD,2000 ===>> OK
load_hops ('hops/ic3_hops.yaml',) {}
[{'counts': 10, 'settle': 8, 'positioning': {'detector': 'H1', 'isotope': 'Ar40'}, 'cup_configuration': [{'active': True, 'detector': 'H1', 'protect': False, 'isotope': 'Ar40', 'is_baseline': False}]}, {'counts': 10, 'settle': 8, 'positioning': {'detector': 'AX', 'isotope': 'Ar40'}, 'cup_configuration': [{'active': True, 'detector': 'AX', 'protect': False, 'isotope': 'Ar40', 'is_baseline': False}]}, {'counts': 10, 'settle': 8, 'positioning': {'detector': 'L2', 'isotope': 'Ar40'}, 'cup_configuration': [{'active': True, 'detector': 'L2', 'protect': False, 'isotope': 'Ar40', 'is_baseline': False}]}]
define_hops ([{'counts': 10, 'settle': 8, 'positioning': {'detector': 'H1', 'isotope': 'Ar40'}, 'cup_configuration': [{'active': True, 'detector': 'H1', 'protect': False, 'isotope': 'Ar40', 'is_baseline': False}]}, {'counts': 10, 'settle': 8, 'positioning': {'detector': 'AX', 'isotope': 'Ar40'}, 'cup_configuration': [{'active': True, 'detector': 'AX', 'protect': False, 'isotope': 'Ar40', 'is_baseline': False}]}, {'counts': 10, 'settle': 8, 'positioning': {'detector': 'L2', 'isotope': 'Ar40'}, 'cup_configuration': [{'active': True, 'detector': 'L2', 'protect': False, 'isotope': 'Ar40', 'is_baseline': False}]}],) {}
*************** Set Analysis View Ar/Ar
set_time_zero () {}
set_fits ('Ar40H1:parabolic', 'Ar40AX:parabolic', 'Ar40L2:parabolic') {}
set "Ar40H1" to "parabolic"
set "Ar40AX" to "parabolic"
set "Ar40L2" to "parabolic"
set_baseline_fits ('average_SEM',) {}
set "H1" to "average_SEM"
set "AX" to "average_SEM"
set "L2" to "average_SEM"
sleep (0.5,) {}
SLEEP 0.5
peak_hop () {'ncycles': 6, 'hops': [{'counts': 10, 'settle': 8, 'positioning': {'detector': 'H1', 'isotope': 'Ar40'}, 'cup_configuration': [{'active': True, 'detector': 'H1', 'protect': False, 'isotope': 'Ar40', 'is_baseline': False}]}, {'counts': 10, 'settle': 8, 'positioning': {'detector': 'AX', 'isotope': 'Ar40'}, 'cup_configuration': [{'active': True, 'detector': 'AX', 'protect': False, 'isotope': 'Ar40', 'is_baseline': False}]}, {'counts': 10, 'settle': 8, 'positioning': {'detector': 'L2', 'isotope': 'Ar40'}, 'cup_configuration': [{'active': True, 'detector': 'L2', 'protect': False, 'isotope': 'Ar40', 'is_baseline': False}]}], 'mftable': 'mftable'}
Using MFTable /Users/jan/PychronDev/setupfiles/spectrometer/mftables/mftable.csv
Using mftable located at /Users/jan/PychronDev/setupfiles/spectrometer/mftables/mftable.csv
get initial guess parabolic
get initial guess parabolic
get initial guess parabolic
get initial guess parabolic
get initial guess parabolic
get initial guess parabolic
adding conditionals 
make new hop generatior
add group /signal/Ar40 (Group) '' table H1
add group /signal/Ar40 (Group) '' table AX
add group /signal/Ar40 (Group) '' table L2
flush and close file /Users/jan/PychronDev/data/isotopes/ae/f0bea5-662a-4179-9a40-cd19606d95cb.h5
measuring signal. ncounts=342.0
"signal" increment series count="2" fit count="1" regressing="True"
starting measurement
$$$$$$$$$$$$$$$$$ SETTING is_baseline False
Peak hop Detectors=['H1']
Peak hop Deflections=[None]
Peak hop DeflectionsPairs=[('H1', None)]
----------------------- HOP Ar40 H1
detector Detector(H1)
POSITION Ar40 H1
Mapping mass to dac mass func: "parabolic"
H1 map mass coeffs = [ -3.11428344e-04   1.33794662e-01   1.03049323e+00]
H1 map mass to dac 39.9624 >> 5.8799
GetDeflection H1 ===>> 0
GetHighVoltage ===>> 4500
positioning Ar40 (5.8799) on H1
setting magnet DAC
current  : 5.879900
requested: 5.879900
Delta Dac: 0.000000
Checking detector protection. dv=0.00000
Checking detector "CDD". Protection Threshold: 0.5 (V)
SetMagnetDAC 5.8799 ===>> OK
Magnet settling time: 0.500 0.500
Magnet settling complete
set_dac. change=True
update detector isotope pairing
detectors=['H1']
isotopes=['Ar40']
updating pairing H1 - Ar40
could not locate det=H1 iso=Ar40
Join finished
delaying 8 for detectors to settle after peak hop
testing H1<-5.0
evaluate ot="H1.bs<-5.0" t="H1<-5.0", ctx="{'H1': 0.11747174158533333}"
testing H1<-5.0
evaluate ot="H1.bs<-5.0" t="H1<-5.0", ctx="{'H1': 0.11747174158533333}"
$$$$$$$$$$$$$$$$$ SETTING is_baseline False
Peak hop Detectors=['AX']
Peak hop Deflections=[None]
Peak hop DeflectionsPairs=[('AX', None)]
----------------------- HOP Ar40 AX
detector Detector(AX)
POSITION Ar40 AX
Mapping mass to dac mass func: "parabolic"
AX map mass coeffs = [-0.00065973  0.16177525  0.58236918]
AX map mass to dac 39.9624 >> 5.99372
GetDeflection AX ===>> 190
GetHighVoltage ===>> 4500
positioning Ar40 (5.988937) on AX
setting magnet DAC
current  : 5.879900
requested: 5.988937
Delta Dac: 0.109037
Checking detector protection. dv=0.10904
Checking detector "CDD". Protection Threshold: 0.5 (V)
SetMagnetDAC 5.988937 ===>> OK
Magnet settling time: 0.500 0.500
Magnet settling complete
set_dac. change=True
update detector isotope pairing
detectors=['AX']
isotopes=['Ar40']
updating pairing AX - Ar40
could not locate det=AX iso=Ar40
Join finished
delaying 8 for detectors to settle after peak hop
testing H1<-5.0
evaluate ot="H1.bs<-5.0" t="H1<-5.0", ctx="{'H1': 0.11747174158533333}"
testing H1<-5.0
evaluate ot="H1.bs<-5.0" t="H1<-5.0", ctx="{'H1': 0.11747174158533333}"
$$$$$$$$$$$$$$$$$ SETTING is_baseline False
Peak hop Detectors=['L2']
Peak hop Deflections=[None]
Peak hop DeflectionsPairs=[('L2', None)]
----------------------- HOP Ar40 L2
detector Detector(L2)
POSITION Ar40 L2
Mapping mass to dac mass func: "parabolic"
L2 map mass coeffs = [  5.82480384e-04   7.14948689e-02   2.44522611e+00]
L2 map mass to dac 39.9624 >> 6.23255
GetDeflection L2 ===>> 825
GetHighVoltage ===>> 4500
positioning Ar40 (6.220796) on L2
setting magnet DAC
current  : 5.988937
requested: 6.220796
Delta Dac: 0.231859
Checking detector protection. dv=0.23186
Checking detector "CDD". Protection Threshold: 0.5 (V)
SetMagnetDAC 6.220796 ===>> OK
Magnet settling time: 0.500 0.500
Magnet settling complete
set_dac. change=True
update detector isotope pairing
detectors=['L2']
isotopes=['Ar40']
updating pairing L2 - Ar40
could not locate det=L2 iso=Ar40
Join finished
delaying 8 for detectors to settle after peak hop
testing H1<-5.0
evaluate ot="H1.bs<-5.0" t="H1<-5.0", ctx="{'H1': 0.11747174158533333}"
testing H1<-5.0
evaluate ot="H1.bs<-5.0" t="H1<-5.0", ctx="{'H1': 0.11747174158533333}"
$$$$$$$$$$$$$$$$$ SETTING is_baseline False
Peak hop Detectors=['H1']
Peak hop Deflections=[None]
Peak hop DeflectionsPairs=[('H1', None)]
----------------------- HOP Ar40 H1
detector Detector(H1)
POSITION Ar40 H1
Mapping mass to dac mass func: "parabolic"
H1 map mass coeffs = [ -3.11428344e-04   1.33794662e-01   1.03049323e+00]
H1 map mass to dac 39.9624 >> 5.8799
GetDeflection H1 ===>> 0
GetHighVoltage ===>> 4500
positioning Ar40 (5.8799) on H1
setting magnet DAC
current  : 6.220796
requested: 5.879900
Delta Dac: 0.340896
Checking detector protection. dv=0.34090
Checking detector "CDD". Protection Threshold: 0.5 (V)
SetMagnetDAC 5.8799 ===>> OK
Magnet settling time: 0.500 0.500
Magnet settling complete
set_dac. change=True
update detector isotope pairing
detectors=['H1']
isotopes=['Ar40']
updating pairing H1 - Ar40
could not locate det=H1 iso=Ar40
Join finished
delaying 8 for detectors to settle after peak hop
testing H1<-5.0
evaluate ot="H1.bs<-5.0" t="H1<-5.0", ctx="{'H1': 0.11747174158533333}"
testing H1<-5.0
evaluate ot="H1.bs<-5.0" t="H1<-5.0", ctx="{'H1': 0.11747174158533333}"
$$$$$$$$$$$$$$$$$ SETTING is_baseline False
Peak hop Detectors=['AX']
Peak hop Deflections=[None]
Peak hop DeflectionsPairs=[('AX', None)]
----------------------- HOP Ar40 AX
detector Detector(AX)
POSITION Ar40 AX
Mapping mass to dac mass func: "parabolic"
AX map mass coeffs = [-0.00065973  0.16177525  0.58236918]
AX map mass to dac 39.9624 >> 5.99372
GetDeflection AX ===>> 190
GetHighVoltage ===>> 4500
positioning Ar40 (5.988937) on AX
setting magnet DAC
current  : 5.879900
requested: 5.988937
Delta Dac: 0.109037
Checking detector protection. dv=0.10904
Checking detector "CDD". Protection Threshold: 0.5 (V)
SetMagnetDAC 5.988937 ===>> OK
Magnet settling time: 0.500 0.500
Magnet settling complete
set_dac. change=True
update detector isotope pairing
detectors=['AX']
isotopes=['Ar40']
updating pairing AX - Ar40
could not locate det=AX iso=Ar40
Join finished
delaying 8 for detectors to settle after peak hop
testing H1<-5.0
evaluate ot="H1.bs<-5.0" t="H1<-5.0", ctx="{'H1': 0.11747174158533333}"
testing H1<-5.0
evaluate ot="H1.bs<-5.0" t="H1<-5.0", ctx="{'H1': 0.11747174158533333}"
19:46:39 -- collecting point 50
$$$$$$$$$$$$$$$$$ SETTING is_baseline False
Peak hop Detectors=['L2']
Peak hop Deflections=[None]
Peak hop DeflectionsPairs=[('L2', None)]
----------------------- HOP Ar40 L2
detector Detector(L2)
POSITION Ar40 L2
Mapping mass to dac mass func: "parabolic"
L2 map mass coeffs = [  5.82480384e-04   7.14948689e-02   2.44522611e+00]
L2 map mass to dac 39.9624 >> 6.23255
GetDeflection L2 ===>> 825
GetHighVoltage ===>> 4500
positioning Ar40 (6.220796) on L2
setting magnet DAC
current  : 5.988937
requested: 6.220796
Delta Dac: 0.231859
Checking detector protection. dv=0.23186
Checking detector "CDD". Protection Threshold: 0.5 (V)
SetMagnetDAC 6.220796 ===>> OK
Magnet settling time: 0.500 0.500
Magnet settling complete
set_dac. change=True
update detector isotope pairing
detectors=['L2']
isotopes=['Ar40']
updating pairing L2 - Ar40
could not locate det=L2 iso=Ar40
Join finished
delaying 8 for detectors to settle after peak hop
testing H1<-5.0
evaluate ot="H1.bs<-5.0" t="H1<-5.0", ctx="{'H1': 0.11747174158533333}"
testing H1<-5.0
evaluate ot="H1.bs<-5.0" t="H1<-5.0", ctx="{'H1': 0.11747174158533333}"
$$$$$$$$$$$$$$$$$ SETTING is_baseline False
Peak hop Detectors=['H1']
Peak hop Deflections=[None]
Peak hop DeflectionsPairs=[('H1', None)]
----------------------- HOP Ar40 H1
detector Detector(H1)
POSITION Ar40 H1
Mapping mass to dac mass func: "parabolic"
H1 map mass coeffs = [ -3.11428344e-04   1.33794662e-01   1.03049323e+00]
H1 map mass to dac 39.9624 >> 5.8799
GetDeflection H1 ===>> 0
GetHighVoltage ===>> 4500
positioning Ar40 (5.8799) on H1
setting magnet DAC
current  : 6.220796
requested: 5.879900
Delta Dac: 0.340896
Checking detector protection. dv=0.34090
Checking detector "CDD". Protection Threshold: 0.5 (V)
SetMagnetDAC 5.8799 ===>> OK
Magnet settling time: 0.500 0.500
Magnet settling complete
set_dac. change=True
update detector isotope pairing
detectors=['H1']
isotopes=['Ar40']
updating pairing H1 - Ar40
could not locate det=H1 iso=Ar40
Join finished
delaying 8 for detectors to settle after peak hop
testing H1<-5.0
evaluate ot="H1.bs<-5.0" t="H1<-5.0", ctx="{'H1': 0.11747174158533333}"
testing H1<-5.0
evaluate ot="H1.bs<-5.0" t="H1<-5.0", ctx="{'H1': 0.11747174158533333}"
$$$$$$$$$$$$$$$$$ SETTING is_baseline False
Peak hop Detectors=['AX']
Peak hop Deflections=[None]
Peak hop DeflectionsPairs=[('AX', None)]
----------------------- HOP Ar40 AX
detector Detector(AX)
POSITION Ar40 AX
Mapping mass to dac mass func: "parabolic"
AX map mass coeffs = [-0.00065973  0.16177525  0.58236918]
AX map mass to dac 39.9624 >> 5.99372
GetDeflection AX ===>> 190
GetHighVoltage ===>> 4500
positioning Ar40 (5.988937) on AX
setting magnet DAC
current  : 5.879900
requested: 5.988937
Delta Dac: 0.109037
Checking detector protection. dv=0.10904
Checking detector "CDD". Protection Threshold: 0.5 (V)
SetMagnetDAC 5.988937 ===>> OK
Magnet settling time: 0.500 0.500
Magnet settling complete
set_dac. change=True
update detector isotope pairing
detectors=['AX']
isotopes=['Ar40']
updating pairing AX - Ar40
could not locate det=AX iso=Ar40
Join finished
delaying 8 for detectors to settle after peak hop
testing H1<-5.0
evaluate ot="H1.bs<-5.0" t="H1<-5.0", ctx="{'H1': 0.11747174158533333}"
testing H1<-5.0
evaluate ot="H1.bs<-5.0" t="H1<-5.0", ctx="{'H1': 0.11747174158533333}"
$$$$$$$$$$$$$$$$$ SETTING is_baseline False
Peak hop Detectors=['L2']
Peak hop Deflections=[None]
Peak hop DeflectionsPairs=[('L2', None)]
----------------------- HOP Ar40 L2
detector Detector(L2)
POSITION Ar40 L2
Mapping mass to dac mass func: "parabolic"
L2 map mass coeffs = [  5.82480384e-04   7.14948689e-02   2.44522611e+00]
L2 map mass to dac 39.9624 >> 6.23255
GetDeflection L2 ===>> 825
GetHighVoltage ===>> 4500
positioning Ar40 (6.220796) on L2
setting magnet DAC
current  : 5.988937
requested: 6.220796
Delta Dac: 0.231859
Checking detector protection. dv=0.23186
Checking detector "CDD". Protection Threshold: 0.5 (V)
SetMagnetDAC 6.220796 ===>> OK
Magnet settling time: 0.500 0.500
Magnet settling complete
set_dac. change=True
update detector isotope pairing
detectors=['L2']
isotopes=['Ar40']
updating pairing L2 - Ar40
could not locate det=L2 iso=Ar40
Join finished
delaying 8 for detectors to settle after peak hop
testing H1<-5.0
evaluate ot="H1.bs<-5.0" t="H1<-5.0", ctx="{'H1': 0.11747174158533333}"
testing H1<-5.0
evaluate ot="H1.bs<-5.0" t="H1<-5.0", ctx="{'H1': 0.11747174158533333}"
$$$$$$$$$$$$$$$$$ SETTING is_baseline False
Peak hop Detectors=['H1']
Peak hop Deflections=[None]
Peak hop DeflectionsPairs=[('H1', None)]
----------------------- HOP Ar40 H1
detector Detector(H1)
POSITION Ar40 H1
Mapping mass to dac mass func: "parabolic"
H1 map mass coeffs = [ -3.11428344e-04   1.33794662e-01   1.03049323e+00]
H1 map mass to dac 39.9624 >> 5.8799
GetDeflection H1 ===>> 0
GetHighVoltage ===>> 4500
positioning Ar40 (5.8799) on H1
setting magnet DAC
current  : 6.220796
requested: 5.879900
Delta Dac: 0.340896
Checking detector protection. dv=0.34090
Checking detector "CDD". Protection Threshold: 0.5 (V)
SetMagnetDAC 5.8799 ===>> OK
Magnet settling time: 0.500 0.500
Magnet settling complete
set_dac. change=True
update detector isotope pairing
detectors=['H1']
isotopes=['Ar40']
updating pairing H1 - Ar40
could not locate det=H1 iso=Ar40
Join finished
delaying 8 for detectors to settle after peak hop
testing H1<-5.0
evaluate ot="H1.bs<-5.0" t="H1<-5.0", ctx="{'H1': 0.11747174158533333}"
testing H1<-5.0
evaluate ot="H1.bs<-5.0" t="H1<-5.0", ctx="{'H1': 0.11747174158533333}"
19:48:10 -- collecting point 100
$$$$$$$$$$$$$$$$$ SETTING is_baseline False
Peak hop Detectors=['AX']
Peak hop Deflections=[None]
Peak hop DeflectionsPairs=[('AX', None)]
----------------------- HOP Ar40 AX
detector Detector(AX)
POSITION Ar40 AX
Mapping mass to dac mass func: "parabolic"
AX map mass coeffs = [-0.00065973  0.16177525  0.58236918]
AX map mass to dac 39.9624 >> 5.99372
GetDeflection AX ===>> 190
GetHighVoltage ===>> 4500
positioning Ar40 (5.988937) on AX
setting magnet DAC
current  : 5.879900
requested: 5.988937
Delta Dac: 0.109037
Checking detector protection. dv=0.10904
Checking detector "CDD". Protection Threshold: 0.5 (V)
SetMagnetDAC 5.988937 ===>> OK
Magnet settling time: 0.500 0.500
Magnet settling complete
set_dac. change=True
update detector isotope pairing
detectors=['AX']
isotopes=['Ar40']
updating pairing AX - Ar40
could not locate det=AX iso=Ar40
Join finished
delaying 8 for detectors to settle after peak hop
testing H1<-5.0
evaluate ot="H1.bs<-5.0" t="H1<-5.0", ctx="{'H1': 0.11747174158533333}"
testing H1<-5.0
evaluate ot="H1.bs<-5.0" t="H1<-5.0", ctx="{'H1': 0.11747174158533333}"
$$$$$$$$$$$$$$$$$ SETTING is_baseline False
Peak hop Detectors=['L2']
Peak hop Deflections=[None]
Peak hop DeflectionsPairs=[('L2', None)]
----------------------- HOP Ar40 L2
detector Detector(L2)
POSITION Ar40 L2
Mapping mass to dac mass func: "parabolic"
L2 map mass coeffs = [  5.82480384e-04   7.14948689e-02   2.44522611e+00]
L2 map mass to dac 39.9624 >> 6.23255
GetDeflection L2 ===>> 825
GetHighVoltage ===>> 4500
positioning Ar40 (6.220796) on L2
setting magnet DAC
current  : 5.988937
requested: 6.220796
Delta Dac: 0.231859
Checking detector protection. dv=0.23186
Checking detector "CDD". Protection Threshold: 0.5 (V)
SetMagnetDAC 6.220796 ===>> OK
Magnet settling time: 0.500 0.500
Magnet settling complete
set_dac. change=True
update detector isotope pairing
detectors=['L2']
isotopes=['Ar40']
updating pairing L2 - Ar40
could not locate det=L2 iso=Ar40
error: 'NoneType' object has no attribute 'row' group:signal det:AX iso:
Join finished
delaying 8 for detectors to settle after peak hop
testing H1<-5.0
evaluate ot="H1.bs<-5.0" t="H1<-5.0", ctx="{'H1': 0.11747174158533333}"
testing H1<-5.0
evaluate ot="H1.bs<-5.0" t="H1<-5.0", ctx="{'H1': 0.11747174158533333}"
$$$$$$$$$$$$$$$$$ SETTING is_baseline False
Peak hop Detectors=['H1']
Peak hop Deflections=[None]
Peak hop DeflectionsPairs=[('H1', None)]
----------------------- HOP Ar40 H1
detector Detector(H1)
POSITION Ar40 H1
Mapping mass to dac mass func: "parabolic"
H1 map mass coeffs = [ -3.11428344e-04   1.33794662e-01   1.03049323e+00]
H1 map mass to dac 39.9624 >> 5.8799
GetDeflection H1 ===>> 0
GetHighVoltage ===>> 4500
positioning Ar40 (5.8799) on H1
setting magnet DAC
current  : 6.220796
requested: 5.879900
Delta Dac: 0.340896
Checking detector protection. dv=0.34090
Checking detector "CDD". Protection Threshold: 0.5 (V)
SetMagnetDAC 5.8799 ===>> OK
Magnet settling time: 0.500 0.500
Magnet settling complete
set_dac. change=True
update detector isotope pairing
detectors=['H1']
isotopes=['Ar40']
updating pairing H1 - Ar40
could not locate det=H1 iso=Ar40
error: 'NoneType' object has no attribute 'row' group:signal det:L2 iso:
Join finished
delaying 8 for detectors to settle after peak hop
testing H1<-5.0
evaluate ot="H1.bs<-5.0" t="H1<-5.0", ctx="{'H1': 0.11747174158533333}"
testing H1<-5.0
evaluate ot="H1.bs<-5.0" t="H1<-5.0", ctx="{'H1': 0.11747174158533333}"
$$$$$$$$$$$$$$$$$ SETTING is_baseline False
Peak hop Detectors=['AX']
Peak hop Deflections=[None]
Peak hop DeflectionsPairs=[('AX', None)]
----------------------- HOP Ar40 AX
detector Detector(AX)
POSITION Ar40 AX
Mapping mass to dac mass func: "parabolic"
AX map mass coeffs = [-0.00065973  0.16177525  0.58236918]
AX map mass to dac 39.9624 >> 5.99372
GetDeflection AX ===>> 190
GetHighVoltage ===>> 4500
positioning Ar40 (5.988937) on AX
setting magnet DAC
current  : 5.879900
requested: 5.988937
Delta Dac: 0.109037
Checking detector protection. dv=0.10904
Checking detector "CDD". Protection Threshold: 0.5 (V)
SetMagnetDAC 5.988937 ===>> OK
Magnet settling time: 0.500 0.500
Magnet settling complete
set_dac. change=True
update detector isotope pairing
detectors=['AX']
isotopes=['Ar40']
updating pairing AX - Ar40
could not locate det=AX iso=Ar40
error: 'NoneType' object has no attribute 'row' group:signal det:H1 iso:
Join finished
delaying 8 for detectors to settle after peak hop
testing H1<-5.0
evaluate ot="H1.bs<-5.0" t="H1<-5.0", ctx="{'H1': 0.11747174158533333}"
testing H1<-5.0
evaluate ot="H1.bs<-5.0" t="H1<-5.0", ctx="{'H1': 0.11747174158533333}"
$$$$$$$$$$$$$$$$$ SETTING is_baseline False
Peak hop Detectors=['L2']
Peak hop Deflections=[None]
Peak hop DeflectionsPairs=[('L2', None)]
----------------------- HOP Ar40 L2
detector Detector(L2)
POSITION Ar40 L2
Mapping mass to dac mass func: "parabolic"
L2 map mass coeffs = [  5.82480384e-04   7.14948689e-02   2.44522611e+00]
L2 map mass to dac 39.9624 >> 6.23255
GetDeflection L2 ===>> 825
GetHighVoltage ===>> 4500
positioning Ar40 (6.220796) on L2
setting magnet DAC
current  : 5.988937
requested: 6.220796
Delta Dac: 0.231859
Checking detector protection. dv=0.23186
Checking detector "CDD". Protection Threshold: 0.5 (V)
ask. get packet. error: timed out address: UDP://129.138.12.152:1069
ask. get packet. error: timed out address: UDP://129.138.12.152:1069
SetMagnetDAC 6.220796 ===>> OK
Magnet settling time: 0.500 0.500
Magnet settling complete
set_dac. change=True
update detector isotope pairing
detectors=['L2']
isotopes=['Ar40']
updating pairing L2 - Ar40
could not locate det=L2 iso=Ar40
Join finished
delaying 8 for detectors to settle after peak hop
testing H1<-5.0
evaluate ot="H1.bs<-5.0" t="H1<-5.0", ctx="{'H1': 0.11747174158533333}"
testing H1<-5.0
evaluate ot="H1.bs<-5.0" t="H1<-5.0", ctx="{'H1': 0.11747174158533333}"
19:49:42 -- collecting point 150
$$$$$$$$$$$$$$$$$ SETTING is_baseline False
Peak hop Detectors=['H1']
Peak hop Deflections=[None]
Peak hop DeflectionsPairs=[('H1', None)]
----------------------- HOP Ar40 H1
detector Detector(H1)
POSITION Ar40 H1
Mapping mass to dac mass func: "parabolic"
H1 map mass coeffs = [ -3.11428344e-04   1.33794662e-01   1.03049323e+00]
H1 map mass to dac 39.9624 >> 5.8799
GetDeflection H1 ===>> 0
GetHighVoltage ===>> 4500
positioning Ar40 (5.8799) on H1
setting magnet DAC
current  : 6.220796
requested: 5.879900
Delta Dac: 0.340896
Checking detector protection. dv=0.34090
Checking detector "CDD". Protection Threshold: 0.5 (V)
SetMagnetDAC 5.8799 ===>> OK
Magnet settling time: 0.500 0.500
Magnet settling complete
set_dac. change=True
update detector isotope pairing
detectors=['H1']
isotopes=['Ar40']
updating pairing H1 - Ar40
could not locate det=H1 iso=Ar40
Join finished
delaying 8 for detectors to settle after peak hop
testing H1<-5.0
evaluate ot="H1.bs<-5.0" t="H1<-5.0", ctx="{'H1': 0.11747174158533333}"
testing H1<-5.0
evaluate ot="H1.bs<-5.0" t="H1<-5.0", ctx="{'H1': 0.11747174158533333}"
$$$$$$$$$$$$$$$$$ SETTING is_baseline False
Peak hop Detectors=['AX']
Peak hop Deflections=[None]
Peak hop DeflectionsPairs=[('AX', None)]
----------------------- HOP Ar40 AX
detector Detector(AX)
POSITION Ar40 AX
Mapping mass to dac mass func: "parabolic"
AX map mass coeffs = [-0.00065973  0.16177525  0.58236918]
AX map mass to dac 39.9624 >> 5.99372
GetDeflection AX ===>> 190
GetHighVoltage ===>> 4500
positioning Ar40 (5.988937) on AX
setting magnet DAC
current  : 5.879900
requested: 5.988937
Delta Dac: 0.109037
Checking detector protection. dv=0.10904
Checking detector "CDD". Protection Threshold: 0.5 (V)
SetMagnetDAC 5.988937 ===>> OK
Magnet settling time: 0.500 0.500
Magnet settling complete
set_dac. change=True
update detector isotope pairing
detectors=['AX']
isotopes=['Ar40']
updating pairing AX - Ar40
could not locate det=AX iso=Ar40
Join finished
delaying 8 for detectors to settle after peak hop
testing H1<-5.0
evaluate ot="H1.bs<-5.0" t="H1<-5.0", ctx="{'H1': 0.11747174158533333}"
testing H1<-5.0
evaluate ot="H1.bs<-5.0" t="H1<-5.0", ctx="{'H1': 0.11747174158533333}"
$$$$$$$$$$$$$$$$$ SETTING is_baseline False
Peak hop Detectors=['L2']
Peak hop Deflections=[None]
Peak hop DeflectionsPairs=[('L2', None)]
----------------------- HOP Ar40 L2
detector Detector(L2)
POSITION Ar40 L2
Mapping mass to dac mass func: "parabolic"
L2 map mass coeffs = [  5.82480384e-04   7.14948689e-02   2.44522611e+00]
L2 map mass to dac 39.9624 >> 6.23255
GetDeflection L2 ===>> 825
GetHighVoltage ===>> 4500
positioning Ar40 (6.220796) on L2
setting magnet DAC
current  : 5.988937
requested: 6.220796
Delta Dac: 0.231859
Checking detector protection. dv=0.23186
Checking detector "CDD". Protection Threshold: 0.5 (V)
SetMagnetDAC 6.220796 ===>> OK
Magnet settling time: 0.500 0.500
Magnet settling complete
set_dac. change=True
update detector isotope pairing
detectors=['L2']
isotopes=['Ar40']
updating pairing L2 - Ar40
could not locate det=L2 iso=Ar40
Join finished
delaying 8 for detectors to settle after peak hop
testing H1<-5.0
evaluate ot="H1.bs<-5.0" t="H1<-5.0", ctx="{'H1': 0.11747174158533333}"
testing H1<-5.0
evaluate ot="H1.bs<-5.0" t="H1<-5.0", ctx="{'H1': 0.11747174158533333}"
$$$$$$$$$$$$$$$$$ SETTING is_baseline False
waiting for write to finish
measurement finished
estimated time: 358.613 actual time: :327.547
flush and close file /Users/jan/PychronDev/data/isotopes/ae/f0bea5-662a-4179-9a40-cd19606d95cb.h5
define_detectors ('Ar40', 'H1') {}
setting detector H2 to Ar41 (40.9624)
setting detector H1 to Ar40 (39.9624)
setting detector AX to Ar39 (38.9624)
setting detector L1 to Ar38 (37.9624)
setting detector L2 to Ar37 (36.9624)
setting detector CDD to Ar36 (35.9624)
define_detectors ('Ar39', 'AX') {}
setting detector H2 to Ar41 (40.964)
setting detector H1 to Ar40 (39.964)
setting detector AX to Ar39 (38.964)
setting detector L1 to Ar38 (37.964)
setting detector L2 to Ar37 (36.964)
setting detector CDD to Ar36 (35.964)
define_detectors ('Ar37', 'L2') {}
setting detector H2 to Ar41 (40.9668)
setting detector H1 to Ar40 (39.9668)
setting detector AX to Ar39 (38.9668)
setting detector L1 to Ar38 (37.9668)
setting detector L2 to Ar37 (36.9668)
setting detector CDD to Ar36 (35.9668)
baselines () {'settling_time': 15, 'detector': 'H1', 'mass': 34.2, 'ncounts': 75}
%%%%%%%%%%%%%%%%%%%%%%%%%%%%%%%% Baseline
build tables- baseline [Detector(H1), Detector(AX), Detector(L2)]
add group baseline table H1
add group baseline table AX
add group baseline table L2
flush and close file /Users/jan/PychronDev/data/isotopes/ae/f0bea5-662a-4179-9a40-cd19606d95cb.h5
detector Detector(H1)
POSITION 34.2 H1
Mapping mass to dac mass func: "parabolic"
H1 map mass coeffs = [ -3.11428344e-04   1.33794662e-01   1.03049323e+00]
H1 map mass to dac 34.2 >> 5.24201160773
GetDeflection H1 ===>> 0
GetHighVoltage ===>> 4500
positioning 34.2 (5.24201160773) on H1
setting magnet DAC
current  : 6.220796
requested: 5.242012
Delta Dac: 0.978784
Checking detector protection. dv=0.97878
Checking detector "CDD". Protection Threshold: 0.5 (V)
ProtectDetector CDD,On ===>> OK
GetDeflection CDD ===>> 2000
Protected = 2000
SetMagnetDAC 5.24201160773 ===>> OK
Magnet settling time: 0.500 0.500
Magnet settling complete
Wait for magnet to stop moving
GetMagnetMoving ===>> True
GetMagnetMoving ===>> True
GetMagnetMoving ===>> True
GetMagnetMoving ===>> True
GetMagnetMoving ===>> True
GetMagnetMoving ===>> True
GetMagnetMoving ===>> True
GetMagnetMoving ===>> True
GetMagnetMoving ===>> False
Magnet move complete
Unprotect detectors
ProtectDetector CDD,Off ===>> OK
GetDeflection CDD ===>> 2000
set_dac. change=True
Delaying 15s for detectors to settle
Join finished
measuring baseline. ncounts=75
"baseline" increment series count="2" fit count="1" regressing="True"
starting measurement
testing H1<-5.0
evaluate ot="H1.bs<-5.0" t="H1<-5.0", ctx="{'H1': 0.06896102678444202}"
testing H1<-5.0
evaluate ot="H1.bs<-5.0" t="H1<-5.0", ctx="{'H1': 0.08852703170665452}"
testing H1<-5.0
evaluate ot="H1.bs<-5.0" t="H1<-5.0", ctx="{'H1': 0.10036844190612434}"
testing H1<-5.0
evaluate ot="H1.bs<-5.0" t="H1<-5.0", ctx="{'H1': 0.09139097738668445}"
testing H1<-5.0
evaluate ot="H1.bs<-5.0" t="H1<-5.0", ctx="{'H1': 0.09427295832477223}"
19:51:21 -- collecting point 25
testing H1<-5.0
evaluate ot="H1.bs<-5.0" t="H1<-5.0", ctx="{'H1': 0.09513641189472129}"
testing H1<-5.0
evaluate ot="H1.bs<-5.0" t="H1<-5.0", ctx="{'H1': 0.09614608312056884}"
testing H1<-5.0
evaluate ot="H1.bs<-5.0" t="H1<-5.0", ctx="{'H1': 0.09589793777384188}"
testing H1<-5.0
evaluate ot="H1.bs<-5.0" t="H1<-5.0", ctx="{'H1': 0.09379228578071794}"
testing H1<-5.0
evaluate ot="H1.bs<-5.0" t="H1<-5.0", ctx="{'H1': 0.0946931540265006}"
19:51:47 -- collecting point 50
testing H1<-5.0
evaluate ot="H1.bs<-5.0" t="H1<-5.0", ctx="{'H1': 0.09915547679443094}"
testing H1<-5.0
evaluate ot="H1.bs<-5.0" t="H1<-5.0", ctx="{'H1': 0.10076082213127927}"
testing H1<-5.0
evaluate ot="H1.bs<-5.0" t="H1<-5.0", ctx="{'H1': 0.10154131771109307}"
testing H1<-5.0
evaluate ot="H1.bs<-5.0" t="H1<-5.0", ctx="{'H1': 0.09839874710684737}"
testing H1<-5.0
evaluate ot="H1.bs<-5.0" t="H1<-5.0", ctx="{'H1': 0.0994820152125442}"
19:52:13 -- collecting point 75
waiting for write to finish
measurement finished
estimated time: 78.643 actual time: :79.038
flush and close file /Users/jan/PychronDev/data/isotopes/ae/f0bea5-662a-4179-9a40-cd19606d95cb.h5
set_deflection ('CDD', 50) {}
setting spectrometer parameter SetDeflection CDD,50
SetDeflection CDD,50 ===>> OK
finished measure script
executed snippet estimated_duration=94.5, duration=426.023411989
jan_ic_peak_hop3_no_eq.py completed successfully
Measurement Finished
19:52:14 -- ******* Measurement Finished *******
Post Measurement Started jan_pump_ms.py
19:52:14 -- ******* Post Measurement Started jan_pump_ms.py *******
testing...
no interpolation path defined
executed snippet estimated_duration=0, duration=5.3882598877e-05
Pumping spectrometer
open () {'name': 'O'}
open name=O desc=---
checking ownership. requestor=129.138.12.150
check software interlocks O
interlocks []
actuate state mode=None-script, software_lock=False
doing actuation None-script open_channel True
Open O ===>> OK
GetIndicatorState O ===>> OK
change switch state (True, True)
update switch state O True args=() kw={} ncanvase=3
19:52:15 -- OPEN   VALVE-O (Jan Ion Pump)
-------------------------- open O () result=[(True, True)]
action=open, ok=True, locked=[False]
executed snippet estimated_duration=0, duration=0.353148937225
jan_pump_ms.py completed successfully
setting _ms_pumptime
Post Measurement Finished
19:52:15 -- ******* Post Measurement Finished *******
$$$$$$$$$$$$$$$$$$$$ state at run end measurement
state changed from measurement to success
post measurement save measured=True aborted=False
Set filtering
setting fod for Ar40= {'filter_outliers': False, 'std_devs': 2, 'iterations': 1}
setting fod for H1= {'filter_outliers': False, 'std_devs': 2, 'iterations': 1}
setting fod for Ar40= {'filter_outliers': False, 'std_devs': 2, 'iterations': 1}
setting fod for AX= {'filter_outliers': False, 'std_devs': 2, 'iterations': 1}
setting fod for Ar40= {'filter_outliers': False, 'std_devs': 2, 'iterations': 1}
setting fod for L2= {'filter_outliers': False, 'std_devs': 2, 'iterations': 1}
persistence save...
persistence save - db
post measurement save
5548327472 connecting to database sqlite:////Users/jan/PychronDev/.appdata/local_lab.db
connected to db sqlite:////Users/jan/PychronDev/.appdata/local_lab.db
create new session 5548327472
close session 5548327472
No database instance. Not saving post measurement to isotopedb database
$$$$$$$$$$$$$$$ auto_save_detector_ic=False
persistence save - dvc
================= post measurement started
create new session 4939945648
close session 4939945648
---------------- Experiment Queue saving disabled
DVC saving peakcenter
Smart pull ahead: 0 behind: 0
Up-to-date with origin
add to repo msg=modified - ad8224ebc6dbfeb9f5997218dfa5fe690569839d.json
add to repo msg=modified - -J-410.json
add to repo msg=modified - -J-410.dat.json
add to repo msg=modified - -J-410.blan.json
add to repo msg=modified - -J-410.inte.json
add to repo msg=modified - -J-410.icfa.json
add to repo msg=modified - -J-410.base.json
not at valid file /Users/jan/PychronDev/data/.dvc/repositories/laboratory/ic-01/tags/-J-410.tags.json
add to repo msg=modified - -J-410.peak.json
not at valid file /Users/jan/PychronDev/data/.dvc/repositories/laboratory/ic-01/extraction/-J-410.extr.json
not at valid file /Users/jan/PychronDev/data/.dvc/repositories/laboratory/ic-01/monitor/-J-410.moni.json
commit message=<COLLECTION>
add to repo msg=modified - -J-410.inte.json
add to repo msg=modified - -J-410.base.json
commit message=<ISOEVO> default collection fits
add to repo msg=modified - -J-410.blan.json
commit message=<BLANKS> preceding ba-01-J-2538
add to repo msg=modified - -J-410.icfa.json
commit message=<ICFactor> default
push repository <pychron.git_archive.repo_manager.GitRepoManager object at 0x130ebdcb0>
pushing to remote=origin, url=https://github.com
no changes to meta repo
create new session 4939945648
add association laboratory
get identifier "ic-01-J"
setting analysis irradiation position=<pychron.dvc.dvc_orm.IrradiationPositionTbl object at 0x145d72450>
close session 4939945648
================= post measurement finished
19:52:29 -- ******* Post Run Check *******
loading queue conditionals post_run_actions
loading system conditionals post_run_actions
loading conditionals from /Users/jan/PychronDev/setupfiles/spectrometer/default_conditionals.yaml
loading queue conditionals post_run_terminations
loading system conditionals post_run_terminations
loading conditionals from /Users/jan/PychronDev/setupfiles/spectrometer/default_conditionals.yaml
Checking default post run terminations n=1
GetDeflection CDD ===>> 50
testing CDD==2000
evaluate ot="CDD.deflection==2000" t="CDD==2000", ctx="{'CDD': 50.0}"
19:52:29 -- ******* Post Run Check Passed *******
19:52:29 -- Automated run ic-01-J-410 success duration: 444.213 s
----------------- finish -----------------
----------------- stop -----------------
retroactive repository identifiers disabled
finish run. runs completed=17
update duration runid=ic-01-J-410, duration=444.213138103, md5=09592304
loading script "jan_unknown400_120.py"
loading script "jan_cocktail_x1.py"
loading script "jan_pump_extraction_line.py"
testing...
no interpolation path defined
executed snippet estimated_duration=556.052928, duration=0.000379085540771
script duration name:unknown400_120 seconds:556.0
loading script "jan_unknown400_120.py"
loading script "jan_cocktail_x1.py"
loading script "jan_pump_extraction_line.py"
loading script "jan_unknown400_120.py"
loading script "jan_cocktail_x1.py"
loading script "jan_pump_extraction_line.py"
testing...
no interpolation path defined
calculate duration
testing...
no interpolation path defined
executed snippet estimated_duration=0, duration=5.98430633545e-05
calculate duration
testing...
no interpolation path defined
executed snippet estimated_duration=0, duration=0.000153779983521
calculate duration
testing...
no interpolation path defined
executed snippet estimated_duration=32.0, duration=0.000103950500488
calculate duration
testing...
no interpolation path defined
executed snippet estimated_duration=34.0, duration=0.000118017196655
calculate duration
testing...
no interpolation path defined
executed snippet estimated_duration=4.0, duration=7.39097595215e-05
calculate duration
testing...
no interpolation path defined
executed snippet estimated_duration=38.0, duration=0.000103950500488
executed snippet estimated_duration=108.0, duration=0.0176801681519
script duration name:cocktail_x1 seconds:108.0
loading script "jan_unknown400_120.py"
loading script "jan_cocktail_x1.py"
loading script "jan_pump_extraction_line.py"
testing...
no interpolation path defined
calculate duration
testing...
no interpolation path defined
executed snippet estimated_duration=4.0, duration=0.000416040420532
executed snippet estimated_duration=4.0, duration=0.00194215774536
Script duration 664.0
Run total estimated duration= 665.000
loading script "jan_ic_peak_hop3_no_eq.py"
loading script "jan_pump_ms.py"
loading script "jan_pump_extraction_line.py"
testing...
no interpolation path defined
executed snippet estimated_duration=94.0, duration=0.014652967453
script duration name:ic_peak_hop3_no_eq seconds:94.0
loading script "jan_ic_peak_hop3_no_eq.py"
loading script "jan_pump_ms.py"
loading script "jan_pump_extraction_line.py"
testing...
no interpolation path defined
executed snippet estimated_duration=0, duration=2.69412994385e-05
loading script "jan_ic_peak_hop3_no_eq.py"
loading script "jan_pump_ms.py"
loading script "jan_pump_extraction_line.py"
pump_extraction_line in script context. using previous estimated duration
Script duration 94.0
Run total estimated duration= 95.000
unknown400_120 in script context. using previous estimated duration
script duration name:unknown400_120 seconds:556.0
pump_ms in script context. using previous estimated duration
cocktail_x1 in script context. using previous estimated duration
script duration name:cocktail_x1 seconds:108.0
Script duration 664.0
Run total estimated duration= 665.000
script duration name:unknown400_120 seconds:556.0
loading script "jan_unknown400_120.py"
loading script "jan_pump_ms.py"
loading script "jan_sniffair_x2.py"
loading script "jan_pump_extraction_line.py"
testing...
no interpolation path defined
calculate duration
testing...
no interpolation path defined
executed snippet estimated_duration=0, duration=6.50882720947e-05
calculate duration
testing...
no interpolation path defined
executed snippet estimated_duration=0, duration=0.000164985656738
calculate duration
testing...
no interpolation path defined
executed snippet estimated_duration=32.0, duration=9.01222229004e-05
calculate duration
testing...
no interpolation path defined
executed snippet estimated_duration=34.0, duration=0.000108957290649
calculate duration
testing...
no interpolation path defined
executed snippet estimated_duration=4.0, duration=5.57899475098e-05
calculate duration
testing...
no interpolation path defined
executed snippet estimated_duration=36.0, duration=7.79628753662e-05
calculate duration
testing...
no interpolation path defined
executed snippet estimated_duration=34.0, duration=0.00053596496582
calculate duration
testing...
no interpolation path defined
executed snippet estimated_duration=4.0, duration=5.41210174561e-05
calculate duration
testing...
no interpolation path defined
executed snippet estimated_duration=36.0, duration=7.41481781006e-05
calculate duration
testing...
no interpolation path defined
executed snippet estimated_duration=70.0, duration=8.20159912109e-05
executed snippet estimated_duration=250.0, duration=0.0112490653992
script duration name:sniffair_x2 seconds:250.0
Script duration 806.0
Run total estimated duration= 807.000
script duration name:unknown400_120 seconds:556.0
sniffair_x2 in script context. using previous estimated duration
script duration name:sniffair_x2 seconds:250.0
Script duration 806.0
Run total estimated duration= 807.000
script duration name:unknown400_120 seconds:556.0
loading script "jan_unknown400_120.py"
loading script "jan_cocktail_x1.py"
loading script "jan_pump_extraction_line.py"
script duration name:cocktail_x1 seconds:108.0
Script duration 664.0
Run total estimated duration= 665.000
ic_peak_hop3_no_eq in script context. using previous estimated duration
script duration name:ic_peak_hop3_no_eq seconds:94.0
loading script "jan_ic_peak_hop3_no_eq.py"
loading script "jan_pump_ms.py"
loading script "jan_pump_extraction_line.py"
Script duration 94.0
Run total estimated duration= 95.000
script duration name:unknown400_120 seconds:556.0
loading script "jan_unknown400_120.py"
loading script "jan_cocktail_x1.py"
loading script "jan_pump_extraction_line.py"
script duration name:cocktail_x1 seconds:108.0
Script duration 664.0
Run total estimated duration= 665.000
script duration name:ic_peak_hop3_no_eq seconds:94.0
loading script "jan_ic_peak_hop3_no_eq.py"
loading script "jan_pump_ms.py"
loading script "jan_pump_extraction_line.py"
Script duration 94.0
Run total estimated duration= 95.000
script duration name:unknown400_120 seconds:556.0
loading script "jan_unknown400_120.py"
loading script "jan_cocktail_x1.py"
loading script "jan_pump_extraction_line.py"
script duration name:cocktail_x1 seconds:108.0
Script duration 664.0
Run total estimated duration= 665.000
script duration name:ic_peak_hop3_no_eq seconds:94.0
loading script "jan_ic_peak_hop3_no_eq.py"
loading script "jan_pump_ms.py"
loading script "jan_pump_extraction_line.py"
Script duration 94.0
Run total estimated duration= 95.000
script duration name:unknown400_120 seconds:556.0
loading script "jan_unknown400_120.py"
loading script "jan_cocktail_x1.py"
loading script "jan_pump_extraction_line.py"
script duration name:cocktail_x1 seconds:108.0
Script duration 664.0
Run total estimated duration= 665.000
script duration name:ic_peak_hop3_no_eq seconds:94.0
loading script "jan_ic_peak_hop3_no_eq.py"
loading script "jan_pump_ms.py"
loading script "jan_pump_extraction_line.py"
Script duration 94.0
Run total estimated duration= 95.000
script duration name:unknown400_120 seconds:556.0
loading script "jan_unknown400_120.py"
loading script "jan_cocktail_x1.py"
loading script "jan_pump_extraction_line.py"
script duration name:cocktail_x1 seconds:108.0
Script duration 664.0
Run total estimated duration= 665.000
script duration name:ic_peak_hop3_no_eq seconds:94.0
loading script "jan_ic_peak_hop3_no_eq.py"
loading script "jan_pump_ms.py"
loading script "jan_pump_extraction_line.py"
Script duration 94.0
Run total estimated duration= 95.000
script duration name:unknown400_120 seconds:556.0
loading script "jan_unknown400_120.py"
loading script "jan_cocktail_x1.py"
loading script "jan_pump_extraction_line.py"
script duration name:cocktail_x1 seconds:108.0
Script duration 664.0
Run total estimated duration= 665.000
script duration name:ic_peak_hop3_no_eq seconds:94.0
loading script "jan_ic_peak_hop3_no_eq.py"
loading script "jan_pump_ms.py"
loading script "jan_pump_extraction_line.py"
Script duration 94.0
Run total estimated duration= 95.000
script duration name:unknown400_120 seconds:556.0
script duration name:cocktail_x1 seconds:108.0
Script duration 664.0
Run total estimated duration= 665.000
script duration name:unknown400_120 seconds:556.0
script duration name:sniffair_x2 seconds:250.0
Script duration 806.0
Run total estimated duration= 807.000
script duration name:unknown400_120 seconds:556.0
script duration name:sniffair_x2 seconds:250.0
Script duration 806.0
Run total estimated duration= 807.000
script duration name:ic_peak_hop3_no_eq seconds:94.0
loading script "jan_ic_peak_hop3_no_eq.py"
loading script "jan_pump_ms.py"
loading script "jan_pump_extraction_line.py"
Script duration 94.0
Run total estimated duration= 95.000
script duration name:unknown400_120 seconds:556.0
loading script "jan_unknown400_120.py"
loading script "jan_cocktail_x1.py"
loading script "jan_pump_extraction_line.py"
script duration name:cocktail_x1 seconds:108.0
Script duration 664.0
Run total estimated duration= 665.000
script duration name:ic_peak_hop3_no_eq seconds:94.0
loading script "jan_ic_peak_hop3_no_eq.py"
loading script "jan_pump_ms.py"
loading script "jan_pump_extraction_line.py"
Script duration 94.0
Run total estimated duration= 95.000
script duration name:unknown400_120 seconds:556.0
loading script "jan_unknown400_120.py"
loading script "jan_cocktail_x1.py"
loading script "jan_pump_extraction_line.py"
script duration name:cocktail_x1 seconds:108.0
Script duration 664.0
Run total estimated duration= 665.000
script duration name:ic_peak_hop3_no_eq seconds:94.0
loading script "jan_ic_peak_hop3_no_eq.py"
loading script "jan_pump_ms.py"
loading script "jan_pump_extraction_line.py"
Script duration 94.0
Run total estimated duration= 95.000
script duration name:unknown400_120 seconds:556.0
loading script "jan_unknown400_120.py"
loading script "jan_cocktail_x1.py"
loading script "jan_pump_extraction_line.py"
script duration name:cocktail_x1 seconds:108.0
Script duration 664.0
Run total estimated duration= 665.000
script duration name:ic_peak_hop3_no_eq seconds:94.0
loading script "jan_ic_peak_hop3_no_eq.py"
loading script "jan_pump_ms.py"
loading script "jan_pump_extraction_line.py"
Script duration 94.0
Run total estimated duration= 95.000
script duration name:unknown400_120 seconds:556.0
loading script "jan_unknown400_120.py"
loading script "jan_cocktail_x1.py"
loading script "jan_pump_extraction_line.py"
script duration name:cocktail_x1 seconds:108.0
Script duration 664.0
Run total estimated duration= 665.000
script duration name:ic_peak_hop3_no_eq seconds:94.0
loading script "jan_ic_peak_hop3_no_eq.py"
loading script "jan_pump_ms.py"
loading script "jan_pump_extraction_line.py"
Script duration 94.0
Run total estimated duration= 95.000
script duration name:unknown400_120 seconds:556.0
script duration name:cocktail_x1 seconds:108.0
Script duration 664.0
Run total estimated duration= 665.000
script duration name:unknown400_120 seconds:556.0
script duration name:sniffair_x2 seconds:250.0
Script duration 806.0
Run total estimated duration= 807.000
script duration name:unknown400_120 seconds:556.0
script duration name:sniffair_x2 seconds:250.0
Script duration 806.0
Run total estimated duration= 807.000
script duration name:ic_peak_hop3_no_eq seconds:94.0
loading script "jan_ic_peak_hop3_no_eq.py"
loading script "jan_pump_ms.py"
loading script "jan_pump_extraction_line.py"
Script duration 94.0
Run total estimated duration= 95.000
script duration name:unknown400_120 seconds:556.0
loading script "jan_unknown400_120.py"
loading script "jan_cocktail_x1.py"
loading script "jan_pump_extraction_line.py"
script duration name:cocktail_x1 seconds:108.0
Script duration 664.0
Run total estimated duration= 665.000
script duration name:ic_peak_hop3_no_eq seconds:94.0
loading script "jan_ic_peak_hop3_no_eq.py"
loading script "jan_pump_ms.py"
loading script "jan_pump_extraction_line.py"
Script duration 94.0
Run total estimated duration= 95.000
script duration name:unknown400_120 seconds:556.0
loading script "jan_unknown400_120.py"
loading script "jan_cocktail_x1.py"
loading script "jan_pump_extraction_line.py"
script duration name:cocktail_x1 seconds:108.0
Script duration 664.0
Run total estimated duration= 665.000
script duration name:ic_peak_hop3_no_eq seconds:94.0
loading script "jan_ic_peak_hop3_no_eq.py"
loading script "jan_pump_ms.py"
loading script "jan_pump_extraction_line.py"
Script duration 94.0
Run total estimated duration= 95.000
script duration name:unknown400_120 seconds:556.0
loading script "jan_unknown400_120.py"
loading script "jan_cocktail_x1.py"
loading script "jan_pump_extraction_line.py"
script duration name:cocktail_x1 seconds:108.0
Script duration 664.0
Run total estimated duration= 665.000
script duration name:ic_peak_hop3_no_eq seconds:94.0
loading script "jan_ic_peak_hop3_no_eq.py"
loading script "jan_pump_ms.py"
loading script "jan_pump_extraction_line.py"
Script duration 94.0
Run total estimated duration= 95.000
script duration name:unknown400_120 seconds:556.0
loading script "jan_unknown400_120.py"
loading script "jan_cocktail_x1.py"
loading script "jan_pump_extraction_line.py"
script duration name:cocktail_x1 seconds:108.0
Script duration 664.0
Run total estimated duration= 665.000
script duration name:ic_peak_hop3_no_eq seconds:94.0
loading script "jan_ic_peak_hop3_no_eq.py"
loading script "jan_pump_ms.py"
loading script "jan_pump_extraction_line.py"
Script duration 94.0
Run total estimated duration= 95.000
script duration name:unknown400_120 seconds:556.0
script duration name:cocktail_x1 seconds:108.0
Script duration 664.0
Run total estimated duration= 665.000
script duration name:unknown400_120 seconds:556.0
script duration name:sniffair_x2 seconds:250.0
Script duration 806.0
Run total estimated duration= 807.000
script duration name:unknown400_120 seconds:556.0
script duration name:sniffair_x2 seconds:250.0
Script duration 806.0
Run total estimated duration= 807.000
script duration name:ic_peak_hop3_no_eq seconds:94.0
loading script "jan_ic_peak_hop3_no_eq.py"
loading script "jan_pump_ms.py"
loading script "jan_pump_extraction_line.py"
Script duration 94.0
Run total estimated duration= 95.000
script duration name:unknown400_120 seconds:556.0
loading script "jan_unknown400_120.py"
loading script "jan_cocktail_x1.py"
loading script "jan_pump_extraction_line.py"
script duration name:cocktail_x1 seconds:108.0
Script duration 664.0
Run total estimated duration= 665.000
script duration name:ic_peak_hop3_no_eq seconds:94.0
loading script "jan_ic_peak_hop3_no_eq.py"
loading script "jan_pump_ms.py"
loading script "jan_pump_extraction_line.py"
Script duration 94.0
Run total estimated duration= 95.000
script duration name:unknown400_120 seconds:556.0
loading script "jan_unknown400_120.py"
loading script "jan_cocktail_x1.py"
loading script "jan_pump_extraction_line.py"
script duration name:cocktail_x1 seconds:108.0
Script duration 664.0
Run total estimated duration= 665.000
script duration name:ic_peak_hop3_no_eq seconds:94.0
loading script "jan_ic_peak_hop3_no_eq.py"
loading script "jan_pump_ms.py"
loading script "jan_pump_extraction_line.py"
Script duration 94.0
Run total estimated duration= 95.000
script duration name:unknown400_120 seconds:556.0
loading script "jan_unknown400_120.py"
loading script "jan_cocktail_x1.py"
loading script "jan_pump_extraction_line.py"
script duration name:cocktail_x1 seconds:108.0
Script duration 664.0
Run total estimated duration= 665.000
script duration name:ic_peak_hop3_no_eq seconds:94.0
loading script "jan_ic_peak_hop3_no_eq.py"
loading script "jan_pump_ms.py"
loading script "jan_pump_extraction_line.py"
Script duration 94.0
Run total estimated duration= 95.000
script duration name:unknown400_120 seconds:556.0
loading script "jan_unknown400_120.py"
loading script "jan_cocktail_x1.py"
loading script "jan_pump_extraction_line.py"
script duration name:cocktail_x1 seconds:108.0
Script duration 664.0
Run total estimated duration= 665.000
script duration name:ic_peak_hop3_no_eq seconds:94.0
loading script "jan_ic_peak_hop3_no_eq.py"
loading script "jan_pump_ms.py"
loading script "jan_pump_extraction_line.py"
Script duration 94.0
Run total estimated duration= 95.000
script duration name:unknown400_120 seconds:556.0
script duration name:cocktail_x1 seconds:108.0
Script duration 664.0
Run total estimated duration= 665.000
script duration name:unknown400_120 seconds:556.0
script duration name:sniffair_x2 seconds:250.0
Script duration 806.0
Run total estimated duration= 807.000
script duration name:unknown400_120 seconds:556.0
script duration name:sniffair_x2 seconds:250.0
Script duration 806.0
Run total estimated duration= 807.000
script duration name:ic_peak_hop3_no_eq seconds:94.0
loading script "jan_ic_peak_hop3_no_eq.py"
loading script "jan_pump_ms.py"
loading script "jan_pump_extraction_line.py"
Script duration 94.0
Run total estimated duration= 95.000
script duration name:unknown400_120 seconds:556.0
loading script "jan_unknown400_120.py"
loading script "jan_cocktail_x1.py"
loading script "jan_pump_extraction_line.py"
script duration name:cocktail_x1 seconds:108.0
Script duration 664.0
Run total estimated duration= 665.000
script duration name:ic_peak_hop3_no_eq seconds:94.0
loading script "jan_ic_peak_hop3_no_eq.py"
loading script "jan_pump_ms.py"
loading script "jan_pump_extraction_line.py"
Script duration 94.0
Run total estimated duration= 95.000
script duration name:unknown400_120 seconds:556.0
loading script "jan_unknown400_120.py"
loading script "jan_cocktail_x1.py"
loading script "jan_pump_extraction_line.py"
script duration name:cocktail_x1 seconds:108.0
Script duration 664.0
Run total estimated duration= 665.000
script duration name:ic_peak_hop3_no_eq seconds:94.0
loading script "jan_ic_peak_hop3_no_eq.py"
loading script "jan_pump_ms.py"
loading script "jan_pump_extraction_line.py"
Script duration 94.0
Run total estimated duration= 95.000
script duration name:unknown400_120 seconds:556.0
loading script "jan_unknown400_120.py"
loading script "jan_cocktail_x1.py"
loading script "jan_pump_extraction_line.py"
script duration name:cocktail_x1 seconds:108.0
Script duration 664.0
Run total estimated duration= 665.000
script duration name:ic_peak_hop3_no_eq seconds:94.0
loading script "jan_ic_peak_hop3_no_eq.py"
loading script "jan_pump_ms.py"
loading script "jan_pump_extraction_line.py"
Script duration 94.0
Run total estimated duration= 95.000
script duration name:unknown400_120 seconds:556.0
loading script "jan_unknown400_120.py"
loading script "jan_cocktail_x1.py"
loading script "jan_pump_extraction_line.py"
script duration name:cocktail_x1 seconds:108.0
Script duration 664.0
Run total estimated duration= 665.000
script duration name:ic_peak_hop3_no_eq seconds:94.0
loading script "jan_ic_peak_hop3_no_eq.py"
loading script "jan_pump_ms.py"
loading script "jan_pump_extraction_line.py"
Script duration 94.0
Run total estimated duration= 95.000
script duration name:unknown400_120 seconds:556.0
script duration name:cocktail_x1 seconds:108.0
Script duration 664.0
Run total estimated duration= 665.000
script duration name:unknown400_120 seconds:556.0
script duration name:sniffair_x2 seconds:250.0
Script duration 806.0
Run total estimated duration= 807.000
script duration name:unknown400_120 seconds:556.0
script duration name:sniffair_x2 seconds:250.0
Script duration 806.0
Run total estimated duration= 807.000
script duration name:ic_peak_hop3_no_eq seconds:94.0
loading script "jan_ic_peak_hop3_no_eq.py"
loading script "jan_pump_ms.py"
loading script "jan_pump_extraction_line.py"
Script duration 94.0
Run total estimated duration= 95.000
script duration name:unknown400_120 seconds:556.0
loading script "jan_unknown400_120.py"
loading script "jan_cocktail_x1.py"
loading script "jan_pump_extraction_line.py"
script duration name:cocktail_x1 seconds:108.0
Script duration 664.0
Run total estimated duration= 665.000
script duration name:ic_peak_hop3_no_eq seconds:94.0
loading script "jan_ic_peak_hop3_no_eq.py"
loading script "jan_pump_ms.py"
loading script "jan_pump_extraction_line.py"
Script duration 94.0
Run total estimated duration= 95.000
script duration name:unknown400_120 seconds:556.0
loading script "jan_unknown400_120.py"
loading script "jan_cocktail_x1.py"
loading script "jan_pump_extraction_line.py"
script duration name:cocktail_x1 seconds:108.0
Script duration 664.0
Run total estimated duration= 665.000
script duration name:ic_peak_hop3_no_eq seconds:94.0
loading script "jan_ic_peak_hop3_no_eq.py"
loading script "jan_pump_ms.py"
loading script "jan_pump_extraction_line.py"
Script duration 94.0
Run total estimated duration= 95.000
script duration name:unknown400_120 seconds:556.0
loading script "jan_unknown400_120.py"
loading script "jan_cocktail_x1.py"
loading script "jan_pump_extraction_line.py"
script duration name:cocktail_x1 seconds:108.0
Script duration 664.0
Run total estimated duration= 665.000
script duration name:ic_peak_hop3_no_eq seconds:94.0
loading script "jan_ic_peak_hop3_no_eq.py"
loading script "jan_pump_ms.py"
loading script "jan_pump_extraction_line.py"
Script duration 94.0
Run total estimated duration= 95.000
script duration name:unknown400_120 seconds:556.0
loading script "jan_unknown400_120.py"
loading script "jan_cocktail_x1.py"
loading script "jan_pump_extraction_line.py"
script duration name:cocktail_x1 seconds:108.0
Script duration 664.0
Run total estimated duration= 665.000
script duration name:ic_peak_hop3_no_eq seconds:94.0
loading script "jan_ic_peak_hop3_no_eq.py"
loading script "jan_pump_ms.py"
loading script "jan_pump_extraction_line.py"
Script duration 94.0
Run total estimated duration= 95.000
script duration name:unknown400_120 seconds:556.0
script duration name:cocktail_x1 seconds:108.0
Script duration 664.0
Run total estimated duration= 665.000
script duration name:unknown400_120 seconds:556.0
script duration name:sniffair_x2 seconds:250.0
Script duration 806.0
Run total estimated duration= 807.000
script duration name:unknown400_120 seconds:556.0
script duration name:sniffair_x2 seconds:250.0
Script duration 806.0
Run total estimated duration= 807.000
script duration name:ic_peak_hop3_no_eq seconds:94.0
loading script "jan_ic_peak_hop3_no_eq.py"
loading script "jan_pump_ms.py"
loading script "jan_pump_extraction_line.py"
Script duration 94.0
Run total estimated duration= 95.000
script duration name:unknown400_120 seconds:556.0
loading script "jan_unknown400_120.py"
loading script "jan_cocktail_x1.py"
loading script "jan_pump_extraction_line.py"
script duration name:cocktail_x1 seconds:108.0
Script duration 664.0
Run total estimated duration= 665.000
script duration name:ic_peak_hop3_no_eq seconds:94.0
loading script "jan_ic_peak_hop3_no_eq.py"
loading script "jan_pump_ms.py"
loading script "jan_pump_extraction_line.py"
Script duration 94.0
Run total estimated duration= 95.000
script duration name:unknown400_120 seconds:556.0
loading script "jan_unknown400_120.py"
loading script "jan_cocktail_x1.py"
loading script "jan_pump_extraction_line.py"
script duration name:cocktail_x1 seconds:108.0
Script duration 664.0
Run total estimated duration= 665.000
script duration name:ic_peak_hop3_no_eq seconds:94.0
loading script "jan_ic_peak_hop3_no_eq.py"
loading script "jan_pump_ms.py"
loading script "jan_pump_extraction_line.py"
Script duration 94.0
Run total estimated duration= 95.000
script duration name:unknown400_120 seconds:556.0
loading script "jan_unknown400_120.py"
loading script "jan_cocktail_x1.py"
loading script "jan_pump_extraction_line.py"
script duration name:cocktail_x1 seconds:108.0
Script duration 664.0
Run total estimated duration= 665.000
script duration name:ic_peak_hop3_no_eq seconds:94.0
loading script "jan_ic_peak_hop3_no_eq.py"
loading script "jan_pump_ms.py"
loading script "jan_pump_extraction_line.py"
Script duration 94.0
Run total estimated duration= 95.000
script duration name:unknown400_120 seconds:556.0
loading script "jan_unknown400_120.py"
loading script "jan_cocktail_x1.py"
loading script "jan_pump_extraction_line.py"
script duration name:cocktail_x1 seconds:108.0
Script duration 664.0
Run total estimated duration= 665.000
script duration name:ic_peak_hop3_no_eq seconds:94.0
loading script "jan_ic_peak_hop3_no_eq.py"
loading script "jan_pump_ms.py"
loading script "jan_pump_extraction_line.py"
Script duration 94.0
Run total estimated duration= 95.000
script duration name:unknown400_120 seconds:556.0
script duration name:cocktail_x1 seconds:108.0
Script duration 664.0
Run total estimated duration= 665.000
script duration name:unknown400_120 seconds:556.0
script duration name:sniffair_x2 seconds:250.0
Script duration 806.0
Run total estimated duration= 807.000
script duration name:unknown400_120 seconds:556.0
script duration name:sniffair_x2 seconds:250.0
Script duration 806.0
Run total estimated duration= 807.000
script duration name:ic_peak_hop3_no_eq seconds:94.0
loading script "jan_ic_peak_hop3_no_eq.py"
loading script "jan_pump_ms.py"
loading script "jan_pump_extraction_line.py"
Script duration 94.0
Run total estimated duration= 95.000
script duration name:unknown400_120 seconds:556.0
loading script "jan_unknown400_120.py"
loading script "jan_cocktail_x1.py"
loading script "jan_pump_extraction_line.py"
script duration name:cocktail_x1 seconds:108.0
Script duration 664.0
Run total estimated duration= 665.000
script duration name:ic_peak_hop3_no_eq seconds:94.0
loading script "jan_ic_peak_hop3_no_eq.py"
loading script "jan_pump_ms.py"
loading script "jan_pump_extraction_line.py"
Script duration 94.0
Run total estimated duration= 95.000
script duration name:unknown400_120 seconds:556.0
loading script "jan_unknown400_120.py"
loading script "jan_cocktail_x1.py"
loading script "jan_pump_extraction_line.py"
script duration name:cocktail_x1 seconds:108.0
Script duration 664.0
Run total estimated duration= 665.000
script duration name:ic_peak_hop3_no_eq seconds:94.0
loading script "jan_ic_peak_hop3_no_eq.py"
loading script "jan_pump_ms.py"
loading script "jan_pump_extraction_line.py"
Script duration 94.0
Run total estimated duration= 95.000
script duration name:unknown400_120 seconds:556.0
loading script "jan_unknown400_120.py"
loading script "jan_cocktail_x1.py"
loading script "jan_pump_extraction_line.py"
script duration name:cocktail_x1 seconds:108.0
Script duration 664.0
Run total estimated duration= 665.000
script duration name:ic_peak_hop3_no_eq seconds:94.0
loading script "jan_ic_peak_hop3_no_eq.py"
loading script "jan_pump_ms.py"
loading script "jan_pump_extraction_line.py"
Script duration 94.0
Run total estimated duration= 95.000
script duration name:unknown400_120 seconds:556.0
loading script "jan_unknown400_120.py"
loading script "jan_cocktail_x1.py"
loading script "jan_pump_extraction_line.py"
script duration name:cocktail_x1 seconds:108.0
Script duration 664.0
Run total estimated duration= 665.000
script duration name:ic_peak_hop3_no_eq seconds:94.0
loading script "jan_ic_peak_hop3_no_eq.py"
loading script "jan_pump_ms.py"
loading script "jan_pump_extraction_line.py"
Script duration 94.0
Run total estimated duration= 95.000
script duration name:unknown400_120 seconds:556.0
script duration name:cocktail_x1 seconds:108.0
Script duration 664.0
Run total estimated duration= 665.000
script duration name:unknown400_120 seconds:556.0
script duration name:sniffair_x2 seconds:250.0
Script duration 806.0
Run total estimated duration= 807.000
script duration name:unknown400_120 seconds:556.0
script duration name:sniffair_x2 seconds:250.0
Script duration 806.0
Run total estimated duration= 807.000
script duration name:ic_peak_hop3_no_eq seconds:94.0
loading script "jan_ic_peak_hop3_no_eq.py"
loading script "jan_pump_ms.py"
loading script "jan_pump_extraction_line.py"
Script duration 94.0
Run total estimated duration= 95.000
script duration name:unknown400_120 seconds:556.0
loading script "jan_unknown400_120.py"
loading script "jan_cocktail_x1.py"
loading script "jan_pump_extraction_line.py"
script duration name:cocktail_x1 seconds:108.0
Script duration 664.0
Run total estimated duration= 665.000
script duration name:ic_peak_hop3_no_eq seconds:94.0
loading script "jan_ic_peak_hop3_no_eq.py"
loading script "jan_pump_ms.py"
loading script "jan_pump_extraction_line.py"
Script duration 94.0
Run total estimated duration= 95.000
script duration name:unknown400_120 seconds:556.0
loading script "jan_unknown400_120.py"
loading script "jan_cocktail_x1.py"
loading script "jan_pump_extraction_line.py"
script duration name:cocktail_x1 seconds:108.0
Script duration 664.0
Run total estimated duration= 665.000
script duration name:ic_peak_hop3_no_eq seconds:94.0
loading script "jan_ic_peak_hop3_no_eq.py"
loading script "jan_pump_ms.py"
loading script "jan_pump_extraction_line.py"
Script duration 94.0
Run total estimated duration= 95.000
script duration name:unknown400_120 seconds:556.0
loading script "jan_unknown400_120.py"
loading script "jan_cocktail_x1.py"
loading script "jan_pump_extraction_line.py"
script duration name:cocktail_x1 seconds:108.0
Script duration 664.0
Run total estimated duration= 665.000
script duration name:ic_peak_hop3_no_eq seconds:94.0
loading script "jan_ic_peak_hop3_no_eq.py"
loading script "jan_pump_ms.py"
loading script "jan_pump_extraction_line.py"
Script duration 94.0
Run total estimated duration= 95.000
script duration name:unknown400_120 seconds:556.0
loading script "jan_unknown400_120.py"
loading script "jan_cocktail_x1.py"
loading script "jan_pump_extraction_line.py"
script duration name:cocktail_x1 seconds:108.0
Script duration 664.0
Run total estimated duration= 665.000
script duration name:ic_peak_hop3_no_eq seconds:94.0
loading script "jan_ic_peak_hop3_no_eq.py"
loading script "jan_pump_ms.py"
loading script "jan_pump_extraction_line.py"
Script duration 94.0
Run total estimated duration= 95.000
script duration name:unknown400_120 seconds:556.0
script duration name:cocktail_x1 seconds:108.0
Script duration 664.0
Run total estimated duration= 665.000
script duration name:unknown400_120 seconds:556.0
script duration name:sniffair_x2 seconds:250.0
Script duration 806.0
Run total estimated duration= 807.000
script duration name:unknown400_120 seconds:556.0
script duration name:sniffair_x2 seconds:250.0
Script duration 806.0
Run total estimated duration= 807.000
nruns=116 before=5.0, run_dur=53190.0, btw=6900.0
write rem/ex queues
/Users/jan/PychronDev/experiments/rem/Test_For_Drift.rem.txt
/Users/jan/PychronDev/experiments/rem/Test_For_Drift.ex.txt
doing event level: 3
