do run
loading script "jan_ic_peak_hop3_no_eq.py"
loading script "jan_pump_ms.py"
loading script "jan_pump_extraction_line.py"
testing...
no interpolation path defined
executed snippet estimated_duration=94.0, duration=0.00985908508301
script duration name:ic_peak_hop3_no_eq seconds:94.0
loading script "jan_ic_peak_hop3_no_eq.py"
loading script "jan_pump_ms.py"
loading script "jan_pump_extraction_line.py"
testing...
no interpolation path defined
executed snippet estimated_duration=0, duration=2.50339508057e-05
loading script "jan_ic_peak_hop3_no_eq.py"
loading script "jan_pump_ms.py"
loading script "jan_pump_extraction_line.py"
loading script "jan_ic_peak_hop3_no_eq.py"
loading script "jan_pump_ms.py"
loading script "jan_pump_extraction_line.py"
testing...
no interpolation path defined
calculate duration
testing...
no interpolation path defined
executed snippet estimated_duration=4.0, duration=0.00014591217041
executed snippet estimated_duration=4.0, duration=0.00130701065063
Script duration 94.0
Run total estimated duration= 95.000
run duration: 0:01:35
doing event level: 2
18:27:56 -- Setting default integration. t=1.048576
setting integration time = 1.048576
SetIntegrationTime 1.048576 ===>> OK
----------------- start -----------------
**************** Experiment Type: Ar/Ar, Ar/Ar
create new session 4935254864
close session 4935254864
$$$$$ Clearing conditionals
adding conditionals 
Add queue conditionals
add default conditionals
adding default conditionals from /Users/jan/PychronDev/setupfiles/spectrometer/default_conditionals.yaml
Start automated run ic-01-J-466
loading script "jan_ic_peak_hop3_no_eq.py"
loading script "jan_pump_ms.py"
loading script "jan_pump_extraction_line.py"
%%%%%%%%%%%%%%%%%% setting automated run ic-01-J-466
$$$$$$$$$$$$$$$ auto_save_detector_ic=False
No metadata section in "jan_ic_peak_hop3_no_eq.py". Using default "None" value for "default_fits"
============================= Pre Extraction Check =============================
loading queue conditionals pre_run_terminations
loading system conditionals pre_run_terminations
loading conditionals from /Users/jan/PychronDev/setupfiles/spectrometer/default_conditionals.yaml
18:27:56 -- ******* Pre Extraction Check *******
Get a measurement from the spectrometer
Pre Extraction Termination data. keys=H2,H1,AX,L1,L2,CDD, signals=0.01679,935.94913,75.61256,1.01106,0.08042,0.04907
18:27:56 -- testing system defined conditionals
Checking default pre extraction terminations n=2
testing CDD
evaluate ot="CDD.inactive" t="CDD", ctx="{'CDD': False}"
GetDeflection CDD ===>> 50
testing CDD==2000
evaluate ot="CDD.deflection==2000" t="CDD==2000", ctx="{'CDD': 50.0}"
18:27:56 -- ******* Pre Extraction Check Passed *******
=================================================================================
18:27:56 -- stopping status monitor
stop 4933107344
Status monitor stopped
Status monitor finished
18:27:58 -- starting status monitor
start 4933107344
StatusMonitor period=1. Frequencies(state=2, checksum=3, lock=5, owner=5)
start extraction
no extraction script
18:27:59 -- Sending spectrometer configuration
======== Sending configuration ========
SetDeflection CDD,50.0 ===>> OK
SetDeflection H2,0.0 ===>> OK
SetDeflection H1,0.0 ===>> OK
SetDeflection L2,825.0 ===>> OK
SetDeflection L1,400.0 ===>> OK
SetDeflection AX,190.0 ===>> OK
SetZFocus 74.64 ===>> OK
SetZSymmetry -50.72 ===>> OK
SetExtractionLens 26.13 ===>> OK
SetIonRepeller -3.81 ===>> OK
SetElectronEnergy 75.08 ===>> OK
SetYSymmetry -2.81 ===>> OK
SetIonCounterVoltage 1590.0 ===>> OK
send trap current 200.0
GetParameter Trap Current Readback ===>> 198.147042666178
SetParameter Trap Current Set,200.0 ===>> OK
updating mftable name mftable
Using mftable located at /Users/jan/PychronDev/setupfiles/spectrometer/mftables/mftable.csv
============ MFtable ===========
Isotope  H2     H1     AX     L1     L2     CDD    
Ar40     5.7706 5.8788 5.9927 6.1090 6.2315 6.3944
Ar39     5.7255 5.7698 5.8831 6.0522 6.1142 6.2809
Ar36     5.4030 5.4388 5.5465 5.7111 5.7692 5.9319
================================
get initial guess parabolic
get initial guess parabolic
get initial guess parabolic
get initial guess parabolic
get initial guess parabolic
get initial guess parabolic
======== Configuration Finished ========
GetYSymmetry ===>> -2.81
GetZSymmetry ===>> -50.72
GetParameter Trap Current Readback ===>> 198.147042666178
GetHighVoltage ===>> 4500
start measurement
do measurement
L#=ic-01-J analysis type=detector_ic
Measurement Started jan_ic_peak_hop3_no_eq.py
18:27:59 -- ******* Measurement Started jan_ic_peak_hop3_no_eq.py *******
state changed from not run to measurement
setting trap, emission, spec, defl, and gains
GetExtractionLens ===>> 26.13
GetYSymmetry ===>> -2.81
GetZSymmetry ===>> -50.72
GetZFocus ===>> 74.64
GetDeflection H2 ===>> 0
GetDeflection H1 ===>> 0
GetDeflection AX ===>> 190
GetDeflection L1 ===>> 400
GetDeflection L2 ===>> 825
GetDeflection CDD ===>> 50
GetGain H2 ===>> 0.0113
GetGain H1 ===>> 0.1
GetGain AX ===>> 0.0963
GetGain L1 ===>> 0.010355
GetGain L2 ===>> 0.095649
GetGain CDD ===>> 0
GetParameter Trap Current Readback ===>> 198.370811206739
GetParameter Source Current Readback ===>> 552.658182262101
pre measurement save
New frame /Users/jan/PychronDev/data/isotopes/da/b3c8f0-25a3-4801-991c-298c4d722f3c.h5
flush and close file /Users/jan/PychronDev/data/isotopes/da/b3c8f0-25a3-4801-991c-298c4d722f3c.h5
testing...
no interpolation path defined
setting detector H2 to Ar41 (40.9624)
setting detector H1 to Ar40 (39.9624)
setting detector AX to Ar39 (38.9624)
setting detector L1 to Ar38 (37.9624)
setting detector L2 to Ar37 (36.9624)
setting detector CDD to Ar36 (35.9624)
setting detector H2 to Ar41 (40.964)
setting detector H1 to Ar40 (39.964)
setting detector AX to Ar39 (38.964)
setting detector L1 to Ar38 (37.964)
setting detector L2 to Ar37 (36.964)
setting detector CDD to Ar36 (35.964)
setting detector H2 to Ar41 (40.9668)
setting detector H1 to Ar40 (39.9668)
setting detector AX to Ar39 (38.9668)
setting detector L1 to Ar38 (37.9668)
setting detector L2 to Ar37 (36.9668)
setting detector CDD to Ar36 (35.9668)
executed snippet estimated_duration=94.0, duration=0.0111129283905
unknown measurement script
set_deflection ('CDD', 2000) {}
setting spectrometer parameter SetDeflection CDD,2000
SetDeflection CDD,2000 ===>> OK
load_hops ('hops/ic3_hops.yaml',) {}
[{'counts': 10, 'settle': 8, 'positioning': {'detector': 'H1', 'isotope': 'Ar40'}, 'cup_configuration': [{'active': True, 'detector': 'H1', 'protect': False, 'isotope': 'Ar40', 'is_baseline': False}]}, {'counts': 10, 'settle': 8, 'positioning': {'detector': 'AX', 'isotope': 'Ar40'}, 'cup_configuration': [{'active': True, 'detector': 'AX', 'protect': False, 'isotope': 'Ar40', 'is_baseline': False}]}, {'counts': 10, 'settle': 8, 'positioning': {'detector': 'L2', 'isotope': 'Ar40'}, 'cup_configuration': [{'active': True, 'detector': 'L2', 'protect': False, 'isotope': 'Ar40', 'is_baseline': False}]}]
define_hops ([{'counts': 10, 'settle': 8, 'positioning': {'detector': 'H1', 'isotope': 'Ar40'}, 'cup_configuration': [{'active': True, 'detector': 'H1', 'protect': False, 'isotope': 'Ar40', 'is_baseline': False}]}, {'counts': 10, 'settle': 8, 'positioning': {'detector': 'AX', 'isotope': 'Ar40'}, 'cup_configuration': [{'active': True, 'detector': 'AX', 'protect': False, 'isotope': 'Ar40', 'is_baseline': False}]}, {'counts': 10, 'settle': 8, 'positioning': {'detector': 'L2', 'isotope': 'Ar40'}, 'cup_configuration': [{'active': True, 'detector': 'L2', 'protect': False, 'isotope': 'Ar40', 'is_baseline': False}]}],) {}
*************** Set Analysis View Ar/Ar
set_time_zero () {}
set_fits ('Ar40H1:parabolic', 'Ar40AX:parabolic', 'Ar40L2:parabolic') {}
set "Ar40H1" to "parabolic"
set "Ar40AX" to "parabolic"
set "Ar40L2" to "parabolic"
set_baseline_fits ('average_SEM',) {}
set "H1" to "average_SEM"
set "AX" to "average_SEM"
set "L2" to "average_SEM"
sleep (0.5,) {}
SLEEP 0.5
peak_hop () {'ncycles': 6, 'hops': [{'counts': 10, 'settle': 8, 'positioning': {'detector': 'H1', 'isotope': 'Ar40'}, 'cup_configuration': [{'active': True, 'detector': 'H1', 'protect': False, 'isotope': 'Ar40', 'is_baseline': False}]}, {'counts': 10, 'settle': 8, 'positioning': {'detector': 'AX', 'isotope': 'Ar40'}, 'cup_configuration': [{'active': True, 'detector': 'AX', 'protect': False, 'isotope': 'Ar40', 'is_baseline': False}]}, {'counts': 10, 'settle': 8, 'positioning': {'detector': 'L2', 'isotope': 'Ar40'}, 'cup_configuration': [{'active': True, 'detector': 'L2', 'protect': False, 'isotope': 'Ar40', 'is_baseline': False}]}], 'mftable': 'mftable'}
Using MFTable /Users/jan/PychronDev/setupfiles/spectrometer/mftables/mftable.csv
Using mftable located at /Users/jan/PychronDev/setupfiles/spectrometer/mftables/mftable.csv
get initial guess parabolic
get initial guess parabolic
get initial guess parabolic
get initial guess parabolic
get initial guess parabolic
get initial guess parabolic
adding conditionals 
make new hop generatior
add group /signal/Ar40 (Group) '' table H1
add group /signal/Ar40 (Group) '' table AX
add group /signal/Ar40 (Group) '' table L2
flush and close file /Users/jan/PychronDev/data/isotopes/da/b3c8f0-25a3-4801-991c-298c4d722f3c.h5
measuring signal. ncounts=342.0
"signal" increment series count="2" fit count="1" regressing="True"
starting measurement
$$$$$$$$$$$$$$$$$ SETTING is_baseline False
Peak hop Detectors=['H1']
Peak hop Deflections=[None]
Peak hop DeflectionsPairs=[('H1', None)]
----------------------- HOP Ar40 H1
detector Detector(H1)
POSITION Ar40 H1
Mapping mass to dac mass func: "parabolic"
H1 map mass coeffs = [ -3.11428344e-04   1.33794662e-01   1.02944323e+00]
H1 map mass to dac 39.9624 >> 5.87885
GetDeflection H1 ===>> 0
GetHighVoltage ===>> 4500
positioning Ar40 (5.87885) on H1
setting magnet DAC
current  : 5.878850
requested: 5.878850
Delta Dac: 0.000000
Checking detector protection. dv=0.00000
Checking detector "CDD". Protection Threshold: 0.5 (V)
SetMagnetDAC 5.87885 ===>> OK
set_dac. change=False
update detector isotope pairing
detectors=['H1']
isotopes=['Ar40']
updating pairing H1 - Ar40
testing H1<-5.0
evaluate ot="H1.bs<-5.0" t="H1<-5.0", ctx="{'H1': 0.11625931331000805}"
testing H1<-5.0
evaluate ot="H1.bs<-5.0" t="H1<-5.0", ctx="{'H1': 0.11625931331000805}"
$$$$$$$$$$$$$$$$$ SETTING is_baseline False
Peak hop Detectors=['AX']
Peak hop Deflections=[None]
Peak hop DeflectionsPairs=[('AX', None)]
----------------------- HOP Ar40 AX
detector Detector(AX)
POSITION Ar40 AX
Mapping mass to dac mass func: "parabolic"
AX map mass coeffs = [-0.00065973  0.16177525  0.58131918]
AX map mass to dac 39.9624 >> 5.99267
GetDeflection AX ===>> 190
GetHighVoltage ===>> 4500
positioning Ar40 (5.987887) on AX
setting magnet DAC
current  : 5.878850
requested: 5.987887
Delta Dac: 0.109037
Checking detector protection. dv=0.10904
Checking detector "CDD". Protection Threshold: 0.5 (V)
SetMagnetDAC 5.987887 ===>> OK
Magnet settling time: 0.500 0.500
Magnet settling complete
set_dac. change=True
update detector isotope pairing
detectors=['AX']
isotopes=['Ar40']
updating pairing AX - Ar40
could not locate det=AX iso=Ar40
Join finished
delaying 8 for detectors to settle after peak hop
testing H1<-5.0
evaluate ot="H1.bs<-5.0" t="H1<-5.0", ctx="{'H1': 0.11625931331000805}"
testing H1<-5.0
evaluate ot="H1.bs<-5.0" t="H1<-5.0", ctx="{'H1': 0.11625931331000805}"
$$$$$$$$$$$$$$$$$ SETTING is_baseline False
Peak hop Detectors=['L2']
Peak hop Deflections=[None]
Peak hop DeflectionsPairs=[('L2', None)]
----------------------- HOP Ar40 L2
detector Detector(L2)
POSITION Ar40 L2
Mapping mass to dac mass func: "parabolic"
L2 map mass coeffs = [  5.82480384e-04   7.14948689e-02   2.44417611e+00]
L2 map mass to dac 39.9624 >> 6.2315
GetDeflection L2 ===>> 825
GetHighVoltage ===>> 4500
positioning Ar40 (6.219746) on L2
setting magnet DAC
current  : 5.987887
requested: 6.219746
Delta Dac: 0.231859
Checking detector protection. dv=0.23186
Checking detector "CDD". Protection Threshold: 0.5 (V)
SetMagnetDAC 6.219746 ===>> OK
Magnet settling time: 0.500 0.500
Magnet settling complete
set_dac. change=True
update detector isotope pairing
detectors=['L2']
isotopes=['Ar40']
updating pairing L2 - Ar40
could not locate det=L2 iso=Ar40
Join finished
delaying 8 for detectors to settle after peak hop
testing H1<-5.0
evaluate ot="H1.bs<-5.0" t="H1<-5.0", ctx="{'H1': 0.11625931331000805}"
testing H1<-5.0
evaluate ot="H1.bs<-5.0" t="H1<-5.0", ctx="{'H1': 0.11625931331000805}"
$$$$$$$$$$$$$$$$$ SETTING is_baseline False
Peak hop Detectors=['H1']
Peak hop Deflections=[None]
Peak hop DeflectionsPairs=[('H1', None)]
----------------------- HOP Ar40 H1
detector Detector(H1)
POSITION Ar40 H1
Mapping mass to dac mass func: "parabolic"
H1 map mass coeffs = [ -3.11428344e-04   1.33794662e-01   1.02944323e+00]
H1 map mass to dac 39.9624 >> 5.87885
GetDeflection H1 ===>> 0
GetHighVoltage ===>> 4500
positioning Ar40 (5.87885) on H1
setting magnet DAC
current  : 6.219746
requested: 5.878850
Delta Dac: 0.340896
Checking detector protection. dv=0.34090
Checking detector "CDD". Protection Threshold: 0.5 (V)
SetMagnetDAC 5.87885 ===>> OK
Magnet settling time: 0.500 0.500
Magnet settling complete
set_dac. change=True
update detector isotope pairing
detectors=['H1']
isotopes=['Ar40']
updating pairing H1 - Ar40
could not locate det=H1 iso=Ar40
Join finished
delaying 8 for detectors to settle after peak hop
testing H1<-5.0
evaluate ot="H1.bs<-5.0" t="H1<-5.0", ctx="{'H1': 0.11625931331000805}"
testing H1<-5.0
evaluate ot="H1.bs<-5.0" t="H1<-5.0", ctx="{'H1': 0.11625931331000805}"
$$$$$$$$$$$$$$$$$ SETTING is_baseline False
Peak hop Detectors=['AX']
Peak hop Deflections=[None]
Peak hop DeflectionsPairs=[('AX', None)]
----------------------- HOP Ar40 AX
detector Detector(AX)
POSITION Ar40 AX
Mapping mass to dac mass func: "parabolic"
AX map mass coeffs = [-0.00065973  0.16177525  0.58131918]
AX map mass to dac 39.9624 >> 5.99267
GetDeflection AX ===>> 190
GetHighVoltage ===>> 4500
positioning Ar40 (5.987887) on AX
setting magnet DAC
current  : 5.878850
requested: 5.987887
Delta Dac: 0.109037
Checking detector protection. dv=0.10904
Checking detector "CDD". Protection Threshold: 0.5 (V)
SetMagnetDAC 5.987887 ===>> OK
Magnet settling time: 0.500 0.500
Magnet settling complete
set_dac. change=True
update detector isotope pairing
detectors=['AX']
isotopes=['Ar40']
updating pairing AX - Ar40
could not locate det=AX iso=Ar40
Join finished
delaying 8 for detectors to settle after peak hop
testing H1<-5.0
evaluate ot="H1.bs<-5.0" t="H1<-5.0", ctx="{'H1': 0.11625931331000805}"
testing H1<-5.0
evaluate ot="H1.bs<-5.0" t="H1<-5.0", ctx="{'H1': 0.11625931331000805}"
18:29:23 -- collecting point 50
$$$$$$$$$$$$$$$$$ SETTING is_baseline False
Peak hop Detectors=['L2']
Peak hop Deflections=[None]
Peak hop DeflectionsPairs=[('L2', None)]
----------------------- HOP Ar40 L2
detector Detector(L2)
POSITION Ar40 L2
Mapping mass to dac mass func: "parabolic"
L2 map mass coeffs = [  5.82480384e-04   7.14948689e-02   2.44417611e+00]
L2 map mass to dac 39.9624 >> 6.2315
GetDeflection L2 ===>> 825
GetHighVoltage ===>> 4500
positioning Ar40 (6.219746) on L2
setting magnet DAC
current  : 5.987887
requested: 6.219746
Delta Dac: 0.231859
Checking detector protection. dv=0.23186
Checking detector "CDD". Protection Threshold: 0.5 (V)
SetMagnetDAC 6.219746 ===>> OK
Magnet settling time: 0.500 0.500
Magnet settling complete
set_dac. change=True
update detector isotope pairing
detectors=['L2']
isotopes=['Ar40']
updating pairing L2 - Ar40
could not locate det=L2 iso=Ar40
Join finished
delaying 8 for detectors to settle after peak hop
testing H1<-5.0
evaluate ot="H1.bs<-5.0" t="H1<-5.0", ctx="{'H1': 0.11625931331000805}"
testing H1<-5.0
evaluate ot="H1.bs<-5.0" t="H1<-5.0", ctx="{'H1': 0.11625931331000805}"
$$$$$$$$$$$$$$$$$ SETTING is_baseline False
Peak hop Detectors=['H1']
Peak hop Deflections=[None]
Peak hop DeflectionsPairs=[('H1', None)]
----------------------- HOP Ar40 H1
detector Detector(H1)
POSITION Ar40 H1
Mapping mass to dac mass func: "parabolic"
H1 map mass coeffs = [ -3.11428344e-04   1.33794662e-01   1.02944323e+00]
H1 map mass to dac 39.9624 >> 5.87885
GetDeflection H1 ===>> 0
GetHighVoltage ===>> 4500
positioning Ar40 (5.87885) on H1
setting magnet DAC
current  : 6.219746
requested: 5.878850
Delta Dac: 0.340896
Checking detector protection. dv=0.34090
Checking detector "CDD". Protection Threshold: 0.5 (V)
SetMagnetDAC 5.87885 ===>> OK
Magnet settling time: 0.500 0.500
Magnet settling complete
set_dac. change=True
update detector isotope pairing
detectors=['H1']
isotopes=['Ar40']
updating pairing H1 - Ar40
could not locate det=H1 iso=Ar40
Join finished
delaying 8 for detectors to settle after peak hop
testing H1<-5.0
evaluate ot="H1.bs<-5.0" t="H1<-5.0", ctx="{'H1': 0.11625931331000805}"
testing H1<-5.0
evaluate ot="H1.bs<-5.0" t="H1<-5.0", ctx="{'H1': 0.11625931331000805}"
$$$$$$$$$$$$$$$$$ SETTING is_baseline False
Peak hop Detectors=['AX']
Peak hop Deflections=[None]
Peak hop DeflectionsPairs=[('AX', None)]
----------------------- HOP Ar40 AX
detector Detector(AX)
POSITION Ar40 AX
Mapping mass to dac mass func: "parabolic"
AX map mass coeffs = [-0.00065973  0.16177525  0.58131918]
AX map mass to dac 39.9624 >> 5.99267
GetDeflection AX ===>> 190
GetHighVoltage ===>> 4500
positioning Ar40 (5.987887) on AX
setting magnet DAC
current  : 5.878850
requested: 5.987887
Delta Dac: 0.109037
Checking detector protection. dv=0.10904
Checking detector "CDD". Protection Threshold: 0.5 (V)
SetMagnetDAC 5.987887 ===>> OK
Magnet settling time: 0.500 0.500
Magnet settling complete
set_dac. change=True
update detector isotope pairing
detectors=['AX']
isotopes=['Ar40']
updating pairing AX - Ar40
could not locate det=AX iso=Ar40
Join finished
delaying 8 for detectors to settle after peak hop
testing H1<-5.0
evaluate ot="H1.bs<-5.0" t="H1<-5.0", ctx="{'H1': 0.11625931331000805}"
testing H1<-5.0
evaluate ot="H1.bs<-5.0" t="H1<-5.0", ctx="{'H1': 0.11625931331000805}"
$$$$$$$$$$$$$$$$$ SETTING is_baseline False
Peak hop Detectors=['L2']
Peak hop Deflections=[None]
Peak hop DeflectionsPairs=[('L2', None)]
----------------------- HOP Ar40 L2
detector Detector(L2)
POSITION Ar40 L2
Mapping mass to dac mass func: "parabolic"
L2 map mass coeffs = [  5.82480384e-04   7.14948689e-02   2.44417611e+00]
L2 map mass to dac 39.9624 >> 6.2315
GetDeflection L2 ===>> 825
GetHighVoltage ===>> 4500
positioning Ar40 (6.219746) on L2
setting magnet DAC
current  : 5.987887
requested: 6.219746
Delta Dac: 0.231859
Checking detector protection. dv=0.23186
Checking detector "CDD". Protection Threshold: 0.5 (V)
SetMagnetDAC 6.219746 ===>> OK
Magnet settling time: 0.500 0.500
Magnet settling complete
set_dac. change=True
update detector isotope pairing
detectors=['L2']
isotopes=['Ar40']
updating pairing L2 - Ar40
could not locate det=L2 iso=Ar40
Join finished
delaying 8 for detectors to settle after peak hop
testing H1<-5.0
evaluate ot="H1.bs<-5.0" t="H1<-5.0", ctx="{'H1': 0.11625931331000805}"
testing H1<-5.0
evaluate ot="H1.bs<-5.0" t="H1<-5.0", ctx="{'H1': 0.11625931331000805}"
$$$$$$$$$$$$$$$$$ SETTING is_baseline False
Peak hop Detectors=['H1']
Peak hop Deflections=[None]
Peak hop DeflectionsPairs=[('H1', None)]
----------------------- HOP Ar40 H1
detector Detector(H1)
POSITION Ar40 H1
Mapping mass to dac mass func: "parabolic"
H1 map mass coeffs = [ -3.11428344e-04   1.33794662e-01   1.02944323e+00]
H1 map mass to dac 39.9624 >> 5.87885
GetDeflection H1 ===>> 0
GetHighVoltage ===>> 4500
positioning Ar40 (5.87885) on H1
setting magnet DAC
current  : 6.219746
requested: 5.878850
Delta Dac: 0.340896
Checking detector protection. dv=0.34090
Checking detector "CDD". Protection Threshold: 0.5 (V)
SetMagnetDAC 5.87885 ===>> OK
Magnet settling time: 0.500 0.500
Magnet settling complete
set_dac. change=True
update detector isotope pairing
detectors=['H1']
isotopes=['Ar40']
updating pairing H1 - Ar40
could not locate det=H1 iso=Ar40
Join finished
delaying 8 for detectors to settle after peak hop
testing H1<-5.0
evaluate ot="H1.bs<-5.0" t="H1<-5.0", ctx="{'H1': 0.11625931331000805}"
testing H1<-5.0
evaluate ot="H1.bs<-5.0" t="H1<-5.0", ctx="{'H1': 0.11625931331000805}"
18:30:54 -- collecting point 100
$$$$$$$$$$$$$$$$$ SETTING is_baseline False
Peak hop Detectors=['AX']
Peak hop Deflections=[None]
Peak hop DeflectionsPairs=[('AX', None)]
----------------------- HOP Ar40 AX
detector Detector(AX)
POSITION Ar40 AX
Mapping mass to dac mass func: "parabolic"
AX map mass coeffs = [-0.00065973  0.16177525  0.58131918]
AX map mass to dac 39.9624 >> 5.99267
GetDeflection AX ===>> 190
GetHighVoltage ===>> 4500
positioning Ar40 (5.987887) on AX
setting magnet DAC
current  : 5.878850
requested: 5.987887
Delta Dac: 0.109037
Checking detector protection. dv=0.10904
Checking detector "CDD". Protection Threshold: 0.5 (V)
SetMagnetDAC 5.987887 ===>> OK
Magnet settling time: 0.500 0.500
Magnet settling complete
set_dac. change=True
update detector isotope pairing
detectors=['AX']
isotopes=['Ar40']
updating pairing AX - Ar40
could not locate det=AX iso=Ar40
Join finished
delaying 8 for detectors to settle after peak hop
testing H1<-5.0
evaluate ot="H1.bs<-5.0" t="H1<-5.0", ctx="{'H1': 0.11625931331000805}"
testing H1<-5.0
evaluate ot="H1.bs<-5.0" t="H1<-5.0", ctx="{'H1': 0.11625931331000805}"
$$$$$$$$$$$$$$$$$ SETTING is_baseline False
Peak hop Detectors=['L2']
Peak hop Deflections=[None]
Peak hop DeflectionsPairs=[('L2', None)]
----------------------- HOP Ar40 L2
detector Detector(L2)
POSITION Ar40 L2
Mapping mass to dac mass func: "parabolic"
L2 map mass coeffs = [  5.82480384e-04   7.14948689e-02   2.44417611e+00]
L2 map mass to dac 39.9624 >> 6.2315
GetDeflection L2 ===>> 825
GetHighVoltage ===>> 4500
positioning Ar40 (6.219746) on L2
setting magnet DAC
current  : 5.987887
requested: 6.219746
Delta Dac: 0.231859
Checking detector protection. dv=0.23186
Checking detector "CDD". Protection Threshold: 0.5 (V)
SetMagnetDAC 6.219746 ===>> OK
Magnet settling time: 0.500 0.500
Magnet settling complete
set_dac. change=True
update detector isotope pairing
detectors=['L2']
isotopes=['Ar40']
updating pairing L2 - Ar40
could not locate det=L2 iso=Ar40
Join finished
delaying 8 for detectors to settle after peak hop
testing H1<-5.0
evaluate ot="H1.bs<-5.0" t="H1<-5.0", ctx="{'H1': 0.11625931331000805}"
testing H1<-5.0
evaluate ot="H1.bs<-5.0" t="H1<-5.0", ctx="{'H1': 0.11625931331000805}"
$$$$$$$$$$$$$$$$$ SETTING is_baseline False
Peak hop Detectors=['H1']
Peak hop Deflections=[None]
Peak hop DeflectionsPairs=[('H1', None)]
----------------------- HOP Ar40 H1
detector Detector(H1)
POSITION Ar40 H1
Mapping mass to dac mass func: "parabolic"
H1 map mass coeffs = [ -3.11428344e-04   1.33794662e-01   1.02944323e+00]
H1 map mass to dac 39.9624 >> 5.87885
GetDeflection H1 ===>> 0
GetHighVoltage ===>> 4500
positioning Ar40 (5.87885) on H1
setting magnet DAC
current  : 6.219746
requested: 5.878850
Delta Dac: 0.340896
Checking detector protection. dv=0.34090
Checking detector "CDD". Protection Threshold: 0.5 (V)
SetMagnetDAC 5.87885 ===>> OK
Magnet settling time: 0.500 0.500
Magnet settling complete
set_dac. change=True
update detector isotope pairing
detectors=['H1']
isotopes=['Ar40']
updating pairing H1 - Ar40
could not locate det=H1 iso=Ar40
Join finished
delaying 8 for detectors to settle after peak hop
testing H1<-5.0
evaluate ot="H1.bs<-5.0" t="H1<-5.0", ctx="{'H1': 0.11625931331000805}"
testing H1<-5.0
evaluate ot="H1.bs<-5.0" t="H1<-5.0", ctx="{'H1': 0.11625931331000805}"
$$$$$$$$$$$$$$$$$ SETTING is_baseline False
Peak hop Detectors=['AX']
Peak hop Deflections=[None]
Peak hop DeflectionsPairs=[('AX', None)]
----------------------- HOP Ar40 AX
detector Detector(AX)
POSITION Ar40 AX
Mapping mass to dac mass func: "parabolic"
AX map mass coeffs = [-0.00065973  0.16177525  0.58131918]
AX map mass to dac 39.9624 >> 5.99267
GetDeflection AX ===>> 190
GetHighVoltage ===>> 4500
positioning Ar40 (5.987887) on AX
setting magnet DAC
current  : 5.878850
requested: 5.987887
Delta Dac: 0.109037
Checking detector protection. dv=0.10904
Checking detector "CDD". Protection Threshold: 0.5 (V)
SetMagnetDAC 5.987887 ===>> OK
Magnet settling time: 0.500 0.500
Magnet settling complete
set_dac. change=True
update detector isotope pairing
detectors=['AX']
isotopes=['Ar40']
updating pairing AX - Ar40
could not locate det=AX iso=Ar40
Join finished
delaying 8 for detectors to settle after peak hop
testing H1<-5.0
evaluate ot="H1.bs<-5.0" t="H1<-5.0", ctx="{'H1': 0.11625931331000805}"
testing H1<-5.0
evaluate ot="H1.bs<-5.0" t="H1<-5.0", ctx="{'H1': 0.11625931331000805}"
$$$$$$$$$$$$$$$$$ SETTING is_baseline False
Peak hop Detectors=['L2']
Peak hop Deflections=[None]
Peak hop DeflectionsPairs=[('L2', None)]
----------------------- HOP Ar40 L2
detector Detector(L2)
POSITION Ar40 L2
Mapping mass to dac mass func: "parabolic"
L2 map mass coeffs = [  5.82480384e-04   7.14948689e-02   2.44417611e+00]
L2 map mass to dac 39.9624 >> 6.2315
GetDeflection L2 ===>> 825
GetHighVoltage ===>> 4500
positioning Ar40 (6.219746) on L2
setting magnet DAC
current  : 5.987887
requested: 6.219746
Delta Dac: 0.231859
Checking detector protection. dv=0.23186
Checking detector "CDD". Protection Threshold: 0.5 (V)
SetMagnetDAC 6.219746 ===>> OK
Magnet settling time: 0.500 0.500
Magnet settling complete
set_dac. change=True
update detector isotope pairing
detectors=['L2']
isotopes=['Ar40']
updating pairing L2 - Ar40
could not locate det=L2 iso=Ar40
Join finished
delaying 8 for detectors to settle after peak hop
testing H1<-5.0
evaluate ot="H1.bs<-5.0" t="H1<-5.0", ctx="{'H1': 0.11625931331000805}"
testing H1<-5.0
evaluate ot="H1.bs<-5.0" t="H1<-5.0", ctx="{'H1': 0.11625931331000805}"
18:32:25 -- collecting point 150
$$$$$$$$$$$$$$$$$ SETTING is_baseline False
Peak hop Detectors=['H1']
Peak hop Deflections=[None]
Peak hop DeflectionsPairs=[('H1', None)]
----------------------- HOP Ar40 H1
detector Detector(H1)
POSITION Ar40 H1
Mapping mass to dac mass func: "parabolic"
H1 map mass coeffs = [ -3.11428344e-04   1.33794662e-01   1.02944323e+00]
H1 map mass to dac 39.9624 >> 5.87885
GetDeflection H1 ===>> 0
GetHighVoltage ===>> 4500
positioning Ar40 (5.87885) on H1
setting magnet DAC
current  : 6.219746
requested: 5.878850
Delta Dac: 0.340896
Checking detector protection. dv=0.34090
Checking detector "CDD". Protection Threshold: 0.5 (V)
SetMagnetDAC 5.87885 ===>> OK
Magnet settling time: 0.500 0.500
Magnet settling complete
set_dac. change=True
update detector isotope pairing
detectors=['H1']
isotopes=['Ar40']
updating pairing H1 - Ar40
could not locate det=H1 iso=Ar40
Join finished
delaying 8 for detectors to settle after peak hop
testing H1<-5.0
evaluate ot="H1.bs<-5.0" t="H1<-5.0", ctx="{'H1': 0.11625931331000805}"
testing H1<-5.0
evaluate ot="H1.bs<-5.0" t="H1<-5.0", ctx="{'H1': 0.11625931331000805}"
$$$$$$$$$$$$$$$$$ SETTING is_baseline False
Peak hop Detectors=['AX']
Peak hop Deflections=[None]
Peak hop DeflectionsPairs=[('AX', None)]
----------------------- HOP Ar40 AX
detector Detector(AX)
POSITION Ar40 AX
Mapping mass to dac mass func: "parabolic"
AX map mass coeffs = [-0.00065973  0.16177525  0.58131918]
AX map mass to dac 39.9624 >> 5.99267
GetDeflection AX ===>> 190
GetHighVoltage ===>> 4500
positioning Ar40 (5.987887) on AX
setting magnet DAC
current  : 5.878850
requested: 5.987887
Delta Dac: 0.109037
Checking detector protection. dv=0.10904
Checking detector "CDD". Protection Threshold: 0.5 (V)
SetMagnetDAC 5.987887 ===>> OK
Magnet settling time: 0.500 0.500
Magnet settling complete
set_dac. change=True
update detector isotope pairing
detectors=['AX']
isotopes=['Ar40']
updating pairing AX - Ar40
could not locate det=AX iso=Ar40
Join finished
delaying 8 for detectors to settle after peak hop
testing H1<-5.0
evaluate ot="H1.bs<-5.0" t="H1<-5.0", ctx="{'H1': 0.11625931331000805}"
testing H1<-5.0
evaluate ot="H1.bs<-5.0" t="H1<-5.0", ctx="{'H1': 0.11625931331000805}"
$$$$$$$$$$$$$$$$$ SETTING is_baseline False
Peak hop Detectors=['L2']
Peak hop Deflections=[None]
Peak hop DeflectionsPairs=[('L2', None)]
----------------------- HOP Ar40 L2
detector Detector(L2)
POSITION Ar40 L2
Mapping mass to dac mass func: "parabolic"
L2 map mass coeffs = [  5.82480384e-04   7.14948689e-02   2.44417611e+00]
L2 map mass to dac 39.9624 >> 6.2315
GetDeflection L2 ===>> 825
GetHighVoltage ===>> 4500
positioning Ar40 (6.219746) on L2
setting magnet DAC
current  : 5.987887
requested: 6.219746
Delta Dac: 0.231859
Checking detector protection. dv=0.23186
Checking detector "CDD". Protection Threshold: 0.5 (V)
SetMagnetDAC 6.219746 ===>> OK
Magnet settling time: 0.500 0.500
Magnet settling complete
set_dac. change=True
update detector isotope pairing
detectors=['L2']
isotopes=['Ar40']
updating pairing L2 - Ar40
could not locate det=L2 iso=Ar40
Join finished
delaying 8 for detectors to settle after peak hop
testing H1<-5.0
evaluate ot="H1.bs<-5.0" t="H1<-5.0", ctx="{'H1': 0.11625931331000805}"
testing H1<-5.0
evaluate ot="H1.bs<-5.0" t="H1<-5.0", ctx="{'H1': 0.11625931331000805}"
$$$$$$$$$$$$$$$$$ SETTING is_baseline False
waiting for write to finish
measurement finished
estimated time: 358.613 actual time: :320.088
flush and close file /Users/jan/PychronDev/data/isotopes/da/b3c8f0-25a3-4801-991c-298c4d722f3c.h5
define_detectors ('Ar40', 'H1') {}
setting detector H2 to Ar41 (40.9624)
setting detector H1 to Ar40 (39.9624)
setting detector AX to Ar39 (38.9624)
setting detector L1 to Ar38 (37.9624)
setting detector L2 to Ar37 (36.9624)
setting detector CDD to Ar36 (35.9624)
define_detectors ('Ar39', 'AX') {}
setting detector H2 to Ar41 (40.964)
setting detector H1 to Ar40 (39.964)
setting detector AX to Ar39 (38.964)
setting detector L1 to Ar38 (37.964)
setting detector L2 to Ar37 (36.964)
setting detector CDD to Ar36 (35.964)
define_detectors ('Ar37', 'L2') {}
setting detector H2 to Ar41 (40.9668)
setting detector H1 to Ar40 (39.9668)
setting detector AX to Ar39 (38.9668)
setting detector L1 to Ar38 (37.9668)
setting detector L2 to Ar37 (36.9668)
setting detector CDD to Ar36 (35.9668)
baselines () {'settling_time': 15, 'detector': 'H1', 'mass': 34.2, 'ncounts': 75}
%%%%%%%%%%%%%%%%%%%%%%%%%%%%%%%% Baseline
build tables- baseline [Detector(H1), Detector(AX), Detector(L2)]
add group baseline table H1
add group baseline table AX
add group baseline table L2
flush and close file /Users/jan/PychronDev/data/isotopes/da/b3c8f0-25a3-4801-991c-298c4d722f3c.h5
detector Detector(H1)
POSITION 34.2 H1
Mapping mass to dac mass func: "parabolic"
H1 map mass coeffs = [ -3.11428344e-04   1.33794662e-01   1.02944323e+00]
H1 map mass to dac 34.2 >> 5.24096160773
GetDeflection H1 ===>> 0
GetHighVoltage ===>> 4500
positioning 34.2 (5.24096160773) on H1
setting magnet DAC
current  : 6.219746
requested: 5.240962
Delta Dac: 0.978784
Checking detector protection. dv=0.97878
Checking detector "CDD". Protection Threshold: 0.5 (V)
ProtectDetector CDD,On ===>> OK
GetDeflection CDD ===>> 2000
Protected = 2000
SetMagnetDAC 5.24096160773 ===>> OK
Magnet settling time: 0.500 0.500
Magnet settling complete
Wait for magnet to stop moving
GetMagnetMoving ===>> True
GetMagnetMoving ===>> True
GetMagnetMoving ===>> True
GetMagnetMoving ===>> True
GetMagnetMoving ===>> True
GetMagnetMoving ===>> True
GetMagnetMoving ===>> True
GetMagnetMoving ===>> True
GetMagnetMoving ===>> True
GetMagnetMoving ===>> False
Magnet move complete
Unprotect detectors
ProtectDetector CDD,Off ===>> OK
GetDeflection CDD ===>> 2000
set_dac. change=True
Delaying 15s for detectors to settle
Join finished
measuring baseline. ncounts=75
"baseline" increment series count="2" fit count="1" regressing="True"
starting measurement
testing H1<-5.0
evaluate ot="H1.bs<-5.0" t="H1<-5.0", ctx="{'H1': 0.08983654815843968}"
testing H1<-5.0
evaluate ot="H1.bs<-5.0" t="H1<-5.0", ctx="{'H1': 0.10287019150222959}"
testing H1<-5.0
evaluate ot="H1.bs<-5.0" t="H1<-5.0", ctx="{'H1': 0.1020152089631847}"
testing H1<-5.0
evaluate ot="H1.bs<-5.0" t="H1<-5.0", ctx="{'H1': 0.09184460201199765}"
testing H1<-5.0
evaluate ot="H1.bs<-5.0" t="H1<-5.0", ctx="{'H1': 0.08680466550814829}"
18:34:05 -- collecting point 25
testing H1<-5.0
evaluate ot="H1.bs<-5.0" t="H1<-5.0", ctx="{'H1': 0.08410433993857296}"
testing H1<-5.0
evaluate ot="H1.bs<-5.0" t="H1<-5.0", ctx="{'H1': 0.08943062504516097}"
testing H1<-5.0
evaluate ot="H1.bs<-5.0" t="H1<-5.0", ctx="{'H1': 0.09079488509521348}"
testing H1<-5.0
evaluate ot="H1.bs<-5.0" t="H1<-5.0", ctx="{'H1': 0.08753137546155819}"
testing H1<-5.0
evaluate ot="H1.bs<-5.0" t="H1<-5.0", ctx="{'H1': 0.08936877202736129}"
18:34:31 -- collecting point 50
testing H1<-5.0
evaluate ot="H1.bs<-5.0" t="H1<-5.0", ctx="{'H1': 0.08874514908755471}"
testing H1<-5.0
evaluate ot="H1.bs<-5.0" t="H1<-5.0", ctx="{'H1': 0.09059352744585322}"
testing H1<-5.0
evaluate ot="H1.bs<-5.0" t="H1<-5.0", ctx="{'H1': 0.09073223822329915}"
testing H1<-5.0
evaluate ot="H1.bs<-5.0" t="H1<-5.0", ctx="{'H1': 0.09416302607217344}"
testing H1<-5.0
evaluate ot="H1.bs<-5.0" t="H1<-5.0", ctx="{'H1': 0.09304470014138828}"
18:34:57 -- collecting point 75
waiting for write to finish
measurement finished
estimated time: 78.643 actual time: :79.042
flush and close file /Users/jan/PychronDev/data/isotopes/da/b3c8f0-25a3-4801-991c-298c4d722f3c.h5
set_deflection ('CDD', 50) {}
setting spectrometer parameter SetDeflection CDD,50
SetDeflection CDD,50 ===>> OK
finished measure script
executed snippet estimated_duration=94.5, duration=418.902002811
jan_ic_peak_hop3_no_eq.py completed successfully
Measurement Finished
18:34:59 -- ******* Measurement Finished *******
Post Measurement Started jan_pump_ms.py
18:34:59 -- ******* Post Measurement Started jan_pump_ms.py *******
testing...
no interpolation path defined
executed snippet estimated_duration=0, duration=4.10079956055e-05
Pumping spectrometer
open () {'name': 'O'}
open name=O desc=---
checking ownership. requestor=129.138.12.150
check software interlocks O
interlocks []
actuate state mode=None-script, software_lock=False
doing actuation None-script open_channel True
Open O ===>> OK
GetIndicatorState O ===>> OK
change switch state (True, True)
update switch state O True args=() kw={} ncanvase=2
18:34:59 -- OPEN   VALVE-O (Jan Ion Pump)
-------------------------- open O () result=[(True, True)]
action=open, ok=True, locked=[False]
executed snippet estimated_duration=0, duration=0.361861944199
jan_pump_ms.py completed successfully
setting _ms_pumptime
Post Measurement Finished
18:34:59 -- ******* Post Measurement Finished *******
$$$$$$$$$$$$$$$$$$$$ state at run end measurement
state changed from measurement to success
post measurement save measured=True aborted=False
Set filtering
setting fod for Ar40= {'filter_outliers': False, 'std_devs': 2, 'iterations': 1}
setting fod for H1= {'filter_outliers': False, 'std_devs': 2, 'iterations': 1}
setting fod for Ar40= {'filter_outliers': False, 'std_devs': 2, 'iterations': 1}
setting fod for AX= {'filter_outliers': False, 'std_devs': 2, 'iterations': 1}
setting fod for Ar40= {'filter_outliers': False, 'std_devs': 2, 'iterations': 1}
setting fod for L2= {'filter_outliers': False, 'std_devs': 2, 'iterations': 1}
not connected to db mysql://janexp@129.138.12.160/labspy
Enviromentals: {'lab_humiditys': [{'device': 'EnvironmentalMonitor',
                    'name': 'Lab Hum.',
                    'pub_date': '2017-06-20T18:34:07',
                    'title': 'iServer Hum.',
                    'value': 38.7},
                   {'device': 'ITEnironmentalMonitor',
                    'name': 'IT Hum.',
                    'pub_date': '2016-12-06T14:50:58',
                    'title': None,
                    'value': 18.3},
                   {'device': 'RPiWeather',
                    'name': 'Lab Hum. 2',
                    'pub_date': '2017-03-07T16:32:45',
                    'title': 'Base Station Hum.',
                    'value': 12.6145315170288}],
 'lab_pneumatics': [{'device': 'AirPressure',
                     'name': 'Pressure',
                     'pub_date': '2017-06-20T18:34:56',
                     'title': None,
                     'value': 111.825},
                    {'device': 'AirPressure2',
                     'name': 'Pressure2',
                     'pub_date': '2017-06-20T18:34:56',
                     'title': None,
                     'value': 113.53186},
                    {'device': 'RPiWeather',
                     'name': 'Lab Pressure',
                     'pub_date': '2017-03-07T16:23:35',
                     'title': None,
                     'value': 868.862060546875}],
 'lab_temperatures': [{'device': 'Coldfinger',
                       'name': 'ColdFinger Temp.',
                       'pub_date': '2017-06-20T18:34:07',
                       'title': None,
                       'value': -194.0},
                      {'device': 'EnvironmentalMonitor',
                       'name': 'Lab Temp.',
                       'pub_date': '2017-06-20T17:40:34',
                       'title': 'iServer Temp.',
                       'value': 75.0},
                      {'device': 'Chiller',
                       'name': 'Coolant Temp.',
                       'pub_date': '2017-06-20T18:31:44',
                       'title': None,
                       'value': 18.0555555555556},
                      {'device': 'ITEnironmentalMonitor',
                       'name': 'IT Temp.',
                       'pub_date': '2016-12-06T14:50:59',
                       'title': None,
                       'value': 68.5},
                      {'device': 'RPiWeather',
                       'name': 'Lab Temp. 2',
                       'pub_date': '2017-03-07T16:33:16',
                       'title': 'Base Station Temp.',
                       'value': 77.1123626708984},
                      {'device': 'RPiWeather',
                       'name': 'Lab Temp. 3',
                       'pub_date': '2017-03-07T16:25:25',
                       'title': 'EastDiffuser01',
                       'value': 69.9116},
                      {'device': 'RPiWeather',
                       'name': 'Lab Temp. 4',
                       'pub_date': '2017-03-07T16:31:03',
                       'title': 'EastReturn02',
                       'value': 69.575},
                      {'device': 'RPiWeather',
                       'name': 'Lab Temp. 5',
                       'pub_date': '2017-03-07T15:06:25',
                       'title': 'iServerCalibration03',
                       'value': 71.0366},
                      {'device': 'RPiWeather',
                       'name': 'Lab Temp. 6',
                       'pub_date': '2017-03-07T15:45:19',
                       'title': 'SouthWall04',
                       'value': 70.3616},
                      {'device': 'RPiWeather',
                       'name': 'Lab Temp. 7',
                       'pub_date': '2017-03-07T16:31:48',
                       'title': 'SouthWindow05',
                       'value': 76.55}]}
persistence save...
persistence save - db
post measurement save
5796084720 connecting to database sqlite://@/
connected to db sqlite://@/
create new session 5796084720
close session 5796084720
No database instance. Not saving post measurement to isotopedb database
$$$$$$$$$$$$$$$ auto_save_detector_ic=False
persistence save - dvc
================= post measurement started
create new session 4932681456
close session 4932681456
---------------- Experiment Queue saving disabled
DVC saving peakcenter
Smart pull ahead: 0 behind: 0
Up-to-date with origin
add to repo msg=modified - ad8224ebc6dbfeb9f5997218dfa5fe690569839d.json
add to repo msg=modified - -J-466.json
add to repo msg=modified - -J-466.dat.json
add to repo msg=modified - -J-466.blan.json
add to repo msg=modified - -J-466.inte.json
add to repo msg=modified - -J-466.icfa.json
add to repo msg=modified - -J-466.base.json
not at valid file /Users/jan/PychronDev/data/.dvc/repositories/laboratory/ic-01/tags/-J-466.tags.json
add to repo msg=modified - -J-466.peak.json
not at valid file /Users/jan/PychronDev/data/.dvc/repositories/laboratory/ic-01/extraction/-J-466.extr.json
not at valid file /Users/jan/PychronDev/data/.dvc/repositories/laboratory/ic-01/monitor/-J-466.moni.json
commit message=<COLLECTION>
add to repo msg=modified - -J-466.inte.json
add to repo msg=modified - -J-466.base.json
commit message=<ISOEVO> default collection fits
add to repo msg=modified - -J-466.blan.json
commit message=<BLANKS> preceding ba-01-J-2552
add to repo msg=modified - -J-466.icfa.json
commit message=<ICFactor> default
push repository <pychron.git_archive.repo_manager.GitRepoManager object at 0x1332e75f0>
pushing to remote=origin, url=https://github.com
no changes to meta repo
create new session 4932681456
add association laboratory
get identifier "ic-01-J"
setting analysis irradiation position=<pychron.dvc.dvc_orm.IrradiationPositionTbl object at 0x1407a5d10>
close session 4932681456
================= post measurement finished
18:35:19 -- ******* Post Run Check *******
loading queue conditionals post_run_actions
loading system conditionals post_run_actions
loading conditionals from /Users/jan/PychronDev/setupfiles/spectrometer/default_conditionals.yaml
loading queue conditionals post_run_terminations
loading system conditionals post_run_terminations
loading conditionals from /Users/jan/PychronDev/setupfiles/spectrometer/default_conditionals.yaml
Checking default post run terminations n=1
GetDeflection CDD ===>> 50
testing CDD==2000
evaluate ot="CDD.deflection==2000" t="CDD==2000", ctx="{'CDD': 50.0}"
18:35:20 -- ******* Post Run Check Passed *******
18:35:20 -- Automated run ic-01-J-466 success duration: 443.597 s
----------------- finish -----------------
----------------- stop -----------------
retroactive repository identifiers disabled
finish run. runs completed=34
update duration runid=ic-01-J-466, duration=443.596769094, md5=09592304
loading script "jan_unknown400_120.py"
loading script "jan_pump_ms.py"
loading script "jan_cocktail_x1.py"
loading script "jan_pump_extraction_line.py"
testing...
no interpolation path defined
executed snippet estimated_duration=556.052928, duration=0.000242948532104
script duration name:unknown400_120 seconds:556.0
loading script "jan_unknown400_120.py"
loading script "jan_pump_ms.py"
loading script "jan_cocktail_x1.py"
loading script "jan_pump_extraction_line.py"
testing...
no interpolation path defined
executed snippet estimated_duration=0, duration=2.50339508057e-05
loading script "jan_unknown400_120.py"
loading script "jan_pump_ms.py"
loading script "jan_cocktail_x1.py"
loading script "jan_pump_extraction_line.py"
testing...
no interpolation path defined
calculate duration
testing...
no interpolation path defined
executed snippet estimated_duration=0, duration=4.72068786621e-05
calculate duration
testing...
no interpolation path defined
executed snippet estimated_duration=0, duration=0.000101089477539
calculate duration
testing...
no interpolation path defined
executed snippet estimated_duration=32.0, duration=8.32080841064e-05
calculate duration
testing...
no interpolation path defined
executed snippet estimated_duration=34.0, duration=8.60691070557e-05
calculate duration
testing...
no interpolation path defined
executed snippet estimated_duration=4.0, duration=5.41210174561e-05
calculate duration
testing...
no interpolation path defined
executed snippet estimated_duration=38.0, duration=7.60555267334e-05
executed snippet estimated_duration=108.0, duration=0.00555801391602
script duration name:cocktail_x1 seconds:108.0
loading script "jan_unknown400_120.py"
loading script "jan_pump_ms.py"
loading script "jan_cocktail_x1.py"
loading script "jan_pump_extraction_line.py"
testing...
no interpolation path defined
calculate duration
testing...
no interpolation path defined
executed snippet estimated_duration=4.0, duration=0.000174045562744
executed snippet estimated_duration=4.0, duration=0.00142502784729
Script duration 664.0
Run total estimated duration= 665.000
unknown400_120 in script context. using previous estimated duration
script duration name:unknown400_120 seconds:556.0
pump_ms in script context. using previous estimated duration
loading script "jan_unknown400_120.py"
loading script "jan_pump_ms.py"
loading script "jan_sniffair_x2.py"
loading script "jan_pump_extraction_line.py"
testing...
no interpolation path defined
calculate duration
testing...
no interpolation path defined
executed snippet estimated_duration=0, duration=4.19616699219e-05
calculate duration
testing...
no interpolation path defined
executed snippet estimated_duration=0, duration=9.70363616943e-05
calculate duration
testing...
no interpolation path defined
executed snippet estimated_duration=32.0, duration=8.10623168945e-05
calculate duration
testing...
no interpolation path defined
executed snippet estimated_duration=34.0, duration=8.79764556885e-05
calculate duration
testing...
no interpolation path defined
executed snippet estimated_duration=4.0, duration=5.60283660889e-05
calculate duration
testing...
no interpolation path defined
executed snippet estimated_duration=36.0, duration=7.89165496826e-05
calculate duration
testing...
no interpolation path defined
executed snippet estimated_duration=34.0, duration=9.20295715332e-05
calculate duration
testing...
no interpolation path defined
executed snippet estimated_duration=4.0, duration=8.20159912109e-05
calculate duration
testing...
no interpolation path defined
executed snippet estimated_duration=36.0, duration=0.000269889831543
calculate duration
testing...
no interpolation path defined
executed snippet estimated_duration=70.0, duration=0.000281810760498
executed snippet estimated_duration=250.0, duration=0.00978088378906
script duration name:sniffair_x2 seconds:250.0
pump_extraction_line in script context. using previous estimated duration
Script duration 806.0
Run total estimated duration= 807.000
script duration name:unknown400_120 seconds:556.0
sniffair_x2 in script context. using previous estimated duration
script duration name:sniffair_x2 seconds:250.0
Script duration 806.0
Run total estimated duration= 807.000
loading script "jan_ic_peak_hop3_no_eq.py"
loading script "jan_pump_ms.py"
loading script "jan_pump_extraction_line.py"
testing...
no interpolation path defined
executed snippet estimated_duration=94.0, duration=0.0107569694519
script duration name:ic_peak_hop3_no_eq seconds:94.0
loading script "jan_ic_peak_hop3_no_eq.py"
loading script "jan_pump_ms.py"
loading script "jan_pump_extraction_line.py"
Script duration 94.0
Run total estimated duration= 95.000
script duration name:unknown400_120 seconds:556.0
loading script "jan_unknown400_120.py"
loading script "jan_cocktail_x1.py"
loading script "jan_pump_extraction_line.py"
cocktail_x1 in script context. using previous estimated duration
script duration name:cocktail_x1 seconds:108.0
Script duration 664.0
Run total estimated duration= 665.000
ic_peak_hop3_no_eq in script context. using previous estimated duration
script duration name:ic_peak_hop3_no_eq seconds:94.0
loading script "jan_ic_peak_hop3_no_eq.py"
loading script "jan_pump_ms.py"
loading script "jan_pump_extraction_line.py"
Script duration 94.0
Run total estimated duration= 95.000
script duration name:unknown400_120 seconds:556.0
loading script "jan_unknown400_120.py"
loading script "jan_cocktail_x1.py"
loading script "jan_pump_extraction_line.py"
script duration name:cocktail_x1 seconds:108.0
Script duration 664.0
Run total estimated duration= 665.000
script duration name:ic_peak_hop3_no_eq seconds:94.0
loading script "jan_ic_peak_hop3_no_eq.py"
loading script "jan_pump_ms.py"
loading script "jan_pump_extraction_line.py"
Script duration 94.0
Run total estimated duration= 95.000
script duration name:unknown400_120 seconds:556.0
loading script "jan_unknown400_120.py"
loading script "jan_cocktail_x1.py"
loading script "jan_pump_extraction_line.py"
script duration name:cocktail_x1 seconds:108.0
Script duration 664.0
Run total estimated duration= 665.000
script duration name:ic_peak_hop3_no_eq seconds:94.0
loading script "jan_ic_peak_hop3_no_eq.py"
loading script "jan_pump_ms.py"
loading script "jan_pump_extraction_line.py"
Script duration 94.0
Run total estimated duration= 95.000
script duration name:unknown400_120 seconds:556.0
loading script "jan_unknown400_120.py"
loading script "jan_cocktail_x1.py"
loading script "jan_pump_extraction_line.py"
script duration name:cocktail_x1 seconds:108.0
Script duration 664.0
Run total estimated duration= 665.000
script duration name:ic_peak_hop3_no_eq seconds:94.0
loading script "jan_ic_peak_hop3_no_eq.py"
loading script "jan_pump_ms.py"
loading script "jan_pump_extraction_line.py"
Script duration 94.0
Run total estimated duration= 95.000
script duration name:unknown400_120 seconds:556.0
script duration name:cocktail_x1 seconds:108.0
Script duration 664.0
Run total estimated duration= 665.000
script duration name:unknown400_120 seconds:556.0
script duration name:sniffair_x2 seconds:250.0
Script duration 806.0
Run total estimated duration= 807.000
script duration name:unknown400_120 seconds:556.0
script duration name:sniffair_x2 seconds:250.0
Script duration 806.0
Run total estimated duration= 807.000
script duration name:ic_peak_hop3_no_eq seconds:94.0
loading script "jan_ic_peak_hop3_no_eq.py"
loading script "jan_pump_ms.py"
loading script "jan_pump_extraction_line.py"
Script duration 94.0
Run total estimated duration= 95.000
script duration name:unknown400_120 seconds:556.0
loading script "jan_unknown400_120.py"
loading script "jan_cocktail_x1.py"
loading script "jan_pump_extraction_line.py"
script duration name:cocktail_x1 seconds:108.0
Script duration 664.0
Run total estimated duration= 665.000
script duration name:ic_peak_hop3_no_eq seconds:94.0
loading script "jan_ic_peak_hop3_no_eq.py"
loading script "jan_pump_ms.py"
loading script "jan_pump_extraction_line.py"
Script duration 94.0
Run total estimated duration= 95.000
script duration name:unknown400_120 seconds:556.0
loading script "jan_unknown400_120.py"
loading script "jan_cocktail_x1.py"
loading script "jan_pump_extraction_line.py"
script duration name:cocktail_x1 seconds:108.0
Script duration 664.0
Run total estimated duration= 665.000
script duration name:ic_peak_hop3_no_eq seconds:94.0
loading script "jan_ic_peak_hop3_no_eq.py"
loading script "jan_pump_ms.py"
loading script "jan_pump_extraction_line.py"
Script duration 94.0
Run total estimated duration= 95.000
script duration name:unknown400_120 seconds:556.0
loading script "jan_unknown400_120.py"
loading script "jan_cocktail_x1.py"
loading script "jan_pump_extraction_line.py"
script duration name:cocktail_x1 seconds:108.0
Script duration 664.0
Run total estimated duration= 665.000
script duration name:ic_peak_hop3_no_eq seconds:94.0
loading script "jan_ic_peak_hop3_no_eq.py"
loading script "jan_pump_ms.py"
loading script "jan_pump_extraction_line.py"
Script duration 94.0
Run total estimated duration= 95.000
script duration name:unknown400_120 seconds:556.0
loading script "jan_unknown400_120.py"
loading script "jan_cocktail_x1.py"
loading script "jan_pump_extraction_line.py"
script duration name:cocktail_x1 seconds:108.0
Script duration 664.0
Run total estimated duration= 665.000
script duration name:ic_peak_hop3_no_eq seconds:94.0
loading script "jan_ic_peak_hop3_no_eq.py"
loading script "jan_pump_ms.py"
loading script "jan_pump_extraction_line.py"
Script duration 94.0
Run total estimated duration= 95.000
script duration name:unknown400_120 seconds:556.0
script duration name:cocktail_x1 seconds:108.0
Script duration 664.0
Run total estimated duration= 665.000
script duration name:unknown400_120 seconds:556.0
script duration name:sniffair_x2 seconds:250.0
Script duration 806.0
Run total estimated duration= 807.000
script duration name:unknown400_120 seconds:556.0
script duration name:sniffair_x2 seconds:250.0
Script duration 806.0
Run total estimated duration= 807.000
script duration name:ic_peak_hop3_no_eq seconds:94.0
loading script "jan_ic_peak_hop3_no_eq.py"
loading script "jan_pump_ms.py"
loading script "jan_pump_extraction_line.py"
Script duration 94.0
Run total estimated duration= 95.000
script duration name:unknown400_120 seconds:556.0
loading script "jan_unknown400_120.py"
loading script "jan_cocktail_x1.py"
loading script "jan_pump_extraction_line.py"
script duration name:cocktail_x1 seconds:108.0
Script duration 664.0
Run total estimated duration= 665.000
script duration name:ic_peak_hop3_no_eq seconds:94.0
loading script "jan_ic_peak_hop3_no_eq.py"
loading script "jan_pump_ms.py"
loading script "jan_pump_extraction_line.py"
Script duration 94.0
Run total estimated duration= 95.000
script duration name:unknown400_120 seconds:556.0
loading script "jan_unknown400_120.py"
loading script "jan_cocktail_x1.py"
loading script "jan_pump_extraction_line.py"
script duration name:cocktail_x1 seconds:108.0
Script duration 664.0
Run total estimated duration= 665.000
script duration name:ic_peak_hop3_no_eq seconds:94.0
loading script "jan_ic_peak_hop3_no_eq.py"
loading script "jan_pump_ms.py"
loading script "jan_pump_extraction_line.py"
Script duration 94.0
Run total estimated duration= 95.000
script duration name:unknown400_120 seconds:556.0
loading script "jan_unknown400_120.py"
loading script "jan_cocktail_x1.py"
loading script "jan_pump_extraction_line.py"
script duration name:cocktail_x1 seconds:108.0
Script duration 664.0
Run total estimated duration= 665.000
script duration name:ic_peak_hop3_no_eq seconds:94.0
loading script "jan_ic_peak_hop3_no_eq.py"
loading script "jan_pump_ms.py"
loading script "jan_pump_extraction_line.py"
Script duration 94.0
Run total estimated duration= 95.000
script duration name:unknown400_120 seconds:556.0
loading script "jan_unknown400_120.py"
loading script "jan_cocktail_x1.py"
loading script "jan_pump_extraction_line.py"
script duration name:cocktail_x1 seconds:108.0
Script duration 664.0
Run total estimated duration= 665.000
script duration name:ic_peak_hop3_no_eq seconds:94.0
loading script "jan_ic_peak_hop3_no_eq.py"
loading script "jan_pump_ms.py"
loading script "jan_pump_extraction_line.py"
Script duration 94.0
Run total estimated duration= 95.000
script duration name:unknown400_120 seconds:556.0
script duration name:cocktail_x1 seconds:108.0
Script duration 664.0
Run total estimated duration= 665.000
script duration name:unknown400_120 seconds:556.0
script duration name:sniffair_x2 seconds:250.0
Script duration 806.0
Run total estimated duration= 807.000
script duration name:unknown400_120 seconds:556.0
script duration name:sniffair_x2 seconds:250.0
Script duration 806.0
Run total estimated duration= 807.000
script duration name:ic_peak_hop3_no_eq seconds:94.0
loading script "jan_ic_peak_hop3_no_eq.py"
loading script "jan_pump_ms.py"
loading script "jan_pump_extraction_line.py"
Script duration 94.0
Run total estimated duration= 95.000
script duration name:unknown400_120 seconds:556.0
loading script "jan_unknown400_120.py"
loading script "jan_cocktail_x1.py"
loading script "jan_pump_extraction_line.py"
script duration name:cocktail_x1 seconds:108.0
Script duration 664.0
Run total estimated duration= 665.000
script duration name:ic_peak_hop3_no_eq seconds:94.0
loading script "jan_ic_peak_hop3_no_eq.py"
loading script "jan_pump_ms.py"
loading script "jan_pump_extraction_line.py"
Script duration 94.0
Run total estimated duration= 95.000
script duration name:unknown400_120 seconds:556.0
loading script "jan_unknown400_120.py"
loading script "jan_cocktail_x1.py"
loading script "jan_pump_extraction_line.py"
script duration name:cocktail_x1 seconds:108.0
Script duration 664.0
Run total estimated duration= 665.000
script duration name:ic_peak_hop3_no_eq seconds:94.0
loading script "jan_ic_peak_hop3_no_eq.py"
loading script "jan_pump_ms.py"
loading script "jan_pump_extraction_line.py"
Script duration 94.0
Run total estimated duration= 95.000
script duration name:unknown400_120 seconds:556.0
loading script "jan_unknown400_120.py"
loading script "jan_cocktail_x1.py"
loading script "jan_pump_extraction_line.py"
script duration name:cocktail_x1 seconds:108.0
Script duration 664.0
Run total estimated duration= 665.000
script duration name:ic_peak_hop3_no_eq seconds:94.0
loading script "jan_ic_peak_hop3_no_eq.py"
loading script "jan_pump_ms.py"
loading script "jan_pump_extraction_line.py"
Script duration 94.0
Run total estimated duration= 95.000
script duration name:unknown400_120 seconds:556.0
loading script "jan_unknown400_120.py"
loading script "jan_cocktail_x1.py"
loading script "jan_pump_extraction_line.py"
script duration name:cocktail_x1 seconds:108.0
Script duration 664.0
Run total estimated duration= 665.000
script duration name:ic_peak_hop3_no_eq seconds:94.0
loading script "jan_ic_peak_hop3_no_eq.py"
loading script "jan_pump_ms.py"
loading script "jan_pump_extraction_line.py"
Script duration 94.0
Run total estimated duration= 95.000
script duration name:unknown400_120 seconds:556.0
script duration name:cocktail_x1 seconds:108.0
Script duration 664.0
Run total estimated duration= 665.000
script duration name:unknown400_120 seconds:556.0
script duration name:sniffair_x2 seconds:250.0
Script duration 806.0
Run total estimated duration= 807.000
script duration name:unknown400_120 seconds:556.0
script duration name:sniffair_x2 seconds:250.0
Script duration 806.0
Run total estimated duration= 807.000
script duration name:ic_peak_hop3_no_eq seconds:94.0
loading script "jan_ic_peak_hop3_no_eq.py"
loading script "jan_pump_ms.py"
loading script "jan_pump_extraction_line.py"
Script duration 94.0
Run total estimated duration= 95.000
script duration name:unknown400_120 seconds:556.0
loading script "jan_unknown400_120.py"
loading script "jan_cocktail_x1.py"
loading script "jan_pump_extraction_line.py"
script duration name:cocktail_x1 seconds:108.0
Script duration 664.0
Run total estimated duration= 665.000
script duration name:ic_peak_hop3_no_eq seconds:94.0
loading script "jan_ic_peak_hop3_no_eq.py"
loading script "jan_pump_ms.py"
loading script "jan_pump_extraction_line.py"
Script duration 94.0
Run total estimated duration= 95.000
script duration name:unknown400_120 seconds:556.0
loading script "jan_unknown400_120.py"
loading script "jan_cocktail_x1.py"
loading script "jan_pump_extraction_line.py"
script duration name:cocktail_x1 seconds:108.0
Script duration 664.0
Run total estimated duration= 665.000
script duration name:ic_peak_hop3_no_eq seconds:94.0
loading script "jan_ic_peak_hop3_no_eq.py"
loading script "jan_pump_ms.py"
loading script "jan_pump_extraction_line.py"
Script duration 94.0
Run total estimated duration= 95.000
script duration name:unknown400_120 seconds:556.0
loading script "jan_unknown400_120.py"
loading script "jan_cocktail_x1.py"
loading script "jan_pump_extraction_line.py"
script duration name:cocktail_x1 seconds:108.0
Script duration 664.0
Run total estimated duration= 665.000
script duration name:ic_peak_hop3_no_eq seconds:94.0
loading script "jan_ic_peak_hop3_no_eq.py"
loading script "jan_pump_ms.py"
loading script "jan_pump_extraction_line.py"
Script duration 94.0
Run total estimated duration= 95.000
script duration name:unknown400_120 seconds:556.0
loading script "jan_unknown400_120.py"
loading script "jan_cocktail_x1.py"
loading script "jan_pump_extraction_line.py"
script duration name:cocktail_x1 seconds:108.0
Script duration 664.0
Run total estimated duration= 665.000
script duration name:ic_peak_hop3_no_eq seconds:94.0
loading script "jan_ic_peak_hop3_no_eq.py"
loading script "jan_pump_ms.py"
loading script "jan_pump_extraction_line.py"
Script duration 94.0
Run total estimated duration= 95.000
script duration name:unknown400_120 seconds:556.0
script duration name:cocktail_x1 seconds:108.0
Script duration 664.0
Run total estimated duration= 665.000
script duration name:unknown400_120 seconds:556.0
script duration name:sniffair_x2 seconds:250.0
Script duration 806.0
Run total estimated duration= 807.000
script duration name:unknown400_120 seconds:556.0
script duration name:sniffair_x2 seconds:250.0
Script duration 806.0
Run total estimated duration= 807.000
script duration name:ic_peak_hop3_no_eq seconds:94.0
loading script "jan_ic_peak_hop3_no_eq.py"
loading script "jan_pump_ms.py"
loading script "jan_pump_extraction_line.py"
Script duration 94.0
Run total estimated duration= 95.000
script duration name:unknown400_120 seconds:556.0
loading script "jan_unknown400_120.py"
loading script "jan_cocktail_x1.py"
loading script "jan_pump_extraction_line.py"
script duration name:cocktail_x1 seconds:108.0
Script duration 664.0
Run total estimated duration= 665.000
script duration name:ic_peak_hop3_no_eq seconds:94.0
loading script "jan_ic_peak_hop3_no_eq.py"
loading script "jan_pump_ms.py"
loading script "jan_pump_extraction_line.py"
Script duration 94.0
Run total estimated duration= 95.000
script duration name:unknown400_120 seconds:556.0
loading script "jan_unknown400_120.py"
loading script "jan_cocktail_x1.py"
loading script "jan_pump_extraction_line.py"
script duration name:cocktail_x1 seconds:108.0
Script duration 664.0
Run total estimated duration= 665.000
script duration name:ic_peak_hop3_no_eq seconds:94.0
loading script "jan_ic_peak_hop3_no_eq.py"
loading script "jan_pump_ms.py"
loading script "jan_pump_extraction_line.py"
Script duration 94.0
Run total estimated duration= 95.000
script duration name:unknown400_120 seconds:556.0
loading script "jan_unknown400_120.py"
loading script "jan_cocktail_x1.py"
loading script "jan_pump_extraction_line.py"
script duration name:cocktail_x1 seconds:108.0
Script duration 664.0
Run total estimated duration= 665.000
script duration name:ic_peak_hop3_no_eq seconds:94.0
loading script "jan_ic_peak_hop3_no_eq.py"
loading script "jan_pump_ms.py"
loading script "jan_pump_extraction_line.py"
Script duration 94.0
Run total estimated duration= 95.000
script duration name:unknown400_120 seconds:556.0
loading script "jan_unknown400_120.py"
loading script "jan_cocktail_x1.py"
loading script "jan_pump_extraction_line.py"
script duration name:cocktail_x1 seconds:108.0
Script duration 664.0
Run total estimated duration= 665.000
script duration name:ic_peak_hop3_no_eq seconds:94.0
loading script "jan_ic_peak_hop3_no_eq.py"
loading script "jan_pump_ms.py"
loading script "jan_pump_extraction_line.py"
Script duration 94.0
Run total estimated duration= 95.000
script duration name:unknown400_120 seconds:556.0
script duration name:cocktail_x1 seconds:108.0
Script duration 664.0
Run total estimated duration= 665.000
script duration name:unknown400_120 seconds:556.0
script duration name:sniffair_x2 seconds:250.0
Script duration 806.0
Run total estimated duration= 807.000
script duration name:unknown400_120 seconds:556.0
script duration name:sniffair_x2 seconds:250.0
Script duration 806.0
Run total estimated duration= 807.000
script duration name:ic_peak_hop3_no_eq seconds:94.0
loading script "jan_ic_peak_hop3_no_eq.py"
loading script "jan_pump_ms.py"
loading script "jan_pump_extraction_line.py"
Script duration 94.0
Run total estimated duration= 95.000
script duration name:unknown400_120 seconds:556.0
loading script "jan_unknown400_120.py"
loading script "jan_cocktail_x1.py"
loading script "jan_pump_extraction_line.py"
script duration name:cocktail_x1 seconds:108.0
Script duration 664.0
Run total estimated duration= 665.000
script duration name:ic_peak_hop3_no_eq seconds:94.0
loading script "jan_ic_peak_hop3_no_eq.py"
loading script "jan_pump_ms.py"
loading script "jan_pump_extraction_line.py"
Script duration 94.0
Run total estimated duration= 95.000
script duration name:unknown400_120 seconds:556.0
loading script "jan_unknown400_120.py"
loading script "jan_cocktail_x1.py"
loading script "jan_pump_extraction_line.py"
script duration name:cocktail_x1 seconds:108.0
Script duration 664.0
Run total estimated duration= 665.000
script duration name:ic_peak_hop3_no_eq seconds:94.0
loading script "jan_ic_peak_hop3_no_eq.py"
loading script "jan_pump_ms.py"
loading script "jan_pump_extraction_line.py"
Script duration 94.0
Run total estimated duration= 95.000
script duration name:unknown400_120 seconds:556.0
loading script "jan_unknown400_120.py"
loading script "jan_cocktail_x1.py"
loading script "jan_pump_extraction_line.py"
script duration name:cocktail_x1 seconds:108.0
Script duration 664.0
Run total estimated duration= 665.000
script duration name:ic_peak_hop3_no_eq seconds:94.0
loading script "jan_ic_peak_hop3_no_eq.py"
loading script "jan_pump_ms.py"
loading script "jan_pump_extraction_line.py"
Script duration 94.0
Run total estimated duration= 95.000
script duration name:unknown400_120 seconds:556.0
loading script "jan_unknown400_120.py"
loading script "jan_cocktail_x1.py"
loading script "jan_pump_extraction_line.py"
script duration name:cocktail_x1 seconds:108.0
Script duration 664.0
Run total estimated duration= 665.000
script duration name:ic_peak_hop3_no_eq seconds:94.0
loading script "jan_ic_peak_hop3_no_eq.py"
loading script "jan_pump_ms.py"
loading script "jan_pump_extraction_line.py"
Script duration 94.0
Run total estimated duration= 95.000
script duration name:unknown400_120 seconds:556.0
script duration name:cocktail_x1 seconds:108.0
Script duration 664.0
Run total estimated duration= 665.000
script duration name:unknown400_120 seconds:556.0
script duration name:sniffair_x2 seconds:250.0
Script duration 806.0
Run total estimated duration= 807.000
script duration name:unknown400_120 seconds:556.0
script duration name:sniffair_x2 seconds:250.0
Script duration 806.0
Run total estimated duration= 807.000
nruns=87 before=5.0, run_dur=40177.0, btw=2580.0
write rem/ex queues
/Users/jan/PychronDev/experiments/rem/Test_For_Drift.rem.txt
/Users/jan/PychronDev/experiments/rem/Test_For_Drift.ex.txt
doing event level: 3
add run
