do run
loading script "jan_ic_peak_hop3_no_eq.py"
loading script "jan_pump_ms.py"
loading script "jan_pump_extraction_line.py"
testing...
no interpolation path defined
executed snippet estimated_duration=94.0, duration=0.00963306427002
script duration name:ic_peak_hop3_no_eq seconds:94.0
loading script "jan_ic_peak_hop3_no_eq.py"
loading script "jan_pump_ms.py"
loading script "jan_pump_extraction_line.py"
testing...
no interpolation path defined
executed snippet estimated_duration=0, duration=5.79357147217e-05
loading script "jan_ic_peak_hop3_no_eq.py"
loading script "jan_pump_ms.py"
loading script "jan_pump_extraction_line.py"
loading script "jan_ic_peak_hop3_no_eq.py"
loading script "jan_pump_ms.py"
loading script "jan_pump_extraction_line.py"
testing...
no interpolation path defined
calculate duration
testing...
no interpolation path defined
executed snippet estimated_duration=4.0, duration=0.000154972076416
executed snippet estimated_duration=4.0, duration=0.00137495994568
Script duration 94.0
Run total estimated duration= 95.000
run duration: 0:01:35
doing event level: 2
18:27:12 -- Setting default integration. t=1.048576
setting integration time = 1.048576
SetIntegrationTime 1.048576 ===>> OK
----------------- start -----------------
**************** Experiment Type: Ar/Ar, Ar/Ar
create new session 4963741968
close session 4963741968
$$$$$ Clearing conditionals
adding conditionals 
Add queue conditionals
add default conditionals
adding default conditionals from /Users/jan/PychronDev/setupfiles/spectrometer/default_conditionals.yaml
Start automated run ic-01-J-510
loading script "jan_ic_peak_hop3_no_eq.py"
loading script "jan_pump_ms.py"
loading script "jan_pump_extraction_line.py"
%%%%%%%%%%%%%%%%%% setting automated run ic-01-J-510
$$$$$$$$$$$$$$$ auto_save_detector_ic=False
No metadata section in "jan_ic_peak_hop3_no_eq.py". Using default "None" value for "default_fits"
============================= Pre Extraction Check =============================
loading queue conditionals pre_run_terminations
loading system conditionals pre_run_terminations
loading conditionals from /Users/jan/PychronDev/setupfiles/spectrometer/default_conditionals.yaml
18:27:13 -- ******* Pre Extraction Check *******
Get a measurement from the spectrometer
Pre Extraction Termination data. keys=H2,H1,AX,L1,L2,CDD, signals=-0.00974,911.35863,73.28263,1.00818,0.09843,0.05249
18:27:13 -- testing system defined conditionals
Checking default pre extraction terminations n=2
testing CDD
evaluate ot="CDD.inactive" t="CDD", ctx="{'CDD': False}"
GetDeflection CDD ===>> 50
testing CDD==2000
evaluate ot="CDD.deflection==2000" t="CDD==2000", ctx="{'CDD': 50.0}"
18:27:13 -- ******* Pre Extraction Check Passed *******
=================================================================================
18:27:13 -- stopping status monitor
stop 4941257808
Status monitor stopped
Status monitor finished
18:27:14 -- starting status monitor
start 4941257808
StatusMonitor period=1. Frequencies(state=2, checksum=3, lock=5, owner=5)
start extraction
no extraction script
18:27:16 -- Sending spectrometer configuration
======== Sending configuration ========
SetDeflection CDD,50.0 ===>> OK
SetDeflection H2,0.0 ===>> OK
SetDeflection H1,0.0 ===>> OK
SetDeflection L2,825.0 ===>> OK
SetDeflection L1,400.0 ===>> OK
SetDeflection AX,190.0 ===>> OK
SetZFocus 74.64 ===>> OK
SetZSymmetry -50.72 ===>> OK
SetExtractionLens 26.13 ===>> OK
SetIonRepeller -3.81 ===>> OK
SetElectronEnergy 75.08 ===>> OK
SetYSymmetry -2.81 ===>> OK
SetIonCounterVoltage 1590.0 ===>> OK
send trap current 200.0
GetParameter Trap Current Readback ===>> 198.258926936459
SetParameter Trap Current Set,200.0 ===>> OK
updating mftable name mftable
Using mftable located at /Users/jan/PychronDev/setupfiles/spectrometer/mftables/mftable.csv
============ MFtable ===========
Isotope  H2     H1     AX     L1     L2     CDD    
Ar40     6.0567 5.8800 6.2788 6.3952 6.5176 6.6805
Ar39     6.0116 5.7710 6.1692 6.3383 6.4003 6.5670
Ar36     5.6891 5.4400 5.8326 5.9972 6.0553 6.2181
================================
get initial guess parabolic
get initial guess parabolic
get initial guess parabolic
get initial guess parabolic
get initial guess parabolic
get initial guess parabolic
======== Configuration Finished ========
GetYSymmetry ===>> -2.81
GetZSymmetry ===>> -50.72
GetParameter Trap Current Readback ===>> 198.147042666178
GetHighVoltage ===>> 4499.94659342336
start measurement
do measurement
L#=ic-01-J analysis type=detector_ic
Measurement Started jan_ic_peak_hop3_no_eq.py
18:27:16 -- ******* Measurement Started jan_ic_peak_hop3_no_eq.py *******
state changed from not run to measurement
setting trap, emission, spec, defl, and gains
GetExtractionLens ===>> 26.13
GetYSymmetry ===>> -2.81
GetZSymmetry ===>> -50.72
GetZFocus ===>> 74.64
GetDeflection H2 ===>> 0
GetDeflection H1 ===>> 0
GetDeflection AX ===>> 190
GetDeflection L1 ===>> 400
GetDeflection L2 ===>> 825
GetDeflection CDD ===>> 50
GetGain H2 ===>> 0.0113
GetGain H1 ===>> 0.1
GetGain AX ===>> 0.096129
GetGain L1 ===>> 0.010749
GetGain L2 ===>> 0.095649
GetGain CDD ===>> 0
GetParameter Trap Current Readback ===>> 197.923274125618
GetParameter Source Current Readback ===>> 553.388085210279
pre measurement save
New frame /Users/jan/PychronDev/data/isotopes/a6/4a00c1-25b9-40be-86fd-7928122d71c5.h5
flush and close file /Users/jan/PychronDev/data/isotopes/a6/4a00c1-25b9-40be-86fd-7928122d71c5.h5
testing...
no interpolation path defined
setting detector H2 to Ar41 (40.9624)
setting detector H1 to Ar40 (39.9624)
setting detector AX to Ar39 (38.9624)
setting detector L1 to Ar38 (37.9624)
setting detector L2 to Ar37 (36.9624)
setting detector CDD to Ar36 (35.9624)
setting detector H2 to Ar41 (40.964)
setting detector H1 to Ar40 (39.964)
setting detector AX to Ar39 (38.964)
setting detector L1 to Ar38 (37.964)
setting detector L2 to Ar37 (36.964)
setting detector CDD to Ar36 (35.964)
setting detector H2 to Ar41 (40.9668)
setting detector H1 to Ar40 (39.9668)
setting detector AX to Ar39 (38.9668)
setting detector L1 to Ar38 (37.9668)
setting detector L2 to Ar37 (36.9668)
setting detector CDD to Ar36 (35.9668)
executed snippet estimated_duration=94.0, duration=0.0127439498901
unknown measurement script
set_deflection ('CDD', 2000) {}
setting spectrometer parameter SetDeflection CDD,2000
SetDeflection CDD,2000 ===>> OK
load_hops ('hops/ic3_hops.yaml',) {}
[{'counts': 10, 'settle': 8, 'positioning': {'detector': 'H1', 'isotope': 'Ar40'}, 'cup_configuration': [{'active': True, 'detector': 'H1', 'protect': False, 'isotope': 'Ar40', 'is_baseline': False}]}, {'counts': 10, 'settle': 8, 'positioning': {'detector': 'AX', 'isotope': 'Ar40'}, 'cup_configuration': [{'active': True, 'detector': 'AX', 'protect': False, 'isotope': 'Ar40', 'is_baseline': False}]}, {'counts': 10, 'settle': 8, 'positioning': {'detector': 'L2', 'isotope': 'Ar40'}, 'cup_configuration': [{'active': True, 'detector': 'L2', 'protect': False, 'isotope': 'Ar40', 'is_baseline': False}]}]
define_hops ([{'counts': 10, 'settle': 8, 'positioning': {'detector': 'H1', 'isotope': 'Ar40'}, 'cup_configuration': [{'active': True, 'detector': 'H1', 'protect': False, 'isotope': 'Ar40', 'is_baseline': False}]}, {'counts': 10, 'settle': 8, 'positioning': {'detector': 'AX', 'isotope': 'Ar40'}, 'cup_configuration': [{'active': True, 'detector': 'AX', 'protect': False, 'isotope': 'Ar40', 'is_baseline': False}]}, {'counts': 10, 'settle': 8, 'positioning': {'detector': 'L2', 'isotope': 'Ar40'}, 'cup_configuration': [{'active': True, 'detector': 'L2', 'protect': False, 'isotope': 'Ar40', 'is_baseline': False}]}],) {}
*************** Set Analysis View Ar/Ar
set_time_zero () {}
set_fits ('Ar40H1:parabolic', 'Ar40AX:parabolic', 'Ar40L2:parabolic') {}
set "Ar40H1" to "parabolic"
set "Ar40AX" to "parabolic"
set "Ar40L2" to "parabolic"
set_baseline_fits ('average_SEM',) {}
set "H1" to "average_SEM"
set "AX" to "average_SEM"
set "L2" to "average_SEM"
sleep (0.5,) {}
SLEEP 0.5
peak_hop () {'ncycles': 6, 'hops': [{'counts': 10, 'settle': 8, 'positioning': {'detector': 'H1', 'isotope': 'Ar40'}, 'cup_configuration': [{'active': True, 'detector': 'H1', 'protect': False, 'isotope': 'Ar40', 'is_baseline': False}]}, {'counts': 10, 'settle': 8, 'positioning': {'detector': 'AX', 'isotope': 'Ar40'}, 'cup_configuration': [{'active': True, 'detector': 'AX', 'protect': False, 'isotope': 'Ar40', 'is_baseline': False}]}, {'counts': 10, 'settle': 8, 'positioning': {'detector': 'L2', 'isotope': 'Ar40'}, 'cup_configuration': [{'active': True, 'detector': 'L2', 'protect': False, 'isotope': 'Ar40', 'is_baseline': False}]}], 'mftable': 'mftable'}
Using MFTable /Users/jan/PychronDev/setupfiles/spectrometer/mftables/mftable.csv
Using mftable located at /Users/jan/PychronDev/setupfiles/spectrometer/mftables/mftable.csv
get initial guess parabolic
get initial guess parabolic
get initial guess parabolic
get initial guess parabolic
get initial guess parabolic
get initial guess parabolic
adding conditionals 
make new hop generatior
add group /signal/Ar40 (Group) '' table H1
add group /signal/Ar40 (Group) '' table AX
add group /signal/Ar40 (Group) '' table L2
flush and close file /Users/jan/PychronDev/data/isotopes/a6/4a00c1-25b9-40be-86fd-7928122d71c5.h5
measuring signal. ncounts=342.0
"signal" increment series count="2" fit count="1" regressing="True"
starting measurement
$$$$$$$$$$$$$$$$$ SETTING is_baseline False
Peak hop Detectors=['H1']
Peak hop Deflections=[None]
Peak hop DeflectionsPairs=[('H1', None)]
----------------------- HOP Ar40 H1
detector Detector(H1)
POSITION Ar40 H1
Mapping mass to dac mass func: "parabolic"
H1 map mass coeffs = [ -3.11428344e-04   1.33794662e-01   1.03064323e+00]
H1 map mass to dac 39.9624 >> 5.88005
GetDeflection H1 ===>> 0
GetHighVoltage ===>> 4499.94659342336
positioning Ar40 (5.88001537294) on H1
setting magnet DAC
current  : 5.880016
requested: 5.880015
Delta Dac: 0.000000
Checking detector protection. dv=0.00000
Checking detector "CDD". Protection Threshold: 0.5 (V)
SetMagnetDAC 5.88001537294 ===>> OK
Magnet settling time: 0.500 0.500
Magnet settling complete
set_dac. change=True
update detector isotope pairing
detectors=['H1']
isotopes=['Ar40']
updating pairing H1 - Ar40
could not locate det=H1 iso=Ar40
Join finished
delaying 8 for detectors to settle after peak hop
testing H1<-5.0
evaluate ot="H1.bs<-5.0" t="H1<-5.0", ctx="{'H1': 0.10940048259951585}"
testing H1<-5.0
evaluate ot="H1.bs<-5.0" t="H1<-5.0", ctx="{'H1': 0.10940048259951585}"
$$$$$$$$$$$$$$$$$ SETTING is_baseline False
Peak hop Detectors=['AX']
Peak hop Deflections=[None]
Peak hop DeflectionsPairs=[('AX', None)]
----------------------- HOP Ar40 AX
detector Detector(AX)
POSITION Ar40 AX
Mapping mass to dac mass func: "parabolic"
AX map mass coeffs = [ -6.59725082e-04   1.61775255e-01   8.67429178e-01]
AX map mass to dac 39.9624 >> 6.27878
GetDeflection AX ===>> 190
GetHighVoltage ===>> 4499.94659342336
positioning Ar40 (6.27396005302) on AX
setting magnet DAC
current  : 5.880015
requested: 6.273960
Delta Dac: 0.393945
Checking detector protection. dv=0.39394
Checking detector "CDD". Protection Threshold: 0.5 (V)
SetMagnetDAC 6.27396005302 ===>> OK
Magnet settling time: 0.500 0.500
Magnet settling complete
set_dac. change=True
update detector isotope pairing
detectors=['AX']
isotopes=['Ar40']
updating pairing AX - Ar40
could not locate det=AX iso=Ar40
Join finished
delaying 8 for detectors to settle after peak hop
testing H1<-5.0
evaluate ot="H1.bs<-5.0" t="H1<-5.0", ctx="{'H1': 0.10940048259951585}"
testing H1<-5.0
evaluate ot="H1.bs<-5.0" t="H1<-5.0", ctx="{'H1': 0.10940048259951585}"
$$$$$$$$$$$$$$$$$ SETTING is_baseline False
Peak hop Detectors=['L2']
Peak hop Deflections=[None]
Peak hop DeflectionsPairs=[('L2', None)]
----------------------- HOP Ar40 L2
detector Detector(L2)
POSITION Ar40 L2
Mapping mass to dac mass func: "parabolic"
L2 map mass coeffs = [  5.82480384e-04   7.14948689e-02   2.73028611e+00]
L2 map mass to dac 39.9624 >> 6.51761
GetDeflection L2 ===>> 825
GetHighVoltage ===>> 4499.94659342336
positioning Ar40 (6.50581768762) on L2
setting magnet DAC
current  : 6.273960
requested: 6.505818
Delta Dac: 0.231858
Checking detector protection. dv=0.23186
Checking detector "CDD". Protection Threshold: 0.5 (V)
SetMagnetDAC 6.50581768762 ===>> OK
Magnet settling time: 0.500 0.500
Magnet settling complete
set_dac. change=True
update detector isotope pairing
detectors=['L2']
isotopes=['Ar40']
updating pairing L2 - Ar40
could not locate det=L2 iso=Ar40
Join finished
delaying 8 for detectors to settle after peak hop
testing H1<-5.0
evaluate ot="H1.bs<-5.0" t="H1<-5.0", ctx="{'H1': 0.10940048259951585}"
testing H1<-5.0
evaluate ot="H1.bs<-5.0" t="H1<-5.0", ctx="{'H1': 0.10940048259951585}"
$$$$$$$$$$$$$$$$$ SETTING is_baseline False
Peak hop Detectors=['H1']
Peak hop Deflections=[None]
Peak hop DeflectionsPairs=[('H1', None)]
----------------------- HOP Ar40 H1
detector Detector(H1)
POSITION Ar40 H1
Mapping mass to dac mass func: "parabolic"
H1 map mass coeffs = [ -3.11428344e-04   1.33794662e-01   1.03064323e+00]
H1 map mass to dac 39.9624 >> 5.88005
GetDeflection H1 ===>> 0
GetHighVoltage ===>> 4499.94659342336
positioning Ar40 (5.88001537294) on H1
setting magnet DAC
current  : 6.505818
requested: 5.880015
Delta Dac: 0.625802
Checking detector protection. dv=0.62580
Checking detector "CDD". Protection Threshold: 0.5 (V)
ProtectDetector CDD,On ===>> OK
GetDeflection CDD ===>> 2000
Protected = 2000
SetMagnetDAC 5.88001537294 ===>> OK
Magnet settling time: 0.500 0.500
Magnet settling complete
Wait for magnet to stop moving
GetMagnetMoving ===>> True
GetMagnetMoving ===>> True
GetMagnetMoving ===>> True
GetMagnetMoving ===>> True
GetMagnetMoving ===>> True
GetMagnetMoving ===>> True
GetMagnetMoving ===>> True
GetMagnetMoving ===>> True
GetMagnetMoving ===>> False
Magnet move complete
Unprotect detectors
ProtectDetector CDD,Off ===>> OK
GetDeflection CDD ===>> 2000
set_dac. change=True
update detector isotope pairing
detectors=['H1']
isotopes=['Ar40']
updating pairing H1 - Ar40
could not locate det=H1 iso=Ar40
Join finished
delaying 8 for detectors to settle after peak hop
testing H1<-5.0
evaluate ot="H1.bs<-5.0" t="H1<-5.0", ctx="{'H1': 0.10940048259951585}"
testing H1<-5.0
evaluate ot="H1.bs<-5.0" t="H1<-5.0", ctx="{'H1': 0.10940048259951585}"
$$$$$$$$$$$$$$$$$ SETTING is_baseline False
Peak hop Detectors=['AX']
Peak hop Deflections=[None]
Peak hop DeflectionsPairs=[('AX', None)]
----------------------- HOP Ar40 AX
detector Detector(AX)
POSITION Ar40 AX
Mapping mass to dac mass func: "parabolic"
AX map mass coeffs = [ -6.59725082e-04   1.61775255e-01   8.67429178e-01]
AX map mass to dac 39.9624 >> 6.27878
GetDeflection AX ===>> 190
GetHighVoltage ===>> 4499.94659342336
positioning Ar40 (6.27396005302) on AX
setting magnet DAC
current  : 5.880015
requested: 6.273960
Delta Dac: 0.393945
Checking detector protection. dv=0.39394
Checking detector "CDD". Protection Threshold: 0.5 (V)
SetMagnetDAC 6.27396005302 ===>> OK
Magnet settling time: 0.500 0.500
Magnet settling complete
set_dac. change=True
update detector isotope pairing
detectors=['AX']
isotopes=['Ar40']
updating pairing AX - Ar40
could not locate det=AX iso=Ar40
Join finished
delaying 8 for detectors to settle after peak hop
testing H1<-5.0
evaluate ot="H1.bs<-5.0" t="H1<-5.0", ctx="{'H1': 0.10940048259951585}"
testing H1<-5.0
evaluate ot="H1.bs<-5.0" t="H1<-5.0", ctx="{'H1': 0.10940048259951585}"
18:28:50 -- collecting point 50
$$$$$$$$$$$$$$$$$ SETTING is_baseline False
Peak hop Detectors=['L2']
Peak hop Deflections=[None]
Peak hop DeflectionsPairs=[('L2', None)]
----------------------- HOP Ar40 L2
detector Detector(L2)
POSITION Ar40 L2
Mapping mass to dac mass func: "parabolic"
L2 map mass coeffs = [  5.82480384e-04   7.14948689e-02   2.73028611e+00]
L2 map mass to dac 39.9624 >> 6.51761
GetDeflection L2 ===>> 825
GetHighVoltage ===>> 4499.94659342336
positioning Ar40 (6.50581768762) on L2
setting magnet DAC
current  : 6.273960
requested: 6.505818
Delta Dac: 0.231858
Checking detector protection. dv=0.23186
Checking detector "CDD". Protection Threshold: 0.5 (V)
SetMagnetDAC 6.50581768762 ===>> OK
Magnet settling time: 0.500 0.500
Magnet settling complete
set_dac. change=True
update detector isotope pairing
detectors=['L2']
isotopes=['Ar40']
updating pairing L2 - Ar40
could not locate det=L2 iso=Ar40
Join finished
delaying 8 for detectors to settle after peak hop
testing H1<-5.0
evaluate ot="H1.bs<-5.0" t="H1<-5.0", ctx="{'H1': 0.10940048259951585}"
testing H1<-5.0
evaluate ot="H1.bs<-5.0" t="H1<-5.0", ctx="{'H1': 0.10940048259951585}"
$$$$$$$$$$$$$$$$$ SETTING is_baseline False
Peak hop Detectors=['H1']
Peak hop Deflections=[None]
Peak hop DeflectionsPairs=[('H1', None)]
----------------------- HOP Ar40 H1
detector Detector(H1)
POSITION Ar40 H1
Mapping mass to dac mass func: "parabolic"
H1 map mass coeffs = [ -3.11428344e-04   1.33794662e-01   1.03064323e+00]
H1 map mass to dac 39.9624 >> 5.88005
GetDeflection H1 ===>> 0
GetHighVoltage ===>> 4499.94659342336
positioning Ar40 (5.88001537294) on H1
setting magnet DAC
current  : 6.505818
requested: 5.880015
Delta Dac: 0.625802
Checking detector protection. dv=0.62580
Checking detector "CDD". Protection Threshold: 0.5 (V)
ProtectDetector CDD,On ===>> OK
GetDeflection CDD ===>> 2000
Protected = 2000
SetMagnetDAC 5.88001537294 ===>> OK
Magnet settling time: 0.500 0.500
Magnet settling complete
Wait for magnet to stop moving
GetMagnetMoving ===>> True
GetMagnetMoving ===>> True
GetMagnetMoving ===>> True
GetMagnetMoving ===>> True
GetMagnetMoving ===>> True
GetMagnetMoving ===>> True
GetMagnetMoving ===>> True
GetMagnetMoving ===>> True
GetMagnetMoving ===>> True
GetMagnetMoving ===>> False
Magnet move complete
Unprotect detectors
ProtectDetector CDD,Off ===>> OK
GetDeflection CDD ===>> 2000
set_dac. change=True
update detector isotope pairing
detectors=['H1']
isotopes=['Ar40']
updating pairing H1 - Ar40
could not locate det=H1 iso=Ar40
Join finished
delaying 8 for detectors to settle after peak hop
testing H1<-5.0
evaluate ot="H1.bs<-5.0" t="H1<-5.0", ctx="{'H1': 0.10940048259951585}"
testing H1<-5.0
evaluate ot="H1.bs<-5.0" t="H1<-5.0", ctx="{'H1': 0.10940048259951585}"
$$$$$$$$$$$$$$$$$ SETTING is_baseline False
Peak hop Detectors=['AX']
Peak hop Deflections=[None]
Peak hop DeflectionsPairs=[('AX', None)]
----------------------- HOP Ar40 AX
detector Detector(AX)
POSITION Ar40 AX
Mapping mass to dac mass func: "parabolic"
AX map mass coeffs = [ -6.59725082e-04   1.61775255e-01   8.67429178e-01]
AX map mass to dac 39.9624 >> 6.27878
GetDeflection AX ===>> 190
GetHighVoltage ===>> 4499.94659342336
positioning Ar40 (6.27396005302) on AX
setting magnet DAC
current  : 5.880015
requested: 6.273960
Delta Dac: 0.393945
Checking detector protection. dv=0.39394
Checking detector "CDD". Protection Threshold: 0.5 (V)
SetMagnetDAC 6.27396005302 ===>> OK
Magnet settling time: 0.500 0.500
Magnet settling complete
set_dac. change=True
update detector isotope pairing
detectors=['AX']
isotopes=['Ar40']
updating pairing AX - Ar40
could not locate det=AX iso=Ar40
Join finished
delaying 8 for detectors to settle after peak hop
testing H1<-5.0
evaluate ot="H1.bs<-5.0" t="H1<-5.0", ctx="{'H1': 0.10940048259951585}"
testing H1<-5.0
evaluate ot="H1.bs<-5.0" t="H1<-5.0", ctx="{'H1': 0.10940048259951585}"
$$$$$$$$$$$$$$$$$ SETTING is_baseline False
Peak hop Detectors=['L2']
Peak hop Deflections=[None]
Peak hop DeflectionsPairs=[('L2', None)]
----------------------- HOP Ar40 L2
detector Detector(L2)
POSITION Ar40 L2
Mapping mass to dac mass func: "parabolic"
L2 map mass coeffs = [  5.82480384e-04   7.14948689e-02   2.73028611e+00]
L2 map mass to dac 39.9624 >> 6.51761
GetDeflection L2 ===>> 825
GetHighVoltage ===>> 4499.94659342336
positioning Ar40 (6.50581768762) on L2
setting magnet DAC
current  : 6.273960
requested: 6.505818
Delta Dac: 0.231858
Checking detector protection. dv=0.23186
Checking detector "CDD". Protection Threshold: 0.5 (V)
SetMagnetDAC 6.50581768762 ===>> OK
Magnet settling time: 0.500 0.500
Magnet settling complete
set_dac. change=True
update detector isotope pairing
detectors=['L2']
isotopes=['Ar40']
updating pairing L2 - Ar40
could not locate det=L2 iso=Ar40
Join finished
delaying 8 for detectors to settle after peak hop
testing H1<-5.0
evaluate ot="H1.bs<-5.0" t="H1<-5.0", ctx="{'H1': 0.10940048259951585}"
testing H1<-5.0
evaluate ot="H1.bs<-5.0" t="H1<-5.0", ctx="{'H1': 0.10940048259951585}"
$$$$$$$$$$$$$$$$$ SETTING is_baseline False
Peak hop Detectors=['H1']
Peak hop Deflections=[None]
Peak hop DeflectionsPairs=[('H1', None)]
----------------------- HOP Ar40 H1
detector Detector(H1)
POSITION Ar40 H1
Mapping mass to dac mass func: "parabolic"
H1 map mass coeffs = [ -3.11428344e-04   1.33794662e-01   1.03064323e+00]
H1 map mass to dac 39.9624 >> 5.88005
GetDeflection H1 ===>> 0
GetHighVoltage ===>> 4499.94659342336
positioning Ar40 (5.88001537294) on H1
setting magnet DAC
current  : 6.505818
requested: 5.880015
Delta Dac: 0.625802
Checking detector protection. dv=0.62580
Checking detector "CDD". Protection Threshold: 0.5 (V)
ProtectDetector CDD,On ===>> OK
GetDeflection CDD ===>> 2000
Protected = 2000
SetMagnetDAC 5.88001537294 ===>> OK
Magnet settling time: 0.500 0.500
Magnet settling complete
Wait for magnet to stop moving
GetMagnetMoving ===>> True
GetMagnetMoving ===>> True
GetMagnetMoving ===>> True
GetMagnetMoving ===>> True
GetMagnetMoving ===>> True
GetMagnetMoving ===>> True
GetMagnetMoving ===>> True
GetMagnetMoving ===>> True
GetMagnetMoving ===>> True
GetMagnetMoving ===>> False
Magnet move complete
Unprotect detectors
ProtectDetector CDD,Off ===>> OK
GetDeflection CDD ===>> 2000
set_dac. change=True
update detector isotope pairing
detectors=['H1']
isotopes=['Ar40']
updating pairing H1 - Ar40
could not locate det=H1 iso=Ar40
Join finished
delaying 8 for detectors to settle after peak hop
testing H1<-5.0
evaluate ot="H1.bs<-5.0" t="H1<-5.0", ctx="{'H1': 0.10940048259951585}"
testing H1<-5.0
evaluate ot="H1.bs<-5.0" t="H1<-5.0", ctx="{'H1': 0.10940048259951585}"
18:30:25 -- collecting point 100
$$$$$$$$$$$$$$$$$ SETTING is_baseline False
Peak hop Detectors=['AX']
Peak hop Deflections=[None]
Peak hop DeflectionsPairs=[('AX', None)]
----------------------- HOP Ar40 AX
detector Detector(AX)
POSITION Ar40 AX
Mapping mass to dac mass func: "parabolic"
AX map mass coeffs = [ -6.59725082e-04   1.61775255e-01   8.67429178e-01]
AX map mass to dac 39.9624 >> 6.27878
GetDeflection AX ===>> 190
GetHighVoltage ===>> 4499.94659342336
positioning Ar40 (6.27396005302) on AX
setting magnet DAC
current  : 5.880015
requested: 6.273960
Delta Dac: 0.393945
Checking detector protection. dv=0.39394
Checking detector "CDD". Protection Threshold: 0.5 (V)
SetMagnetDAC 6.27396005302 ===>> OK
Magnet settling time: 0.500 0.500
Magnet settling complete
set_dac. change=True
update detector isotope pairing
detectors=['AX']
isotopes=['Ar40']
updating pairing AX - Ar40
could not locate det=AX iso=Ar40
Join finished
delaying 8 for detectors to settle after peak hop
testing H1<-5.0
evaluate ot="H1.bs<-5.0" t="H1<-5.0", ctx="{'H1': 0.10940048259951585}"
testing H1<-5.0
evaluate ot="H1.bs<-5.0" t="H1<-5.0", ctx="{'H1': 0.10940048259951585}"
$$$$$$$$$$$$$$$$$ SETTING is_baseline False
Peak hop Detectors=['L2']
Peak hop Deflections=[None]
Peak hop DeflectionsPairs=[('L2', None)]
----------------------- HOP Ar40 L2
detector Detector(L2)
POSITION Ar40 L2
Mapping mass to dac mass func: "parabolic"
L2 map mass coeffs = [  5.82480384e-04   7.14948689e-02   2.73028611e+00]
L2 map mass to dac 39.9624 >> 6.51761
GetDeflection L2 ===>> 825
GetHighVoltage ===>> 4499.94659342336
positioning Ar40 (6.50581768762) on L2
setting magnet DAC
current  : 6.273960
requested: 6.505818
Delta Dac: 0.231858
Checking detector protection. dv=0.23186
Checking detector "CDD". Protection Threshold: 0.5 (V)
SetMagnetDAC 6.50581768762 ===>> OK
Magnet settling time: 0.500 0.500
Magnet settling complete
set_dac. change=True
update detector isotope pairing
detectors=['L2']
isotopes=['Ar40']
updating pairing L2 - Ar40
could not locate det=L2 iso=Ar40
Join finished
delaying 8 for detectors to settle after peak hop
testing H1<-5.0
evaluate ot="H1.bs<-5.0" t="H1<-5.0", ctx="{'H1': 0.10940048259951585}"
testing H1<-5.0
evaluate ot="H1.bs<-5.0" t="H1<-5.0", ctx="{'H1': 0.10940048259951585}"
$$$$$$$$$$$$$$$$$ SETTING is_baseline False
Peak hop Detectors=['H1']
Peak hop Deflections=[None]
Peak hop DeflectionsPairs=[('H1', None)]
----------------------- HOP Ar40 H1
detector Detector(H1)
POSITION Ar40 H1
Mapping mass to dac mass func: "parabolic"
H1 map mass coeffs = [ -3.11428344e-04   1.33794662e-01   1.03064323e+00]
H1 map mass to dac 39.9624 >> 5.88005
GetDeflection H1 ===>> 0
GetHighVoltage ===>> 4499.94659342336
positioning Ar40 (5.88001537294) on H1
setting magnet DAC
current  : 6.505818
requested: 5.880015
Delta Dac: 0.625802
Checking detector protection. dv=0.62580
Checking detector "CDD". Protection Threshold: 0.5 (V)
ProtectDetector CDD,On ===>> OK
GetDeflection CDD ===>> 2000
Protected = 2000
SetMagnetDAC 5.88001537294 ===>> OK
Magnet settling time: 0.500 0.500
Magnet settling complete
Wait for magnet to stop moving
GetMagnetMoving ===>> True
GetMagnetMoving ===>> True
GetMagnetMoving ===>> True
GetMagnetMoving ===>> True
GetMagnetMoving ===>> True
GetMagnetMoving ===>> True
GetMagnetMoving ===>> True
GetMagnetMoving ===>> True
GetMagnetMoving ===>> True
GetMagnetMoving ===>> False
Magnet move complete
Unprotect detectors
ProtectDetector CDD,Off ===>> OK
GetDeflection CDD ===>> 2000
set_dac. change=True
update detector isotope pairing
detectors=['H1']
isotopes=['Ar40']
updating pairing H1 - Ar40
could not locate det=H1 iso=Ar40
Join finished
delaying 8 for detectors to settle after peak hop
testing H1<-5.0
evaluate ot="H1.bs<-5.0" t="H1<-5.0", ctx="{'H1': 0.10940048259951585}"
testing H1<-5.0
evaluate ot="H1.bs<-5.0" t="H1<-5.0", ctx="{'H1': 0.10940048259951585}"
$$$$$$$$$$$$$$$$$ SETTING is_baseline False
Peak hop Detectors=['AX']
Peak hop Deflections=[None]
Peak hop DeflectionsPairs=[('AX', None)]
----------------------- HOP Ar40 AX
detector Detector(AX)
POSITION Ar40 AX
Mapping mass to dac mass func: "parabolic"
AX map mass coeffs = [ -6.59725082e-04   1.61775255e-01   8.67429178e-01]
AX map mass to dac 39.9624 >> 6.27878
GetDeflection AX ===>> 190
GetHighVoltage ===>> 4499.94659342336
positioning Ar40 (6.27396005302) on AX
setting magnet DAC
current  : 5.880015
requested: 6.273960
Delta Dac: 0.393945
Checking detector protection. dv=0.39394
Checking detector "CDD". Protection Threshold: 0.5 (V)
SetMagnetDAC 6.27396005302 ===>> OK
Magnet settling time: 0.500 0.500
Magnet settling complete
set_dac. change=True
update detector isotope pairing
detectors=['AX']
isotopes=['Ar40']
updating pairing AX - Ar40
could not locate det=AX iso=Ar40
Join finished
delaying 8 for detectors to settle after peak hop
testing H1<-5.0
evaluate ot="H1.bs<-5.0" t="H1<-5.0", ctx="{'H1': 0.10940048259951585}"
testing H1<-5.0
evaluate ot="H1.bs<-5.0" t="H1<-5.0", ctx="{'H1': 0.10940048259951585}"
$$$$$$$$$$$$$$$$$ SETTING is_baseline False
Peak hop Detectors=['L2']
Peak hop Deflections=[None]
Peak hop DeflectionsPairs=[('L2', None)]
----------------------- HOP Ar40 L2
detector Detector(L2)
POSITION Ar40 L2
Mapping mass to dac mass func: "parabolic"
L2 map mass coeffs = [  5.82480384e-04   7.14948689e-02   2.73028611e+00]
L2 map mass to dac 39.9624 >> 6.51761
GetDeflection L2 ===>> 825
GetHighVoltage ===>> 4499.94659342336
positioning Ar40 (6.50581768762) on L2
setting magnet DAC
current  : 6.273960
requested: 6.505818
Delta Dac: 0.231858
Checking detector protection. dv=0.23186
Checking detector "CDD". Protection Threshold: 0.5 (V)
SetMagnetDAC 6.50581768762 ===>> OK
Magnet settling time: 0.500 0.500
Magnet settling complete
set_dac. change=True
update detector isotope pairing
detectors=['L2']
isotopes=['Ar40']
updating pairing L2 - Ar40
could not locate det=L2 iso=Ar40
Join finished
delaying 8 for detectors to settle after peak hop
testing H1<-5.0
evaluate ot="H1.bs<-5.0" t="H1<-5.0", ctx="{'H1': 0.10940048259951585}"
testing H1<-5.0
evaluate ot="H1.bs<-5.0" t="H1<-5.0", ctx="{'H1': 0.10940048259951585}"
18:31:59 -- collecting point 150
$$$$$$$$$$$$$$$$$ SETTING is_baseline False
Peak hop Detectors=['H1']
Peak hop Deflections=[None]
Peak hop DeflectionsPairs=[('H1', None)]
----------------------- HOP Ar40 H1
detector Detector(H1)
POSITION Ar40 H1
Mapping mass to dac mass func: "parabolic"
H1 map mass coeffs = [ -3.11428344e-04   1.33794662e-01   1.03064323e+00]
H1 map mass to dac 39.9624 >> 5.88005
GetDeflection H1 ===>> 0
GetHighVoltage ===>> 4499.94659342336
positioning Ar40 (5.88001537294) on H1
setting magnet DAC
current  : 6.505818
requested: 5.880015
Delta Dac: 0.625802
Checking detector protection. dv=0.62580
Checking detector "CDD". Protection Threshold: 0.5 (V)
ProtectDetector CDD,On ===>> OK
GetDeflection CDD ===>> 2000
Protected = 2000
SetMagnetDAC 5.88001537294 ===>> OK
Magnet settling time: 0.500 0.500
Magnet settling complete
Wait for magnet to stop moving
GetMagnetMoving ===>> True
GetMagnetMoving ===>> True
GetMagnetMoving ===>> True
GetMagnetMoving ===>> True
GetMagnetMoving ===>> True
GetMagnetMoving ===>> True
GetMagnetMoving ===>> True
GetMagnetMoving ===>> True
GetMagnetMoving ===>> True
GetMagnetMoving ===>> False
Magnet move complete
Unprotect detectors
ProtectDetector CDD,Off ===>> OK
GetDeflection CDD ===>> 2000
set_dac. change=True
update detector isotope pairing
detectors=['H1']
isotopes=['Ar40']
updating pairing H1 - Ar40
could not locate det=H1 iso=Ar40
Join finished
delaying 8 for detectors to settle after peak hop
testing H1<-5.0
evaluate ot="H1.bs<-5.0" t="H1<-5.0", ctx="{'H1': 0.10940048259951585}"
testing H1<-5.0
evaluate ot="H1.bs<-5.0" t="H1<-5.0", ctx="{'H1': 0.10940048259951585}"
$$$$$$$$$$$$$$$$$ SETTING is_baseline False
Peak hop Detectors=['AX']
Peak hop Deflections=[None]
Peak hop DeflectionsPairs=[('AX', None)]
----------------------- HOP Ar40 AX
detector Detector(AX)
POSITION Ar40 AX
Mapping mass to dac mass func: "parabolic"
AX map mass coeffs = [ -6.59725082e-04   1.61775255e-01   8.67429178e-01]
AX map mass to dac 39.9624 >> 6.27878
GetDeflection AX ===>> 190
GetHighVoltage ===>> 4499.94659342336
positioning Ar40 (6.27396005302) on AX
setting magnet DAC
current  : 5.880015
requested: 6.273960
Delta Dac: 0.393945
Checking detector protection. dv=0.39394
Checking detector "CDD". Protection Threshold: 0.5 (V)
SetMagnetDAC 6.27396005302 ===>> OK
Magnet settling time: 0.500 0.500
Magnet settling complete
set_dac. change=True
update detector isotope pairing
detectors=['AX']
isotopes=['Ar40']
updating pairing AX - Ar40
could not locate det=AX iso=Ar40
Join finished
delaying 8 for detectors to settle after peak hop
testing H1<-5.0
evaluate ot="H1.bs<-5.0" t="H1<-5.0", ctx="{'H1': 0.10940048259951585}"
testing H1<-5.0
evaluate ot="H1.bs<-5.0" t="H1<-5.0", ctx="{'H1': 0.10940048259951585}"
$$$$$$$$$$$$$$$$$ SETTING is_baseline False
Peak hop Detectors=['L2']
Peak hop Deflections=[None]
Peak hop DeflectionsPairs=[('L2', None)]
----------------------- HOP Ar40 L2
detector Detector(L2)
POSITION Ar40 L2
Mapping mass to dac mass func: "parabolic"
L2 map mass coeffs = [  5.82480384e-04   7.14948689e-02   2.73028611e+00]
L2 map mass to dac 39.9624 >> 6.51761
GetDeflection L2 ===>> 825
GetHighVoltage ===>> 4499.94659342336
positioning Ar40 (6.50581768762) on L2
setting magnet DAC
current  : 6.273960
requested: 6.505818
Delta Dac: 0.231858
Checking detector protection. dv=0.23186
Checking detector "CDD". Protection Threshold: 0.5 (V)
SetMagnetDAC 6.50581768762 ===>> OK
Magnet settling time: 0.500 0.500
Magnet settling complete
set_dac. change=True
update detector isotope pairing
detectors=['L2']
isotopes=['Ar40']
updating pairing L2 - Ar40
could not locate det=L2 iso=Ar40
Join finished
delaying 8 for detectors to settle after peak hop
testing H1<-5.0
evaluate ot="H1.bs<-5.0" t="H1<-5.0", ctx="{'H1': 0.10940048259951585}"
testing H1<-5.0
evaluate ot="H1.bs<-5.0" t="H1<-5.0", ctx="{'H1': 0.10940048259951585}"
$$$$$$$$$$$$$$$$$ SETTING is_baseline False
waiting for write to finish
measurement finished
estimated time: 358.613 actual time: :339.806
flush and close file /Users/jan/PychronDev/data/isotopes/a6/4a00c1-25b9-40be-86fd-7928122d71c5.h5
define_detectors ('Ar40', 'H1') {}
setting detector H2 to Ar41 (40.9624)
setting detector H1 to Ar40 (39.9624)
setting detector AX to Ar39 (38.9624)
setting detector L1 to Ar38 (37.9624)
setting detector L2 to Ar37 (36.9624)
setting detector CDD to Ar36 (35.9624)
define_detectors ('Ar39', 'AX') {}
setting detector H2 to Ar41 (40.964)
setting detector H1 to Ar40 (39.964)
setting detector AX to Ar39 (38.964)
setting detector L1 to Ar38 (37.964)
setting detector L2 to Ar37 (36.964)
setting detector CDD to Ar36 (35.964)
define_detectors ('Ar37', 'L2') {}
setting detector H2 to Ar41 (40.9668)
setting detector H1 to Ar40 (39.9668)
setting detector AX to Ar39 (38.9668)
setting detector L1 to Ar38 (37.9668)
setting detector L2 to Ar37 (36.9668)
setting detector CDD to Ar36 (35.9668)
baselines () {'settling_time': 15, 'detector': 'H1', 'mass': 34.2, 'ncounts': 75}
%%%%%%%%%%%%%%%%%%%%%%%%%%%%%%%% Baseline
build tables- baseline [Detector(H1), Detector(AX), Detector(L2)]
add group baseline table H1
add group baseline table AX
add group baseline table L2
flush and close file /Users/jan/PychronDev/data/isotopes/a6/4a00c1-25b9-40be-86fd-7928122d71c5.h5
detector Detector(H1)
POSITION 34.2 H1
Mapping mass to dac mass func: "parabolic"
H1 map mass coeffs = [ -3.11428344e-04   1.33794662e-01   1.03064323e+00]
H1 map mass to dac 34.2 >> 5.24216160773
GetDeflection H1 ===>> 0
GetHighVoltage ===>> 4499.94659342336
positioning 34.2 (5.24213073713) on H1
setting magnet DAC
current  : 6.505818
requested: 5.242131
Delta Dac: 1.263687
Checking detector protection. dv=1.26369
Checking detector "CDD". Protection Threshold: 0.5 (V)
ProtectDetector CDD,On ===>> OK
GetDeflection CDD ===>> 2000
Protected = 2000
SetMagnetDAC 5.24213073713 ===>> OK
Magnet settling time: 0.500 0.500
Magnet settling complete
Wait for magnet to stop moving
GetMagnetMoving ===>> True
GetMagnetMoving ===>> True
GetMagnetMoving ===>> True
GetMagnetMoving ===>> True
GetMagnetMoving ===>> True
GetMagnetMoving ===>> True
GetMagnetMoving ===>> True
GetMagnetMoving ===>> True
GetMagnetMoving ===>> True
GetMagnetMoving ===>> False
Magnet move complete
Unprotect detectors
ProtectDetector CDD,Off ===>> OK
GetDeflection CDD ===>> 2000
set_dac. change=True
Delaying 15s for detectors to settle
Join finished
measuring baseline. ncounts=75
"baseline" increment series count="2" fit count="1" regressing="True"
starting measurement
testing H1<-5.0
evaluate ot="H1.bs<-5.0" t="H1<-5.0", ctx="{'H1': 0.06838352271061338}"
testing H1<-5.0
evaluate ot="H1.bs<-5.0" t="H1<-5.0", ctx="{'H1': 0.08711706404974903}"
testing H1<-5.0
evaluate ot="H1.bs<-5.0" t="H1<-5.0", ctx="{'H1': 0.08292921533820431}"
testing H1<-5.0
evaluate ot="H1.bs<-5.0" t="H1<-5.0", ctx="{'H1': 0.0782862445474542}"
testing H1<-5.0
evaluate ot="H1.bs<-5.0" t="H1<-5.0", ctx="{'H1': 0.07489274951359247}"
18:33:41 -- collecting point 25
testing H1<-5.0
evaluate ot="H1.bs<-5.0" t="H1<-5.0", ctx="{'H1': 0.07348994580775761}"
testing H1<-5.0
evaluate ot="H1.bs<-5.0" t="H1<-5.0", ctx="{'H1': 0.078976538629394}"
testing H1<-5.0
evaluate ot="H1.bs<-5.0" t="H1<-5.0", ctx="{'H1': 0.07891478895976113}"
testing H1<-5.0
evaluate ot="H1.bs<-5.0" t="H1<-5.0", ctx="{'H1': 0.08155328003508396}"
testing H1<-5.0
evaluate ot="H1.bs<-5.0" t="H1<-5.0", ctx="{'H1': 0.0805533383966892}"
18:34:07 -- collecting point 50
testing H1<-5.0
evaluate ot="H1.bs<-5.0" t="H1<-5.0", ctx="{'H1': 0.08273704788652551}"
testing H1<-5.0
evaluate ot="H1.bs<-5.0" t="H1<-5.0", ctx="{'H1': 0.08396478907998041}"
testing H1<-5.0
evaluate ot="H1.bs<-5.0" t="H1<-5.0", ctx="{'H1': 0.08209347633284522}"
testing H1<-5.0
evaluate ot="H1.bs<-5.0" t="H1<-5.0", ctx="{'H1': 0.08342290422064738}"
testing H1<-5.0
evaluate ot="H1.bs<-5.0" t="H1<-5.0", ctx="{'H1': 0.08379608831738979}"
18:34:34 -- collecting point 75
waiting for write to finish
measurement finished
estimated time: 78.643 actual time: :78.976
flush and close file /Users/jan/PychronDev/data/isotopes/a6/4a00c1-25b9-40be-86fd-7928122d71c5.h5
set_deflection ('CDD', 50) {}
setting spectrometer parameter SetDeflection CDD,50
SetDeflection CDD,50 ===>> OK
finished measure script
executed snippet estimated_duration=94.5, duration=438.668400049
jan_ic_peak_hop3_no_eq.py completed successfully
Measurement Finished
18:34:35 -- ******* Measurement Finished *******
Post Measurement Started jan_pump_ms.py
18:34:35 -- ******* Post Measurement Started jan_pump_ms.py *******
testing...
no interpolation path defined
executed snippet estimated_duration=0, duration=2.8133392334e-05
Pumping spectrometer
open () {'name': 'O'}
open name=O desc=---
checking ownership. requestor=129.138.12.150
check software interlocks O
interlocks []
actuate state mode=None-script, software_lock=False
doing actuation None-script open_channel True
Open O ===>> OK
GetIndicatorState O ===>> OK
change switch state (True, True)
update switch state O True args=() kw={} ncanvase=3
18:34:35 -- OPEN   VALVE-O (Jan Ion Pump)
-------------------------- open O () result=[(True, True)]
action=open, ok=True, locked=[False]
executed snippet estimated_duration=0, duration=0.394556999207
jan_pump_ms.py completed successfully
setting _ms_pumptime
Post Measurement Finished
18:34:35 -- ******* Post Measurement Finished *******
$$$$$$$$$$$$$$$$$$$$ state at run end measurement
state changed from measurement to success
post measurement save measured=True aborted=False
Set filtering
setting fod for Ar40= {'filter_outliers': False, 'std_devs': 2, 'iterations': 1}
setting fod for H1= {'filter_outliers': False, 'std_devs': 2, 'iterations': 1}
setting fod for Ar40= {'filter_outliers': False, 'std_devs': 2, 'iterations': 1}
setting fod for AX= {'filter_outliers': False, 'std_devs': 2, 'iterations': 1}
setting fod for Ar40= {'filter_outliers': False, 'std_devs': 2, 'iterations': 1}
setting fod for L2= {'filter_outliers': False, 'std_devs': 2, 'iterations': 1}
not connected to db mysql://janexp@129.138.12.160/labspy
Enviromentals: {'lab_humiditys': [{'device': 'EnvironmentalMonitor',
                    'name': 'Lab Hum.',
                    'pub_date': '2017-06-23T17:37:34',
                    'title': 'iServer Hum.',
                    'value': 22.2}],
 'lab_pneumatics': [{'device': 'AirPressure',
                     'name': 'Pressure',
                     'pub_date': '2017-06-23T18:33:20',
                     'title': None,
                     'value': 90.3},
                    {'device': 'AirPressure2',
                     'name': 'Pressure2',
                     'pub_date': '2017-06-23T18:33:26',
                     'title': None,
                     'value': 90.81982}],
 'lab_temperatures': [{'device': 'Coldfinger',
                       'name': 'ColdFinger Temp.',
                       'pub_date': '2017-06-23T18:34:13',
                       'title': None,
                       'value': -193.0},
                      {'device': 'EnvironmentalMonitor',
                       'name': 'Lab Temp.',
                       'pub_date': '2017-06-23T15:59:26',
                       'title': 'iServer Temp.',
                       'value': 75.3},
                      {'device': 'Chiller',
                       'name': 'Coolant Temp.',
                       'pub_date': '2017-06-23T18:20:04',
                       'title': None,
                       'value': 18.0}]}
persistence save...
persistence save - db
post measurement save
5047224464 connecting to database sqlite://@/
connected to db sqlite://@/
create new session 5047224464
close session 5047224464
No database instance. Not saving post measurement to isotopedb database
$$$$$$$$$$$$$$$ auto_save_detector_ic=False
persistence save - dvc
================= post measurement started
create new session 4940872880
close session 4940872880
---------------- Experiment Queue saving disabled
DVC saving peakcenter
Smart pull ahead: 0 behind: 0
Up-to-date with origin
add to repo msg=modified - ad8224ebc6dbfeb9f5997218dfa5fe690569839d.json
add to repo msg=modified - -J-510.json
add to repo msg=modified - -J-510.dat.json
add to repo msg=modified - -J-510.blan.json
add to repo msg=modified - -J-510.inte.json
add to repo msg=modified - -J-510.icfa.json
add to repo msg=modified - -J-510.base.json
not at valid file /Users/jan/PychronDev/data/.dvc/repositories/laboratory/ic-01/tags/-J-510.tags.json
add to repo msg=modified - -J-510.peak.json
not at valid file /Users/jan/PychronDev/data/.dvc/repositories/laboratory/ic-01/extraction/-J-510.extr.json
not at valid file /Users/jan/PychronDev/data/.dvc/repositories/laboratory/ic-01/monitor/-J-510.moni.json
commit message=<COLLECTION>
add to repo msg=modified - -J-510.inte.json
add to repo msg=modified - -J-510.base.json
commit message=<ISOEVO> default collection fits
add to repo msg=modified - -J-510.blan.json
commit message=<BLANKS> preceding bc-02-J-646
add to repo msg=modified - -J-510.icfa.json
commit message=<ICFactor> default
push repository <pychron.git_archive.repo_manager.GitRepoManager object at 0x1349fb530>
pushing to remote=origin, url=https://github.com
no changes to meta repo
create new session 4940872880
add association laboratory
get identifier "ic-01-J"
setting analysis irradiation position=<pychron.dvc.dvc_orm.IrradiationPositionTbl object at 0x1559c3dd0>
close session 4940872880
================= post measurement finished
18:34:54 -- ******* Post Run Check *******
loading queue conditionals post_run_actions
loading system conditionals post_run_actions
loading conditionals from /Users/jan/PychronDev/setupfiles/spectrometer/default_conditionals.yaml
loading queue conditionals post_run_terminations
loading system conditionals post_run_terminations
loading conditionals from /Users/jan/PychronDev/setupfiles/spectrometer/default_conditionals.yaml
Checking default post run terminations n=1
GetDeflection CDD ===>> 50
testing CDD==2000
evaluate ot="CDD.deflection==2000" t="CDD==2000", ctx="{'CDD': 50.0}"
18:34:54 -- ******* Post Run Check Passed *******
18:34:54 -- Automated run ic-01-J-510 success duration: 461.818 s
----------------- finish -----------------
----------------- stop -----------------
retroactive repository identifiers disabled
finish run. runs completed=21
update duration runid=ic-01-J-510, duration=461.817653179, md5=09592304
write rem/ex queues
/Users/jan/PychronDev/experiments/rem/Test_For_Drift.rem.txt
/Users/jan/PychronDev/experiments/rem/Test_For_Drift.ex.txt
doing event level: 3
add run
