do run
loading script "jan_ic_peak_hop3_no_eq.py"
loading script "jan_pump_ms.py"
loading script "jan_pump_extraction_line.py"
testing...
no interpolation path defined
executed snippet estimated_duration=94.0, duration=0.00978899002075
script duration name:ic_peak_hop3_no_eq seconds:94.0
loading script "jan_ic_peak_hop3_no_eq.py"
loading script "jan_pump_ms.py"
loading script "jan_pump_extraction_line.py"
testing...
no interpolation path defined
executed snippet estimated_duration=0, duration=2.59876251221e-05
loading script "jan_ic_peak_hop3_no_eq.py"
loading script "jan_pump_ms.py"
loading script "jan_pump_extraction_line.py"
loading script "jan_ic_peak_hop3_no_eq.py"
loading script "jan_pump_ms.py"
loading script "jan_pump_extraction_line.py"
testing...
no interpolation path defined
calculate duration
testing...
no interpolation path defined
executed snippet estimated_duration=4.0, duration=0.000140905380249
executed snippet estimated_duration=4.0, duration=0.0012640953064
Script duration 94.0
Run total estimated duration= 95.000
run duration: 0:01:35
doing event level: 2
06:31:57 -- Setting default integration. t=1.048576
setting integration time = 1.048576
SetIntegrationTime 1.048576 ===>> OK
----------------- start -----------------
**************** Experiment Type: Ar/Ar, Ar/Ar
create new session 4956031600
close session 4956031600
$$$$$ Clearing conditionals
adding conditionals 
Add queue conditionals
add default conditionals
adding default conditionals from /Users/jan/PychronDev/setupfiles/spectrometer/default_conditionals.yaml
Start automated run ic-01-J-568
loading script "jan_ic_peak_hop3_no_eq.py"
loading script "jan_pump_ms.py"
loading script "jan_pump_extraction_line.py"
%%%%%%%%%%%%%%%%%% setting automated run ic-01-J-568
$$$$$$$$$$$$$$$ auto_save_detector_ic=False
No metadata section in "jan_ic_peak_hop3_no_eq.py". Using default "None" value for "default_fits"
============================= Pre Extraction Check =============================
loading queue conditionals pre_run_terminations
loading system conditionals pre_run_terminations
loading conditionals from /Users/jan/PychronDev/setupfiles/spectrometer/default_conditionals.yaml
06:31:57 -- ******* Pre Extraction Check *******
Get a measurement from the spectrometer
Pre Extraction Termination data. keys=H2,H1,AX,L1,L2,CDD, signals=-0.02017,1030.64708,77.86505,1.00938,0.04116,0.22653
06:31:57 -- testing system defined conditionals
Checking default pre extraction terminations n=2
testing CDD
evaluate ot="CDD.inactive" t="CDD", ctx="{'CDD': False}"
GetDeflection CDD ===>> 50
testing CDD==2000
evaluate ot="CDD.deflection==2000" t="CDD==2000", ctx="{'CDD': 50.0}"
06:31:57 -- ******* Pre Extraction Check Passed *******
=================================================================================
06:31:57 -- stopping status monitor
stop 4942820848
Status monitor stopped
Status monitor finished
06:31:59 -- starting status monitor
start 4942820848
StatusMonitor period=1. Frequencies(state=2, checksum=3, lock=5, owner=5)
start extraction
no extraction script
06:32:00 -- Sending spectrometer configuration
======== Sending configuration ========
SetDeflection CDD,50.0 ===>> OK
SetDeflection H2,0.0 ===>> OK
SetDeflection H1,0.0 ===>> OK
SetDeflection L2,825.0 ===>> OK
SetDeflection L1,400.0 ===>> OK
SetDeflection AX,190.0 ===>> OK
SetZFocus 74.64 ===>> OK
SetZSymmetry -50.72 ===>> OK
SetExtractionLens 26.13 ===>> OK
SetIonRepeller -3.81 ===>> OK
SetElectronEnergy 75.08 ===>> OK
SetYSymmetry -2.81 ===>> OK
SetIonCounterVoltage 1590.0 ===>> OK
send trap current 200.0
GetParameter Trap Current Readback ===>> 197.587621314778
SetParameter Trap Current Set,200.0 ===>> OK
updating mftable name mftable
Using mftable located at /Users/jan/PychronDev/setupfiles/spectrometer/mftables/mftable.csv
============ MFtable ===========
Isotope  H2     H1     AX     L1     L2     CDD    
Ar40     6.0549 5.8785 5.9923 6.1934 6.2297 6.6787
Ar39     6.0098 5.7694 6.0564 6.3365 6.1124 6.5652
Ar36     5.6873 5.4384 5.7197 5.9954 5.7674 6.2163
================================
get initial guess parabolic
get initial guess parabolic
get initial guess parabolic
get initial guess parabolic
get initial guess parabolic
get initial guess parabolic
======== Configuration Finished ========
GetYSymmetry ===>> -2.81
GetZSymmetry ===>> -50.72
GetParameter Trap Current Readback ===>> 197.699505585058
GetHighVoltage ===>> 4499.94659342336
start measurement
do measurement
L#=ic-01-J analysis type=detector_ic
Measurement Started jan_ic_peak_hop3_no_eq.py
06:32:00 -- ******* Measurement Started jan_ic_peak_hop3_no_eq.py *******
state changed from not run to measurement
setting trap, emission, spec, defl, and gains
GetExtractionLens ===>> 26.13
GetYSymmetry ===>> -2.81
GetZSymmetry ===>> -50.72
GetZFocus ===>> 74.64
GetDeflection H2 ===>> 0
GetDeflection H1 ===>> 0
GetDeflection AX ===>> 190
GetDeflection L1 ===>> 400
GetDeflection L2 ===>> 825
GetDeflection CDD ===>> 50
GetGain H2 ===>> 0.0113
GetGain H1 ===>> 0.1
GetGain AX ===>> 0.09645
GetGain L1 ===>> 0.010309
GetGain L2 ===>> 0.091218
GetGain CDD ===>> 0
GetParameter Trap Current Readback ===>> 198.147042666178
GetParameter Source Current Readback ===>> 552.293230788012
pre measurement save
New frame /Users/jan/PychronDev/data/isotopes/b9/122e21-fa7c-4f94-be0b-5f272a6ad4f3.h5
flush and close file /Users/jan/PychronDev/data/isotopes/b9/122e21-fa7c-4f94-be0b-5f272a6ad4f3.h5
testing...
no interpolation path defined
setting detector H2 to Ar41 (40.9624)
setting detector H1 to Ar40 (39.9624)
setting detector AX to Ar39 (38.9624)
setting detector L1 to Ar38 (37.9624)
setting detector L2 to Ar37 (36.9624)
setting detector CDD to Ar36 (35.9624)
setting detector H2 to Ar41 (40.964)
setting detector H1 to Ar40 (39.964)
setting detector AX to Ar39 (38.964)
setting detector L1 to Ar38 (37.964)
setting detector L2 to Ar37 (36.964)
setting detector CDD to Ar36 (35.964)
setting detector H2 to Ar41 (40.9668)
setting detector H1 to Ar40 (39.9668)
setting detector AX to Ar39 (38.9668)
setting detector L1 to Ar38 (37.9668)
setting detector L2 to Ar37 (36.9668)
setting detector CDD to Ar36 (35.9668)
executed snippet estimated_duration=94.0, duration=0.0114109516144
unknown measurement script
set_deflection ('CDD', 2000) {}
setting spectrometer parameter SetDeflection CDD,2000
SetDeflection CDD,2000 ===>> OK
load_hops ('hops/ic3_hops.yaml',) {}
[{'counts': 10, 'settle': 8, 'positioning': {'detector': 'H1', 'isotope': 'Ar40'}, 'cup_configuration': [{'active': True, 'detector': 'H1', 'protect': False, 'isotope': 'Ar40', 'is_baseline': False}]}, {'counts': 10, 'settle': 8, 'positioning': {'detector': 'AX', 'isotope': 'Ar40'}, 'cup_configuration': [{'active': True, 'detector': 'AX', 'protect': False, 'isotope': 'Ar40', 'is_baseline': False}]}, {'counts': 10, 'settle': 8, 'positioning': {'detector': 'L2', 'isotope': 'Ar40'}, 'cup_configuration': [{'active': True, 'detector': 'L2', 'protect': False, 'isotope': 'Ar40', 'is_baseline': False}]}]
define_hops ([{'counts': 10, 'settle': 8, 'positioning': {'detector': 'H1', 'isotope': 'Ar40'}, 'cup_configuration': [{'active': True, 'detector': 'H1', 'protect': False, 'isotope': 'Ar40', 'is_baseline': False}]}, {'counts': 10, 'settle': 8, 'positioning': {'detector': 'AX', 'isotope': 'Ar40'}, 'cup_configuration': [{'active': True, 'detector': 'AX', 'protect': False, 'isotope': 'Ar40', 'is_baseline': False}]}, {'counts': 10, 'settle': 8, 'positioning': {'detector': 'L2', 'isotope': 'Ar40'}, 'cup_configuration': [{'active': True, 'detector': 'L2', 'protect': False, 'isotope': 'Ar40', 'is_baseline': False}]}],) {}
*************** Set Analysis View Ar/Ar
set_time_zero () {}
set_fits ('Ar40H1:parabolic', 'Ar40AX:parabolic', 'Ar40L2:parabolic') {}
set "Ar40H1" to "parabolic"
set "Ar40AX" to "parabolic"
set "Ar40L2" to "parabolic"
set_baseline_fits ('average_SEM',) {}
set "H1" to "average_SEM"
set "AX" to "average_SEM"
set "L2" to "average_SEM"
sleep (0.5,) {}
SLEEP 0.5
peak_hop () {'ncycles': 6, 'hops': [{'counts': 10, 'settle': 8, 'positioning': {'detector': 'H1', 'isotope': 'Ar40'}, 'cup_configuration': [{'active': True, 'detector': 'H1', 'protect': False, 'isotope': 'Ar40', 'is_baseline': False}]}, {'counts': 10, 'settle': 8, 'positioning': {'detector': 'AX', 'isotope': 'Ar40'}, 'cup_configuration': [{'active': True, 'detector': 'AX', 'protect': False, 'isotope': 'Ar40', 'is_baseline': False}]}, {'counts': 10, 'settle': 8, 'positioning': {'detector': 'L2', 'isotope': 'Ar40'}, 'cup_configuration': [{'active': True, 'detector': 'L2', 'protect': False, 'isotope': 'Ar40', 'is_baseline': False}]}], 'mftable': 'mftable'}
Using MFTable /Users/jan/PychronDev/setupfiles/spectrometer/mftables/mftable.csv
Using mftable located at /Users/jan/PychronDev/setupfiles/spectrometer/mftables/mftable.csv
get initial guess parabolic
get initial guess parabolic
get initial guess parabolic
get initial guess parabolic
get initial guess parabolic
get initial guess parabolic
adding conditionals 
make new hop generatior
add group /signal/Ar40 (Group) '' table H1
add group /signal/Ar40 (Group) '' table AX
add group /signal/Ar40 (Group) '' table L2
flush and close file /Users/jan/PychronDev/data/isotopes/b9/122e21-fa7c-4f94-be0b-5f272a6ad4f3.h5
measuring signal. ncounts=342.0
starting measurement
$$$$$$$$$$$$$$$$$ SETTING is_baseline False
Peak hop Detectors=['H1']
Peak hop Deflections=[None]
Peak hop DeflectionsPairs=[('H1', None)]
----------------------- HOP Ar40 H1
detector Detector(H1)
POSITION Ar40 H1
Mapping mass to dac mass func: "parabolic"
H1 map mass coeffs = [ -3.11428344e-04   1.33794662e-01   1.02906323e+00]
H1 map mass to dac 39.9624 >> 5.87847
GetDeflection H1 ===>> 0
GetHighVoltage ===>> 4499.94659342336
positioning Ar40 (5.87843538224) on H1
setting magnet DAC
current  : 5.878438
requested: 5.878435
Delta Dac: 0.000002
Checking detector protection. dv=0.00000
Checking detector "CDD". Protection Threshold: 0.5 (V)
"signal" increment series count="2" fit count="1" regressing="True"
SetMagnetDAC 5.87843538224 ===>> OK
Magnet settling time: 0.500 0.500
Magnet settling complete
set_dac. change=True
update detector isotope pairing
detectors=['H1']
isotopes=['Ar40']
updating pairing H1 - Ar40
could not locate det=H1 iso=Ar40
Join finished
delaying 8 for detectors to settle after peak hop
testing H1<-5.0
evaluate ot="H1.bs<-5.0" t="H1<-5.0", ctx="{'H1': 0.08960669383624324}"
testing 
evaluate ot="Ar36.bs_corrected<0.001" t="", ctx="{}"
testing H1<-5.0
evaluate ot="H1.bs<-5.0" t="H1<-5.0", ctx="{'H1': 0.08960669383624324}"
testing 
evaluate ot="Ar36.bs_corrected<0.001" t="", ctx="{}"
$$$$$$$$$$$$$$$$$ SETTING is_baseline False
Peak hop Detectors=['AX']
Peak hop Deflections=[None]
Peak hop DeflectionsPairs=[('AX', None)]
----------------------- HOP Ar40 AX
detector Detector(AX)
POSITION Ar40 AX
Mapping mass to dac mass func: "parabolic"
AX map mass coeffs = [ -4.41897852e-02   3.42354795e+00  -6.02501269e+01]
AX map mass to dac 39.9624 >> 5.99227
GetDeflection AX ===>> 190
GetHighVoltage ===>> 4499.94659342336
positioning Ar40 (5.98745174025) on AX
setting magnet DAC
current  : 5.878435
requested: 5.987452
Delta Dac: 0.109016
Checking detector protection. dv=0.10902
Checking detector "CDD". Protection Threshold: 0.5 (V)
SetMagnetDAC 5.98745174025 ===>> OK
Magnet settling time: 0.500 0.500
Magnet settling complete
set_dac. change=True
update detector isotope pairing
detectors=['AX']
isotopes=['Ar40']
updating pairing AX - Ar40
could not locate det=AX iso=Ar40
Join finished
delaying 8 for detectors to settle after peak hop
testing H1<-5.0
evaluate ot="H1.bs<-5.0" t="H1<-5.0", ctx="{'H1': 0.08960669383624324}"
testing 
evaluate ot="Ar36.bs_corrected<0.001" t="", ctx="{}"
testing H1<-5.0
evaluate ot="H1.bs<-5.0" t="H1<-5.0", ctx="{'H1': 0.08960669383624324}"
testing 
evaluate ot="Ar36.bs_corrected<0.001" t="", ctx="{}"
$$$$$$$$$$$$$$$$$ SETTING is_baseline False
Peak hop Detectors=['L2']
Peak hop Deflections=[None]
Peak hop DeflectionsPairs=[('L2', None)]
----------------------- HOP Ar40 L2
detector Detector(L2)
POSITION Ar40 L2
Mapping mass to dac mass func: "parabolic"
L2 map mass coeffs = [  5.82480384e-04   7.14948689e-02   2.44239611e+00]
L2 map mass to dac 39.9624 >> 6.22972
GetDeflection L2 ===>> 825
GetHighVoltage ===>> 4499.94659342336
positioning Ar40 (6.21792938298) on L2
setting magnet DAC
current  : 5.987452
requested: 6.217929
Delta Dac: 0.230478
Checking detector protection. dv=0.23048
Checking detector "CDD". Protection Threshold: 0.5 (V)
SetMagnetDAC 6.21792938298 ===>> OK
Magnet settling time: 0.500 0.500
Magnet settling complete
set_dac. change=True
update detector isotope pairing
detectors=['L2']
isotopes=['Ar40']
updating pairing L2 - Ar40
could not locate det=L2 iso=Ar40
Join finished
delaying 8 for detectors to settle after peak hop
testing H1<-5.0
evaluate ot="H1.bs<-5.0" t="H1<-5.0", ctx="{'H1': 0.08960669383624324}"
testing 
evaluate ot="Ar36.bs_corrected<0.001" t="", ctx="{}"
testing H1<-5.0
evaluate ot="H1.bs<-5.0" t="H1<-5.0", ctx="{'H1': 0.08960669383624324}"
testing 
evaluate ot="Ar36.bs_corrected<0.001" t="", ctx="{}"
$$$$$$$$$$$$$$$$$ SETTING is_baseline False
Peak hop Detectors=['H1']
Peak hop Deflections=[None]
Peak hop DeflectionsPairs=[('H1', None)]
----------------------- HOP Ar40 H1
detector Detector(H1)
POSITION Ar40 H1
Mapping mass to dac mass func: "parabolic"
H1 map mass coeffs = [ -3.11428344e-04   1.33794662e-01   1.02906323e+00]
H1 map mass to dac 39.9624 >> 5.87847
GetDeflection H1 ===>> 0
GetHighVoltage ===>> 4499.94659342336
positioning Ar40 (5.87843538224) on H1
setting magnet DAC
current  : 6.217929
requested: 5.878435
Delta Dac: 0.339494
Checking detector protection. dv=0.33949
Checking detector "CDD". Protection Threshold: 0.5 (V)
SetMagnetDAC 5.87843538224 ===>> OK
Magnet settling time: 0.500 0.500
Magnet settling complete
set_dac. change=True
update detector isotope pairing
detectors=['H1']
isotopes=['Ar40']
updating pairing H1 - Ar40
could not locate det=H1 iso=Ar40
Join finished
delaying 8 for detectors to settle after peak hop
testing H1<-5.0
evaluate ot="H1.bs<-5.0" t="H1<-5.0", ctx="{'H1': 0.08960669383624324}"
testing 
evaluate ot="Ar36.bs_corrected<0.001" t="", ctx="{}"
testing H1<-5.0
evaluate ot="H1.bs<-5.0" t="H1<-5.0", ctx="{'H1': 0.08960669383624324}"
testing 
evaluate ot="Ar36.bs_corrected<0.001" t="", ctx="{}"
$$$$$$$$$$$$$$$$$ SETTING is_baseline False
Peak hop Detectors=['AX']
Peak hop Deflections=[None]
Peak hop DeflectionsPairs=[('AX', None)]
----------------------- HOP Ar40 AX
detector Detector(AX)
POSITION Ar40 AX
Mapping mass to dac mass func: "parabolic"
AX map mass coeffs = [ -4.41897852e-02   3.42354795e+00  -6.02501269e+01]
AX map mass to dac 39.9624 >> 5.99227
GetDeflection AX ===>> 190
GetHighVoltage ===>> 4499.94659342336
positioning Ar40 (5.98745174025) on AX
setting magnet DAC
current  : 5.878435
requested: 5.987452
Delta Dac: 0.109016
Checking detector protection. dv=0.10902
Checking detector "CDD". Protection Threshold: 0.5 (V)
SetMagnetDAC 5.98745174025 ===>> OK
Magnet settling time: 0.500 0.500
Magnet settling complete
set_dac. change=True
update detector isotope pairing
detectors=['AX']
isotopes=['Ar40']
updating pairing AX - Ar40
could not locate det=AX iso=Ar40
Join finished
delaying 8 for detectors to settle after peak hop
testing H1<-5.0
evaluate ot="H1.bs<-5.0" t="H1<-5.0", ctx="{'H1': 0.08960669383624324}"
testing 
evaluate ot="Ar36.bs_corrected<0.001" t="", ctx="{}"
testing H1<-5.0
evaluate ot="H1.bs<-5.0" t="H1<-5.0", ctx="{'H1': 0.08960669383624324}"
testing 
evaluate ot="Ar36.bs_corrected<0.001" t="", ctx="{}"
06:33:33 -- collecting point 50
$$$$$$$$$$$$$$$$$ SETTING is_baseline False
Peak hop Detectors=['L2']
Peak hop Deflections=[None]
Peak hop DeflectionsPairs=[('L2', None)]
----------------------- HOP Ar40 L2
detector Detector(L2)
POSITION Ar40 L2
Mapping mass to dac mass func: "parabolic"
L2 map mass coeffs = [  5.82480384e-04   7.14948689e-02   2.44239611e+00]
L2 map mass to dac 39.9624 >> 6.22972
GetDeflection L2 ===>> 825
GetHighVoltage ===>> 4499.94659342336
positioning Ar40 (6.21792938298) on L2
setting magnet DAC
current  : 5.987452
requested: 6.217929
Delta Dac: 0.230478
Checking detector protection. dv=0.23048
Checking detector "CDD". Protection Threshold: 0.5 (V)
SetMagnetDAC 6.21792938298 ===>> OK
Magnet settling time: 0.500 0.500
Magnet settling complete
set_dac. change=True
update detector isotope pairing
detectors=['L2']
isotopes=['Ar40']
updating pairing L2 - Ar40
could not locate det=L2 iso=Ar40
Join finished
delaying 8 for detectors to settle after peak hop
testing H1<-5.0
evaluate ot="H1.bs<-5.0" t="H1<-5.0", ctx="{'H1': 0.08960669383624324}"
testing 
evaluate ot="Ar36.bs_corrected<0.001" t="", ctx="{}"
testing H1<-5.0
evaluate ot="H1.bs<-5.0" t="H1<-5.0", ctx="{'H1': 0.08960669383624324}"
testing 
evaluate ot="Ar36.bs_corrected<0.001" t="", ctx="{}"
$$$$$$$$$$$$$$$$$ SETTING is_baseline False
Peak hop Detectors=['H1']
Peak hop Deflections=[None]
Peak hop DeflectionsPairs=[('H1', None)]
----------------------- HOP Ar40 H1
detector Detector(H1)
POSITION Ar40 H1
Mapping mass to dac mass func: "parabolic"
H1 map mass coeffs = [ -3.11428344e-04   1.33794662e-01   1.02906323e+00]
H1 map mass to dac 39.9624 >> 5.87847
GetDeflection H1 ===>> 0
GetHighVoltage ===>> 4499.94659342336
positioning Ar40 (5.87843538224) on H1
setting magnet DAC
current  : 6.217929
requested: 5.878435
Delta Dac: 0.339494
Checking detector protection. dv=0.33949
Checking detector "CDD". Protection Threshold: 0.5 (V)
SetMagnetDAC 5.87843538224 ===>> OK
Magnet settling time: 0.500 0.500
Magnet settling complete
set_dac. change=True
update detector isotope pairing
detectors=['H1']
isotopes=['Ar40']
updating pairing H1 - Ar40
could not locate det=H1 iso=Ar40
Join finished
delaying 8 for detectors to settle after peak hop
testing H1<-5.0
evaluate ot="H1.bs<-5.0" t="H1<-5.0", ctx="{'H1': 0.08960669383624324}"
testing 
evaluate ot="Ar36.bs_corrected<0.001" t="", ctx="{}"
testing H1<-5.0
evaluate ot="H1.bs<-5.0" t="H1<-5.0", ctx="{'H1': 0.08960669383624324}"
testing 
evaluate ot="Ar36.bs_corrected<0.001" t="", ctx="{}"
$$$$$$$$$$$$$$$$$ SETTING is_baseline False
Peak hop Detectors=['AX']
Peak hop Deflections=[None]
Peak hop DeflectionsPairs=[('AX', None)]
----------------------- HOP Ar40 AX
detector Detector(AX)
POSITION Ar40 AX
Mapping mass to dac mass func: "parabolic"
AX map mass coeffs = [ -4.41897852e-02   3.42354795e+00  -6.02501269e+01]
AX map mass to dac 39.9624 >> 5.99227
GetDeflection AX ===>> 190
GetHighVoltage ===>> 4499.94659342336
positioning Ar40 (5.98745174025) on AX
setting magnet DAC
current  : 5.878435
requested: 5.987452
Delta Dac: 0.109016
Checking detector protection. dv=0.10902
Checking detector "CDD". Protection Threshold: 0.5 (V)
SetMagnetDAC 5.98745174025 ===>> OK
Magnet settling time: 0.500 0.500
Magnet settling complete
set_dac. change=True
update detector isotope pairing
detectors=['AX']
isotopes=['Ar40']
updating pairing AX - Ar40
could not locate det=AX iso=Ar40
Join finished
delaying 8 for detectors to settle after peak hop
testing H1<-5.0
evaluate ot="H1.bs<-5.0" t="H1<-5.0", ctx="{'H1': 0.08960669383624324}"
testing 
evaluate ot="Ar36.bs_corrected<0.001" t="", ctx="{}"
testing H1<-5.0
evaluate ot="H1.bs<-5.0" t="H1<-5.0", ctx="{'H1': 0.08960669383624324}"
testing 
evaluate ot="Ar36.bs_corrected<0.001" t="", ctx="{}"
$$$$$$$$$$$$$$$$$ SETTING is_baseline False
Peak hop Detectors=['L2']
Peak hop Deflections=[None]
Peak hop DeflectionsPairs=[('L2', None)]
----------------------- HOP Ar40 L2
detector Detector(L2)
POSITION Ar40 L2
Mapping mass to dac mass func: "parabolic"
L2 map mass coeffs = [  5.82480384e-04   7.14948689e-02   2.44239611e+00]
L2 map mass to dac 39.9624 >> 6.22972
GetDeflection L2 ===>> 825
GetHighVoltage ===>> 4499.94659342336
positioning Ar40 (6.21792938298) on L2
setting magnet DAC
current  : 5.987452
requested: 6.217929
Delta Dac: 0.230478
Checking detector protection. dv=0.23048
Checking detector "CDD". Protection Threshold: 0.5 (V)
SetMagnetDAC 6.21792938298 ===>> OK
Magnet settling time: 0.500 0.500
Magnet settling complete
set_dac. change=True
update detector isotope pairing
detectors=['L2']
isotopes=['Ar40']
updating pairing L2 - Ar40
could not locate det=L2 iso=Ar40
Join finished
delaying 8 for detectors to settle after peak hop
testing H1<-5.0
evaluate ot="H1.bs<-5.0" t="H1<-5.0", ctx="{'H1': 0.08960669383624324}"
testing 
evaluate ot="Ar36.bs_corrected<0.001" t="", ctx="{}"
testing H1<-5.0
evaluate ot="H1.bs<-5.0" t="H1<-5.0", ctx="{'H1': 0.08960669383624324}"
testing 
evaluate ot="Ar36.bs_corrected<0.001" t="", ctx="{}"
$$$$$$$$$$$$$$$$$ SETTING is_baseline False
Peak hop Detectors=['H1']
Peak hop Deflections=[None]
Peak hop DeflectionsPairs=[('H1', None)]
----------------------- HOP Ar40 H1
detector Detector(H1)
POSITION Ar40 H1
Mapping mass to dac mass func: "parabolic"
H1 map mass coeffs = [ -3.11428344e-04   1.33794662e-01   1.02906323e+00]
H1 map mass to dac 39.9624 >> 5.87847
GetDeflection H1 ===>> 0
GetHighVoltage ===>> 4499.94659342336
positioning Ar40 (5.87843538224) on H1
setting magnet DAC
current  : 6.217929
requested: 5.878435
Delta Dac: 0.339494
Checking detector protection. dv=0.33949
Checking detector "CDD". Protection Threshold: 0.5 (V)
SetMagnetDAC 5.87843538224 ===>> OK
Magnet settling time: 0.500 0.500
Magnet settling complete
set_dac. change=True
update detector isotope pairing
detectors=['H1']
isotopes=['Ar40']
updating pairing H1 - Ar40
could not locate det=H1 iso=Ar40
Join finished
delaying 8 for detectors to settle after peak hop
testing H1<-5.0
evaluate ot="H1.bs<-5.0" t="H1<-5.0", ctx="{'H1': 0.08960669383624324}"
testing 
evaluate ot="Ar36.bs_corrected<0.001" t="", ctx="{}"
testing H1<-5.0
evaluate ot="H1.bs<-5.0" t="H1<-5.0", ctx="{'H1': 0.08960669383624324}"
testing 
evaluate ot="Ar36.bs_corrected<0.001" t="", ctx="{}"
06:35:04 -- collecting point 100
$$$$$$$$$$$$$$$$$ SETTING is_baseline False
Peak hop Detectors=['AX']
Peak hop Deflections=[None]
Peak hop DeflectionsPairs=[('AX', None)]
----------------------- HOP Ar40 AX
detector Detector(AX)
POSITION Ar40 AX
Mapping mass to dac mass func: "parabolic"
AX map mass coeffs = [ -4.41897852e-02   3.42354795e+00  -6.02501269e+01]
AX map mass to dac 39.9624 >> 5.99227
GetDeflection AX ===>> 190
GetHighVoltage ===>> 4499.94659342336
positioning Ar40 (5.98745174025) on AX
setting magnet DAC
current  : 5.878435
requested: 5.987452
Delta Dac: 0.109016
Checking detector protection. dv=0.10902
Checking detector "CDD". Protection Threshold: 0.5 (V)
SetMagnetDAC 5.98745174025 ===>> OK
Magnet settling time: 0.500 0.500
Magnet settling complete
set_dac. change=True
update detector isotope pairing
detectors=['AX']
isotopes=['Ar40']
updating pairing AX - Ar40
could not locate det=AX iso=Ar40
Join finished
delaying 8 for detectors to settle after peak hop
testing H1<-5.0
evaluate ot="H1.bs<-5.0" t="H1<-5.0", ctx="{'H1': 0.08960669383624324}"
testing 
evaluate ot="Ar36.bs_corrected<0.001" t="", ctx="{}"
testing H1<-5.0
evaluate ot="H1.bs<-5.0" t="H1<-5.0", ctx="{'H1': 0.08960669383624324}"
testing 
evaluate ot="Ar36.bs_corrected<0.001" t="", ctx="{}"
$$$$$$$$$$$$$$$$$ SETTING is_baseline False
Peak hop Detectors=['L2']
Peak hop Deflections=[None]
Peak hop DeflectionsPairs=[('L2', None)]
----------------------- HOP Ar40 L2
detector Detector(L2)
POSITION Ar40 L2
Mapping mass to dac mass func: "parabolic"
L2 map mass coeffs = [  5.82480384e-04   7.14948689e-02   2.44239611e+00]
L2 map mass to dac 39.9624 >> 6.22972
GetDeflection L2 ===>> 825
GetHighVoltage ===>> 4499.94659342336
positioning Ar40 (6.21792938298) on L2
setting magnet DAC
current  : 5.987452
requested: 6.217929
Delta Dac: 0.230478
Checking detector protection. dv=0.23048
Checking detector "CDD". Protection Threshold: 0.5 (V)
SetMagnetDAC 6.21792938298 ===>> OK
Magnet settling time: 0.500 0.500
Magnet settling complete
set_dac. change=True
update detector isotope pairing
detectors=['L2']
isotopes=['Ar40']
updating pairing L2 - Ar40
could not locate det=L2 iso=Ar40
Join finished
delaying 8 for detectors to settle after peak hop
testing H1<-5.0
evaluate ot="H1.bs<-5.0" t="H1<-5.0", ctx="{'H1': 0.08960669383624324}"
testing 
evaluate ot="Ar36.bs_corrected<0.001" t="", ctx="{}"
testing H1<-5.0
evaluate ot="H1.bs<-5.0" t="H1<-5.0", ctx="{'H1': 0.08960669383624324}"
testing 
evaluate ot="Ar36.bs_corrected<0.001" t="", ctx="{}"
$$$$$$$$$$$$$$$$$ SETTING is_baseline False
Peak hop Detectors=['H1']
Peak hop Deflections=[None]
Peak hop DeflectionsPairs=[('H1', None)]
----------------------- HOP Ar40 H1
detector Detector(H1)
POSITION Ar40 H1
Mapping mass to dac mass func: "parabolic"
H1 map mass coeffs = [ -3.11428344e-04   1.33794662e-01   1.02906323e+00]
H1 map mass to dac 39.9624 >> 5.87847
GetDeflection H1 ===>> 0
GetHighVoltage ===>> 4499.94659342336
positioning Ar40 (5.87843538224) on H1
setting magnet DAC
current  : 6.217929
requested: 5.878435
Delta Dac: 0.339494
Checking detector protection. dv=0.33949
Checking detector "CDD". Protection Threshold: 0.5 (V)
SetMagnetDAC 5.87843538224 ===>> OK
Magnet settling time: 0.500 0.500
Magnet settling complete
set_dac. change=True
update detector isotope pairing
detectors=['H1']
isotopes=['Ar40']
updating pairing H1 - Ar40
could not locate det=H1 iso=Ar40
Join finished
delaying 8 for detectors to settle after peak hop
testing H1<-5.0
evaluate ot="H1.bs<-5.0" t="H1<-5.0", ctx="{'H1': 0.08960669383624324}"
testing 
evaluate ot="Ar36.bs_corrected<0.001" t="", ctx="{}"
testing H1<-5.0
evaluate ot="H1.bs<-5.0" t="H1<-5.0", ctx="{'H1': 0.08960669383624324}"
testing 
evaluate ot="Ar36.bs_corrected<0.001" t="", ctx="{}"
$$$$$$$$$$$$$$$$$ SETTING is_baseline False
Peak hop Detectors=['AX']
Peak hop Deflections=[None]
Peak hop DeflectionsPairs=[('AX', None)]
----------------------- HOP Ar40 AX
detector Detector(AX)
POSITION Ar40 AX
Mapping mass to dac mass func: "parabolic"
AX map mass coeffs = [ -4.41897852e-02   3.42354795e+00  -6.02501269e+01]
AX map mass to dac 39.9624 >> 5.99227
GetDeflection AX ===>> 190
GetHighVoltage ===>> 4499.94659342336
positioning Ar40 (5.98745174025) on AX
setting magnet DAC
current  : 5.878435
requested: 5.987452
Delta Dac: 0.109016
Checking detector protection. dv=0.10902
Checking detector "CDD". Protection Threshold: 0.5 (V)
SetMagnetDAC 5.98745174025 ===>> OK
Magnet settling time: 0.500 0.500
Magnet settling complete
set_dac. change=True
update detector isotope pairing
detectors=['AX']
isotopes=['Ar40']
updating pairing AX - Ar40
could not locate det=AX iso=Ar40
Join finished
delaying 8 for detectors to settle after peak hop
testing H1<-5.0
evaluate ot="H1.bs<-5.0" t="H1<-5.0", ctx="{'H1': 0.08960669383624324}"
testing 
evaluate ot="Ar36.bs_corrected<0.001" t="", ctx="{}"
testing H1<-5.0
evaluate ot="H1.bs<-5.0" t="H1<-5.0", ctx="{'H1': 0.08960669383624324}"
testing 
evaluate ot="Ar36.bs_corrected<0.001" t="", ctx="{}"
$$$$$$$$$$$$$$$$$ SETTING is_baseline False
Peak hop Detectors=['L2']
Peak hop Deflections=[None]
Peak hop DeflectionsPairs=[('L2', None)]
----------------------- HOP Ar40 L2
detector Detector(L2)
POSITION Ar40 L2
Mapping mass to dac mass func: "parabolic"
L2 map mass coeffs = [  5.82480384e-04   7.14948689e-02   2.44239611e+00]
L2 map mass to dac 39.9624 >> 6.22972
GetDeflection L2 ===>> 825
GetHighVoltage ===>> 4499.94659342336
positioning Ar40 (6.21792938298) on L2
setting magnet DAC
current  : 5.987452
requested: 6.217929
Delta Dac: 0.230478
Checking detector protection. dv=0.23048
Checking detector "CDD". Protection Threshold: 0.5 (V)
SetMagnetDAC 6.21792938298 ===>> OK
Magnet settling time: 0.500 0.500
Magnet settling complete
set_dac. change=True
update detector isotope pairing
detectors=['L2']
isotopes=['Ar40']
updating pairing L2 - Ar40
could not locate det=L2 iso=Ar40
Join finished
delaying 8 for detectors to settle after peak hop
testing H1<-5.0
evaluate ot="H1.bs<-5.0" t="H1<-5.0", ctx="{'H1': 0.08960669383624324}"
testing 
evaluate ot="Ar36.bs_corrected<0.001" t="", ctx="{}"
testing H1<-5.0
evaluate ot="H1.bs<-5.0" t="H1<-5.0", ctx="{'H1': 0.08960669383624324}"
testing 
evaluate ot="Ar36.bs_corrected<0.001" t="", ctx="{}"
06:36:36 -- collecting point 150
$$$$$$$$$$$$$$$$$ SETTING is_baseline False
Peak hop Detectors=['H1']
Peak hop Deflections=[None]
Peak hop DeflectionsPairs=[('H1', None)]
----------------------- HOP Ar40 H1
detector Detector(H1)
POSITION Ar40 H1
Mapping mass to dac mass func: "parabolic"
H1 map mass coeffs = [ -3.11428344e-04   1.33794662e-01   1.02906323e+00]
H1 map mass to dac 39.9624 >> 5.87847
GetDeflection H1 ===>> 0
GetHighVoltage ===>> 4499.94659342336
positioning Ar40 (5.87843538224) on H1
setting magnet DAC
current  : 6.217929
requested: 5.878435
Delta Dac: 0.339494
Checking detector protection. dv=0.33949
Checking detector "CDD". Protection Threshold: 0.5 (V)
SetMagnetDAC 5.87843538224 ===>> OK
Magnet settling time: 0.500 0.500
Magnet settling complete
set_dac. change=True
update detector isotope pairing
detectors=['H1']
isotopes=['Ar40']
updating pairing H1 - Ar40
could not locate det=H1 iso=Ar40
Join finished
delaying 8 for detectors to settle after peak hop
testing H1<-5.0
evaluate ot="H1.bs<-5.0" t="H1<-5.0", ctx="{'H1': 0.08960669383624324}"
testing 
evaluate ot="Ar36.bs_corrected<0.001" t="", ctx="{}"
testing H1<-5.0
evaluate ot="H1.bs<-5.0" t="H1<-5.0", ctx="{'H1': 0.08960669383624324}"
testing 
evaluate ot="Ar36.bs_corrected<0.001" t="", ctx="{}"
$$$$$$$$$$$$$$$$$ SETTING is_baseline False
Peak hop Detectors=['AX']
Peak hop Deflections=[None]
Peak hop DeflectionsPairs=[('AX', None)]
----------------------- HOP Ar40 AX
detector Detector(AX)
POSITION Ar40 AX
Mapping mass to dac mass func: "parabolic"
AX map mass coeffs = [ -4.41897852e-02   3.42354795e+00  -6.02501269e+01]
AX map mass to dac 39.9624 >> 5.99227
GetDeflection AX ===>> 190
GetHighVoltage ===>> 4499.94659342336
positioning Ar40 (5.98745174025) on AX
setting magnet DAC
current  : 5.878435
requested: 5.987452
Delta Dac: 0.109016
Checking detector protection. dv=0.10902
Checking detector "CDD". Protection Threshold: 0.5 (V)
SetMagnetDAC 5.98745174025 ===>> OK
Magnet settling time: 0.500 0.500
Magnet settling complete
set_dac. change=True
update detector isotope pairing
detectors=['AX']
isotopes=['Ar40']
updating pairing AX - Ar40
could not locate det=AX iso=Ar40
Join finished
delaying 8 for detectors to settle after peak hop
testing H1<-5.0
evaluate ot="H1.bs<-5.0" t="H1<-5.0", ctx="{'H1': 0.08960669383624324}"
testing 
evaluate ot="Ar36.bs_corrected<0.001" t="", ctx="{}"
testing H1<-5.0
evaluate ot="H1.bs<-5.0" t="H1<-5.0", ctx="{'H1': 0.08960669383624324}"
testing 
evaluate ot="Ar36.bs_corrected<0.001" t="", ctx="{}"
$$$$$$$$$$$$$$$$$ SETTING is_baseline False
Peak hop Detectors=['L2']
Peak hop Deflections=[None]
Peak hop DeflectionsPairs=[('L2', None)]
----------------------- HOP Ar40 L2
detector Detector(L2)
POSITION Ar40 L2
Mapping mass to dac mass func: "parabolic"
L2 map mass coeffs = [  5.82480384e-04   7.14948689e-02   2.44239611e+00]
L2 map mass to dac 39.9624 >> 6.22972
GetDeflection L2 ===>> 825
GetHighVoltage ===>> 4499.94659342336
positioning Ar40 (6.21792938298) on L2
setting magnet DAC
current  : 5.987452
requested: 6.217929
Delta Dac: 0.230478
Checking detector protection. dv=0.23048
Checking detector "CDD". Protection Threshold: 0.5 (V)
SetMagnetDAC 6.21792938298 ===>> OK
Magnet settling time: 0.500 0.500
Magnet settling complete
set_dac. change=True
update detector isotope pairing
detectors=['L2']
isotopes=['Ar40']
updating pairing L2 - Ar40
could not locate det=L2 iso=Ar40
Join finished
delaying 8 for detectors to settle after peak hop
testing H1<-5.0
evaluate ot="H1.bs<-5.0" t="H1<-5.0", ctx="{'H1': 0.08960669383624324}"
testing 
evaluate ot="Ar36.bs_corrected<0.001" t="", ctx="{}"
testing H1<-5.0
evaluate ot="H1.bs<-5.0" t="H1<-5.0", ctx="{'H1': 0.08960669383624324}"
testing 
evaluate ot="Ar36.bs_corrected<0.001" t="", ctx="{}"
$$$$$$$$$$$$$$$$$ SETTING is_baseline False
waiting for write to finish
measurement finished
estimated time: 358.613 actual time: :330.622
flush and close file /Users/jan/PychronDev/data/isotopes/b9/122e21-fa7c-4f94-be0b-5f272a6ad4f3.h5
define_detectors ('Ar40', 'H1') {}
setting detector H2 to Ar41 (40.9624)
setting detector H1 to Ar40 (39.9624)
setting detector AX to Ar39 (38.9624)
setting detector L1 to Ar38 (37.9624)
setting detector L2 to Ar37 (36.9624)
setting detector CDD to Ar36 (35.9624)
define_detectors ('Ar39', 'AX') {}
setting detector H2 to Ar41 (40.964)
setting detector H1 to Ar40 (39.964)
setting detector AX to Ar39 (38.964)
setting detector L1 to Ar38 (37.964)
setting detector L2 to Ar37 (36.964)
setting detector CDD to Ar36 (35.964)
define_detectors ('Ar37', 'L2') {}
setting detector H2 to Ar41 (40.9668)
setting detector H1 to Ar40 (39.9668)
setting detector AX to Ar39 (38.9668)
setting detector L1 to Ar38 (37.9668)
setting detector L2 to Ar37 (36.9668)
setting detector CDD to Ar36 (35.9668)
baselines () {'settling_time': 15, 'detector': 'H1', 'mass': 34.2, 'ncounts': 75}
%%%%%%%%%%%%%%%%%%%%%%%%%%%%%%%% Baseline
build tables- baseline [Detector(H1), Detector(AX), Detector(L2)]
add group baseline table H1
add group baseline table AX
add group baseline table L2
flush and close file /Users/jan/PychronDev/data/isotopes/b9/122e21-fa7c-4f94-be0b-5f272a6ad4f3.h5
detector Detector(H1)
POSITION 34.2 H1
Mapping mass to dac mass func: "parabolic"
H1 map mass coeffs = [ -3.11428344e-04   1.33794662e-01   1.02906323e+00]
H1 map mass to dac 34.2 >> 5.24058160773
GetDeflection H1 ===>> 0
GetHighVoltage ===>> 4499.94659342336
positioning 34.2 (5.24055074643) on H1
setting magnet DAC
current  : 6.217929
requested: 5.240551
Delta Dac: 0.977379
Checking detector protection. dv=0.97738
Checking detector "CDD". Protection Threshold: 0.5 (V)
ProtectDetector CDD,On ===>> OK
GetDeflection CDD ===>> 2000
Protected = 2000
SetMagnetDAC 5.24055074643 ===>> OK
Magnet settling time: 0.500 0.500
Magnet settling complete
Wait for magnet to stop moving
GetMagnetMoving ===>> True
GetMagnetMoving ===>> True
GetMagnetMoving ===>> True
GetMagnetMoving ===>> True
GetMagnetMoving ===>> True
GetMagnetMoving ===>> True
GetMagnetMoving ===>> True
GetMagnetMoving ===>> True
GetMagnetMoving ===>> True
GetMagnetMoving ===>> True
GetMagnetMoving ===>> False
Magnet move complete
Unprotect detectors
ProtectDetector CDD,Off ===>> OK
GetDeflection CDD ===>> 2000
set_dac. change=True
Delaying 15s for detectors to settle
Join finished
measuring baseline. ncounts=75
"baseline" increment series count="2" fit count="1" regressing="True"
starting measurement
testing H1<-5.0
evaluate ot="H1.bs<-5.0" t="H1<-5.0", ctx="{'H1': 0.09172243001067688}"
testing 
evaluate ot="Ar36.bs_corrected<0.001" t="", ctx="{}"
testing H1<-5.0
evaluate ot="H1.bs<-5.0" t="H1<-5.0", ctx="{'H1': 0.05200752574967683}"
testing 
evaluate ot="Ar36.bs_corrected<0.001" t="", ctx="{}"
testing H1<-5.0
evaluate ot="H1.bs<-5.0" t="H1<-5.0", ctx="{'H1': 0.07448054868540092}"
testing 
evaluate ot="Ar36.bs_corrected<0.001" t="", ctx="{}"
testing H1<-5.0
evaluate ot="H1.bs<-5.0" t="H1<-5.0", ctx="{'H1': 0.07465038835217512}"
testing 
evaluate ot="Ar36.bs_corrected<0.001" t="", ctx="{}"
testing H1<-5.0
evaluate ot="H1.bs<-5.0" t="H1<-5.0", ctx="{'H1': 0.0816916598537795}"
testing 
evaluate ot="Ar36.bs_corrected<0.001" t="", ctx="{}"
06:38:16 -- collecting point 25
testing H1<-5.0
evaluate ot="H1.bs<-5.0" t="H1<-5.0", ctx="{'H1': 0.08037496654788805}"
testing 
evaluate ot="Ar36.bs_corrected<0.001" t="", ctx="{}"
testing H1<-5.0
evaluate ot="H1.bs<-5.0" t="H1<-5.0", ctx="{'H1': 0.07563463352340855}"
testing 
evaluate ot="Ar36.bs_corrected<0.001" t="", ctx="{}"
testing H1<-5.0
evaluate ot="H1.bs<-5.0" t="H1<-5.0", ctx="{'H1': 0.07326338058047609}"
testing 
evaluate ot="Ar36.bs_corrected<0.001" t="", ctx="{}"
testing H1<-5.0
evaluate ot="H1.bs<-5.0" t="H1<-5.0", ctx="{'H1': 0.07507291016421404}"
testing 
evaluate ot="Ar36.bs_corrected<0.001" t="", ctx="{}"
testing H1<-5.0
evaluate ot="H1.bs<-5.0" t="H1<-5.0", ctx="{'H1': 0.0772861131504256}"
testing 
evaluate ot="Ar36.bs_corrected<0.001" t="", ctx="{}"
06:38:43 -- collecting point 50
testing H1<-5.0
evaluate ot="H1.bs<-5.0" t="H1<-5.0", ctx="{'H1': 0.07776239844710149}"
testing 
evaluate ot="Ar36.bs_corrected<0.001" t="", ctx="{}"
testing H1<-5.0
evaluate ot="H1.bs<-5.0" t="H1<-5.0", ctx="{'H1': 0.07659506641670087}"
testing 
evaluate ot="Ar36.bs_corrected<0.001" t="", ctx="{}"
testing H1<-5.0
evaluate ot="H1.bs<-5.0" t="H1<-5.0", ctx="{'H1': 0.07662264538181592}"
testing 
evaluate ot="Ar36.bs_corrected<0.001" t="", ctx="{}"
testing H1<-5.0
evaluate ot="H1.bs<-5.0" t="H1<-5.0", ctx="{'H1': 0.0791226640266372}"
testing 
evaluate ot="Ar36.bs_corrected<0.001" t="", ctx="{}"
testing H1<-5.0
evaluate ot="H1.bs<-5.0" t="H1<-5.0", ctx="{'H1': 0.0801457035925335}"
testing 
evaluate ot="Ar36.bs_corrected<0.001" t="", ctx="{}"
06:39:09 -- collecting point 75
waiting for write to finish
measurement finished
estimated time: 78.643 actual time: :79.058
flush and close file /Users/jan/PychronDev/data/isotopes/b9/122e21-fa7c-4f94-be0b-5f272a6ad4f3.h5
set_deflection ('CDD', 50) {}
setting spectrometer parameter SetDeflection CDD,50
SetDeflection CDD,50 ===>> OK
finished measure script
executed snippet estimated_duration=94.5, duration=429.907817841
jan_ic_peak_hop3_no_eq.py completed successfully
Measurement Finished
06:39:10 -- ******* Measurement Finished *******
Post Measurement Started jan_pump_ms.py
06:39:10 -- ******* Post Measurement Started jan_pump_ms.py *******
testing...
no interpolation path defined
executed snippet estimated_duration=0, duration=2.78949737549e-05
Pumping spectrometer
open () {'name': 'O'}
open name=O desc=---
checking ownership. requestor=129.138.12.150
check software interlocks O
interlocks []
actuate state mode=None-script, software_lock=False
doing actuation None-script open_channel True
Open O ===>> OK
GetIndicatorState O ===>> OK
change switch state (True, True)
update switch state O True args=() kw={} ncanvase=2
06:39:10 -- OPEN   VALVE-O (Jan Ion Pump)
-------------------------- open O () result=[(True, True)]
action=open, ok=True, locked=[False]
executed snippet estimated_duration=0, duration=0.375115871429
jan_pump_ms.py completed successfully
setting _ms_pumptime
Post Measurement Finished
06:39:11 -- ******* Post Measurement Finished *******
$$$$$$$$$$$$$$$$$$$$ state at run end measurement
state changed from measurement to success
post measurement save measured=True aborted=False
Set filtering
setting fod for Ar40= {'filter_outliers': False, 'std_devs': 2, 'iterations': 1}
setting fod for H1= {'filter_outliers': False, 'std_devs': 2, 'iterations': 1}
setting fod for Ar40= {'filter_outliers': False, 'std_devs': 2, 'iterations': 1}
setting fod for AX= {'filter_outliers': False, 'std_devs': 2, 'iterations': 1}
setting fod for Ar40= {'filter_outliers': False, 'std_devs': 2, 'iterations': 1}
setting fod for L2= {'filter_outliers': False, 'std_devs': 2, 'iterations': 1}
not connected to db mysql://janexp@129.138.12.160/labspy
Enviromentals: {'lab_humiditys': [{'device': 'EnvironmentalMonitor',
                    'name': 'Lab Hum.',
                    'pub_date': '2017-08-11T06:30:02',
                    'title': 'iServer Hum.',
                    'value': 55.6}],
 'lab_pneumatics': [{'device': 'AirPressure',
                     'name': 'Pressure',
                     'pub_date': '2017-08-11T06:38:45',
                     'title': None,
                     'value': 94.5},
                    {'device': 'AirPressure2',
                     'name': 'Pressure2',
                     'pub_date': '2017-08-11T06:39:07',
                     'title': None,
                     'value': 94.8025}],
 'lab_temperatures': [{'device': 'Coldfinger',
                       'name': 'ColdFinger Temp.',
                       'pub_date': '2017-08-11T06:30:02',
                       'title': None,
                       'value': -194.0},
                      {'device': 'EnvironmentalMonitor',
                       'name': 'Lab Temp.',
                       'pub_date': '2017-08-11T03:36:03',
                       'title': 'iServer Temp.',
                       'value': 73.5},
                      {'device': 'Chiller',
                       'name': 'Coolant Temp.',
                       'pub_date': '2017-08-11T06:36:05',
                       'title': None,
                       'value': 17.9444444444444}]}
persistence save...
persistence save - db
post measurement save
7095266384 connecting to database sqlite://@/
connected to db sqlite://@/
create new session 7095266384
close session 7095266384
No database instance. Not saving post measurement to isotopedb database
$$$$$$$$$$$$$$$ auto_save_detector_ic=False
persistence save - dvc
================= post measurement started
create new session 4942550704
close session 4942550704
---------------- Experiment Queue saving disabled
DVC saving peakcenter
Smart pull ahead: 0 behind: 0
Up-to-date with origin
add to repo msg=modified - ad8224ebc6dbfeb9f5997218dfa5fe690569839d.json
add to repo msg=modified - -J-568.json
add to repo msg=modified - -J-568.dat.json
add to repo msg=modified - -J-568.blan.json
add to repo msg=modified - -J-568.inte.json
add to repo msg=modified - -J-568.icfa.json
add to repo msg=modified - -J-568.base.json
not at valid file /Users/jan/PychronDev/data/.dvc/repositories/laboratory/ic-01/tags/-J-568.tags.json
add to repo msg=modified - -J-568.peak.json
not at valid file /Users/jan/PychronDev/data/.dvc/repositories/laboratory/ic-01/extraction/-J-568.extr.json
not at valid file /Users/jan/PychronDev/data/.dvc/repositories/laboratory/ic-01/monitor/-J-568.moni.json
commit message=<COLLECTION>
add to repo msg=modified - -J-568.inte.json
add to repo msg=modified - -J-568.base.json
commit message=<ISOEVO> default collection fits
add to repo msg=modified - -J-568.blan.json
commit message=<BLANKS> preceding bc-02-J-857
add to repo msg=modified - -J-568.icfa.json
commit message=<ICFactor> default
push repository <pychron.git_archive.repo_manager.GitRepoManager object at 0x1a2e9ae30>
pushing to remote=origin, url=https://github.com
no changes to meta repo
create new session 4942550704
add association laboratory
get identifier "ic-01-J"
setting analysis irradiation position=<pychron.dvc.dvc_orm.IrradiationPositionTbl object at 0x1b69cc7d0>
close session 4942550704
================= post measurement finished
06:39:36 -- ******* Post Run Check *******
loading queue conditionals post_run_actions
loading system conditionals post_run_actions
loading conditionals from /Users/jan/PychronDev/setupfiles/spectrometer/default_conditionals.yaml
loading queue conditionals post_run_terminations
loading system conditionals post_run_terminations
loading conditionals from /Users/jan/PychronDev/setupfiles/spectrometer/default_conditionals.yaml
Checking default post run terminations n=1
GetDeflection CDD ===>> 50
testing CDD==2000
evaluate ot="CDD.deflection==2000" t="CDD==2000", ctx="{'CDD': 50.0}"
06:39:36 -- ******* Post Run Check Passed *******
06:39:36 -- Automated run ic-01-J-568 success duration: 459.267 s
----------------- finish -----------------
----------------- stop -----------------
retroactive repository identifiers disabled
finish run. runs completed=136
update duration runid=ic-01-J-568, duration=459.26711297, md5=09592304
loading script "jan_unknown120_60.py"
loading script "jan_pump_ms.py"
loading script "jan_co2.py"
loading script "jan_pump_extraction_line.py"
testing...
no interpolation path defined
executed snippet estimated_duration=197.4, duration=0.000197172164917
script duration name:unknown120_60 seconds:197.0
loading script "jan_unknown120_60.py"
loading script "jan_pump_ms.py"
loading script "jan_co2.py"
loading script "jan_pump_extraction_line.py"
testing...
no interpolation path defined
executed snippet estimated_duration=0, duration=2.40802764893e-05
loading script "jan_unknown120_60.py"
loading script "jan_pump_ms.py"
loading script "jan_co2.py"
loading script "jan_pump_extraction_line.py"
testing...
no interpolation path defined
calculate duration
testing...
no interpolation path defined
executed snippet estimated_duration=0, duration=4.2200088501e-05
calculate duration
testing...
no interpolation path defined
executed snippet estimated_duration=0, duration=8.9168548584e-05
executed snippet estimated_duration=0.0, duration=0.00197696685791
script duration name:co2 seconds:0.0
loading script "jan_unknown120_60.py"
loading script "jan_pump_ms.py"
loading script "jan_co2.py"
loading script "jan_pump_extraction_line.py"
testing...
no interpolation path defined
calculate duration
testing...
no interpolation path defined
executed snippet estimated_duration=4.0, duration=0.000159025192261
executed snippet estimated_duration=4.0, duration=0.00117707252502
Script duration 197.0
Run total estimated duration= 198.000
unknown120_60 in script context. using previous estimated duration
script duration name:unknown120_60 seconds:197.0
pump_ms in script context. using previous estimated duration
co2 in script context. using previous estimated duration
script duration name:co2 seconds:0.0
pump_extraction_line in script context. using previous estimated duration
Script duration 197.0
Run total estimated duration= 198.000
script duration name:unknown120_60 seconds:197.0
script duration name:co2 seconds:0.0
Script duration 197.0
Run total estimated duration= 198.000
script duration name:unknown120_60 seconds:197.0
script duration name:co2 seconds:0.0
Script duration 197.0
Run total estimated duration= 198.000
script duration name:unknown120_60 seconds:197.0
script duration name:co2 seconds:0.0
Script duration 197.0
Run total estimated duration= 198.000
loading script "jan_unknown400_120.py"
loading script "jan_pump_ms.py"
loading script "jan_co2.py"
loading script "jan_pump_extraction_line.py"
testing...
no interpolation path defined
executed snippet estimated_duration=539.8, duration=0.000149965286255
script duration name:unknown400_120 seconds:540.0
script duration name:co2 seconds:0.0
Script duration 540.0
Run total estimated duration= 541.000
script duration name:unknown120_60 seconds:197.0
script duration name:co2 seconds:0.0
Script duration 197.0
Run total estimated duration= 198.000
script duration name:unknown120_60 seconds:197.0
script duration name:co2 seconds:0.0
Script duration 197.0
Run total estimated duration= 198.000
script duration name:unknown120_60 seconds:197.0
script duration name:co2 seconds:0.0
Script duration 197.0
Run total estimated duration= 198.000
script duration name:unknown120_60 seconds:197.0
script duration name:co2 seconds:0.0
Script duration 197.0
Run total estimated duration= 198.000
script duration name:unknown120_60 seconds:197.0
script duration name:co2 seconds:0.0
Script duration 197.0
Run total estimated duration= 198.000
unknown400_120 in script context. using previous estimated duration
script duration name:unknown400_120 seconds:540.0
loading script "jan_unknown400_120.py"
loading script "jan_pump_ms.py"
loading script "jan_cocktail_x1.py"
loading script "jan_pump_extraction_line.py"
testing...
no interpolation path defined
calculate duration
testing...
no interpolation path defined
executed snippet estimated_duration=0, duration=5.60283660889e-05
calculate duration
testing...
no interpolation path defined
executed snippet estimated_duration=0, duration=9.60826873779e-05
calculate duration
testing...
no interpolation path defined
executed snippet estimated_duration=32.0, duration=8.89301300049e-05
calculate duration
testing...
no interpolation path defined
executed snippet estimated_duration=34.0, duration=8.60691070557e-05
calculate duration
testing...
no interpolation path defined
executed snippet estimated_duration=4.0, duration=5.50746917725e-05
calculate duration
testing...
no interpolation path defined
executed snippet estimated_duration=38.0, duration=8.10623168945e-05
executed snippet estimated_duration=108.0, duration=0.00603199005127
script duration name:cocktail_x1 seconds:108.0
Script duration 648.0
Run total estimated duration= 649.000
script duration name:unknown120_60 seconds:197.0
loading script "jan_unknown120_60.py"
loading script "jan_cocktail_x1.py"
loading script "jan_pump_extraction_line.py"
cocktail_x1 in script context. using previous estimated duration
script duration name:cocktail_x1 seconds:108.0
Script duration 305.0
Run total estimated duration= 306.000
loading script "jan_ic_peak_hop3_no_eq.py"
loading script "jan_pump_ms.py"
loading script "jan_pump_extraction_line.py"
testing...
no interpolation path defined
executed snippet estimated_duration=94.0, duration=0.00698184967041
script duration name:ic_peak_hop3_no_eq seconds:94.0
loading script "jan_ic_peak_hop3_no_eq.py"
loading script "jan_pump_ms.py"
loading script "jan_pump_extraction_line.py"
Script duration 94.0
Run total estimated duration= 95.000
script duration name:unknown120_60 seconds:197.0
script duration name:co2 seconds:0.0
Script duration 197.0
Run total estimated duration= 198.000
script duration name:unknown120_60 seconds:197.0
script duration name:co2 seconds:0.0
Script duration 197.0
Run total estimated duration= 198.000
script duration name:unknown120_60 seconds:197.0
script duration name:co2 seconds:0.0
Script duration 197.0
Run total estimated duration= 198.000
script duration name:unknown120_60 seconds:197.0
script duration name:co2 seconds:0.0
Script duration 197.0
Run total estimated duration= 198.000
script duration name:unknown120_60 seconds:197.0
script duration name:co2 seconds:0.0
Script duration 197.0
Run total estimated duration= 198.000
script duration name:unknown400_120 seconds:540.0
loading script "jan_unknown400_120.py"
loading script "jan_pump_ms.py"
loading script "jan_sniffair_x2.py"
loading script "jan_pump_extraction_line.py"
testing...
no interpolation path defined
calculate duration
testing...
no interpolation path defined
executed snippet estimated_duration=0, duration=4.29153442383e-05
calculate duration
testing...
no interpolation path defined
executed snippet estimated_duration=0, duration=9.70363616943e-05
calculate duration
testing...
no interpolation path defined
executed snippet estimated_duration=32.0, duration=8.20159912109e-05
calculate duration
testing...
no interpolation path defined
executed snippet estimated_duration=34.0, duration=9.10758972168e-05
calculate duration
testing...
no interpolation path defined
executed snippet estimated_duration=4.0, duration=5.91278076172e-05
calculate duration
testing...
no interpolation path defined
executed snippet estimated_duration=36.0, duration=7.91549682617e-05
calculate duration
testing...
no interpolation path defined
executed snippet estimated_duration=34.0, duration=0.000101089477539
calculate duration
testing...
no interpolation path defined
executed snippet estimated_duration=4.0, duration=5.69820404053e-05
calculate duration
testing...
no interpolation path defined
executed snippet estimated_duration=36.0, duration=7.60555267334e-05
calculate duration
testing...
no interpolation path defined
executed snippet estimated_duration=70.0, duration=8.39233398438e-05
executed snippet estimated_duration=250.0, duration=0.00952482223511
script duration name:sniffair_x2 seconds:250.0
Script duration 790.0
Run total estimated duration= 791.000
script duration name:unknown120_60 seconds:197.0
script duration name:co2 seconds:0.0
Script duration 197.0
Run total estimated duration= 198.000
script duration name:unknown120_60 seconds:197.0
script duration name:co2 seconds:0.0
Script duration 197.0
Run total estimated duration= 198.000
script duration name:unknown120_60 seconds:197.0
script duration name:co2 seconds:0.0
Script duration 197.0
Run total estimated duration= 198.000
script duration name:unknown120_60 seconds:197.0
script duration name:co2 seconds:0.0
Script duration 197.0
Run total estimated duration= 198.000
script duration name:unknown120_60 seconds:197.0
script duration name:co2 seconds:0.0
Script duration 197.0
Run total estimated duration= 198.000
script duration name:unknown400_120 seconds:540.0
script duration name:co2 seconds:0.0
Script duration 540.0
Run total estimated duration= 541.000
script duration name:unknown400_120 seconds:540.0
script duration name:cocktail_x1 seconds:108.0
Script duration 648.0
Run total estimated duration= 649.000
script duration name:unknown120_60 seconds:197.0
loading script "jan_unknown120_60.py"
loading script "jan_cocktail_x1.py"
loading script "jan_pump_extraction_line.py"
script duration name:cocktail_x1 seconds:108.0
Script duration 305.0
Run total estimated duration= 306.000
ic_peak_hop3_no_eq in script context. using previous estimated duration
script duration name:ic_peak_hop3_no_eq seconds:94.0
loading script "jan_ic_peak_hop3_no_eq.py"
loading script "jan_pump_ms.py"
loading script "jan_pump_extraction_line.py"
Script duration 94.0
Run total estimated duration= 95.000
script duration name:unknown120_60 seconds:197.0
script duration name:co2 seconds:0.0
Script duration 197.0
Run total estimated duration= 198.000
script duration name:unknown120_60 seconds:197.0
script duration name:co2 seconds:0.0
Script duration 197.0
Run total estimated duration= 198.000
script duration name:unknown120_60 seconds:197.0
script duration name:co2 seconds:0.0
Script duration 197.0
Run total estimated duration= 198.000
script duration name:unknown120_60 seconds:197.0
script duration name:co2 seconds:0.0
Script duration 197.0
Run total estimated duration= 198.000
script duration name:unknown120_60 seconds:197.0
script duration name:co2 seconds:0.0
Script duration 197.0
Run total estimated duration= 198.000
script duration name:unknown120_60 seconds:197.0
script duration name:co2 seconds:0.0
Script duration 197.0
Run total estimated duration= 198.000
script duration name:unknown120_60 seconds:197.0
script duration name:co2 seconds:0.0
Script duration 197.0
Run total estimated duration= 198.000
script duration name:unknown120_60 seconds:197.0
script duration name:co2 seconds:0.0
Script duration 197.0
Run total estimated duration= 198.000
script duration name:unknown120_60 seconds:197.0
script duration name:co2 seconds:0.0
Script duration 197.0
Run total estimated duration= 198.000
script duration name:unknown120_60 seconds:197.0
script duration name:co2 seconds:0.0
Script duration 197.0
Run total estimated duration= 198.000
script duration name:unknown400_120 seconds:540.0
script duration name:cocktail_x1 seconds:108.0
Script duration 648.0
Run total estimated duration= 649.000
script duration name:unknown120_60 seconds:197.0
loading script "jan_unknown120_60.py"
loading script "jan_cocktail_x1.py"
loading script "jan_pump_extraction_line.py"
script duration name:cocktail_x1 seconds:108.0
Script duration 305.0
Run total estimated duration= 306.000
script duration name:ic_peak_hop3_no_eq seconds:94.0
loading script "jan_ic_peak_hop3_no_eq.py"
loading script "jan_pump_ms.py"
loading script "jan_pump_extraction_line.py"
Script duration 94.0
Run total estimated duration= 95.000
script duration name:unknown120_60 seconds:197.0
script duration name:co2 seconds:0.0
Script duration 197.0
Run total estimated duration= 198.000
script duration name:unknown120_60 seconds:197.0
script duration name:co2 seconds:0.0
Script duration 197.0
Run total estimated duration= 198.000
script duration name:unknown120_60 seconds:197.0
script duration name:co2 seconds:0.0
Script duration 197.0
Run total estimated duration= 198.000
script duration name:unknown120_60 seconds:197.0
script duration name:co2 seconds:0.0
Script duration 197.0
Run total estimated duration= 198.000
script duration name:unknown120_60 seconds:197.0
script duration name:co2 seconds:0.0
Script duration 197.0
Run total estimated duration= 198.000
script duration name:unknown400_120 seconds:540.0
script duration name:co2 seconds:0.0
Script duration 540.0
Run total estimated duration= 541.000
script duration name:unknown400_120 seconds:540.0
sniffair_x2 in script context. using previous estimated duration
script duration name:sniffair_x2 seconds:250.0
Script duration 790.0
Run total estimated duration= 791.000
script duration name:unknown400_120 seconds:540.0
script duration name:sniffair_x2 seconds:250.0
Script duration 790.0
Run total estimated duration= 791.000
script duration name:unknown120_60 seconds:197.0
script duration name:co2 seconds:0.0
Script duration 197.0
Run total estimated duration= 198.000
script duration name:unknown120_60 seconds:197.0
script duration name:co2 seconds:0.0
Script duration 197.0
Run total estimated duration= 198.000
script duration name:unknown120_60 seconds:197.0
script duration name:co2 seconds:0.0
Script duration 197.0
Run total estimated duration= 198.000
script duration name:unknown120_60 seconds:197.0
script duration name:co2 seconds:0.0
Script duration 197.0
Run total estimated duration= 198.000
script duration name:unknown120_60 seconds:197.0
script duration name:co2 seconds:0.0
Script duration 197.0
Run total estimated duration= 198.000
script duration name:unknown400_120 seconds:540.0
script duration name:cocktail_x1 seconds:108.0
Script duration 648.0
Run total estimated duration= 649.000
script duration name:unknown120_60 seconds:197.0
loading script "jan_unknown120_60.py"
loading script "jan_cocktail_x1.py"
loading script "jan_pump_extraction_line.py"
script duration name:cocktail_x1 seconds:108.0
Script duration 305.0
Run total estimated duration= 306.000
script duration name:ic_peak_hop3_no_eq seconds:94.0
loading script "jan_ic_peak_hop3_no_eq.py"
loading script "jan_pump_ms.py"
loading script "jan_pump_extraction_line.py"
Script duration 94.0
Run total estimated duration= 95.000
script duration name:unknown120_60 seconds:197.0
script duration name:co2 seconds:0.0
Script duration 197.0
Run total estimated duration= 198.000
script duration name:unknown120_60 seconds:197.0
script duration name:co2 seconds:0.0
Script duration 197.0
Run total estimated duration= 198.000
script duration name:unknown120_60 seconds:197.0
script duration name:co2 seconds:0.0
Script duration 197.0
Run total estimated duration= 198.000
script duration name:unknown120_60 seconds:197.0
script duration name:co2 seconds:0.0
Script duration 197.0
Run total estimated duration= 198.000
script duration name:unknown120_60 seconds:197.0
script duration name:co2 seconds:0.0
Script duration 197.0
Run total estimated duration= 198.000
script duration name:unknown120_60 seconds:197.0
script duration name:co2 seconds:0.0
Script duration 197.0
Run total estimated duration= 198.000
script duration name:unknown120_60 seconds:197.0
script duration name:co2 seconds:0.0
Script duration 197.0
Run total estimated duration= 198.000
script duration name:unknown120_60 seconds:197.0
script duration name:co2 seconds:0.0
Script duration 197.0
Run total estimated duration= 198.000
script duration name:unknown120_60 seconds:197.0
script duration name:co2 seconds:0.0
Script duration 197.0
Run total estimated duration= 198.000
script duration name:unknown120_60 seconds:197.0
script duration name:co2 seconds:0.0
Script duration 197.0
Run total estimated duration= 198.000
script duration name:unknown400_120 seconds:540.0
script duration name:co2 seconds:0.0
Script duration 540.0
Run total estimated duration= 541.000
script duration name:unknown400_120 seconds:540.0
script duration name:cocktail_x1 seconds:108.0
Script duration 648.0
Run total estimated duration= 649.000
script duration name:unknown120_60 seconds:197.0
loading script "jan_unknown120_60.py"
loading script "jan_cocktail_x1.py"
loading script "jan_pump_extraction_line.py"
script duration name:cocktail_x1 seconds:108.0
Script duration 305.0
Run total estimated duration= 306.000
script duration name:ic_peak_hop3_no_eq seconds:94.0
loading script "jan_ic_peak_hop3_no_eq.py"
loading script "jan_pump_ms.py"
loading script "jan_pump_extraction_line.py"
Script duration 94.0
Run total estimated duration= 95.000
script duration name:unknown120_60 seconds:197.0
script duration name:co2 seconds:0.0
Script duration 197.0
Run total estimated duration= 198.000
script duration name:unknown120_60 seconds:197.0
script duration name:co2 seconds:0.0
Script duration 197.0
Run total estimated duration= 198.000
script duration name:unknown120_60 seconds:197.0
script duration name:co2 seconds:0.0
Script duration 197.0
Run total estimated duration= 198.000
script duration name:unknown120_60 seconds:197.0
script duration name:co2 seconds:0.0
Script duration 197.0
Run total estimated duration= 198.000
script duration name:unknown120_60 seconds:197.0
script duration name:co2 seconds:0.0
Script duration 197.0
Run total estimated duration= 198.000
script duration name:unknown120_60 seconds:197.0
script duration name:co2 seconds:0.0
Script duration 197.0
Run total estimated duration= 198.000
script duration name:unknown120_60 seconds:197.0
script duration name:co2 seconds:0.0
Script duration 197.0
Run total estimated duration= 198.000
script duration name:unknown120_60 seconds:197.0
script duration name:co2 seconds:0.0
Script duration 197.0
Run total estimated duration= 198.000
script duration name:unknown120_60 seconds:197.0
script duration name:co2 seconds:0.0
Script duration 197.0
Run total estimated duration= 198.000
script duration name:unknown120_60 seconds:197.0
script duration name:co2 seconds:0.0
Script duration 197.0
Run total estimated duration= 198.000
script duration name:unknown120_60 seconds:197.0
script duration name:co2 seconds:0.0
Script duration 197.0
Run total estimated duration= 198.000
script duration name:unknown400_120 seconds:540.0
script duration name:cocktail_x1 seconds:108.0
Script duration 648.0
Run total estimated duration= 649.000
script duration name:unknown120_60 seconds:197.0
loading script "jan_unknown120_60.py"
loading script "jan_cocktail_x1.py"
loading script "jan_pump_extraction_line.py"
script duration name:cocktail_x1 seconds:108.0
Script duration 305.0
Run total estimated duration= 306.000
script duration name:ic_peak_hop3_no_eq seconds:94.0
loading script "jan_ic_peak_hop3_no_eq.py"
loading script "jan_pump_ms.py"
loading script "jan_pump_extraction_line.py"
Script duration 94.0
Run total estimated duration= 95.000
script duration name:unknown400_120 seconds:540.0
script duration name:co2 seconds:0.0
Script duration 540.0
Run total estimated duration= 541.000
script duration name:unknown400_120 seconds:540.0
script duration name:sniffair_x2 seconds:250.0
Script duration 790.0
Run total estimated duration= 791.000
script duration name:unknown400_120 seconds:540.0
script duration name:sniffair_x2 seconds:250.0
Script duration 790.0
Run total estimated duration= 791.000
nruns=89 before=5.0, run_dur=25038.0, btw=3360.0
write rem/ex queues
/Users/jan/PychronDev/experiments/rem/CurrentExperiment.rem.txt
/Users/jan/PychronDev/experiments/rem/CurrentExperiment.ex.txt
doing event level: 3
add run
