do run
loading script "jan_ic_peak_hop3.py"
loading script "jan_pump_ms.py"
loading script "jan_pause.py"
loading script "jan_pump_extraction_line.py"
testing...
no interpolation path defined
executed 133.8
script duration name:ic_peak_hop3 seconds:134.0
loading script "jan_ic_peak_hop3.py"
loading script "jan_pump_ms.py"
loading script "jan_pause.py"
loading script "jan_pump_extraction_line.py"
testing...
no interpolation path defined
executed 0
loading script "jan_ic_peak_hop3.py"
loading script "jan_pump_ms.py"
loading script "jan_pause.py"
loading script "jan_pump_extraction_line.py"
testing...
no interpolation path defined
executed 0.0
script duration name:pause seconds:0.0
loading script "jan_ic_peak_hop3.py"
loading script "jan_pump_ms.py"
loading script "jan_pause.py"
loading script "jan_pump_extraction_line.py"
testing...
no interpolation path defined
calculate duration
testing...
no interpolation path defined
executed 4.0
executed 4.0
Script duration 134.0
Run total estimated duration= 135.000
run duration: 0:02:15
doing event level: 2
11:46:27 -- Setting default integration. t=1.048576
setting integration time = 1.048576
SetIntegrationTime 1.048576 ===>> OK
----------------- start -----------------
**************** Experiment Type: Ar/Ar, Ar/Ar
close session 5012379888
$$$$$ Clearing conditionals
adding conditionals 
Add queue conditionals
add default conditionals
adding default conditionals from /Users/jan/PychronDev/setupfiles/spectrometer/default_conditionals.yaml
Start automated run ic-01-J-64
loading script "jan_ic_peak_hop3.py"
loading script "jan_pump_ms.py"
loading script "jan_pause.py"
loading script "jan_pump_extraction_line.py"
%%%%%%%%%%%%%%%%%% setting automated run ic-01-J-64
No metadata section in "jan_pause.py". Using default "15" value for "eqtime"
No metadata section in "jan_pause.py". Using default "1" value for "sensitivity_multiplier"
$$$$$$$$$$$$$$$ auto_save_detector_ic=False
No metadata section in "jan_ic_peak_hop3.py". Using default "None" value for "default_fits"
============================= Pre Extraction Check =============================
loading queue conditionals pre_run_terminations
loading system conditionals pre_run_terminations
loading conditionals from /Users/jan/PychronDev/setupfiles/spectrometer/default_conditionals.yaml
11:46:27 -- ******* Pre Extraction Check *******
Get a measurement from the spectrometer
GetData ===>> H2,-0.208324555898473,H1,0.017677135290284,AX,-0.0713716979291651,L1,0.0464423571638655,L2,-0.015...
Pre Extraction Termination data. keys=H2,H1,AX,L1,L2,CDD, signals=-0.20832,0.01768,-0.07137,0.04644,-0.01563,0.00015
11:46:27 -- testing system defined conditionals
Checking default pre extraction terminations n=2
testing CDD
evaluate ot="CDD.inactive" t="CDD", ctx="{'CDD': False}"
GetDeflection CDD ===>> 50
testing CDD==2000
evaluate ot="CDD.deflection==2000" t="CDD==2000", ctx="{'CDD': 50.0}"
11:46:27 -- ******* Pre Extraction Check Passed *******
=================================================================================
11:46:27 -- stopping status monitor
stop 5041038256
Alive clients [4992147184]
11:46:27 -- starting status monitor
start 5041038256
Monitor already running
start extraction
do extraction
Analysis started at 11:46:27.354550
Extraction Started jan_pause.py
11:46:27 -- ******* Extraction Started jan_pause.py *******
state changed from not run to extraction
DO EXTRACTION <pychron.extraction_line.pyscript_runner.RemotePyScriptRunner object at 0x12bed9950>
testing...
no interpolation path defined
executed 0.0
pause script
sleep (0.0,) {}
SLEEP 0.0
executed 0.0
jan_pause.py completed successfully
GetAchievedOutput ===>> No Response
Requested Output= 0.000
Achieved Output=  0.000
GetResponseBlob ===>> No Response
GetOutputBlob ===>> No Response
persistence save...
persistence save - db
AutomatedRunPersister post_extraction_save deprecated
persistence save - dvc
no extraction position for 
create new session 4991938736
Get Checksum: 1484417215
close session 4991938736
Extraction Finished
11:46:27 -- ******* Extraction Finished *******
no overlap. not waiting for min ms pumptime
11:46:27 -- Sending spectrometer configuration
======== Sending configuration ========
SetDeflection CDD,50.0 ===>> OK
SetDeflection H2,0.0 ===>> OK
SetDeflection H1,0.0 ===>> OK
SetDeflection L2,825.0 ===>> OK
SetDeflection L1,400.0 ===>> OK
SetDeflection AX,190.0 ===>> OK
SetZFocus 74.64 ===>> OK
SetZSymmetry -50.72 ===>> OK
SetExtractionLens 26.13 ===>> OK
SetIonRepeller -3.81 ===>> OK
SetElectronEnergy 75.08 ===>> OK
SetYSymmetry -2.81 ===>> OK
SetIonCounterVoltage 1590.0 ===>> OK
send trap current 200.0
GetParameter Trap Current Readback ===>> 198.258926936459
SetParameter Trap Current Set,200.0 ===>> OK
updating mftable name mftable
Using mftable located at /Users/jan/PychronDev/setupfiles/spectrometer/mftables/mftable.csv
============ MFtable ===========
Isotope  H2     H1     AX     L1     L2     CDD    
Ar40     5.7706 5.8785 5.9918 6.1066 6.2278 6.3387
Ar39     5.6698 5.7712 5.8841 5.9966 6.1155 6.2252
Ar36     5.3473 5.4401 5.5475 5.6554 5.7705 5.8763
================================
get initial guess parabolic
get initial guess parabolic
get initial guess parabolic
get initial guess parabolic
get initial guess parabolic
get initial guess parabolic
======== Configuration Finished ========
GetYSymmetry ===>> -2.81
GetZSymmetry ===>> -50.72
GetParameter Trap Current Readback ===>> 198.258926936459
GetHighVoltage ===>> 4499.94659342336
start measurement
do measurement
L#=ic-01-J analysis type=detector_ic
Measurement Started jan_ic_peak_hop3.py
11:46:27 -- ******* Measurement Started jan_ic_peak_hop3.py *******
state changed from extraction to measurement
setting spec, defl, and gains
GetExtractionLens ===>> 26.13
GetYSymmetry ===>> -2.81
GetZSymmetry ===>> -50.72
GetZFocus ===>> 74.64
GetDeflection H2 ===>> 0
GetDeflection H1 ===>> 0
GetDeflection AX ===>> 190
GetDeflection L1 ===>> 400
GetDeflection L2 ===>> 825
GetDeflection CDD ===>> 50
GetGain H2 ===>> 0.0113
GetGain H1 ===>> 0.1
GetGain AX ===>> 0.096713
GetGain L1 ===>> 0.010355
GetGain L2 ===>> 0.094844
GetGain CDD ===>> 0
pre measurement save
New frame /Users/jan/PychronDev/data/isotopes/f0/ab6773-2ace-4192-b8a0-0d0698b4998c.h5
flush and close file /Users/jan/PychronDev/data/isotopes/f0/ab6773-2ace-4192-b8a0-0d0698b4998c.h5
testing...
no interpolation path defined
setting detector H2 to PM41 (40.9624)
setting detector H1 to Ar40 (39.9624)
setting detector AX to Ar39 (38.9624)
setting detector L1 to Ar38 (37.9624)
setting detector L2 to Ar37 (36.9624)
setting detector CDD to Ar36 (35.9624)
setting detector H2 to PM41 (40.964)
setting detector H1 to Ar40 (39.964)
setting detector AX to Ar39 (38.964)
setting detector L1 to Ar38 (37.964)
setting detector L2 to Ar37 (36.964)
setting detector CDD to Ar36 (35.964)
setting detector H2 to PM41 (40.9668)
setting detector H1 to Ar40 (39.9668)
setting detector AX to Ar39 (38.9668)
setting detector L1 to Ar38 (37.9668)
setting detector L2 to Ar37 (36.9668)
setting detector CDD to Ar36 (35.9668)
executed 163.8
unknown measurement script
load_hops ('hops/ic3_hops.yaml',) {}
[{'counts': 10, 'settle': 8, 'positioning': {'detector': 'H1', 'isotope': 'Ar40'}, 'cup_configuration': [{'active': True, 'detector': 'H1', 'protect': False, 'isotope': 'Ar40', 'is_baseline': False}]}, {'counts': 10, 'settle': 8, 'positioning': {'detector': 'AX', 'isotope': 'Ar40'}, 'cup_configuration': [{'active': True, 'detector': 'AX', 'protect': False, 'isotope': 'Ar40', 'is_baseline': False}]}, {'counts': 10, 'settle': 8, 'positioning': {'detector': 'L2', 'isotope': 'Ar40'}, 'cup_configuration': [{'active': True, 'detector': 'L2', 'protect': False, 'isotope': 'Ar40', 'is_baseline': False}]}]
define_hops ([{'counts': 10, 'settle': 8, 'positioning': {'detector': 'H1', 'isotope': 'Ar40'}, 'cup_configuration': [{'active': True, 'detector': 'H1', 'protect': False, 'isotope': 'Ar40', 'is_baseline': False}]}, {'counts': 10, 'settle': 8, 'positioning': {'detector': 'AX', 'isotope': 'Ar40'}, 'cup_configuration': [{'active': True, 'detector': 'AX', 'protect': False, 'isotope': 'Ar40', 'is_baseline': False}]}, {'counts': 10, 'settle': 8, 'positioning': {'detector': 'L2', 'isotope': 'Ar40'}, 'cup_configuration': [{'active': True, 'detector': 'L2', 'protect': False, 'isotope': 'Ar40', 'is_baseline': False}]}],) {}
*************** Set Analysis View Ar/Ar
equilibrate () {'delay': 3.0, 'inlet': 'R', 'outlet': 'O', 'eqtime': 15.0}
Equilibration Started
11:46:28 -- ******* Equilibration Started *******
checking ownership. requestor=129.138.12.150
check software interlocks O
interlocks []
actuate state mode=None-script, software_lock=True
VALVE-O(Jan Ion Pump) software locked
change switch state (True, False)
waiting 3.0s before opening inlet value ('R',)
Get Checksum: 1484417215
checking ownership. requestor=129.138.12.150
check software interlocks R
interlocks []
actuate state mode=None-script, software_lock=True
VALVE-R(Jan Inlet) software locked
change switch state (True, False)
set_time_zero () {}
equilibrating for 15.0sec
sleep (14.0,) {}
SLEEP 14.0
block started
WaitControl setup for 14.0  
Get Checksum: 1484417215
Join finished
continuing script after 3.047 s
block finished. duration 3.04771184921
set_fits ('Ar40H1:parabolic', 'Ar40AX:parabolic', 'Ar40L2:parabolic') {}
set "Ar40H1" to "parabolic"
set "Ar40AX" to "parabolic"
set "Ar40L2" to "parabolic"
set_baseline_fits ('average_SEM',) {}
set "H1" to "average_SEM"
set "AX" to "average_SEM"
set "L2" to "average_SEM"
sleep (0.5,) {}
SLEEP 0.5
generate_ic_mftable (('H1', 'AX', 'L2'),) {'peak_center_config': 'ic_peakhop'}
Making IC MFTable
Peak centering H1@Ar40
setup peak center. detector=['H1'], isotope=Ar40
VersionedUnpickler [<apptools.sweet_pickle.versioned_unpickler.VersionedUnpickler object at 0x12e04c770>] using Updater [<apptools.sweet_pickle.updater.Updater object at 0x12b7b1ad0>]
setting integration time = 0.524288
SetIntegrationTime 0.524288 ===>> OK
doing pc
starting peak center. center dac= 5.3019839181 step_width=0.001
width = 0.001
get scan parameters. half-width=0.015,window=0.015, i=0, scalar=1
Scan parameters center=5.30198 width=0.03000 (5.28698 - 5.31698)
GetData ===>> H2,-0.183827337657161,H1,-0.0567426982706508,AX,-0.0446595358941246,L1,-0.0227329836979089,L2,0.0...
Moving to starting dac 5.2869839181
setting magnet DAC
current  : 5.301984
requested: 5.286984
Delta Dac: 0.015000
Checking detector protection. dv=0.01500
Checking detector "CDD". Protection Threshold: 0.1 (V)
SetMagnetDAC 5.2869839181 ===>> OK
Magnet settling time: 0.500
Wait until signal near baseline. tol= -0.042557023703. timeout= 10
GetData ===>> H2,-0.183827337657161,H1,-0.0567426982706508,AX,-0.0446595358941246,L1,-0.0227329836979089,L2,0.0...
Peak center baseline intensity achieved
_do_sweep sm= 5.2869839181, em= 5.3169839181, stm= 0.001
calculated step values: start=5.2869839181, end=5.3169839181, width=0.001, nsteps=31.0
setting magnet DAC
current  : 5.286984
requested: 5.286984
Delta Dac: 0.000000
Checking detector protection. dv=0.00000
Checking detector "CDD". Protection Threshold: 0.1 (V)
SetMagnetDAC 5.2869839181 ===>> OK
GetData ===>> H2,-0.147135000055932,H1,0.0277352121687226,AX,-0.0605236578620831,L1,-0.0117175392734054,L2,-0.1...
setting magnet DAC
current  : 5.286984
requested: 5.288018
Delta Dac: 0.001034
Checking detector protection. dv=0.00103
Checking detector "CDD". Protection Threshold: 0.1 (V)
SetMagnetDAC 5.28801840086 ===>> OK
Magnet settling time: 1.049
Get Checksum: 1484417215
GetData ===>> H2,-0.147456177032478,H1,0.0184049100227181,AX,-0.110398429677187,L1,-0.038522051961294,L2,-0.010...
setting magnet DAC
current  : 5.288018
requested: 5.289053
Delta Dac: 0.001034
Checking detector protection. dv=0.00103
Checking detector "CDD". Protection Threshold: 0.1 (V)
SetMagnetDAC 5.28905288362 ===>> OK
Magnet settling time: 1.049
GetData ===>> H2,-0.187213324016038,H1,-0.0888191808472215,AX,-0.146604512267894,L1,-0.0599467936378674,L2,-0.0...
setting magnet DAC
current  : 5.289053
requested: 5.290087
Delta Dac: 0.001034
Checking detector protection. dv=0.00103
Checking detector "CDD". Protection Threshold: 0.1 (V)
SetMagnetDAC 5.29008736638 ===>> OK
Magnet settling time: 1.049
GetData ===>> H2,-0.227945046872748,H1,-0.1379569497445,AX,-0.0336467148061841,L1,-0.0289577689538278,L2,0.0584...
setting magnet DAC
current  : 5.290087
requested: 5.291122
Delta Dac: 0.001034
Checking detector protection. dv=0.00103
Checking detector "CDD". Protection Threshold: 0.1 (V)
SetMagnetDAC 5.29112184913 ===>> OK
Magnet settling time: 1.049
Get Checksum: 1484417215
GetData ===>> H2,-0.201015552889118,H1,-0.0134451963091252,AX,-0.0673168217885947,L1,-0.00687816469238473,L2,-0...
setting magnet DAC
current  : 5.291122
requested: 5.292156
Delta Dac: 0.001034
Checking detector protection. dv=0.00103
Checking detector "CDD". Protection Threshold: 0.1 (V)
SetMagnetDAC 5.29215633189 ===>> OK
Magnet settling time: 1.049
GetData ===>> H2,-0.102051188299815,H1,-0.078020888922725,AX,-0.0550240813553071,L1,0.0256897107695516,L2,0.026...
setting magnet DAC
current  : 5.292156
requested: 5.293191
Delta Dac: 0.001034
Checking detector protection. dv=0.00103
Checking detector "CDD". Protection Threshold: 0.1 (V)
SetMagnetDAC 5.29319081465 ===>> OK
Magnet settling time: 1.049
GetData ===>> H2,-0.214683574493707,H1,0.00735762039256755,AX,-0.0772977503696331,L1,0.0152715526017215,L2,0.07...
setting magnet DAC
current  : 5.293191
requested: 5.294225
Delta Dac: 0.001034
Checking detector protection. dv=0.00103
Checking detector "CDD". Protection Threshold: 0.1 (V)
SetMagnetDAC 5.29422529741 ===>> OK
Magnet settling time: 1.049
Get Checksum: 1484417215
GetData ===>> H2,-0.263229647549593,H1,0.0476873180040861,AX,-0.291777816385273,L1,-0.00660471135514421,L2,-0.0...
setting magnet DAC
current  : 5.294225
requested: 5.295260
Delta Dac: 0.001034
Checking detector protection. dv=0.00103
Checking detector "CDD". Protection Threshold: 0.1 (V)
SetMagnetDAC 5.29525978017 ===>> OK
Magnet settling time: 1.049
GetData ===>> H2,-0.187102845430716,H1,0.0589061572461748,AX,0.0199676430087401,L1,0.0173639220134027,L2,0.0241...
setting magnet DAC
current  : 5.295260
requested: 5.296294
Delta Dac: 0.001034
Checking detector protection. dv=0.00103
Checking detector "CDD". Protection Threshold: 0.1 (V)
SetMagnetDAC 5.29629426293 ===>> OK
Magnet settling time: 1.049
GetData ===>> H2,-0.142432359441852,H1,-0.120539871548986,AX,-0.110837232285768,L1,-0.00506459858241315,L2,0.07...
setting magnet DAC
current  : 5.296294
requested: 5.297329
Delta Dac: 0.001034
Checking detector protection. dv=0.00103
Checking detector "CDD". Protection Threshold: 0.1 (V)
SetMagnetDAC 5.29732874569 ===>> OK
Magnet settling time: 1.049
Get Checksum: 1484417215
Equilibration Finished
11:46:46 -- ******* Equilibration Finished *******
checking ownership. requestor=129.138.12.150
check software interlocks R
interlocks []
actuate state mode=None-script, software_lock=True
VALVE-R(Jan Inlet) software locked
change switch state (True, False)
Post Equilibration Started jan_pump_extraction_line.py
11:46:46 -- ******* Post Equilibration Started jan_pump_extraction_line.py *******
testing...
no interpolation path defined
calculate duration
testing...
no interpolation path defined
executed 4.0
executed 4.0
Pump after analysis
doing GOSUB
testing...
no interpolation path defined
executed 4.0
Pump Microbone
close () {'description': 'Jan Inlet'}
closing name=--- desc=Jan Inlet
checking ownership. requestor=129.138.12.150
check software interlocks R
interlocks []
actuate state mode=None-script, software_lock=True
VALVE-R(Jan Inlet) software locked
change switch state (True, False)
---------------------------------------- close None (Jan Inlet) result=[(True, False)]
locked=[True]
is_closed ('F',) {}
is F () closed?
is closed True
open () {'description': 'CO2 Laser to Jan'}
opening name=--- desc=CO2 Laser to Jan
checking ownership. requestor=129.138.12.150
check software interlocks A
interlocks []
actuate state mode=None-script, software_lock=False
doing actuation None-script open_channel False
Open A ===>> OK
GetValveState A ===>> OK
change switch state (True, True)
update switch state A True args=() kw={} ncanvase=4
11:46:46 -- OPEN   VALVE-A (CO2 Laser to Jan)
---------------------------------------- open None (CO2 Laser to Jan) result=[(True, True)], time=0.13 sec
GetData ===>> H2,-0.146970359591538,H1,-0.023868835066687,AX,0.0689487458277354,L1,0.00917688366713634,L2,0.014...
setting magnet DAC
current  : 5.297329
requested: 5.298363
Delta Dac: 0.001034
Checking detector protection. dv=0.00103
Checking detector "CDD". Protection Threshold: 0.1 (V)
SetMagnetDAC 5.29836322844 ===>> OK
Magnet settling time: 1.049
locked=[False]
sleep (1,) {}
SLEEP 1.0
GetData ===>> H2,-0.166535059091617,H1,-0.0296168762696557,AX,0.0707731704706025,L1,0.0396438508872122,L2,-0.10...
setting magnet DAC
current  : 5.298363
requested: 5.299398
Delta Dac: 0.001034
Checking detector protection. dv=0.00103
Checking detector "CDD". Protection Threshold: 0.1 (V)
close () {'description': 'CO2 Laser to Roughing'}
closing name=--- desc=CO2 Laser to Roughing
checking ownership. requestor=129.138.12.150
check software interlocks G
interlocks []
actuate state mode=None-script, software_lock=True
VALVE-G(CO2 Laser to Roughing) software locked
change switch state (True, False)
---------------------------------------- close None (CO2 Laser to Roughing) result=[(True, False)]
locked=[True]
open () {'description': 'Microbone to Turbo'}
opening name=--- desc=Microbone to Turbo
checking ownership. requestor=129.138.12.150
check software interlocks U
interlocks []
actuate state mode=None-script, software_lock=False
doing actuation None-script open_channel False
Open U ===>> OK
SetMagnetDAC 5.2993977112 ===>> OK
Magnet settling time: 1.049
GetValveState U ===>> OK
change switch state (True, True)
update switch state U True args=() kw={} ncanvase=4
11:46:47 -- OPEN   VALVE-U (Microbone to Turbo)
---------------------------------------- open None (Microbone to Turbo) result=[(True, True)], time=0.14 sec
locked=[False]
open () {'description': 'Microbone to Getter NP-10'}
opening name=--- desc=Microbone to Getter NP-10
checking ownership. requestor=129.138.12.150
check software interlocks M
interlocks []
actuate state mode=None-script, software_lock=False
doing actuation None-script open_channel False
Open M ===>> OK
GetValveState M ===>> OK
change switch state (True, True)
update switch state M True args=() kw={} ncanvase=4
11:46:48 -- OPEN   VALVE-M (Microbone to Getter NP-10)
---------------------------------------- open None (Microbone to Getter NP-10) result=[(True, True)], time=0.15 sec
locked=[False]
open () {'description': 'Microbone to Getter D-50'}
opening name=--- desc=Microbone to Getter D-50
checking ownership. requestor=129.138.12.150
check software interlocks K
interlocks []
actuate state mode=None-script, software_lock=False
doing actuation None-script open_channel False
Open K ===>> OK
GetData ===>> H2,-0.253722655035912,H1,-0.0442836182672711,AX,-0.113262158254724,L1,0.00631910382053407,L2,-0.0...
setting magnet DAC
current  : 5.299398
requested: 5.300432
Delta Dac: 0.001034
Checking detector protection. dv=0.00103
Checking detector "CDD". Protection Threshold: 0.1 (V)
Get Checksum: 1484417215
GetValveState K ===>> OK
change switch state (True, True)
update switch state K True args=() kw={} ncanvase=4
11:46:48 -- OPEN   VALVE-K (Microbone to Getter D-50)
---------------------------------------- open None (Microbone to Getter D-50) result=[(True, True)], time=0.41 sec
SetMagnetDAC 5.30043219396 ===>> OK
Magnet settling time: 1.049
locked=[False]
open () {'description': 'Microbone to CO2 Laser'}
opening name=--- desc=Microbone to CO2 Laser
checking ownership. requestor=129.138.12.150
check software interlocks T
interlocks []
actuate state mode=None-script, software_lock=False
doing actuation None-script open_channel False
Open T ===>> OK
GetValveState T ===>> OK
change switch state (True, True)
update switch state T True args=() kw={} ncanvase=4
11:46:49 -- OPEN   VALVE-T (Microbone to CO2 Laser)
---------------------------------------- open None (Microbone to CO2 Laser) result=[(True, True)], time=0.42 sec
locked=[False]
open () {'description': 'Microbone to Inlet Pipette'}
opening name=--- desc=Microbone to Inlet Pipette
checking ownership. requestor=129.138.12.150
check software interlocks S
interlocks []
actuate state mode=None-script, software_lock=False
doing actuation None-script open_channel False
GetData ===>> H2,-0.159830189392007,H1,-0.0690333424146814,AX,0.0300742282007164,L1,-0.0453861978293887,L2,-0.0...
setting magnet DAC
current  : 5.300432
requested: 5.301467
Delta Dac: 0.001034
Checking detector protection. dv=0.00103
Checking detector "CDD". Protection Threshold: 0.1 (V)
SetMagnetDAC 5.30146667672 ===>> OK
Magnet settling time: 1.049
Open S ===>> OK
GetValveState S ===>> OK
change switch state (True, True)
update switch state S True args=() kw={} ncanvase=4
11:46:50 -- OPEN   VALVE-S (Microbone to Inlet Pipette)
---------------------------------------- open None (Microbone to Inlet Pipette) result=[(True, True)], time=0.39 sec
locked=[False]
sleep (1,) {}
SLEEP 1.0
GetData ===>> H2,-0.248012460656793,H1,-0.0676744123435878,AX,-0.121506452876717,L1,-0.0135586723080519,L2,-0.0...
setting magnet DAC
current  : 5.301467
requested: 5.302501
Delta Dac: 0.001034
Checking detector protection. dv=0.00103
Checking detector "CDD". Protection Threshold: 0.1 (V)
SetMagnetDAC 5.30250115948 ===>> OK
Magnet settling time: 1.049
set_resource () {'name': 'CO2PumpTimeFlag', 'value': 30}
Set CO2PumpTimeFlag 30 ===>> OK
release ('JanCO2Flag',) {}
release JanCO2Flag
Set JanCO2Flag 0 ===>> OK
executed 6.0
PumpMicrobone.py completed successfully
gosub finished
get_resource_value () {'name': 'JanMiniboneFlag'}
Read JanMiniboneFlag ===>> 0
Get Resource Value JanMiniboneFlag=0.0
get resource value 0.0
get_resource_value () {'name': 'JanMiniboneFlag'}
Read JanMiniboneFlag ===>> 0
Get Resource Value JanMiniboneFlag=0.0
executed 4.0
jan_pump_extraction_line.py completed successfully
Post Equilibration Finished
11:46:51 -- ******* Post Equilibration Finished *******
Get Checksum: 1484417215
GetData ===>> H2,-0.115872580639201,H1,0.029238641430296,AX,-0.138893380621198,L1,-0.045405351480332,L2,-0.0176...
setting magnet DAC
current  : 5.302501
requested: 5.303536
Delta Dac: 0.001034
Checking detector protection. dv=0.00103
Checking detector "CDD". Protection Threshold: 0.1 (V)
SetMagnetDAC 5.30353564224 ===>> OK
Magnet settling time: 1.049
GetData ===>> H2,-0.0838047472245645,H1,-0.0710359425662997,AX,-0.0419671148592723,L1,-0.0356610063961198,L2,-0...
setting magnet DAC
current  : 5.303536
requested: 5.304570
Delta Dac: 0.001034
Checking detector protection. dv=0.00103
Checking detector "CDD". Protection Threshold: 0.1 (V)
SetMagnetDAC 5.304570125 ===>> OK
Magnet settling time: 1.049
GetData ===>> H2,-0.161313001222597,H1,-0.0538933421397435,AX,-0.0950390870357759,L1,-0.0273708044617999,L2,-0....
setting magnet DAC
current  : 5.304570
requested: 5.305605
Delta Dac: 0.001034
Checking detector protection. dv=0.00103
Checking detector "CDD". Protection Threshold: 0.1 (V)
SetMagnetDAC 5.30560460776 ===>> OK
Magnet settling time: 1.049
Get Checksum: 1484417215
GetData ===>> H2,-0.184542673788387,H1,-0.127163960403664,AX,-0.0475829813853824,L1,0.0185110703248476,L2,0.109...
setting magnet DAC
current  : 5.305605
requested: 5.306639
Delta Dac: 0.001034
Checking detector protection. dv=0.00103
Checking detector "CDD". Protection Threshold: 0.1 (V)
SetMagnetDAC 5.30663909051 ===>> OK
Magnet settling time: 1.049
GetData ===>> H2,-0.146889387994437,H1,-0.0731338616444031,AX,-0.00239261469532324,L1,0.00915290563177389,L2,-0...
setting magnet DAC
current  : 5.306639
requested: 5.307674
Delta Dac: 0.001034
Checking detector protection. dv=0.00103
Checking detector "CDD". Protection Threshold: 0.1 (V)
SetMagnetDAC 5.30767357327 ===>> OK
Magnet settling time: 1.049
GetData ===>> H2,-0.131702394341567,H1,-0.0302369771696618,AX,-0.0185063780930113,L1,0.00748177716384491,L2,-0....
setting magnet DAC
current  : 5.307674
requested: 5.308708
Delta Dac: 0.001034
Checking detector protection. dv=0.00103
Checking detector "CDD". Protection Threshold: 0.1 (V)
SetMagnetDAC 5.30870805603 ===>> OK
Magnet settling time: 1.049
Get Checksum: 1484417215
GetData ===>> H2,-0.206832948681991,H1,0.0133225281698791,AX,-0.0750336483300015,L1,0.017483910492572,L2,-0.095...
setting magnet DAC
current  : 5.308708
requested: 5.309743
Delta Dac: 0.001034
Checking detector protection. dv=0.00103
Checking detector "CDD". Protection Threshold: 0.1 (V)
SetMagnetDAC 5.30974253879 ===>> OK
Magnet settling time: 1.049
GetData ===>> H2,-0.211898492417058,H1,0.0133225281698791,AX,-0.0232683265483724,L1,-0.00409051156098728,L2,0.1...
setting magnet DAC
current  : 5.309743
requested: 5.310777
Delta Dac: 0.001034
Checking detector protection. dv=0.00103
Checking detector "CDD". Protection Threshold: 0.1 (V)
SetMagnetDAC 5.31077702155 ===>> OK
Magnet settling time: 1.049
GetData ===>> H2,-0.179331610041942,H1,-0.132191303409601,AX,-0.0611475397006627,L1,-0.0159434936146246,L2,-0.0...
setting magnet DAC
current  : 5.310777
requested: 5.311812
Delta Dac: 0.001034
Checking detector protection. dv=0.00103
Checking detector "CDD". Protection Threshold: 0.1 (V)
SetMagnetDAC 5.31181150431 ===>> OK
Magnet settling time: 1.049
Get Checksum: 1484417215
GetData ===>> H2,-0.156393857851797,H1,-0.0465251748394067,AX,0.0291490965355019,L1,-0.0121802515280505,L2,-0.0...
setting magnet DAC
current  : 5.311812
requested: 5.312846
Delta Dac: 0.001034
Checking detector protection. dv=0.00103
Checking detector "CDD". Protection Threshold: 0.1 (V)
SetMagnetDAC 5.31284598707 ===>> OK
Magnet settling time: 1.049
GetData ===>> H2,-0.172105480505069,H1,-0.017404875733029,AX,-0.104786200122898,L1,-0.0621962282419717,L2,0.000...
setting magnet DAC
current  : 5.312846
requested: 5.313880
Delta Dac: 0.001034
Checking detector protection. dv=0.00103
Checking detector "CDD". Protection Threshold: 0.1 (V)
SetMagnetDAC 5.31388046982 ===>> OK
Magnet settling time: 1.049
Get Checksum: 1484417215
GetData ===>> H2,-0.120943336607891,H1,0.043892293101311,AX,-0.20319560048814,L1,-0.0029939511001728,L2,-0.0471...
setting magnet DAC
current  : 5.313880
requested: 5.314915
Delta Dac: 0.001034
Checking detector protection. dv=0.00103
Checking detector "CDD". Protection Threshold: 0.1 (V)
SetMagnetDAC 5.31491495258 ===>> OK
Magnet settling time: 1.049
GetData ===>> H2,-0.113038573245682,H1,-0.0352930411309458,AX,0.0150650564507728,L1,-0.0348102034476497,L2,-0.0...
setting magnet DAC
current  : 5.314915
requested: 5.315949
Delta Dac: 0.001034
Checking detector protection. dv=0.00103
Checking detector "CDD". Protection Threshold: 0.1 (V)
SetMagnetDAC 5.31594943534 ===>> OK
Magnet settling time: 1.049
GetData ===>> H2,-0.159903119100401,H1,0.0224853188054432,AX,-0.0970255450344117,L1,-0.0444931183137863,L2,-0.1...
setting magnet DAC
current  : 5.315949
requested: 5.316984
Delta Dac: 0.001034
Checking detector protection. dv=0.00103
Checking detector "CDD". Protection Threshold: 0.1 (V)
SetMagnetDAC 5.3169839181 ===>> OK
Magnet settling time: 1.049
Get Checksum: 1484417215
GetData ===>> H2,-0.298484864367457,H1,-0.0756608421351277,AX,-0.0617945240344334,L1,-0.0233124939542052,L2,-0....
result of _do_sweep=True
Failed to find a valid peak. No peak greater than 1.0. max = 0.0584789870145
result of _calculate_peak_center=None
get scan parameters. half-width=0.0165,window=0.015, i=1, scalar=0.1
Scan parameters center=5.29526 width=0.03300 (5.27876 - 5.31176)
GetData ===>> H2,-0.298484864367457,H1,-0.0756608421351277,AX,-0.0617945240344334,L1,-0.0233124939542052,L2,-0....
Moving to starting dac 5.27875978017
setting magnet DAC
current  : 5.316984
requested: 5.278760
Delta Dac: 0.038224
Checking detector protection. dv=0.03822
Checking detector "CDD". Protection Threshold: 0.1 (V)
SetMagnetDAC 5.27875978017 ===>> OK
Magnet settling time: 0.500
Wait until signal near baseline. tol= -0.0567456316013. timeout= 10
GetData ===>> H2,-0.254521260230096,H1,-0.0574699267978705,AX,-0.076881898856277,L1,-0.00898398625169339,L2,-0....
Peak center baseline intensity achieved
_do_sweep sm= 5.27875978017, em= 5.31175978017, stm= 0.001
calculated step values: start=5.27875978017, end=5.31175978017, width=0.001, nsteps=34.0
setting magnet DAC
current  : 5.278760
requested: 5.278760
Delta Dac: 0.000000
Checking detector protection. dv=0.00000
Checking detector "CDD". Protection Threshold: 0.1 (V)
SetMagnetDAC 5.27875978017 ===>> OK
GetData ===>> H2,-0.254521260230096,H1,-0.0574699267978705,AX,-0.076881898856277,L1,-0.00898398625169339,L2,-0....
setting magnet DAC
current  : 5.278760
requested: 5.279791
Delta Dac: 0.001031
Checking detector protection. dv=0.00103
Checking detector "CDD". Protection Threshold: 0.1 (V)
SetMagnetDAC 5.27979103017 ===>> OK
Magnet settling time: 1.049
GetData ===>> H2,-0.214742824106001,H1,-0.0568976818424936,AX,-0.147643390299487,L1,-0.0260445515502371,L2,-0.0...
setting magnet DAC
current  : 5.279791
requested: 5.280822
Delta Dac: 0.001031
Checking detector protection. dv=0.00103
Checking detector "CDD". Protection Threshold: 0.1 (V)
SetMagnetDAC 5.28082228017 ===>> OK
Magnet settling time: 1.049
Get Checksum: 1484417215
GetData ===>> H2,-0.306331275266883,H1,-0.028662867382878,AX,0.00928402271495073,L1,-0.0293000225813002,L2,0.06...
setting magnet DAC
current  : 5.280822
requested: 5.281854
Delta Dac: 0.001031
Checking detector protection. dv=0.00103
Checking detector "CDD". Protection Threshold: 0.1 (V)
SetMagnetDAC 5.28185353017 ===>> OK
Magnet settling time: 1.049
GetData ===>> H2,-0.293398543791693,H1,-0.0941821377447248,AX,-0.0832580927519704,L1,-0.0210539755279031,L2,-0....
setting magnet DAC
current  : 5.281854
requested: 5.282885
Delta Dac: 0.001031
Checking detector protection. dv=0.00103
Checking detector "CDD". Protection Threshold: 0.1 (V)
SetMagnetDAC 5.28288478017 ===>> OK
Magnet settling time: 1.049
GetData ===>> H2,-0.24098573882811,H1,-0.147867366865006,AX,-0.163733034969974,L1,-0.0439783045107861,L2,0.1465...
setting magnet DAC
current  : 5.282885
requested: 5.283916
Delta Dac: 0.001031
Checking detector protection. dv=0.00103
Checking detector "CDD". Protection Threshold: 0.1 (V)
SetMagnetDAC 5.28391603017 ===>> OK
Magnet settling time: 1.049
Get Checksum: 1484417215
GetData ===>> H2,-0.231796489114994,H1,-0.00884127569904507,AX,0.009260899271803,L1,-0.0570344496357797,L2,-0.0...
setting magnet DAC
current  : 5.283916
requested: 5.284947
Delta Dac: 0.001031
Checking detector protection. dv=0.00103
Checking detector "CDD". Protection Threshold: 0.1 (V)
SetMagnetDAC 5.28494728017 ===>> OK
Magnet settling time: 1.049
GetData ===>> H2,-0.148009443767832,H1,0.0536068892962095,AX,-0.0859378172194242,L1,-0.0219833106803199,L2,-0.0...
setting magnet DAC
current  : 5.284947
requested: 5.285979
Delta Dac: 0.001031
Checking detector protection. dv=0.00103
Checking detector "CDD". Protection Threshold: 0.1 (V)
SetMagnetDAC 5.28597853017 ===>> OK
Magnet settling time: 1.049
GetData ===>> H2,-0.174927429527412,H1,-0.0169755204758591,AX,-0.0136286059822448,L1,0.00722046362913317,L2,-0....
setting magnet DAC
current  : 5.285979
requested: 5.287010
Delta Dac: 0.001031
Checking detector protection. dv=0.00103
Checking detector "CDD". Protection Threshold: 0.1 (V)
SetMagnetDAC 5.28700978017 ===>> OK
Magnet settling time: 1.049
Get Checksum: 1484417215
GetData ===>> H2,-0.273958057703863,H1,-0.0830983766350045,AX,-0.0164951937192334,L1,-0.0377769166796754,L2,-0....
setting magnet DAC
current  : 5.287010
requested: 5.288041
Delta Dac: 0.001031
Checking detector protection. dv=0.00103
Checking detector "CDD". Protection Threshold: 0.1 (V)
SetMagnetDAC 5.28804103017 ===>> OK
Magnet settling time: 1.049
GetData ===>> H2,-0.297738835474558,H1,-0.028209709976079,AX,-0.247439177179009,L1,-0.011453807745081,L2,-0.060...
setting magnet DAC
current  : 5.288041
requested: 5.289072
Delta Dac: 0.001031
Checking detector protection. dv=0.00103
Checking detector "CDD". Protection Threshold: 0.1 (V)
SetMagnetDAC 5.28907228017 ===>> OK
Magnet settling time: 1.049
GetData ===>> H2,-0.230193674055014,H1,-0.0190507204905764,AX,-0.0821723212383459,L1,-0.0169571710787628,L2,0.0...
setting magnet DAC
current  : 5.289072
requested: 5.290104
Delta Dac: 0.001031
Checking detector protection. dv=0.00103
Checking detector "CDD". Protection Threshold: 0.1 (V)
SetMagnetDAC 5.29010353017 ===>> OK
Magnet settling time: 1.049
Get Checksum: 1484417215
GetData ===>> H2,-0.162946840574149,H1,0.0545855618112824,AX,-0.0698352548422082,L1,-0.0132206770320396,L2,0.00...
setting magnet DAC
current  : 5.290104
requested: 5.291135
Delta Dac: 0.001031
Checking detector protection. dv=0.00103
Checking detector "CDD". Protection Threshold: 0.1 (V)
SetMagnetDAC 5.29113478017 ===>> OK
Magnet settling time: 1.049
GetData ===>> H2,-0.134747904732157,H1,0.014634855580309,AX,-0.108504627215438,L1,-0.0185553628464794,L2,0.0713...
setting magnet DAC
current  : 5.291135
requested: 5.292166
Delta Dac: 0.001031
Checking detector protection. dv=0.00103
Checking detector "CDD". Protection Threshold: 0.1 (V)
SetMagnetDAC 5.29216603017 ===>> OK
Magnet settling time: 1.049
Get Checksum: 1484417215
GetData ===>> H2,-0.107634843470094,H1,-0.0563015898676909,AX,0.00486754507732198,L1,-0.00704607095550948,L2,0....
setting magnet DAC
current  : 5.292166
requested: 5.293197
Delta Dac: 0.001031
Checking detector protection. dv=0.00103
Checking detector "CDD". Protection Threshold: 0.1 (V)
SetMagnetDAC 5.29319728017 ===>> OK
Magnet settling time: 1.049
GetData ===>> H2,-0.225195518983355,H1,0.0136327130961568,AX,-0.13884720433252,L1,-0.0109479033797295,L2,0.0546...
setting magnet DAC
current  : 5.293197
requested: 5.294229
Delta Dac: 0.001031
Checking detector protection. dv=0.00103
Checking detector "CDD". Protection Threshold: 0.1 (V)
SetMagnetDAC 5.29422853017 ===>> OK
Magnet settling time: 1.049
GetData ===>> H2,-0.229631559213693,H1,-0.0510796723752314,AX,-0.156785036879757,L1,-0.0212671553547358,L2,-0.0...
setting magnet DAC
current  : 5.294229
requested: 5.295260
Delta Dac: 0.001031
Checking detector protection. dv=0.00103
Checking detector "CDD". Protection Threshold: 0.1 (V)
SetMagnetDAC 5.29525978017 ===>> OK
Magnet settling time: 1.049
Get Checksum: 1484417215
GetData ===>> H2,-0.326887721973701,H1,0.0402167457317805,AX,0.0146256857903639,L1,0.0131820162773063,L2,-0.082...
setting magnet DAC
current  : 5.295260
requested: 5.296291
Delta Dac: 0.001031
Checking detector protection. dv=0.00103
Checking detector "CDD". Protection Threshold: 0.1 (V)
SetMagnetDAC 5.29629103017 ===>> OK
Magnet settling time: 1.049
GetData ===>> H2,-0.168305800058847,H1,-0.045833636145942,AX,-0.0275215197350759,L1,-0.0136257905863753,L2,-0.0...
setting magnet DAC
current  : 5.296291
requested: 5.297322
Delta Dac: 0.001031
Checking detector protection. dv=0.00103
Checking detector "CDD". Protection Threshold: 0.1 (V)
SetMagnetDAC 5.29732228017 ===>> OK
Magnet settling time: 1.049
GetData ===>> H2,-0.0713068731461326,H1,0.0166153095158219,AX,-0.045595510246864,L1,-0.00370181013806599,L2,-0....
setting magnet DAC
current  : 5.297322
requested: 5.298354
Delta Dac: 0.001031
Checking detector protection. dv=0.00103
Checking detector "CDD". Protection Threshold: 0.1 (V)
SetMagnetDAC 5.29835353017 ===>> OK
Magnet settling time: 1.049
GetData ===>> H2,-0.223163882229988,H1,0.0396678119263473,AX,-0.0071784738093707,L1,-0.0232095184637053,L2,-0.0...
setting magnet DAC
current  : 5.298354
requested: 5.299385
Delta Dac: 0.001031
Checking detector protection. dv=0.00103
Checking detector "CDD". Protection Threshold: 0.1 (V)
SetMagnetDAC 5.29938478017 ===>> OK
Magnet settling time: 1.049
GetData ===>> H2,-0.30455591657588,H1,0.0871988968973227,AX,0.0262581169396986,L1,-0.0315447261321744,L2,-0.078...
setting magnet DAC
current  : 5.299385
requested: 5.300416
Delta Dac: 0.001031
Checking detector protection. dv=0.00103
Checking detector "CDD". Protection Threshold: 0.1 (V)
SetMagnetDAC 5.30041603017 ===>> OK
Magnet settling time: 1.049
Get Checksum: 1484417215
GetData ===>> H2,-0.281363968422487,H1,-0.0563969648222472,AX,-0.0521817409962829,L1,-0.0337482599318791,L2,-0....
setting magnet DAC
current  : 5.300416
requested: 5.301447
Delta Dac: 0.001031
Checking detector protection. dv=0.00103
Checking detector "CDD". Protection Threshold: 0.1 (V)
SetMagnetDAC 5.30144728017 ===>> OK
Magnet settling time: 1.049
GetData ===>> H2,-0.208344766027481,H1,-0.0241073495651499,AX,-0.0682179200288725,L1,-0.0273875610511821,L2,-0....
setting magnet DAC
current  : 5.301447
requested: 5.302479
Delta Dac: 0.001031
Checking detector protection. dv=0.00103
Checking detector "CDD". Protection Threshold: 0.1 (V)
SetMagnetDAC 5.30247853017 ===>> OK
Magnet settling time: 1.049
Get Checksum: 1484417215
GetData ===>> H2,-0.242794642819892,H1,-0.0933479188848228,AX,-0.107950336569855,L1,-0.00883289983044666,L2,0.0...
setting magnet DAC
current  : 5.302479
requested: 5.303510
Delta Dac: 0.001031
Checking detector protection. dv=0.00103
Checking detector "CDD". Protection Threshold: 0.1 (V)
SetMagnetDAC 5.30350978017 ===>> OK
Magnet settling time: 1.049
GetData ===>> H2,-0.0739995080772195,H1,0.0677627670996774,AX,-0.0409964383005781,L1,0.0221909855476543,L2,0.07...
setting magnet DAC
current  : 5.303510
requested: 5.304541
Delta Dac: 0.001031
Checking detector protection. dv=0.00103
Checking detector "CDD". Protection Threshold: 0.1 (V)
SetMagnetDAC 5.30454103017 ===>> OK
Magnet settling time: 1.049
GetData ===>> H2,-0.249037442113874,H1,-0.0136121739062077,AX,-0.0157092022858036,L1,0.00823219224233272,L2,-0....
setting magnet DAC
current  : 5.304541
requested: 5.305572
Delta Dac: 0.001031
Checking detector protection. dv=0.00103
Checking detector "CDD". Protection Threshold: 0.1 (V)
SetMagnetDAC 5.30557228017 ===>> OK
Magnet settling time: 1.049
Get Checksum: 1484417215
GetData ===>> H2,-0.243766270715453,H1,-0.0601880456490232,AX,0.00294840542507219,L1,-0.0439806990546422,L2,-0....
setting magnet DAC
current  : 5.305572
requested: 5.306604
Delta Dac: 0.001031
Checking detector protection. dv=0.00103
Checking detector "CDD". Protection Threshold: 0.1 (V)
SetMagnetDAC 5.30660353017 ===>> OK
Magnet settling time: 1.049
GetData ===>> H2,-0.109136934393163,H1,-0.0396572683045936,AX,-0.0727463895293801,L1,-0.0019716668323082,L2,-0....
setting magnet DAC
current  : 5.306604
requested: 5.307635
Delta Dac: 0.001031
Checking detector protection. dv=0.00103
Checking detector "CDD". Protection Threshold: 0.1 (V)
SetMagnetDAC 5.30763478017 ===>> OK
Magnet settling time: 1.049
GetData ===>> H2,-0.152380784376649,H1,0.129963635446129,AX,-0.110144385153909,L1,-0.0149872361645116,L2,-0.069...
setting magnet DAC
current  : 5.307635
requested: 5.308666
Delta Dac: 0.001031
Checking detector protection. dv=0.00103
Checking detector "CDD". Protection Threshold: 0.1 (V)
SetMagnetDAC 5.30866603017 ===>> OK
Magnet settling time: 1.049
Get Checksum: 1484417215
GetData ===>> H2,-0.272736688546418,H1,-0.0375347990785755,AX,-0.110052005162252,L1,-0.0264754832303589,L2,0.09...
setting magnet DAC
current  : 5.308666
requested: 5.309697
Delta Dac: 0.001031
Checking detector protection. dv=0.00103
Checking detector "CDD". Protection Threshold: 0.1 (V)
SetMagnetDAC 5.30969728017 ===>> OK
Magnet settling time: 1.049
GetData ===>> H2,-0.237909839442991,H1,0.0185958026316381,AX,-0.17079593778706,L1,-0.033882226868662,L2,-0.0411...
setting magnet DAC
current  : 5.309697
requested: 5.310729
Delta Dac: 0.001031
Checking detector protection. dv=0.00103
Checking detector "CDD". Protection Threshold: 0.1 (V)
SetMagnetDAC 5.31072853017 ===>> OK
Magnet settling time: 1.049
Get Checksum: 1484417215
GetData ===>> H2,-0.0683152131870128,H1,-0.0307378250918198,AX,-0.0990350599704761,L1,-0.0211569730869526,L2,-0...
setting magnet DAC
current  : 5.310729
requested: 5.311760
Delta Dac: 0.001031
Checking detector protection. dv=0.00103
Checking detector "CDD". Protection Threshold: 0.1 (V)
SetMagnetDAC 5.31175978017 ===>> OK
Magnet settling time: 1.049
GetData ===>> H2,-0.204779140431738,H1,-0.0837419834380125,AX,0.0132150881727992,L1,-0.0450629744627467,L2,0.11...
result of _do_sweep=True
Failed to find a valid peak. No peak greater than 1.0. max = 0.125935616981
result of _calculate_peak_center=None
centering failed
setting integration time = 1.048576
SetIntegrationTime 1.048576 ===>> OK
wait dialog stopped
executed 178.3
Post Measurement Started jan_pump_ms.py
11:47:43 -- ******* Post Measurement Started jan_pump_ms.py *******
testing...
no interpolation path defined
executed 0
Pumping spectrometer
open () {'name': 'O'}
opening name=O desc=---
checking ownership. requestor=129.138.12.150
check software interlocks O
interlocks []
actuate state mode=None-script, software_lock=True
VALVE-O(Jan Ion Pump) software locked
change switch state (True, False)
---------------------------------------- open O () result=[(True, False)], time=0.00 sec
locked=[True]
executed 0
jan_pump_ms.py completed successfully
setting _ms_pumptime
Post Measurement Finished
11:47:43 -- ******* Post Measurement Finished *******
----------------- finish -----------------
state changed from measurement to failed
----------------- stop -----------------
peak center canceled
Measurement Finished unsuccessfully. Aborted=False
11:47:43 -- ******* Measurement Finished unsuccessfully. Aborted=False *******
failed execution step Measurement Failed
measurement did not complete successfully
11:47:43 -- Automated run ic-01-J-64 failed duration: 76.423 s
----------------- finish -----------------
----------------- stop -----------------
finish run. runs completed=1
write rem/ex queues
/Users/jan/PychronDev/experiments/rem/IC.rem.txt
/Users/jan/PychronDev/experiments/rem/IC.ex.txt
doing event level: 3
