do run
loading script "felix_analysis400_120.py"
loading script "felix_pump_ms.py"
loading script "felix_cocktail_x3.py"
loading script "felix_pump_extraction_line.py"
testing...
no interpolation path defined
executed snippet estimated_duration=559.2304, duration=0.000248908996582
script duration name:analysis400_120 seconds:559.0
loading script "felix_analysis400_120.py"
loading script "felix_pump_ms.py"
loading script "felix_cocktail_x3.py"
loading script "felix_pump_extraction_line.py"
testing...
no interpolation path defined
executed snippet estimated_duration=0, duration=2.50339508057e-05
loading script "felix_analysis400_120.py"
loading script "felix_pump_ms.py"
loading script "felix_cocktail_x3.py"
loading script "felix_pump_extraction_line.py"
testing...
no interpolation path defined
calculate duration
testing...
no interpolation path defined
executed snippet estimated_duration=0, duration=7.31945037842e-05
calculate duration
testing...
no interpolation path defined
executed snippet estimated_duration=0, duration=0.000144004821777
calculate duration
testing...
no interpolation path defined
executed snippet estimated_duration=32.0, duration=0.000114917755127
calculate duration
testing...
no interpolation path defined
executed snippet estimated_duration=34.0, duration=0.000128030776978
calculate duration
testing...
no interpolation path defined
executed snippet estimated_duration=2.0, duration=8.10623168945e-05
calculate duration
testing...
no interpolation path defined
executed snippet estimated_duration=34.0, duration=9.20295715332e-05
calculate duration
testing...
no interpolation path defined
executed snippet estimated_duration=34.0, duration=0.000128030776978
calculate duration
testing...
no interpolation path defined
executed snippet estimated_duration=34.0, duration=9.10758972168e-05
calculate duration
testing...
no interpolation path defined
executed snippet estimated_duration=34.0, duration=0.000126838684082
calculate duration
testing...
no interpolation path defined
executed snippet estimated_duration=34.0, duration=0.0001060962677
executed snippet estimated_duration=244.0, duration=0.0123248100281
script duration name:cocktail_x3 seconds:244.0
loading script "felix_analysis400_120.py"
loading script "felix_pump_ms.py"
loading script "felix_cocktail_x3.py"
loading script "felix_pump_extraction_line.py"
testing...
no interpolation path defined
calculate duration
testing...
no interpolation path defined
executed snippet estimated_duration=4.0, duration=0.000208139419556
executed snippet estimated_duration=4.0, duration=0.00133919715881
Script duration 803.0
Run total estimated duration= 804.000
run duration: 0:13:24
doing event level: 2
09:50:53 -- Setting default integration. t=1.048576
setting integration time = 1.048576
SetIntegrationTime 1.048576 ===>> OK
----------------- start -----------------
**************** Experiment Type: Ar/Ar, Ar/Ar
create new session 4748043952
close session 4748043952
$$$$$ Clearing conditionals
adding conditionals 
Add queue conditionals
add default conditionals
adding default conditionals from /Users/obama/PychronDev/setupfiles/spectrometer/default_conditionals.yaml
Start automated run c-02-F-1258
loading script "felix_analysis400_120.py"
loading script "felix_pump_ms.py"
loading script "felix_cocktail_x3.py"
loading script "felix_pump_extraction_line.py"
%%%%%%%%%%%%%%%%%% setting automated run c-02-F-1258
No value "sensitivity_multiplier" in metadata
$$$$$$$$$$$$$$$ auto_save_detector_ic=False
============================= Pre Extraction Check =============================
loading queue conditionals pre_run_terminations
loading system conditionals pre_run_terminations
loading conditionals from /Users/obama/PychronDev/setupfiles/spectrometer/default_conditionals.yaml
09:50:54 -- ******* Pre Extraction Check *******
Get a measurement from the spectrometer
Pre Extraction Termination data. keys=L2(CDD),H2,H1,AX,L1,L2, signals=0.00240,-0.14141,-0.24655,-0.14630,-0.35433,0.07708
09:50:54 -- testing system defined conditionals
Checking default pre extraction terminations n=2
testing L2_CDD_
evaluate ot="L2(CDD).inactive" t="L2_CDD_", ctx="{'L2_CDD_': False}"
GetDeflection L2 (CDD) ===>> 0
testing L2_CDD_==3250
evaluate ot="L2(CDD).deflection==3250" t="L2_CDD_==3250", ctx="{'L2_CDD_': 0.0}"
09:50:54 -- ******* Pre Extraction Check Passed *******
=================================================================================
09:50:54 -- stopping status monitor
stop 4712846256
Status monitor stopped
Status monitor finished
09:50:58 -- starting status monitor
start 4712846256
StatusMonitor period=3. Frequencies(state=1, checksum=3, lock=5, owner=5)
start extraction
do extraction
Analysis started at 09:51:03.044724
Extraction Started felix_cocktail_x3.py
09:51:03 -- ******* Extraction Started felix_cocktail_x3.py *******
state changed from not run to extraction
DO EXTRACTION <pychron.extraction_line.pyscript_runner.RemotePyScriptRunner object at 0x11c9b78f0>
testing...
no interpolation path defined
calculate duration
testing...
no interpolation path defined
executed snippet estimated_duration=0, duration=8.89301300049e-05
calculate duration
testing...
no interpolation path defined
executed snippet estimated_duration=0, duration=0.000144004821777
calculate duration
testing...
no interpolation path defined
executed snippet estimated_duration=32.0, duration=0.000108003616333
calculate duration
testing...
no interpolation path defined
executed snippet estimated_duration=34.0, duration=0.00012993812561
calculate duration
testing...
no interpolation path defined
executed snippet estimated_duration=2.0, duration=8.79764556885e-05
calculate duration
testing...
no interpolation path defined
executed snippet estimated_duration=34.0, duration=9.20295715332e-05
calculate duration
testing...
no interpolation path defined
executed snippet estimated_duration=34.0, duration=0.000133991241455
calculate duration
testing...
no interpolation path defined
executed snippet estimated_duration=34.0, duration=8.89301300049e-05
calculate duration
testing...
no interpolation path defined
executed snippet estimated_duration=34.0, duration=0.000130176544189
calculate duration
testing...
no interpolation path defined
executed snippet estimated_duration=34.0, duration=8.89301300049e-05
executed snippet estimated_duration=244.0, duration=0.0131621360779
Cocktail Pipette x1
doing GOSUB
testing...
no interpolation path defined
executed snippet estimated_duration=0, duration=7.79628753662e-05
Waiting for minibone access
wait ('JanMiniboneFlag', 0) {}
waiting for JanMiniboneFlag = 0
Read JanMiniboneFlag ===>> 0
finished waiting
Minibone released
wait ('MinibonePumpTimeFlag', 0) {}
waiting for MinibonePumpTimeFlag = 0
Read MinibonePumpTimeFlag ===>> 0
finished waiting
acquire ('FelixMiniboneFlag',) {'clear': True}
acquire FelixMiniboneFlag
Set FelixMiniboneFlag 1 ===>> OK
FelixMiniboneFlag acquired
set extraction state False (0.75, 'red', 1.5)
minibone acquired
executed snippet estimated_duration=0, duration=0.0231189727783
WaitForMiniboneAccess.py completed successfully
gosub finished
doing GOSUB
testing...
no interpolation path defined
executed snippet estimated_duration=0, duration=0.000155925750732
Prepare for Air Shot
close () {'description': 'Felix Inlet'}
close name=--- desc=Felix Inlet
checking ownership. requestor=129.138.12.137
check software interlocks H
interlocks []
actuate state mode=None-script, software_lock=False
doing actuation None-script close_channel False
Close H ===>> OK
GetIndicatorState H ===>> False
change switch state (True, True)
update switch state H False args=() kw={} ncanvase=3
09:51:03 -- CLOSE  VALVE-H (Felix Inlet)
-------------------------- close None (Felix Inlet) result=[(True, True)]
action=close, ok=True, locked=[False]
open () {'description': 'Felix Ion Pump'}
open name=--- desc=Felix Ion Pump
checking ownership. requestor=129.138.12.137
check software interlocks V
interlocks []
actuate state mode=None-script, software_lock=False
doing actuation None-script open_channel False
Open V ===>> OK
GetIndicatorState V ===>> OK
change switch state (True, True)
update switch state V True args=() kw={} ncanvase=3
09:51:03 -- OPEN   VALVE-V (Felix Ion Pump)
-------------------------- open None (Felix Ion Pump) result=[(True, True)]
action=open, ok=True, locked=[False]
close () {'description': 'Microbone to Minibone'}
close name=--- desc=Microbone to Minibone
checking ownership. requestor=129.138.12.137
check software interlocks L
interlocks []
actuate state mode=None-script, software_lock=False
doing actuation None-script close_channel False
Close L ===>> OK
GetIndicatorState L ===>> False
change switch state (True, True)
update switch state L False args=() kw={} ncanvase=3
09:51:04 -- CLOSE  VALVE-L (Microbone to Minibone)
-------------------------- close None (Microbone to Minibone) result=[(True, True)]
action=close, ok=True, locked=[False]
close () {'description': 'Quad Inlet'}
close name=--- desc=Quad Inlet
checking ownership. requestor=129.138.12.137
check software interlocks Q
interlocks []
actuate state mode=None-script, software_lock=False
doing actuation None-script close_channel True
Close Q ===>> OK
GetIndicatorState Q ===>> False
change switch state (True, True)
update switch state Q False args=() kw={} ncanvase=3
09:51:04 -- CLOSE  VALVE-Q (Quad Inlet)
-------------------------- close None (Quad Inlet) result=[(True, True)]
action=close, ok=True, locked=[False]
open () {'description': 'Bone to Turbo'}
open name=--- desc=Bone to Turbo
checking ownership. requestor=129.138.12.137
check software interlocks C
interlocks []
actuate state mode=None-script, software_lock=False
doing actuation None-script open_channel False
Open C ===>> OK
GetIndicatorState C ===>> OK
change switch state (True, True)
update switch state C True args=() kw={} ncanvase=3
09:51:05 -- OPEN   VALVE-C (Bone to Turbo)
-------------------------- open None (Bone to Turbo) result=[(True, True)]
action=open, ok=True, locked=[False]
open () {'description': 'Bone to Minibone'}
open name=--- desc=Bone to Minibone
checking ownership. requestor=129.138.12.137
check software interlocks E
interlocks []
actuate state mode=None-script, software_lock=False
doing actuation None-script open_channel True
Open E ===>> OK
GetIndicatorState E ===>> OK
change switch state (True, True)
update switch state E True args=() kw={} ncanvase=3
09:51:05 -- OPEN   VALVE-E (Bone to Minibone)
-------------------------- open None (Bone to Minibone) result=[(True, True)]
action=open, ok=True, locked=[False]
open () {'description': 'Minibone to Bone'}
open name=--- desc=Minibone to Bone
checking ownership. requestor=129.138.12.137
check software interlocks I
interlocks []
actuate state mode=None-script, software_lock=False
doing actuation None-script open_channel False
Open I ===>> OK
GetIndicatorState I ===>> OK
change switch state (True, True)
update switch state I True args=() kw={} ncanvase=3
09:51:06 -- OPEN   VALVE-I (Minibone to Bone)
-------------------------- open None (Minibone to Bone) result=[(True, True)]
action=open, ok=True, locked=[False]
open () {'description': 'Bone to Getter GP-50'}
open name=--- desc=Bone to Getter GP-50
checking ownership. requestor=129.138.12.137
check software interlocks N
interlocks []
actuate state mode=None-script, software_lock=False
doing actuation None-script open_channel False
Open N ===>> OK
GetIndicatorState N ===>> OK
change switch state (True, True)
update switch state N True args=() kw={} ncanvase=3
09:51:06 -- OPEN   VALVE-N (Bone to Getter GP-50)
-------------------------- open None (Bone to Getter GP-50) result=[(True, True)]
action=open, ok=True, locked=[False]
close () {'description': 'Bone to CO2 Laser'}
close name=--- desc=Bone to CO2 Laser
checking ownership. requestor=129.138.12.137
check software interlocks D
interlocks []
actuate state mode=None-script, software_lock=False
doing actuation None-script close_channel True
Close D ===>> OK
GetIndicatorState D ===>> False
change switch state (True, True)
update switch state D False args=() kw={} ncanvase=3
09:51:07 -- CLOSE  VALVE-D (Bone to CO2 Laser)
-------------------------- close None (Bone to CO2 Laser) result=[(True, True)]
action=close, ok=True, locked=[False]
close () {'description': 'Bone to Diode Laser'}
close name=--- desc=Bone to Diode Laser
checking ownership. requestor=129.138.12.137
check software interlocks B
interlocks []
actuate state mode=None-script, software_lock=False
doing actuation None-script close_channel True
Close B ===>> OK
GetIndicatorState B ===>> False
change switch state (True, True)
update switch state B False args=() kw={} ncanvase=3
09:51:07 -- CLOSE  VALVE-B (Bone to Diode Laser)
-------------------------- close None (Bone to Diode Laser) result=[(True, True)]
action=close, ok=True, locked=[False]
executed snippet estimated_duration=0, duration=4.96744394302
PrepareForAirShot.py completed successfully
gosub finished
doing GOSUB
testing...
no interpolation path defined
executed snippet estimated_duration=32.0, duration=0.000144958496094
Evacuate Pipette 1
open () {'description': 'Minibone to Turbo'}
open name=--- desc=Minibone to Turbo
checking ownership. requestor=129.138.12.137
check software interlocks P
interlocks []
actuate state mode=None-script, software_lock=False
doing actuation None-script open_channel False
Open P ===>> OK
GetIndicatorState P ===>> OK
change switch state (True, True)
update switch state P True args=() kw={} ncanvase=3
09:51:08 -- OPEN   VALVE-P (Minibone to Turbo)
-------------------------- open None (Minibone to Turbo) result=[(True, True)]
action=open, ok=True, locked=[False]
close () {'description': 'Inner Pipette 1'}
close name=--- desc=Inner Pipette 1
checking ownership. requestor=129.138.12.137
check software interlocks X
interlocks ['W']
actuate state mode=None-script, software_lock=False
doing actuation None-script close_channel False
Close X ===>> OK
GetIndicatorState X ===>> False
change switch state (True, True)
update switch state X False args=() kw={} ncanvase=3
09:51:08 -- CLOSE  VALVE-X (Inner Pipette 1)
-------------------------- close None (Inner Pipette 1) result=[(True, True)]
action=close, ok=True, locked=[False]
sleep (1,) {}
SLEEP 1.0
open () {'description': 'Outer Pipette 1'}
open name=--- desc=Outer Pipette 1
checking ownership. requestor=129.138.12.137
check software interlocks W
interlocks ['X']
actuate state mode=None-script, software_lock=False
doing actuation None-script open_channel True
Open W ===>> OK
GetIndicatorState W ===>> OK
change switch state (True, True)
update switch state W True args=() kw={} ncanvase=3
09:51:10 -- OPEN   VALVE-W (Outer Pipette 1)
-------------------------- open None (Outer Pipette 1) result=[(True, True)]
action=open, ok=True, locked=[False]
sleep (15,) {}
SLEEP 15.0
block started
WaitControl setup for 15.0  
Join finished
block finished. duration 15.0378499031
executed snippet estimated_duration=48.0, duration=17.2637441158
EvacPipette1.py completed successfully
gosub finished
doing GOSUB
testing...
no interpolation path defined
executed snippet estimated_duration=34.0, duration=0.000224828720093
Fill Pipette 1
close () {'description': 'Outer Pipette 1'}
close name=--- desc=Outer Pipette 1
checking ownership. requestor=129.138.12.137
check software interlocks W
interlocks ['X']
actuate state mode=None-script, software_lock=False
doing actuation None-script close_channel True
Close W ===>> OK
GetIndicatorState W ===>> False
change switch state (True, True)
update switch state W False args=() kw={} ncanvase=3
09:51:25 -- CLOSE  VALVE-W (Outer Pipette 1)
-------------------------- close None (Outer Pipette 1) result=[(True, True)]
action=close, ok=True, locked=[False]
sleep (1,) {}
SLEEP 1.0
filling cocktail pipette
open () {'description': 'Inner Pipette 1'}
open name=--- desc=Inner Pipette 1
checking ownership. requestor=129.138.12.137
check software interlocks X
interlocks ['W']
actuate state mode=None-script, software_lock=False
doing actuation None-script open_channel True
Open X ===>> OK
GetIndicatorState X ===>> OK
change switch state (True, True)
update switch state X True args=() kw={} ncanvase=3
09:51:26 -- OPEN   VALVE-X (Inner Pipette 1)
-------------------------- open None (Inner Pipette 1) result=[(True, True)]
action=open, ok=True, locked=[False]
sleep (15,) {}
SLEEP 15.0
block started
WaitControl setup for 15.0  
Join finished
block finished. duration 15.0668799877
close () {'description': 'Inner Pipette 1'}
close name=--- desc=Inner Pipette 1
checking ownership. requestor=129.138.12.137
check software interlocks X
interlocks ['W']
actuate state mode=None-script, software_lock=False
doing actuation None-script close_channel True
Close X ===>> OK
GetIndicatorState X ===>> False
change switch state (True, True)
update switch state X False args=() kw={} ncanvase=3
09:51:42 -- CLOSE  VALVE-X (Inner Pipette 1)
-------------------------- close None (Inner Pipette 1) result=[(True, True)]
action=close, ok=True, locked=[False]
sleep (1,) {}
SLEEP 1.0
executed snippet estimated_duration=51.0, duration=18.2842810154
FillPipette1.py completed successfully
gosub finished
doing GOSUB
testing...
no interpolation path defined
executed snippet estimated_duration=2.0, duration=0.00012993812561
Prepare for air expansion
close () {'description': 'Bone to Turbo'}
close name=--- desc=Bone to Turbo
checking ownership. requestor=129.138.12.137
check software interlocks C
interlocks []
actuate state mode=None-script, software_lock=False
doing actuation None-script close_channel True
Close C ===>> OK
GetIndicatorState C ===>> False
change switch state (True, True)
update switch state C False args=() kw={} ncanvase=3
09:51:43 -- CLOSE  VALVE-C (Bone to Turbo)
-------------------------- close None (Bone to Turbo) result=[(True, True)]
action=close, ok=True, locked=[False]
sleep (1,) {}
SLEEP 1.0
open () {'description': 'Bone to Minibone'}
open name=--- desc=Bone to Minibone
checking ownership. requestor=129.138.12.137
check software interlocks E
interlocks []
actuate state mode=None-script, software_lock=False
doing actuation None-script open_channel False
Open E ===>> OK
GetIndicatorState E ===>> OK
change switch state (True, True)
update switch state E True args=() kw={} ncanvase=3
09:51:45 -- OPEN   VALVE-E (Bone to Minibone)
-------------------------- open None (Bone to Minibone) result=[(True, True)]
action=open, ok=True, locked=[False]
open () {'description': 'Minibone to Bone'}
open name=--- desc=Minibone to Bone
checking ownership. requestor=129.138.12.137
check software interlocks I
interlocks []
actuate state mode=None-script, software_lock=False
doing actuation None-script open_channel False
Open I ===>> OK
GetIndicatorState I ===>> OK
change switch state (True, True)
update switch state I True args=() kw={} ncanvase=3
09:51:45 -- OPEN   VALVE-I (Minibone to Bone)
-------------------------- open None (Minibone to Bone) result=[(True, True)]
action=open, ok=True, locked=[False]
executed snippet estimated_duration=3.0, duration=2.55639696121
PrepareForAirShotExpansion.py completed successfully
gosub finished
doing GOSUB
testing...
no interpolation path defined
executed snippet estimated_duration=34.0, duration=0.000148057937622
Expand Pipette 1
close () {'description': 'Minibone to Turbo'}
close name=--- desc=Minibone to Turbo
checking ownership. requestor=129.138.12.137
check software interlocks P
interlocks []
actuate state mode=None-script, software_lock=False
doing actuation None-script close_channel True
Close P ===>> OK
GetIndicatorState P ===>> False
change switch state (True, True)
update switch state P False args=() kw={} ncanvase=3
09:51:46 -- CLOSE  VALVE-P (Minibone to Turbo)
-------------------------- close None (Minibone to Turbo) result=[(True, True)]
action=close, ok=True, locked=[False]
sleep (2,) {}
SLEEP 2.0
block started
WaitControl setup for 2.0  
Join finished
block finished. duration 2.00826311111
open () {'description': 'Outer Pipette 1'}
open name=--- desc=Outer Pipette 1
checking ownership. requestor=129.138.12.137
check software interlocks W
interlocks ['X']
actuate state mode=None-script, software_lock=False
doing actuation None-script open_channel True
Open W ===>> OK
GetIndicatorState W ===>> OK
increment shot count 4237
saved current shot count 4237
change switch state (True, True)
update switch state W True args=() kw={} ncanvase=3
09:51:48 -- OPEN   VALVE-W (Outer Pipette 1)
-------------------------- open None (Outer Pipette 1) result=[(True, True)]
action=open, ok=True, locked=[False]
sleep (15,) {}
SLEEP 15.0
block started
WaitControl setup for 15.0  
Join finished
block finished. duration 15.036053896
executed snippet estimated_duration=51.0, duration=17.9201009274
ExpandPipette1.py completed successfully
gosub finished
close () {'description': 'Outer Pipette 1'}
close name=--- desc=Outer Pipette 1
checking ownership. requestor=129.138.12.137
check software interlocks W
interlocks ['X']
actuate state mode=None-script, software_lock=False
doing actuation None-script close_channel True
Close W ===>> OK
GetIndicatorState W ===>> False
change switch state (True, True)
update switch state W False args=() kw={} ncanvase=3
09:52:04 -- CLOSE  VALVE-W (Outer Pipette 1)
-------------------------- close None (Outer Pipette 1) result=[(True, True)]
action=close, ok=True, locked=[False]
sleep (1,) {}
SLEEP 1.0
Shot 2
doing GOSUB
testing...
no interpolation path defined
executed snippet estimated_duration=34.0, duration=0.000200986862183
Fill Pipette 1
close () {'description': 'Outer Pipette 1'}
close name=--- desc=Outer Pipette 1
checking ownership. requestor=129.138.12.137
check software interlocks W
interlocks ['X']
actuate state mode=None-script, software_lock=False
doing actuation None-script close_channel False
Close W ===>> OK
GetIndicatorState W ===>> False
change switch state (True, True)
update switch state W False args=() kw={} ncanvase=3
09:52:05 -- CLOSE  VALVE-W (Outer Pipette 1)
-------------------------- close None (Outer Pipette 1) result=[(True, True)]
action=close, ok=True, locked=[False]
sleep (1,) {}
SLEEP 1.0
filling cocktail pipette
open () {'description': 'Inner Pipette 1'}
open name=--- desc=Inner Pipette 1
checking ownership. requestor=129.138.12.137
check software interlocks X
interlocks ['W']
actuate state mode=None-script, software_lock=False
doing actuation None-script open_channel True
Open X ===>> OK
GetIndicatorState X ===>> OK
change switch state (True, True)
update switch state X True args=() kw={} ncanvase=3
09:52:07 -- OPEN   VALVE-X (Inner Pipette 1)
-------------------------- open None (Inner Pipette 1) result=[(True, True)]
action=open, ok=True, locked=[False]
sleep (15,) {}
SLEEP 15.0
block started
WaitControl setup for 15.0  
Join finished
block finished. duration 15.0535612106
close () {'description': 'Inner Pipette 1'}
close name=--- desc=Inner Pipette 1
checking ownership. requestor=129.138.12.137
check software interlocks X
interlocks ['W']
actuate state mode=None-script, software_lock=False
doing actuation None-script close_channel True
Close X ===>> OK
GetIndicatorState X ===>> False
change switch state (True, True)
update switch state X False args=() kw={} ncanvase=3
09:52:22 -- CLOSE  VALVE-X (Inner Pipette 1)
-------------------------- close None (Inner Pipette 1) result=[(True, True)]
action=close, ok=True, locked=[False]
sleep (1,) {}
SLEEP 1.0
executed snippet estimated_duration=51.0, duration=18.2187929153
FillPipette1.py completed successfully
gosub finished
doing GOSUB
testing...
no interpolation path defined
executed snippet estimated_duration=34.0, duration=0.000146865844727
Expand Pipette 1
close () {'description': 'Minibone to Turbo'}
close name=--- desc=Minibone to Turbo
checking ownership. requestor=129.138.12.137
check software interlocks P
interlocks []
actuate state mode=None-script, software_lock=False
doing actuation None-script close_channel False
Close P ===>> OK
GetIndicatorState P ===>> False
change switch state (True, True)
update switch state P False args=() kw={} ncanvase=3
09:52:23 -- CLOSE  VALVE-P (Minibone to Turbo)
-------------------------- close None (Minibone to Turbo) result=[(True, True)]
action=close, ok=True, locked=[False]
sleep (2,) {}
SLEEP 2.0
block started
WaitControl setup for 2.0  
Join finished
block finished. duration 2.01577997208
open () {'description': 'Outer Pipette 1'}
open name=--- desc=Outer Pipette 1
checking ownership. requestor=129.138.12.137
check software interlocks W
interlocks ['X']
actuate state mode=None-script, software_lock=False
doing actuation None-script open_channel True
Open W ===>> OK
GetIndicatorState W ===>> OK
increment shot count 4238
saved current shot count 4238
change switch state (True, True)
update switch state W True args=() kw={} ncanvase=3
09:52:26 -- OPEN   VALVE-W (Outer Pipette 1)
-------------------------- open None (Outer Pipette 1) result=[(True, True)]
action=open, ok=True, locked=[False]
sleep (15,) {}
SLEEP 15.0
block started
WaitControl setup for 15.0  
Join finished
block finished. duration 15.0448489189
executed snippet estimated_duration=51.0, duration=17.9675209522
ExpandPipette1.py completed successfully
gosub finished
close () {'description': 'Outer Pipette 1'}
close name=--- desc=Outer Pipette 1
checking ownership. requestor=129.138.12.137
check software interlocks W
interlocks ['X']
actuate state mode=None-script, software_lock=False
doing actuation None-script close_channel True
Close W ===>> OK
GetIndicatorState W ===>> False
change switch state (True, True)
update switch state W False args=() kw={} ncanvase=3
09:52:41 -- CLOSE  VALVE-W (Outer Pipette 1)
-------------------------- close None (Outer Pipette 1) result=[(True, True)]
action=close, ok=True, locked=[False]
sleep (1,) {}
SLEEP 1.0
Shot 3
doing GOSUB
testing...
no interpolation path defined
executed snippet estimated_duration=34.0, duration=0.000180006027222
Fill Pipette 1
close () {'description': 'Outer Pipette 1'}
close name=--- desc=Outer Pipette 1
checking ownership. requestor=129.138.12.137
check software interlocks W
interlocks ['X']
actuate state mode=None-script, software_lock=False
doing actuation None-script close_channel False
Close W ===>> OK
GetIndicatorState W ===>> False
change switch state (True, True)
update switch state W False args=() kw={} ncanvase=3
09:52:43 -- CLOSE  VALVE-W (Outer Pipette 1)
-------------------------- close None (Outer Pipette 1) result=[(True, True)]
action=close, ok=True, locked=[False]
sleep (1,) {}
SLEEP 1.0
filling cocktail pipette
open () {'description': 'Inner Pipette 1'}
open name=--- desc=Inner Pipette 1
checking ownership. requestor=129.138.12.137
check software interlocks X
interlocks ['W']
actuate state mode=None-script, software_lock=False
doing actuation None-script open_channel True
Open X ===>> OK
GetIndicatorState X ===>> OK
change switch state (True, True)
update switch state X True args=() kw={} ncanvase=3
09:52:44 -- OPEN   VALVE-X (Inner Pipette 1)
-------------------------- open None (Inner Pipette 1) result=[(True, True)]
action=open, ok=True, locked=[False]
sleep (15,) {}
SLEEP 15.0
block started
WaitControl setup for 15.0  
Join finished
block finished. duration 15.0380420685
close () {'description': 'Inner Pipette 1'}
close name=--- desc=Inner Pipette 1
checking ownership. requestor=129.138.12.137
check software interlocks X
interlocks ['W']
actuate state mode=None-script, software_lock=False
doing actuation None-script close_channel True
Close X ===>> OK
GetIndicatorState X ===>> False
change switch state (True, True)
update switch state X False args=() kw={} ncanvase=3
09:53:00 -- CLOSE  VALVE-X (Inner Pipette 1)
-------------------------- close None (Inner Pipette 1) result=[(True, True)]
action=close, ok=True, locked=[False]
sleep (1,) {}
SLEEP 1.0
executed snippet estimated_duration=51.0, duration=18.2365958691
FillPipette1.py completed successfully
gosub finished
doing GOSUB
testing...
no interpolation path defined
executed snippet estimated_duration=34.0, duration=0.000152111053467
Expand Pipette 1
close () {'description': 'Minibone to Turbo'}
close name=--- desc=Minibone to Turbo
checking ownership. requestor=129.138.12.137
check software interlocks P
interlocks []
actuate state mode=None-script, software_lock=False
doing actuation None-script close_channel False
Close P ===>> OK
GetIndicatorState P ===>> False
change switch state (True, True)
update switch state P False args=() kw={} ncanvase=3
09:53:01 -- CLOSE  VALVE-P (Minibone to Turbo)
-------------------------- close None (Minibone to Turbo) result=[(True, True)]
action=close, ok=True, locked=[False]
sleep (2,) {}
SLEEP 2.0
block started
WaitControl setup for 2.0  
Join finished
block finished. duration 2.01483798027
open () {'description': 'Outer Pipette 1'}
open name=--- desc=Outer Pipette 1
checking ownership. requestor=129.138.12.137
check software interlocks W
interlocks ['X']
actuate state mode=None-script, software_lock=False
doing actuation None-script open_channel True
Open W ===>> OK
GetIndicatorState W ===>> OK
increment shot count 4239
saved current shot count 4239
change switch state (True, True)
update switch state W True args=() kw={} ncanvase=3
09:53:04 -- OPEN   VALVE-W (Outer Pipette 1)
-------------------------- open None (Outer Pipette 1) result=[(True, True)]
action=open, ok=True, locked=[False]
sleep (15,) {}
SLEEP 15.0
block started
WaitControl setup for 15.0  
set states for children of O. state=True
handle state [('O', True)]
update switch state O True args=() kw={'refresh': False} ncanvase=3
refresh_canvas_needed fired
Join finished
block finished. duration 15.0343840122
executed snippet estimated_duration=51.0, duration=17.930300951
ExpandPipette1.py completed successfully
gosub finished
close () {'description': 'Outer Pipette 1'}
close name=--- desc=Outer Pipette 1
checking ownership. requestor=129.138.12.137
check software interlocks W
interlocks ['X']
actuate state mode=None-script, software_lock=False
doing actuation None-script close_channel True
Close W ===>> OK
GetIndicatorState W ===>> False
change switch state (True, True)
update switch state W False args=() kw={} ncanvase=3
09:53:19 -- CLOSE  VALVE-W (Outer Pipette 1)
-------------------------- close None (Outer Pipette 1) result=[(True, True)]
action=close, ok=True, locked=[False]
sleep (1,) {}
SLEEP 1.0
executed snippet estimated_duration=247.0, duration=137.691524982
felix_cocktail_x3.py completed successfully
GetAchievedOutput ===>> No Response
Requested Output= 0.000
Achieved Output=  0.000
GetResponseBlob ===>> [128][11][179]N[00][00][00][00]`J[207]=[00][00][250]Dd[236][06]@[00][00][250]D[28]r[131]@[00][00]...
GetOutputBlob ===>> [128][11][179]N[00][00][00][00]`J[207]=[169][176][229]Ad[236][06]@[00][00][00][00][28]r[131]@[00]...
persistence save...
persistence save - db
AutomatedRunPersister post_extraction_save deprecated
persistence save - dvc
no extraction position for 
not connected to db mysql://felixexp@129.138.12.160/labspy
Enviromentals: {'lab_humiditys': [{'device': 'EnvironmentalMonitor',
                    'name': 'Lab Hum.',
                    'pub_date': '2017-08-07T09:50:14',
                    'title': 'iServer Hum.',
                    'value': 54.0}],
 'lab_pneumatics': [{'device': 'AirPressure',
                     'name': 'Pressure',
                     'pub_date': '2017-08-07T09:53:12',
                     'title': None,
                     'value': 96.9},
                    {'device': 'AirPressure2',
                     'name': 'Pressure2',
                     'pub_date': '2017-08-07T09:53:19',
                     'title': None,
                     'value': 100.34596}],
 'lab_temperatures': [{'device': 'Coldfinger',
                       'name': 'ColdFinger Temp.',
                       'pub_date': '2017-08-06T17:24:52',
                       'title': None,
                       'value': -194.0},
                      {'device': 'EnvironmentalMonitor',
                       'name': 'Lab Temp.',
                       'pub_date': '2017-08-07T09:09:47',
                       'title': 'iServer Temp.',
                       'value': 74.6},
                      {'device': 'Chiller',
                       'name': 'Coolant Temp.',
                       'pub_date': '2017-08-07T09:48:44',
                       'title': None,
                       'value': 18.0}]}
Extraction Finished
09:53:23 -- ******* Extraction Finished *******
no overlap. not waiting for min ms pumptime
09:53:23 -- Sending spectrometer configuration
======== Sending configuration ========
SetZFocus 1.65 ===>> OK
SetHV 9900.0 ===>> OK
SetZSymmetry 3.35 ===>> OK
SetExtractionLens 63.57 ===>> OK
SetIonRepeller -5.15 ===>> OK
SetElectronEnergy 125.02 ===>> OK
SetYSymmetry 38.07 ===>> OK
send trap current 250.0
GetParameter Trap Current Readback ===>> 248.606848562534
SetParameter Trap Current Set,250.0 ===>> OK
updating mftable name argon
Using mftable located at /Users/obama/PychronDev/setupfiles/spectrometer/mftables/argon.csv
============ MFtable ===========
Isotope  H2     H1     AX     L1     L2     L2(CDD)
Ar40     3.7657 3.8408 3.9189 4.0004 4.1082 4.0938
Ar39     3.6913 3.7657 3.8420 3.9249 4.0275 4.0127
Ar36     3.4649 3.4173 3.6065 3.6823 3.7911 3.7657
================================
get initial guess parabolic
get initial guess parabolic
get initial guess parabolic
get initial guess parabolic
get initial guess parabolic
get initial guess parabolic
======== Configuration Finished ========
GetYSymmetry ===>> 38.07
GetZSymmetry ===>> 3.35
GetParameter Trap Current Readback ===>> 247.935542940853
GetHighVoltage ===>> 9900
start measurement
do measurement
L#=c-02-F analysis type=cocktail
Measurement Started felix_analysis400_120.py
09:53:23 -- ******* Measurement Started felix_analysis400_120.py *******
state changed from extraction to measurement
setting trap, emission, spec, defl, and gains
GetExtractionLens ===>> 63.57
GetYSymmetry ===>> 38.07
GetZSymmetry ===>> 3.35
GetZFocus ===>> 1.65
GetDeflection H2 (CDD) ===>> 3250
GetDeflection H1 (CDD) ===>> 3250
GetDeflection AX (CDD) ===>> 3250
GetDeflection L1 (CDD) ===>> 3250
GetDeflection L2 (CDD) ===>> 0
GetGain H2 ===>> 0.9809305
GetGain H1 ===>> 0.9706
GetGain AX ===>> 0.96269
GetGain L1 ===>> 0.970094835296087
GetGain L2 ===>> 0.967359864778375
GetGain H2(CDD) ===>> 0
GetGain H1(CDD) ===>> 0
GetGain AX(CDD) ===>> 0
GetGain L1(CDD) ===>> 0
GetGain L2(CDD) ===>> 0
GetParameter Trap Current Readback ===>> 247.935542940853
GetParameter Source Current Readback ===>> 889.021790880791
pre measurement save
New frame /Users/obama/PychronDev/data/isotopes/e5/6d5554-970a-4125-99aa-e32864351277.h5
flush and close file /Users/obama/PychronDev/data/isotopes/e5/6d5554-970a-4125-99aa-e32864351277.h5
testing...
no interpolation path defined
executed snippet estimated_duration=590.4304, duration=0.000195980072021
unknown measurement script
activate_detectors ('H2', 'H1', 'AX', 'L1', 'L2(CDD)') {}
activate detectors
*************** Set Analysis View Ar/Ar
create graphs
clearing graphs
clear isotope group
setting isotope det=H2, iso=Ar40
setting isotope det=H1, iso=Ar39
setting isotope det=AX, iso=Ar38
setting isotope det=L1, iso=Ar37
setting isotope det=L2(CDD), iso=Ar36
setting previous blanks
 - setting Ar40 blank 2.803+/-0.019
 - setting Ar36 blank 0.01190+/-0.00024
 - setting Ar37 blank 0.011+/-0.012
 - setting Ar38 blank 0.024+/-0.014
 - setting Ar39 blank 0.013+/-0.024
load analysis view
position_magnet ('Ar40',) {'detector': 'H2'}
detector Detector(H2)
POSITION Ar40 H2
setting detector H2 to Ar40 (39.9624)
setting detector H1 to Ar39 (38.8624)
setting detector AX to Ar38 (37.9624)
setting detector L1 to Ar37 (36.9624)
setting detector L2 to Ar36 (35.8624)
setting detector H2(CDD) to Ar40 (39.8624)
setting detector H1(CDD) to Ar39 (38.8624)
setting detector AX(CDD) to Ar38 (37.8624)
setting detector L1(CDD) to Ar37 (36.8624)
setting detector L2(CDD) to Ar36 (35.9624)
Mapping mass to dac mass func: "parabolic"
H2 map mass coeffs = [ -2.56720193e-04   9.47812314e-02   3.87954975e-01]
H2 map mass to dac 39.9624 >> 3.76566
GetHighVoltage ===>> 9900
positioning Ar40 (3.76566) on H2
setting magnet DAC
current  : 3.765656
requested: 3.765660
Delta Dac: 0.000004
Checking detector protection. dv=0.00000
SetMagnetDAC 3.76566 ===>> OK
Magnet settling time: 0.500 0.500
Magnet settling complete
set_dac. change=True
update labels <pychron.experiment.plot_panel.PlotPanel object at 0x1a4342d10>
update labels "<pychron.graph.stacked_regression_graph.StackedRegressionGraph object at 0x191311f50>"
setting label 0 H2 Ar40
setting label 1 H1 Ar39
setting label 2 AX Ar38
setting label 3 L1 Ar37
setting label 4 L2(CDD) Ar36
update labels "<pychron.graph.stacked_graph.StackedGraph object at 0x1a4342cb0>"
setting label 0 H2 Ar40
setting label 1 H1 Ar39
setting label 2 AX Ar38
setting label 3 L1 Ar37
setting label 4 L2(CDD) Ar36
equilibrate () {'delay': 3, 'inlet': 'H', 'outlet': 'V', 'eqtime': 30.0}
Equilibration Started
09:53:24 -- ******* Equilibration Started *******
checking ownership. requestor=129.138.12.137
check software interlocks V
interlocks []
actuate state mode=None-script, software_lock=False
doing actuation None-script close_channel True
Close V ===>> OK
GetIndicatorState V ===>> False
change switch state (True, True)
update switch state V False args=() kw={} ncanvase=3
09:53:24 -- CLOSE  VALVE-V (Felix Ion Pump)
waiting 3s before opening inlet value ('H',)
checking ownership. requestor=129.138.12.137
check software interlocks H
interlocks []
actuate state mode=None-script, software_lock=False
doing actuation None-script open_channel True
Open H ===>> OK
set states for children of H. state=True
handle state [('H', True)]
update switch state H True args=() kw={'refresh': False} ncanvase=3
refresh_canvas_needed fired
GetIndicatorState H ===>> OK
change switch state (True, True)
update switch state H True args=() kw={} ncanvase=3
09:53:27 -- OPEN   VALVE-H (Felix Inlet)
equilibrating for 30.0sec
set_time_zero () {}
sniff (30.0,) {}
py_sniff
build tables- sniff [Detector(H2), Detector(H1), Detector(AX), Detector(L1), Detector(L2(CDD))]
add group /sniff/Ar40 (Group) u'' table H2
add group /sniff/Ar39 (Group) u'' table H1
add group /sniff/Ar38 (Group) u'' table AX
add group /sniff/Ar37 (Group) u'' table L1
add group /sniff/Ar36 (Group) u'' table L2(CDD)
flush and close file /Users/obama/PychronDev/data/isotopes/e5/6d5554-970a-4125-99aa-e32864351277.h5
measuring sniff. ncounts=30.0
"sniff" increment series count="1" fit count="0" regressing="False"
starting measurement
09:53:53 -- collecting point 25
Equilibration Finished
09:53:58 -- ******* Equilibration Finished *******
checking ownership. requestor=129.138.12.137
check software interlocks H
interlocks []
actuate state mode=None-script, software_lock=False
doing actuation None-script close_channel True
Close H ===>> OK
GetIndicatorState H ===>> False
change switch state (True, True)
update switch state H False args=() kw={} ncanvase=3
09:53:58 -- CLOSE  VALVE-H (Felix Inlet)
Post Equilibration Started felix_pump_extraction_line.py
09:53:58 -- ******* Post Equilibration Started felix_pump_extraction_line.py *******
testing...
no interpolation path defined
calculate duration
testing...
no interpolation path defined
executed snippet estimated_duration=4.0, duration=0.000300168991089
executed snippet estimated_duration=4.0, duration=0.00225186347961
Pump after analysis
doing GOSUB
testing...
no interpolation path defined
executed snippet estimated_duration=4.0, duration=0.000286102294922
Pump Bone
close () {'description': 'Felix Inlet'}
close name=--- desc=Felix Inlet
checking ownership. requestor=129.138.12.137
check software interlocks H
interlocks []
actuate state mode=None-script, software_lock=False
doing actuation None-script close_channel False
Close H ===>> OK
GetIndicatorState H ===>> False
change switch state (True, True)
update switch state H False args=() kw={} ncanvase=3
09:53:58 -- CLOSE  VALVE-H (Felix Inlet)
-------------------------- close None (Felix Inlet) result=[(True, True)]
action=close, ok=True, locked=[False]
is_closed ('A',) {}
is A () closed?
is closed False
close () {'description': 'CO2 Laser to Bone'}
close name=--- desc=CO2 Laser to Bone
checking ownership. requestor=129.138.12.137
check software interlocks F
interlocks []
actuate state mode=None-script, software_lock=True
VALVE-F(CO2 Laser to Bone) software locked
change switch state (True, False)
-------------------------- close None (CO2 Laser to Bone) result=[(True, False)]
action=close, ok=True, locked=[True]
sleep (1,) {}
SLEEP 1.0
close () {'description': 'CO2 Laser to Roughing'}
close name=--- desc=CO2 Laser to Roughing
checking ownership. requestor=129.138.12.137
check software interlocks G
interlocks []
actuate state mode=None-script, software_lock=True
VALVE-G(CO2 Laser to Roughing) software locked
change switch state (True, False)
-------------------------- close None (CO2 Laser to Roughing) result=[(True, False)]
action=close, ok=True, locked=[True]
open () {'description': 'Bone to Turbo'}
open name=--- desc=Bone to Turbo
checking ownership. requestor=129.138.12.137
check software interlocks C
interlocks []
actuate state mode=None-script, software_lock=False
doing actuation None-script open_channel True
Open C ===>> OK
GetIndicatorState C ===>> OK
change switch state (True, True)
update switch state C True args=() kw={} ncanvase=3
09:53:59 -- OPEN   VALVE-C (Bone to Turbo)
-------------------------- open None (Bone to Turbo) result=[(True, True)]
waiting for write to finish
measurement finished
estimated time: 31.457 actual time: :31.630
flush and close file /Users/obama/PychronDev/data/isotopes/e5/6d5554-970a-4125-99aa-e32864351277.h5
set_fits () {}
using default fits file=/Users/obama/PychronDev/scripts/measurement/fits/nominal.yaml
set "Ar40" to "('Parabolic', 'SEM')"
set "Ar36" to "('Parabolic', 'SEM')"
set "Ar37" to "('linear', 'SEM')"
set "Ar38" to "('linear', 'SEM')"
set "Ar39" to "('Parabolic', 'SEM')"
set_baseline_fits () {}
using default fits file=/Users/obama/PychronDev/scripts/measurement/fits/nominal.yaml
action=open, ok=True, locked=[False]
open () {'description': 'Bone to Getter GP-50'}
set "H2" to "('average', 'SEM')"
open name=--- desc=Bone to Getter GP-50
set "L2(CDD)" to "('average', 'SEM')"
set "L1" to "('average', 'SEM')"
set "AX" to "('average', 'SEM')"
set "H1" to "('average', 'SEM')"
checking ownership. requestor=129.138.12.137
multicollect () {'integration_time': 1.048576, 'ncounts': 400}
check software interlocks N
build tables- signal [Detector(H2), Detector(H1), Detector(AX), Detector(L1), Detector(L2(CDD))]
interlocks []
actuate state mode=None-script, software_lock=False
add group /signal/Ar40 (Group) u'' table H2
doing actuation None-script open_channel False
add group /signal/Ar39 (Group) u'' table H1
add group /signal/Ar38 (Group) u'' table AX
add group /signal/Ar37 (Group) u'' table L1
add group /signal/Ar36 (Group) u'' table L2(CDD)
flush and close file /Users/obama/PychronDev/data/isotopes/e5/6d5554-970a-4125-99aa-e32864351277.h5
measuring signal. ncounts=400
Open N ===>> OK
GetIndicatorState N ===>> OK
change switch state (True, True)
update switch state N True args=() kw={} ncanvase=3
09:54:00 -- OPEN   VALVE-N (Bone to Getter GP-50)
-------------------------- open None (Bone to Getter GP-50) result=[(True, True)]
"signal" increment series count="2" fit count="1" regressing="True"
action=open, ok=True, locked=[False]
open () {'description': 'Bone to Diode Laser'}
open name=--- desc=Bone to Diode Laser
checking ownership. requestor=129.138.12.137
check software interlocks B
interlocks []
actuate state mode=None-script, software_lock=False
doing actuation None-script open_channel True
Open B ===>> OK
GetIndicatorState B ===>> OK
change switch state (True, True)
update switch state B True args=() kw={} ncanvase=3
09:54:00 -- OPEN   VALVE-B (Bone to Diode Laser)
-------------------------- open None (Bone to Diode Laser) result=[(True, True)]
starting measurement
action=open, ok=True, locked=[False]
open () {'description': 'Bone to CO2 Laser'}
open name=--- desc=Bone to CO2 Laser
checking ownership. requestor=129.138.12.137
check software interlocks D
interlocks []
actuate state mode=None-script, software_lock=False
doing actuation None-script open_channel True
Open D ===>> OK
GetIndicatorState D ===>> OK
change switch state (True, True)
update switch state D True args=() kw={} ncanvase=3
09:54:01 -- OPEN   VALVE-D (Bone to CO2 Laser)
-------------------------- open None (Bone to CO2 Laser) result=[(True, True)]
action=open, ok=True, locked=[False]
sleep (1,) {}
SLEEP 1.0
set_resource () {'name': 'CO2PumpTimeFlag', 'value': 30}
Set CO2PumpTimeFlag 30 ===>> OK
release ('FelixCO2Flag',) {}
release FelixCO2Flag
Set FelixCO2Flag 0 ===>> OK
executed snippet estimated_duration=6.0, duration=4.22279310226
PumpBone.py completed successfully
gosub finished
get_resource_value () {'name': 'FelixMiniboneFlag'}
Read FelixMiniboneFlag ===>> 1
Get Resource Value FelixMiniboneFlag=1.0
doing GOSUB
testing...
no interpolation path defined
executed snippet estimated_duration=0, duration=3.40938568115e-05
get_resource_value () {'name': 'FelixMiniboneFlag'}
Read FelixMiniboneFlag ===>> 1
Get Resource Value FelixMiniboneFlag=1.0
Pump minibone
open () {'description': 'Bone to Minibone'}
open name=--- desc=Bone to Minibone
checking ownership. requestor=129.138.12.137
check software interlocks E
interlocks []
actuate state mode=None-script, software_lock=False
doing actuation None-script open_channel False
Open E ===>> OK
GetIndicatorState E ===>> OK
change switch state (True, True)
update switch state E True args=() kw={} ncanvase=3
09:54:02 -- OPEN   VALVE-E (Bone to Minibone)
-------------------------- open None (Bone to Minibone) result=[(True, True)]
action=open, ok=True, locked=[False]
open () {'description': 'Minibone to Turbo'}
open name=--- desc=Minibone to Turbo
checking ownership. requestor=129.138.12.137
check software interlocks P
interlocks []
actuate state mode=None-script, software_lock=False
doing actuation None-script open_channel True
Open P ===>> OK
GetIndicatorState P ===>> OK
change switch state (True, True)
update switch state P True args=() kw={} ncanvase=3
09:54:03 -- OPEN   VALVE-P (Minibone to Turbo)
-------------------------- open None (Minibone to Turbo) result=[(True, True)]
action=open, ok=True, locked=[False]
open () {'description': 'Quad Inlet'}
open name=--- desc=Quad Inlet
checking ownership. requestor=129.138.12.137
check software interlocks Q
interlocks []
actuate state mode=None-script, software_lock=False
doing actuation None-script open_channel True
Open Q ===>> OK
GetIndicatorState Q ===>> OK
change switch state (True, True)
update switch state Q True args=() kw={} ncanvase=3
09:54:03 -- OPEN   VALVE-Q (Quad Inlet)
-------------------------- open None (Quad Inlet) result=[(True, True)]
action=open, ok=True, locked=[False]
close () {'description': 'Minibone to Bone'}
close name=--- desc=Minibone to Bone
checking ownership. requestor=129.138.12.137
check software interlocks I
interlocks []
actuate state mode=None-script, software_lock=False
doing actuation None-script close_channel True
Close I ===>> OK
set states for children of I. state=False
handle state [('I', False)]
update switch state I False args=() kw={'refresh': False} ncanvase=3
GetIndicatorState I ===>> False
change switch state (True, True)
update switch state I False args=() kw={} ncanvase=3
refresh_canvas_needed fired
09:54:04 -- CLOSE  VALVE-I (Minibone to Bone)
-------------------------- close None (Minibone to Bone) result=[(True, True)]
action=close, ok=True, locked=[False]
set_resource () {'name': 'MinibonePumpTimeFlag', 'value': 30}
Set MinibonePumpTimeFlag 30 ===>> OK
release ('FelixMiniboneFlag',) {}
release FelixMiniboneFlag
Set FelixMiniboneFlag 0 ===>> OK
executed snippet estimated_duration=0, duration=2.13908100128
PumpMinibone.py completed successfully
gosub finished
executed snippet estimated_duration=4.0, duration=6.37420797348
felix_pump_extraction_line.py completed successfully
Post Equilibration Finished
09:54:04 -- ******* Post Equilibration Finished *******
GetDeflection L2 (CDD) ===>> 0
testing L2_CDD_==3250
evaluate ot="L2(CDD).deflection==3250" t="L2_CDD_==3250", ctx="{'L2_CDD_': 0.0}"
GetDeflection L2 (CDD) ===>> 0
testing L2_CDD_==3250
evaluate ot="L2(CDD).deflection==3250" t="L2_CDD_==3250", ctx="{'L2_CDD_': 0.0}"
09:54:26 -- collecting point 25
GetDeflection L2 (CDD) ===>> 0
testing L2_CDD_==3250
evaluate ot="L2(CDD).deflection==3250" t="L2_CDD_==3250", ctx="{'L2_CDD_': 0.0}"
set states for children of E. state=False
handle state [('E', False)]
update switch state E False args=() kw={'refresh': False} ncanvase=3
refresh_canvas_needed fired
set states for children of Q. state=False
set states for children of P. state=False
handle state [('Q', False), ('P', False)]
update switch state Q False args=() kw={'refresh': True} ncanvase=3
update switch state P False args=() kw={'refresh': False} ncanvase=3
refresh_canvas_needed fired
set states for children of L. state=True
set states for children of T. state=False
handle state [('L', True), ('T', False)]
update switch state L True args=() kw={'refresh': True} ncanvase=3
update switch state T False args=() kw={'refresh': False} ncanvase=3
refresh_canvas_needed fired
State checksums do not match. Local:1962316954 Remote:342768816
State checksum failed
set states for children of W. state=True
handle state [('W', True)]
update switch state W True args=() kw={'refresh': False} ncanvase=3
refresh_canvas_needed fired
GetDeflection L2 (CDD) ===>> 0
testing L2_CDD_==3250
evaluate ot="L2(CDD).deflection==3250" t="L2_CDD_==3250", ctx="{'L2_CDD_': 0.0}"
09:54:52 -- collecting point 50
GetDeflection L2 (CDD) ===>> 0
testing L2_CDD_==3250
evaluate ot="L2(CDD).deflection==3250" t="L2_CDD_==3250", ctx="{'L2_CDD_': 0.0}"
set states for children of W. state=False
set states for children of X. state=True
handle state [('W', False), ('X', True)]
update switch state W False args=() kw={'refresh': True} ncanvase=3
update switch state X True args=() kw={'refresh': False} ncanvase=3
refresh_canvas_needed fired
GetDeflection L2 (CDD) ===>> 0
testing L2_CDD_==3250
evaluate ot="L2(CDD).deflection==3250" t="L2_CDD_==3250", ctx="{'L2_CDD_': 0.0}"
set states for children of X. state=False
handle state [('X', False)]
update switch state X False args=() kw={'refresh': False} ncanvase=3
refresh_canvas_needed fired
GetDeflection L2 (CDD) ===>> 0
testing L2_CDD_==3250
evaluate ot="L2(CDD).deflection==3250" t="L2_CDD_==3250", ctx="{'L2_CDD_': 0.0}"
09:55:18 -- collecting point 75
set states for children of U. state=False
handle state [('U', False)]
update switch state U False args=() kw={'refresh': False} ncanvase=3
refresh_canvas_needed fired
set states for children of W. state=True
handle state [('W', True)]
update switch state W True args=() kw={'refresh': False} ncanvase=3
refresh_canvas_needed fired
GetDeflection L2 (CDD) ===>> 0
testing L2_CDD_==3250
evaluate ot="L2(CDD).deflection==3250" t="L2_CDD_==3250", ctx="{'L2_CDD_': 0.0}"
GetDeflection L2 (CDD) ===>> 0
testing L2_CDD_==3250
evaluate ot="L2(CDD).deflection==3250" t="L2_CDD_==3250", ctx="{'L2_CDD_': 0.0}"
09:55:44 -- collecting point 100
set states for children of O. state=False
handle state [('O', False)]
update switch state O False args=() kw={'refresh': False} ncanvase=3
refresh_canvas_needed fired
GetDeflection L2 (CDD) ===>> 0
testing L2_CDD_==3250
evaluate ot="L2(CDD).deflection==3250" t="L2_CDD_==3250", ctx="{'L2_CDD_': 0.0}"
set states for children of R. state=True
handle state [('R', True)]
update switch state R True args=() kw={'refresh': False} ncanvase=3
refresh_canvas_needed fired
GetDeflection L2 (CDD) ===>> 0
testing L2_CDD_==3250
evaluate ot="L2(CDD).deflection==3250" t="L2_CDD_==3250", ctx="{'L2_CDD_': 0.0}"
set states for children of R. state=False
handle state [('R', False)]
update switch state R False args=() kw={'refresh': False} ncanvase=3
refresh_canvas_needed fired
set states for children of U. state=True
set states for children of T. state=True
handle state [('U', True), ('T', True)]
update switch state U True args=() kw={'refresh': True} ncanvase=3
update switch state T True args=() kw={'refresh': False} ncanvase=3
refresh_canvas_needed fired
GetDeflection L2 (CDD) ===>> 0
testing L2_CDD_==3250
evaluate ot="L2(CDD).deflection==3250" t="L2_CDD_==3250", ctx="{'L2_CDD_': 0.0}"
09:56:11 -- collecting point 125
set states for children of I. state=True
set states for children of L. state=False
handle state [('I', True), ('L', False)]
update switch state I True args=() kw={'refresh': True} ncanvase=3
update switch state L False args=() kw={'refresh': False} ncanvase=3
refresh_canvas_needed fired
set states for children of Q. state=True
set states for children of P. state=True
handle state [('Q', True), ('P', True)]
update switch state Q True args=() kw={'refresh': True} ncanvase=3
update switch state P True args=() kw={'refresh': False} ncanvase=3
refresh_canvas_needed fired
GetDeflection L2 (CDD) ===>> 0
testing L2_CDD_==3250
evaluate ot="L2(CDD).deflection==3250" t="L2_CDD_==3250", ctx="{'L2_CDD_': 0.0}"
set states for children of W. state=False
handle state [('W', False)]
update switch state W False args=() kw={'refresh': False} ncanvase=3
refresh_canvas_needed fired
GetDeflection L2 (CDD) ===>> 0
testing L2_CDD_==3250
evaluate ot="L2(CDD).deflection==3250" t="L2_CDD_==3250", ctx="{'L2_CDD_': 0.0}"
09:56:37 -- collecting point 150
GetDeflection L2 (CDD) ===>> 0
testing L2_CDD_==3250
evaluate ot="L2(CDD).deflection==3250" t="L2_CDD_==3250", ctx="{'L2_CDD_': 0.0}"
GetDeflection L2 (CDD) ===>> 0
testing L2_CDD_==3250
evaluate ot="L2(CDD).deflection==3250" t="L2_CDD_==3250", ctx="{'L2_CDD_': 0.0}"
GetDeflection L2 (CDD) ===>> 0
testing L2_CDD_==3250
evaluate ot="L2(CDD).deflection==3250" t="L2_CDD_==3250", ctx="{'L2_CDD_': 0.0}"
09:57:03 -- collecting point 175
GetDeflection L2 (CDD) ===>> 0
testing L2_CDD_==3250
evaluate ot="L2(CDD).deflection==3250" t="L2_CDD_==3250", ctx="{'L2_CDD_': 0.0}"
GetDeflection L2 (CDD) ===>> 0
testing L2_CDD_==3250
evaluate ot="L2(CDD).deflection==3250" t="L2_CDD_==3250", ctx="{'L2_CDD_': 0.0}"
09:57:29 -- collecting point 200
GetDeflection L2 (CDD) ===>> 0
testing L2_CDD_==3250
evaluate ot="L2(CDD).deflection==3250" t="L2_CDD_==3250", ctx="{'L2_CDD_': 0.0}"
GetDeflection L2 (CDD) ===>> 0
testing L2_CDD_==3250
evaluate ot="L2(CDD).deflection==3250" t="L2_CDD_==3250", ctx="{'L2_CDD_': 0.0}"
GetDeflection L2 (CDD) ===>> 0
testing L2_CDD_==3250
evaluate ot="L2(CDD).deflection==3250" t="L2_CDD_==3250", ctx="{'L2_CDD_': 0.0}"
09:57:56 -- collecting point 225
GetDeflection L2 (CDD) ===>> 0
testing L2_CDD_==3250
evaluate ot="L2(CDD).deflection==3250" t="L2_CDD_==3250", ctx="{'L2_CDD_': 0.0}"
GetDeflection L2 (CDD) ===>> 0
testing L2_CDD_==3250
evaluate ot="L2(CDD).deflection==3250" t="L2_CDD_==3250", ctx="{'L2_CDD_': 0.0}"
09:58:22 -- collecting point 250
GetDeflection L2 (CDD) ===>> 0
testing L2_CDD_==3250
evaluate ot="L2(CDD).deflection==3250" t="L2_CDD_==3250", ctx="{'L2_CDD_': 0.0}"
GetDeflection L2 (CDD) ===>> 0
testing L2_CDD_==3250
evaluate ot="L2(CDD).deflection==3250" t="L2_CDD_==3250", ctx="{'L2_CDD_': 0.0}"
GetDeflection L2 (CDD) ===>> 0
testing L2_CDD_==3250
evaluate ot="L2(CDD).deflection==3250" t="L2_CDD_==3250", ctx="{'L2_CDD_': 0.0}"
09:58:48 -- collecting point 275
GetDeflection L2 (CDD) ===>> 0
testing L2_CDD_==3250
evaluate ot="L2(CDD).deflection==3250" t="L2_CDD_==3250", ctx="{'L2_CDD_': 0.0}"
GetDeflection L2 (CDD) ===>> 0
testing L2_CDD_==3250
evaluate ot="L2(CDD).deflection==3250" t="L2_CDD_==3250", ctx="{'L2_CDD_': 0.0}"
09:59:15 -- collecting point 300
GetDeflection L2 (CDD) ===>> 0
testing L2_CDD_==3250
evaluate ot="L2(CDD).deflection==3250" t="L2_CDD_==3250", ctx="{'L2_CDD_': 0.0}"
GetDeflection L2 (CDD) ===>> 0
testing L2_CDD_==3250
evaluate ot="L2(CDD).deflection==3250" t="L2_CDD_==3250", ctx="{'L2_CDD_': 0.0}"
GetDeflection L2 (CDD) ===>> 0
testing L2_CDD_==3250
evaluate ot="L2(CDD).deflection==3250" t="L2_CDD_==3250", ctx="{'L2_CDD_': 0.0}"
09:59:41 -- collecting point 325
GetDeflection L2 (CDD) ===>> 0
testing L2_CDD_==3250
evaluate ot="L2(CDD).deflection==3250" t="L2_CDD_==3250", ctx="{'L2_CDD_': 0.0}"
GetDeflection L2 (CDD) ===>> 0
testing L2_CDD_==3250
evaluate ot="L2(CDD).deflection==3250" t="L2_CDD_==3250", ctx="{'L2_CDD_': 0.0}"
10:00:07 -- collecting point 350
GetDeflection L2 (CDD) ===>> 0
testing L2_CDD_==3250
evaluate ot="L2(CDD).deflection==3250" t="L2_CDD_==3250", ctx="{'L2_CDD_': 0.0}"
set states for children of O. state=True
handle state [('O', True)]
update switch state O True args=() kw={'refresh': False} ncanvase=3
refresh_canvas_needed fired
GetDeflection L2 (CDD) ===>> 0
testing L2_CDD_==3250
evaluate ot="L2(CDD).deflection==3250" t="L2_CDD_==3250", ctx="{'L2_CDD_': 0.0}"
GetDeflection L2 (CDD) ===>> 0
testing L2_CDD_==3250
evaluate ot="L2(CDD).deflection==3250" t="L2_CDD_==3250", ctx="{'L2_CDD_': 0.0}"
10:00:33 -- collecting point 375
GetDeflection L2 (CDD) ===>> 0
testing L2_CDD_==3250
evaluate ot="L2(CDD).deflection==3250" t="L2_CDD_==3250", ctx="{'L2_CDD_': 0.0}"
GetDeflection L2 (CDD) ===>> 0
testing L2_CDD_==3250
evaluate ot="L2(CDD).deflection==3250" t="L2_CDD_==3250", ctx="{'L2_CDD_': 0.0}"
10:01:00 -- collecting point 400
waiting for write to finish
measurement finished
estimated time: 419.430 actual time: :420.528
flush and close file /Users/obama/PychronDev/data/isotopes/e5/6d5554-970a-4125-99aa-e32864351277.h5
baselines () {'settling_time': 15.0, 'detector': 'H2', 'mass': 39.862, 'ncounts': 120}
%%%%%%%%%%%%%%%%%%%%%%%%%%%%%%%% Baseline
build tables- baseline [Detector(H2), Detector(H1), Detector(AX), Detector(L1), Detector(L2(CDD))]
add group baseline table H2
add group baseline table H1
add group baseline table AX
add group baseline table L1
add group baseline table L2(CDD)
flush and close file /Users/obama/PychronDev/data/isotopes/e5/6d5554-970a-4125-99aa-e32864351277.h5
detector Detector(H2)
POSITION 39.862 H2
Mapping mass to dac mass func: "parabolic"
H2 map mass coeffs = [ -2.56720193e-04   9.47812314e-02   3.87954975e-01]
H2 map mass to dac 39.862 >> 3.75820141492
GetHighVoltage ===>> 9900
positioning 39.862 (3.75820141492) on H2
setting magnet DAC
current  : 3.765660
requested: 3.758201
Delta Dac: 0.007459
Checking detector protection. dv=0.00746
SetMagnetDAC 3.75820141492 ===>> OK
Magnet settling time: 0.500 0.500
Magnet settling complete
set_dac. change=True
Delaying 15.0s for detectors to settle
Join finished
measuring baseline. ncounts=120
"baseline" increment series count="2" fit count="1" regressing="True"
starting measurement
GetDeflection L2 (CDD) ===>> 0
testing L2_CDD_==3250
evaluate ot="L2(CDD).deflection==3250" t="L2_CDD_==3250", ctx="{'L2_CDD_': 0.0}"
GetDeflection L2 (CDD) ===>> 0
testing L2_CDD_==3250
evaluate ot="L2(CDD).deflection==3250" t="L2_CDD_==3250", ctx="{'L2_CDD_': 0.0}"
10:01:42 -- collecting point 25
GetDeflection L2 (CDD) ===>> 0
testing L2_CDD_==3250
evaluate ot="L2(CDD).deflection==3250" t="L2_CDD_==3250", ctx="{'L2_CDD_': 0.0}"
GetDeflection L2 (CDD) ===>> 0
testing L2_CDD_==3250
evaluate ot="L2(CDD).deflection==3250" t="L2_CDD_==3250", ctx="{'L2_CDD_': 0.0}"
10:02:08 -- collecting point 50
GetDeflection L2 (CDD) ===>> 0
testing L2_CDD_==3250
evaluate ot="L2(CDD).deflection==3250" t="L2_CDD_==3250", ctx="{'L2_CDD_': 0.0}"
GetDeflection L2 (CDD) ===>> 0
testing L2_CDD_==3250
evaluate ot="L2(CDD).deflection==3250" t="L2_CDD_==3250", ctx="{'L2_CDD_': 0.0}"
GetDeflection L2 (CDD) ===>> 0
testing L2_CDD_==3250
evaluate ot="L2(CDD).deflection==3250" t="L2_CDD_==3250", ctx="{'L2_CDD_': 0.0}"
10:02:35 -- collecting point 75
GetDeflection L2 (CDD) ===>> 0
testing L2_CDD_==3250
evaluate ot="L2(CDD).deflection==3250" t="L2_CDD_==3250", ctx="{'L2_CDD_': 0.0}"
GetDeflection L2 (CDD) ===>> 0
testing L2_CDD_==3250
evaluate ot="L2(CDD).deflection==3250" t="L2_CDD_==3250", ctx="{'L2_CDD_': 0.0}"
10:03:01 -- collecting point 100
GetDeflection L2 (CDD) ===>> 0
testing L2_CDD_==3250
evaluate ot="L2(CDD).deflection==3250" t="L2_CDD_==3250", ctx="{'L2_CDD_': 0.0}"
GetDeflection L2 (CDD) ===>> 0
testing L2_CDD_==3250
evaluate ot="L2(CDD).deflection==3250" t="L2_CDD_==3250", ctx="{'L2_CDD_': 0.0}"
waiting for write to finish
measurement finished
estimated time: 125.829 actual time: :126.190
flush and close file /Users/obama/PychronDev/data/isotopes/e5/6d5554-970a-4125-99aa-e32864351277.h5
activate_detectors ('H1', 'L2(CDD)') {'peak_center': True}
peak_center () {'detector': 'H2', 'integration_time': 1.048576, 'isotope': 'Ar40'}
peak center: mean=694.144267691 threshold=1.0
peak center started
setup peak center. detector=['H2', 'H1', 'L2(CDD)'], isotope=Ar40
VersionedUnpickler [<apptools.sweet_pickle.versioned_unpickler.VersionedUnpickler object at 0x1a366ccb0>] using Updater [<apptools.sweet_pickle.updater.Updater object at 0x122f25e90>]
VersionedUnpickler [<apptools.sweet_pickle.versioned_unpickler.VersionedUnpickler object at 0x1a366ccb0>] using Updater [<apptools.sweet_pickle.updater.Updater object at 0x122f25e90>]
VersionedUnpickler [<apptools.sweet_pickle.versioned_unpickler.VersionedUnpickler object at 0x1afd63050>] using Updater [<apptools.sweet_pickle.updater.Updater object at 0x122f25e90>]
setting integration time = 0.524288
SetIntegrationTime 0.524288 ===>> OK
Mapping mass to dac mass func: "parabolic"
H2 map mass coeffs = [ -2.56720193e-04   9.47812314e-02   3.87954975e-01]
H2 map mass to dac 39.9624 >> 3.76566
GetHighVoltage ===>> 9900
do peak center. <pychron.spectrometer.jobs.peak_center.PeakCenter object at 0x1a12f3110>
doing pc
starting peak center. center dac= 3.76566 step_width=0.0001
width = 0.0001
get scan parameters. half-width=0.002,window=0.002, i=0, scalar=1
Scan parameters center=3.76566 width=0.00400 (3.76366 - 3.76766)
Moving to starting dac 3.76366
setting magnet DAC
current  : 3.758201
requested: 3.763660
Delta Dac: 0.005459
Checking detector protection. dv=0.00546
SetMagnetDAC 3.76366 ===>> OK
Magnet settling time: 0.500 0.500
Magnet settling complete
set_dac. change=True
Wait until signal near baseline. tol= -0.0434794321528. timeout= 10
Peak center failed to move to a baseline position
_do_sweep sm= 3.76366, em= 3.76766, stm= 0.0001
calculated step values: start=3.76366, end=3.76766, width=0.0001, nsteps=41.0
setting magnet DAC
current  : 3.763660
requested: 3.763660
Delta Dac: 0.000000
Checking detector protection. dv=0.00000
set_dac. change=False
setting magnet DAC
current  : 3.763660
requested: 3.763763
Delta Dac: 0.000103
Checking detector protection. dv=0.00010
Magnet settling time: 1.049 0.500
Magnet settling complete
set_dac. change=True
setting magnet DAC
current  : 3.763763
requested: 3.763865
Delta Dac: 0.000103
Checking detector protection. dv=0.00010
Magnet settling time: 1.049 0.500
Magnet settling complete
set_dac. change=True
setting magnet DAC
current  : 3.763865
requested: 3.763968
Delta Dac: 0.000103
Checking detector protection. dv=0.00010
Magnet settling time: 1.049 0.500
Magnet settling complete
set_dac. change=True
setting magnet DAC
current  : 3.763968
requested: 3.764070
Delta Dac: 0.000103
Checking detector protection. dv=0.00010
Magnet settling time: 1.049 0.500
Magnet settling complete
set_dac. change=True
setting magnet DAC
current  : 3.764070
requested: 3.764173
Delta Dac: 0.000103
Checking detector protection. dv=0.00010
Magnet settling time: 1.049 0.500
Magnet settling complete
set_dac. change=True
setting magnet DAC
current  : 3.764173
requested: 3.764275
Delta Dac: 0.000103
Checking detector protection. dv=0.00010
Magnet settling time: 1.049 0.500
Magnet settling complete
set_dac. change=True
setting magnet DAC
current  : 3.764275
requested: 3.764378
Delta Dac: 0.000103
Checking detector protection. dv=0.00010
Magnet settling time: 1.049 0.500
Magnet settling complete
set_dac. change=True
setting magnet DAC
current  : 3.764378
requested: 3.764481
Delta Dac: 0.000103
Checking detector protection. dv=0.00010
Magnet settling time: 1.049 0.500
Magnet settling complete
set_dac. change=True
setting magnet DAC
current  : 3.764481
requested: 3.764583
Delta Dac: 0.000103
Checking detector protection. dv=0.00010
Magnet settling time: 1.049 0.500
Magnet settling complete
set_dac. change=True
setting magnet DAC
current  : 3.764583
requested: 3.764686
Delta Dac: 0.000103
Checking detector protection. dv=0.00010
Magnet settling time: 1.049 0.500
Magnet settling complete
set_dac. change=True
setting magnet DAC
current  : 3.764686
requested: 3.764788
Delta Dac: 0.000103
Checking detector protection. dv=0.00010
Magnet settling time: 1.049 0.500
Magnet settling complete
set_dac. change=True
setting magnet DAC
current  : 3.764788
requested: 3.764891
Delta Dac: 0.000103
Checking detector protection. dv=0.00010
Magnet settling time: 1.049 0.500
Magnet settling complete
set_dac. change=True
setting magnet DAC
current  : 3.764891
requested: 3.764993
Delta Dac: 0.000103
Checking detector protection. dv=0.00010
Magnet settling time: 1.049 0.500
Magnet settling complete
set_dac. change=True
setting magnet DAC
current  : 3.764993
requested: 3.765096
Delta Dac: 0.000103
Checking detector protection. dv=0.00010
Magnet settling time: 1.049 0.500
Magnet settling complete
set_dac. change=True
setting magnet DAC
current  : 3.765096
requested: 3.765198
Delta Dac: 0.000103
Checking detector protection. dv=0.00010
Magnet settling time: 1.049 0.500
Magnet settling complete
set_dac. change=True
setting magnet DAC
current  : 3.765198
requested: 3.765301
Delta Dac: 0.000103
Checking detector protection. dv=0.00010
Magnet settling time: 1.049 0.500
Magnet settling complete
set_dac. change=True
setting magnet DAC
current  : 3.765301
requested: 3.765404
Delta Dac: 0.000103
Checking detector protection. dv=0.00010
Magnet settling time: 1.049 0.500
Magnet settling complete
set_dac. change=True
setting magnet DAC
current  : 3.765404
requested: 3.765506
Delta Dac: 0.000103
Checking detector protection. dv=0.00010
Magnet settling time: 1.049 0.500
Magnet settling complete
set_dac. change=True
setting magnet DAC
current  : 3.765506
requested: 3.765609
Delta Dac: 0.000103
Checking detector protection. dv=0.00010
Magnet settling time: 1.049 0.500
Magnet settling complete
set_dac. change=True
setting magnet DAC
current  : 3.765609
requested: 3.765711
Delta Dac: 0.000103
Checking detector protection. dv=0.00010
Magnet settling time: 1.049 0.500
Magnet settling complete
set_dac. change=True
setting magnet DAC
current  : 3.765711
requested: 3.765814
Delta Dac: 0.000103
Checking detector protection. dv=0.00010
Magnet settling time: 1.049 0.500
Magnet settling complete
set_dac. change=True
setting magnet DAC
current  : 3.765814
requested: 3.765916
Delta Dac: 0.000103
Checking detector protection. dv=0.00010
Magnet settling time: 1.049 0.500
Magnet settling complete
set_dac. change=True
setting magnet DAC
current  : 3.765916
requested: 3.766019
Delta Dac: 0.000103
Checking detector protection. dv=0.00010
Magnet settling time: 1.049 0.500
Magnet settling complete
set_dac. change=True
setting magnet DAC
current  : 3.766019
requested: 3.766122
Delta Dac: 0.000103
Checking detector protection. dv=0.00010
Magnet settling time: 1.049 0.500
Magnet settling complete
set_dac. change=True
setting magnet DAC
current  : 3.766122
requested: 3.766224
Delta Dac: 0.000103
Checking detector protection. dv=0.00010
Magnet settling time: 1.049 0.500
Magnet settling complete
set_dac. change=True
setting magnet DAC
current  : 3.766224
requested: 3.766327
Delta Dac: 0.000103
Checking detector protection. dv=0.00010
Magnet settling time: 1.049 0.500
Magnet settling complete
set_dac. change=True
setting magnet DAC
current  : 3.766327
requested: 3.766429
Delta Dac: 0.000103
Checking detector protection. dv=0.00010
Magnet settling time: 1.049 0.500
Magnet settling complete
set_dac. change=True
setting magnet DAC
current  : 3.766429
requested: 3.766532
Delta Dac: 0.000103
Checking detector protection. dv=0.00010
Magnet settling time: 1.049 0.500
Magnet settling complete
set_dac. change=True
setting magnet DAC
current  : 3.766532
requested: 3.766634
Delta Dac: 0.000103
Checking detector protection. dv=0.00010
Magnet settling time: 1.049 0.500
Magnet settling complete
set_dac. change=True
setting magnet DAC
current  : 3.766634
requested: 3.766737
Delta Dac: 0.000103
Checking detector protection. dv=0.00010
Magnet settling time: 1.049 0.500
Magnet settling complete
set_dac. change=True
setting magnet DAC
current  : 3.766737
requested: 3.766839
Delta Dac: 0.000103
Checking detector protection. dv=0.00010
Magnet settling time: 1.049 0.500
Magnet settling complete
set_dac. change=True
setting magnet DAC
current  : 3.766839
requested: 3.766942
Delta Dac: 0.000103
Checking detector protection. dv=0.00010
Magnet settling time: 1.049 0.500
Magnet settling complete
set_dac. change=True
setting magnet DAC
current  : 3.766942
requested: 3.767045
Delta Dac: 0.000103
Checking detector protection. dv=0.00010
Magnet settling time: 1.049 0.500
Magnet settling complete
set_dac. change=True
setting magnet DAC
current  : 3.767045
requested: 3.767147
Delta Dac: 0.000103
Checking detector protection. dv=0.00010
Magnet settling time: 1.049 0.500
Magnet settling complete
set_dac. change=True
setting magnet DAC
current  : 3.767147
requested: 3.767250
Delta Dac: 0.000103
Checking detector protection. dv=0.00010
Magnet settling time: 1.049 0.500
Magnet settling complete
set_dac. change=True
setting magnet DAC
current  : 3.767250
requested: 3.767352
Delta Dac: 0.000103
Checking detector protection. dv=0.00010
Magnet settling time: 1.049 0.500
Magnet settling complete
set_dac. change=True
setting magnet DAC
current  : 3.767352
requested: 3.767455
Delta Dac: 0.000103
Checking detector protection. dv=0.00010
Magnet settling time: 1.049 0.500
Magnet settling complete
set_dac. change=True
setting magnet DAC
current  : 3.767455
requested: 3.767557
Delta Dac: 0.000103
Checking detector protection. dv=0.00010
Magnet settling time: 1.049 0.500
Magnet settling complete
set_dac. change=True
setting magnet DAC
current  : 3.767557
requested: 3.767660
Delta Dac: 0.000103
Checking detector protection. dv=0.00010
Magnet settling time: 1.049 0.500
Magnet settling complete
set_dac. change=True
result of _do_sweep=True
result of _calculate_peak_center=([3.7644656112224451, 3.7656359519038078, 3.7668062925851702], [504.15143137943602, 678.81746409862922, 501.67934824088218], 3.7659606012024049, 678.81746409862922)
Failed to find a valid peak. No peak greater than 1.0. max = 0.0714038649665
new center pos Detector(H2) (Ar40) @ 3.7656359519
GetHighVoltage ===>> 9900
dac uncorrected for HV and deflection 3.7656359519
update mftable H2 Ar40 3.7656359519 message=automated run peakcenter
get initial guess parabolic
get initial guess parabolic
get initial guess parabolic
get initial guess parabolic
get initial guess parabolic
get initial guess parabolic
dump mftable to /Users/obama/PychronDev/setupfiles/spectrometer/mftables/argon.csv
add to repo msg=modified - automated run peakcenter
sweep finished
locally archiving mftable
setting magnet DAC
current  : 3.767660
requested: 3.765636
Delta Dac: 0.002024
Checking detector protection. dv=0.00202
SetMagnetDAC 3.7656359519 ===>> OK
Magnet settling time: 0.500 0.500
Magnet settling complete
set_dac. change=True
setting integration time = 1.048576
SetIntegrationTime 1.048576 ===>> OK
Failed to find a valid peak. No peak greater than 1.0. max = 0.0714038649665
flush and close file /Users/obama/PychronDev/data/isotopes/e5/6d5554-970a-4125-99aa-e32864351277.h5
finished measure script
executed snippet estimated_duration=590.4304, duration=655.219418049
felix_analysis400_120.py completed successfully
Measurement Finished
10:04:18 -- ******* Measurement Finished *******
Post Measurement Started felix_pump_ms.py
10:04:18 -- ******* Post Measurement Started felix_pump_ms.py *******
testing...
no interpolation path defined
executed snippet estimated_duration=0, duration=3.19480895996e-05
Pumping spectrometer
open () {'name': 'V'}
open name=V desc=---
checking ownership. requestor=129.138.12.137
check software interlocks V
interlocks []
actuate state mode=None-script, software_lock=False
doing actuation None-script open_channel True
Open V ===>> OK
GetIndicatorState V ===>> OK
change switch state (True, True)
update switch state V True args=() kw={} ncanvase=3
10:04:19 -- OPEN   VALVE-V (Felix Ion Pump)
-------------------------- open V () result=[(True, True)]
action=open, ok=True, locked=[False]
executed snippet estimated_duration=0, duration=0.347661018372
felix_pump_ms.py completed successfully
setting _ms_pumptime
Post Measurement Finished
10:04:19 -- ******* Post Measurement Finished *******
$$$$$$$$$$$$$$$$$$$$ state at run end measurement
state changed from measurement to success
post measurement save measured=True aborted=False
Set filtering
setting fod for Ar40= {'filter_outliers': True, 'std_devs': 2, 'iterations': 2}
setting fod for H2= {'filter_outliers': True, 'std_devs': 2, 'iterations': 1}
setting fod for Ar36= {'filter_outliers': True, 'std_devs': 2, 'iterations': 2}
setting fod for L2(CDD)= {'filter_outliers': True, 'std_devs': 2, 'iterations': 1}
setting fod for Ar37= {'filter_outliers': True, 'std_devs': 2, 'iterations': 2}
setting fod for L1= {'filter_outliers': True, 'std_devs': 2, 'iterations': 1}
setting fod for Ar38= {'filter_outliers': True, 'std_devs': 2, 'iterations': 2}
setting fod for AX= {'filter_outliers': True, 'std_devs': 2, 'iterations': 1}
setting fod for Ar39= {'filter_outliers': True, 'std_devs': 2, 'iterations': 2}
setting fod for H1= {'filter_outliers': True, 'std_devs': 2, 'iterations': 1}
not connected to db mysql://felixexp@129.138.12.160/labspy
Enviromentals: {'lab_humiditys': [{'device': 'EnvironmentalMonitor',
                    'name': 'Lab Hum.',
                    'pub_date': '2017-08-07T09:50:14',
                    'title': 'iServer Hum.',
                    'value': 54.0}],
 'lab_pneumatics': [{'device': 'AirPressure',
                     'name': 'Pressure',
                     'pub_date': '2017-08-07T10:03:13',
                     'title': None,
                     'value': 87.0},
                    {'device': 'AirPressure2',
                     'name': 'Pressure2',
                     'pub_date': '2017-08-07T10:03:21',
                     'title': None,
                     'value': 87.37534}],
 'lab_temperatures': [{'device': 'Coldfinger',
                       'name': 'ColdFinger Temp.',
                       'pub_date': '2017-08-06T17:24:52',
                       'title': None,
                       'value': -194.0},
                      {'device': 'EnvironmentalMonitor',
                       'name': 'Lab Temp.',
                       'pub_date': '2017-08-07T09:57:19',
                       'title': 'iServer Temp.',
                       'value': 75.0},
                      {'device': 'Chiller',
                       'name': 'Coolant Temp.',
                       'pub_date': '2017-08-07T09:48:44',
                       'title': None,
                       'value': 18.0}]}
persistence save...
persistence save - db
post measurement save
7004325936 connecting to database sqlite://@/
connected to db sqlite://@/
create new session 7004325936
close session 7004325936
No database instance. Not saving post measurement to isotopedb database
$$$$$$$$$$$$$$$ auto_save_detector_ic=False
massspec enabled True
create new session 4756056592
MassSpec Database Version: 16.0
close session 4756056592
saving post measurement to secondary database
saving to massspec database 129.138.12.160/massspecdata
setting labnumber to c-02-F
setting aliquot to 1258
setting step to 
setting uuid to e56d5554-970a-4125-99aa-e32864351277
setting irradpos to c-02-F
setting extract_device to Fusions Diode
setting tray to 
setting position to 
setting power_requested to 0.0
setting extract_value to 0.0
setting duration to 0.0
setting duration_at_request to 0.0
setting first_stage_delay to 0.0
setting cleanup to 0.0
setting comment to 
setting irradiation to Cocktail-02
setting level to A
setting irradiation_level to A
setting sample to cocktail
setting material to Gas
setting project to REFERENCES
setting mass_spectrometer to Felix
no attribute chron_dosages
no attribute production_ratios
no attribute interference_corrections
no attribute production_name
no attribute j
Reference Isotope=Ar40
Reference Detector=H2
%%%%%%%%%%%%%%%%%%%% Comment:  %%%%%%%%%%%%%%%%%%%
adding isotope Ar40 H2
add baseline dbdet= Ar40. original det= H2
get baseline data Ar40 H2
Get data baseline <pychron.processing.isotope.Baseline object at 0x19d82d210> len t=120
baseline Ar40. v=-0.022149553705, e=0.00945492438322
get signal data Ar40 H2
Get data signal Ar40 731.41+/-0.06 len t=400
adding isotope Ar39 H1
add baseline dbdet= Ar39. original det= H1
get baseline data Ar39 H1
Get data baseline <pychron.processing.isotope.Baseline object at 0x1d0463350> len t=120
baseline Ar39. v=-0.0534931931807, e=0.0116713584462
get signal data Ar39 H1
Get data signal Ar39 58.343+/-0.031 len t=400
adding isotope Ar38 AX
add baseline dbdet= Ar38. original det= AX
get baseline data Ar38 AX
Get data baseline <pychron.processing.isotope.Baseline object at 0x1e021e6d0> len t=120
baseline Ar38. v=-0.151984881491, e=0.00983586209912
get signal data Ar38 AX
Get data signal Ar38 0.771+/-0.013 len t=400
adding isotope Ar37 L1
add baseline dbdet= Ar37. original det= L1
get baseline data Ar37 L1
Get data baseline <pychron.processing.isotope.Baseline object at 0x1e021ef90> len t=120
baseline Ar37. v=-0.19459567692, e=0.0102803472
get signal data Ar37 L1
Get data signal Ar37 -0.019+/-0.011 len t=400
adding isotope Ar36 L2(CDD)
add baseline dbdet= Ar36. original det= L2(CDD)
get baseline data Ar36 L2(CDD)
Get data baseline <pychron.processing.isotope.Baseline object at 0x1a2387d10> len t=120
baseline Ar36. v=0.0, e=0.0
get signal data Ar36 L2(CDD)
Get data signal Ar36 0.0337+/-0.0005 len t=400
4415-1258 added analysis time 0.485905170441s
analysis added to mass spec database
mass spec save time= 0.504
persistence save - dvc
================= post measurement started
create new session 4712361424
close session 4712361424
---------------- Experiment Queue saving disabled
DVC saving peakcenter
Failed to find a valid peak. No peak greater than 1.0. max = 0.0714038649665
Smart pull ahead: 0 behind: 0
Up-to-date with origin
add to repo msg=modified - 44c6f8761147de90179e8a3952e48831c78a9a46.json
add to repo msg=modified - -F-1258.json
add to repo msg=modified - -F-1258.dat.json
add to repo msg=modified - -F-1258.blan.json
add to repo msg=modified - -F-1258.inte.json
add to repo msg=modified - -F-1258.icfa.json
add to repo msg=modified - -F-1258.base.json
not at valid file /Users/obama/PychronDev/data/.dvc/repositories/laboratory/c-02/tags/-F-1258.tags.json
add to repo msg=modified - -F-1258.peak.json
add to repo msg=modified - -F-1258.extr.json
not at valid file /Users/obama/PychronDev/data/.dvc/repositories/laboratory/c-02/monitor/-F-1258.moni.json
commit message=<COLLECTION>
add to repo msg=modified - -F-1258.inte.json
add to repo msg=modified - -F-1258.base.json
commit message=<ISOEVO> default collection fits
add to repo msg=modified - -F-1258.blan.json
commit message=<BLANKS> preceding bc-02-F-556
add to repo msg=modified - -F-1258.icfa.json
commit message=<ICFactor> default
push repository <pychron.git_archive.repo_manager.GitRepoManager object at 0x19cd892f0>
pushing to remote=origin, url=https://github.com
no changes to meta repo
create new session 4712361424
add association laboratory
get identifier "c-02-F"
setting analysis irradiation position=<pychron.dvc.dvc_orm.IrradiationPositionTbl object at 0x12190e2d0>
close session 4712361424
================= post measurement finished
10:04:47 -- ******* Post Run Check *******
loading queue conditionals post_run_actions
loading system conditionals post_run_actions
loading conditionals from /Users/obama/PychronDev/setupfiles/spectrometer/default_conditionals.yaml
loading queue conditionals post_run_terminations
loading system conditionals post_run_terminations
loading conditionals from /Users/obama/PychronDev/setupfiles/spectrometer/default_conditionals.yaml
Checking default post run terminations n=1
GetDeflection L2 (CDD) ===>> 0
testing L2_CDD_==3250
evaluate ot="L2(CDD).deflection==3250" t="L2_CDD_==3250", ctx="{'L2_CDD_': 0.0}"
10:04:47 -- ******* Post Run Check Passed *******
10:04:47 -- Automated run c-02-F-1258 success duration: 833.504 s
----------------- finish -----------------
----------------- stop -----------------
retroactive repository identifiers disabled
finish run. runs completed=6
update duration runid=c-02-F-1258, duration=833.503816843, md5=1a0b9007
write rem/ex queues
/Users/obama/PychronDev/experiments/rem/Load_cocktails_airs.rem.txt
/Users/obama/PychronDev/experiments/rem/Load_cocktails_airs.ex.txt
doing event level: 3
add run
